Mplus DEVELOPMENT (Mpdev 5/17/2018, Build 1, Intel 17)
MUTHEN & MUTHEN
05/18/2018   9:26 AM

INPUT INSTRUCTIONS

  MONTECARLO:  NAMES ARE y x;
               NOBS = 10000;
               NREP = 100;
               NCSIZES = 1;
               CSIZES = 200(50);
               lagged=y(1) x(1);
               repsave=all;
               save=a*.dat;
               results=res.dat;
               missing=y;

  model missing: [y*0];

  ANALYSIS: 	estimator=bayes;  TYPE IS TWOLEVEL; proc=2;


  MODEL MONTECARLO:

    %WITHIN%
    y*1 x*1;
    y on y&1*0.7;
    y on x*1;
    x on x&1*0.7;

    %between%
    y*1 x*1; y on x*-1;

  MODEL:

    %WITHIN%
    y*1 x*1;
    y on y&1*0.7;
    y on x*1;
    x on x&1*0.7;

    %between%
    y*1 x*1; y on x*-1;

  OUTPUT: TECH8;



*** WARNING in MODEL command
  In the MODEL command, the following variable is an x-variable on the BETWEEN
  level and a y-variable on the WITHIN level.  This variable will be treated
  as a y-variable on both levels:  X
   1 WARNING(S) FOUND IN THE INPUT INSTRUCTIONS




SUMMARY OF ANALYSIS

Number of groups                                                 1
Number of observations                                       10000

Number of replications
    Requested                                                  100
    Completed                                                  100
Value of seed                                                    0

Number of dependent variables                                    2
Number of independent variables                                  2
Number of continuous latent variables                            0

Observed dependent variables

  Continuous
   Y           X

Observed independent variables
   Y&1         X&1

Variables with special functions

  Within variables
   Y&1         X&1


Estimator                                                    BAYES
Specifications for Bayesian Estimation
  Point estimate                                            MEDIAN
  Number of Markov chain Monte Carlo (MCMC) chains               2
  Random seed for the first chain                                0
  Starting value information                           UNPERTURBED
  Algorithm used for Markov chain Monte Carlo           GIBBS(PX1)
  Convergence criterion                                  0.500D-01
  Maximum number of iterations                               50000
  K-th iteration used for thinning                               1


SUMMARY OF DATA FOR THE FIRST REPLICATION

     Cluster information

       Size (s)    Number of clusters of Size s

         50           200


SUMMARY OF MISSING DATA PATTERNS FOR THE FIRST REPLICATION

     Number of missing data patterns             4


     MISSING DATA PATTERNS (x = not missing)

           1  2  3  4
 Y         x        x
 X         x  x  x  x
 Y&1       x  x
 X&1       x  x  x  x


     MISSING DATA PATTERN FREQUENCIES

    Pattern   Frequency     Pattern   Frequency     Pattern   Frequency
          1        2465           3        2599
          2        2481           4        2455


COVARIANCE COVERAGE OF DATA FOR THE FIRST REPLICATION

Minimum covariance coverage value   0.100


     PROPORTION OF DATA PRESENT


           Covariance Coverage
              Y             X
              ________      ________
 Y              0.492
 X              0.492         1.000





MODEL FIT INFORMATION

Number of Free Parameters                       10

Information Criteria

    Deviance (DIC)

        Mean                             62175.630
        Std Dev                            266.178
        Number of successful computations      100

             Proportions                   Percentiles
        Expected    Observed         Expected       Observed
           0.990       0.980        61556.419      61516.370
           0.980       0.970        61628.979      61534.878
           0.950       0.920        61737.793      61695.745
           0.900       0.870        61834.496      61771.424
           0.800       0.780        61951.614      61905.190
           0.700       0.710        62036.046      62044.463
           0.500       0.570        62175.630      62217.616
           0.300       0.270        62315.214      62300.180
           0.200       0.190        62399.646      62375.259
           0.100       0.100        62516.764      62454.708
           0.050       0.050        62613.467      62598.747
           0.020       0.020        62722.280      62659.251
           0.010       0.010        62794.841      62739.563

    Estimated Number of Parameters (pD)

        Mean                              5396.797
        Std Dev                             63.853
        Number of successful computations      100

             Proportions                   Percentiles
        Expected    Observed         Expected       Observed
           0.990       0.970         5248.256       5205.215
           0.980       0.960         5265.662       5219.007
           0.950       0.960         5291.765       5301.413
           0.900       0.940         5314.963       5320.370
           0.800       0.780         5343.058       5341.083
           0.700       0.710         5363.313       5364.527
           0.500       0.530         5396.797       5404.385
           0.300       0.280         5430.282       5428.487
           0.200       0.180         5450.536       5446.319
           0.100       0.070         5478.632       5463.311
           0.050       0.030         5501.829       5479.648
           0.020       0.020         5527.933       5511.485
           0.010       0.020         5545.339       5577.370



MODEL RESULTS

                              ESTIMATES              S. E.     M. S. E.  95%  % Sig
                 Population   Average   Std. Dev.   Average             Cover Coeff
Within Level

 Y          ON
  Y&1                 0.700     0.6994     0.0047     0.0042     0.0000 0.900 1.000
  X                   1.000     1.0062     0.0109     0.0110     0.0002 0.930 1.000

 X          ON
  X&1                 0.700     0.6994     0.0080     0.0078     0.0001 0.930 1.000

 Residual Variances
  Y                   1.000     1.0034     0.0189     0.0208     0.0004 0.980 1.000
  X                   1.000     0.9991     0.0133     0.0145     0.0002 0.980 1.000

Between Level

 Y          ON
  X                  -1.000    -0.9864     0.1787     0.1857     0.0318 0.950 1.000

 Means
  X                   0.000    -0.0019     0.0787     0.0786     0.0061 0.940 0.060

 Intercepts
  Y                   0.000     0.0021     0.1463     0.1629     0.0212 0.970 0.030

 Variances
  X                   1.000     1.0086     0.1279     0.1233     0.0163 0.910 1.000

 Residual Variances
  Y                   1.000     1.1312     0.4998     0.4798     0.2645 0.890 1.000


CORRELATIONS AND MEAN SQUARE ERROR OF THE TRUE FACTOR VALUES AND THE FACTOR SCORES

                        CORRELATIONS                MEAN SQUARE ERROR
                    Average    Std. Dev.           Average    Std. Dev.
  Y                   0.865       0.016              0.723       0.040
  X                   0.974       0.004              0.226       0.012


TECHNICAL 1 OUTPUT


     PARAMETER SPECIFICATION FOR WITHIN


           NU
              Y             X             Y&1           X&1
              ________      ________      ________      ________
                    0             0             0             0


           LAMBDA
              Y             X             Y&1           X&1
              ________      ________      ________      ________
 Y                  0             0             0             0
 X                  0             0             0             0
 Y&1                0             0             0             0
 X&1                0             0             0             0


           THETA
              Y             X             Y&1           X&1
              ________      ________      ________      ________
 Y                  0
 X                  0             0
 Y&1                0             0             0
 X&1                0             0             0             0


           ALPHA
              Y             X             Y&1           X&1
              ________      ________      ________      ________
                    0             0             0             0


           BETA
              Y             X             Y&1           X&1
              ________      ________      ________      ________
 Y                  0             1             2             0
 X                  0             0             0             3
 Y&1                0             0             0             0
 X&1                0             0             0             0


           PSI
              Y             X             Y&1           X&1
              ________      ________      ________      ________
 Y                  4
 X                  0             5
 Y&1                0             0             0
 X&1                0             0             0             0


     PARAMETER SPECIFICATION FOR BETWEEN


           NU
              Y             X
              ________      ________
                    0             0


           LAMBDA
              Y             X
              ________      ________
 Y                  0             0
 X                  0             0


           THETA
              Y             X
              ________      ________
 Y                  0
 X                  0             0


           ALPHA
              Y             X
              ________      ________
                    6             7


           BETA
              Y             X
              ________      ________
 Y                  0             8
 X                  0             0


           PSI
              Y             X
              ________      ________
 Y                  9
 X                  0            10


     STARTING VALUES FOR WITHIN


           NU
              Y             X             Y&1           X&1
              ________      ________      ________      ________
                0.000         0.000         0.000         0.000


           LAMBDA
              Y             X             Y&1           X&1
              ________      ________      ________      ________
 Y              1.000         0.000         0.000         0.000
 X              0.000         1.000         0.000         0.000
 Y&1            0.000         0.000         1.000         0.000
 X&1            0.000         0.000         0.000         1.000


           THETA
              Y             X             Y&1           X&1
              ________      ________      ________      ________
 Y              0.000
 X              0.000         0.000
 Y&1            0.000         0.000         0.000
 X&1            0.000         0.000         0.000         0.000


           ALPHA
              Y             X             Y&1           X&1
              ________      ________      ________      ________
                0.000         0.000         0.000         0.000


           BETA
              Y             X             Y&1           X&1
              ________      ________      ________      ________
 Y              0.000         1.000         0.700         0.000
 X              0.000         0.000         0.000         0.700
 Y&1            0.000         0.000         0.000         0.000
 X&1            0.000         0.000         0.000         0.000


           PSI
              Y             X             Y&1           X&1
              ________      ________      ________      ________
 Y              1.000
 X              0.000         1.000
 Y&1            0.000         0.000         0.500
 X&1            0.000         0.000         0.000         0.500


     STARTING VALUES FOR BETWEEN


           NU
              Y             X
              ________      ________
                0.000         0.000


           LAMBDA
              Y             X
              ________      ________
 Y              1.000         0.000
 X              0.000         1.000


           THETA
              Y             X
              ________      ________
 Y              0.000
 X              0.000         0.000


           ALPHA
              Y             X
              ________      ________
                0.000         0.000


           BETA
              Y             X
              ________      ________
 Y              0.000        -1.000
 X              0.000         0.000


           PSI
              Y             X
              ________      ________
 Y              1.000
 X              0.000         1.000


     POPULATION VALUES FOR WITHIN


           NU
              Y             X             Y&1           X&1
              ________      ________      ________      ________
                0.000         0.000         0.000         0.000


           LAMBDA
              Y             X             Y&1           X&1
              ________      ________      ________      ________
 Y              1.000         0.000         0.000         0.000
 X              0.000         1.000         0.000         0.000
 Y&1            0.000         0.000         1.000         0.000
 X&1            0.000         0.000         0.000         1.000


           THETA
              Y             X             Y&1           X&1
              ________      ________      ________      ________
 Y              0.000
 X              0.000         0.000
 Y&1            0.000         0.000         0.000
 X&1            0.000         0.000         0.000         0.000


           ALPHA
              Y             X             Y&1           X&1
              ________      ________      ________      ________
                0.000         0.000         0.000         0.000


           BETA
              Y             X             Y&1           X&1
              ________      ________      ________      ________
 Y              0.000         1.000         0.700         0.000
 X              0.000         0.000         0.000         0.700
 Y&1            0.000         0.000         0.000         0.000
 X&1            0.000         0.000         0.000         0.000


           PSI
              Y             X             Y&1           X&1
              ________      ________      ________      ________
 Y              1.000
 X              0.000         1.000
 Y&1            0.000         0.000         1.000
 X&1            0.000         0.000         0.000         1.000


     POPULATION VALUES FOR BETWEEN


           NU
              Y             X
              ________      ________
                0.000         0.000


           LAMBDA
              Y             X
              ________      ________
 Y              1.000         0.000
 X              0.000         1.000


           THETA
              Y             X
              ________      ________
 Y              0.000
 X              0.000         0.000


           ALPHA
              Y             X
              ________      ________
                0.000         0.000


           BETA
              Y             X
              ________      ________
 Y              0.000        -1.000
 X              0.000         0.000


           PSI
              Y             X
              ________      ________
 Y              1.000
 X              0.000         1.000



     PRIORS FOR ALL PARAMETERS            PRIOR MEAN      PRIOR VARIANCE     PRIOR STD. DEV.

     Parameter 1~N(0.000,infinity)           0.0000            infinity            infinity
     Parameter 2~N(0.000,infinity)           0.0000            infinity            infinity
     Parameter 3~N(0.000,infinity)           0.0000            infinity            infinity
     Parameter 4~IG(-1.000,0.000)          infinity            infinity            infinity
     Parameter 5~IG(-1.000,0.000)          infinity            infinity            infinity
     Parameter 6~N(0.000,infinity)           0.0000            infinity            infinity
     Parameter 7~N(0.000,infinity)           0.0000            infinity            infinity
     Parameter 8~N(0.000,infinity)           0.0000            infinity            infinity
     Parameter 9~IG(-1.000,0.000)          infinity            infinity            infinity
     Parameter 10~IG(-1.000,0.000)         infinity            infinity            infinity


TECHNICAL 8 OUTPUT


   TECHNICAL 8 OUTPUT FOR BAYES ESTIMATION

     CHAIN    BSEED
     1        0
     2        285380

     REPLICATION 1:


                     POTENTIAL       PARAMETER WITH
     ITERATION    SCALE REDUCTION      HIGHEST PSR
     100              1.247               4
     200              1.028               5

     REPLICATION 2:


                     POTENTIAL       PARAMETER WITH
     ITERATION    SCALE REDUCTION      HIGHEST PSR
     100              2.469               9
     200              1.263               9
     300              1.184               8
     400              1.108               6
     500              1.010               1

     REPLICATION 3:


                     POTENTIAL       PARAMETER WITH
     ITERATION    SCALE REDUCTION      HIGHEST PSR
     100              2.341               8
     200              1.269               8
     300              1.061               9

     REPLICATION 4:


                     POTENTIAL       PARAMETER WITH
     ITERATION    SCALE REDUCTION      HIGHEST PSR
     100              1.854               9
     200              1.257               6
     300              1.067               8

     REPLICATION 5:


                     POTENTIAL       PARAMETER WITH
     ITERATION    SCALE REDUCTION      HIGHEST PSR
     100              1.712               9
     200              1.107               6
     300              1.088               8
     400              1.124               8
     500              1.123               9
     600              1.103               9
     700              1.158               9
     800              1.107               9
     900              1.028               9

     REPLICATION 6:


                     POTENTIAL       PARAMETER WITH
     ITERATION    SCALE REDUCTION      HIGHEST PSR
     100              1.656               6
     200              1.721               9
     300              1.242               9
     400              1.048               9

     REPLICATION 7:


                     POTENTIAL       PARAMETER WITH
     ITERATION    SCALE REDUCTION      HIGHEST PSR
     100              1.241               8
     200              1.197               6
     300              1.036               6

     REPLICATION 8:


                     POTENTIAL       PARAMETER WITH
     ITERATION    SCALE REDUCTION      HIGHEST PSR
     100              1.305               6
     200              1.057               9

     REPLICATION 9:


                     POTENTIAL       PARAMETER WITH
     ITERATION    SCALE REDUCTION      HIGHEST PSR
     100              1.290               9
     200              1.108               4
     300              1.054               9

     REPLICATION 10:


                     POTENTIAL       PARAMETER WITH
     ITERATION    SCALE REDUCTION      HIGHEST PSR
     100              1.451               9
     200              1.509               9
     300              1.822               9
     400              1.626               9
     500              1.073               9

     REPLICATION 11:


                     POTENTIAL       PARAMETER WITH
     ITERATION    SCALE REDUCTION      HIGHEST PSR
     100              1.452               9
     200              1.150               8
     300              1.662               8
     400              1.352               9
     500              1.144               9
     600              1.122               9
     700              1.134               9
     800              1.375               9
     900              1.198               9
     1000             1.106               9
     1100             1.047               9

     REPLICATION 12:


                     POTENTIAL       PARAMETER WITH
     ITERATION    SCALE REDUCTION      HIGHEST PSR
     100              1.092               6
     200              1.104               9
     300              1.159               9
     400              1.549               9
     500              1.257               9
     600              1.093               9
     700              1.072               9

     REPLICATION 13:


                     POTENTIAL       PARAMETER WITH
     ITERATION    SCALE REDUCTION      HIGHEST PSR
     100              1.100               4
     200              1.291               9
     300              1.450               9
     400              1.082               9
     500              1.035               6

     REPLICATION 14:


                     POTENTIAL       PARAMETER WITH
     ITERATION    SCALE REDUCTION      HIGHEST PSR
     100              1.851               9
     200              1.020               1

     REPLICATION 15:


                     POTENTIAL       PARAMETER WITH
     ITERATION    SCALE REDUCTION      HIGHEST PSR
     100              1.701               8
     200              1.493               8
     300              2.505               9
     400              1.675               9
     500              1.251               9
     600              1.057               9

     REPLICATION 16:


                     POTENTIAL       PARAMETER WITH
     ITERATION    SCALE REDUCTION      HIGHEST PSR
     100              1.677               6
     200              1.168               8
     300              1.043               9

     REPLICATION 17:


                     POTENTIAL       PARAMETER WITH
     ITERATION    SCALE REDUCTION      HIGHEST PSR
     100              1.233               8
     200              1.094               10
     300              1.016               8

     REPLICATION 18:


                     POTENTIAL       PARAMETER WITH
     ITERATION    SCALE REDUCTION      HIGHEST PSR
     100              1.062               6
     200              1.097               6
     300              1.079               9
     400              1.035               4

     REPLICATION 19:


                     POTENTIAL       PARAMETER WITH
     ITERATION    SCALE REDUCTION      HIGHEST PSR
     100              1.304               1
     200              1.262               9
     300              1.170               9
     400              1.142               9
     500              1.029               8

     REPLICATION 20:


                     POTENTIAL       PARAMETER WITH
     ITERATION    SCALE REDUCTION      HIGHEST PSR
     100              2.009               9
     200              1.219               9
     300              1.031               9

     REPLICATION 21:


                     POTENTIAL       PARAMETER WITH
     ITERATION    SCALE REDUCTION      HIGHEST PSR
     100              1.294               6
     200              1.249               9
     300              1.173               8
     400              1.312               8
     500              1.131               8
     600              1.111               9
     700              1.108               9
     800              1.037               6

     REPLICATION 22:


                     POTENTIAL       PARAMETER WITH
     ITERATION    SCALE REDUCTION      HIGHEST PSR
     100              1.263               6
     200              1.068               9

     REPLICATION 23:


                     POTENTIAL       PARAMETER WITH
     ITERATION    SCALE REDUCTION      HIGHEST PSR
     100              1.810               9
     200              1.104               4
     300              1.251               6
     400              1.196               9
     500              1.532               9
     600              1.254               9
     700              1.269               9
     800              1.212               9
     900              1.084               9
     1000             1.094               9
     1100             1.141               9
     1200             1.084               9
     1300             1.062               9

     REPLICATION 24:


                     POTENTIAL       PARAMETER WITH
     ITERATION    SCALE REDUCTION      HIGHEST PSR
     100              1.395               9
     200              1.057               9

     REPLICATION 25:


                     POTENTIAL       PARAMETER WITH
     ITERATION    SCALE REDUCTION      HIGHEST PSR
     100              1.143               9
     200              1.083               9
     300              1.061               6

     REPLICATION 26:


                     POTENTIAL       PARAMETER WITH
     ITERATION    SCALE REDUCTION      HIGHEST PSR
     100              1.226               8
     200              1.119               9
     300              1.184               9
     400              1.133               8
     500              1.121               8
     600              1.070               8

     REPLICATION 27:


                     POTENTIAL       PARAMETER WITH
     ITERATION    SCALE REDUCTION      HIGHEST PSR
     100              1.226               8
     200              1.005               6

     REPLICATION 28:


                     POTENTIAL       PARAMETER WITH
     ITERATION    SCALE REDUCTION      HIGHEST PSR
     100              1.567               9
     200              1.027               6

     REPLICATION 29:


                     POTENTIAL       PARAMETER WITH
     ITERATION    SCALE REDUCTION      HIGHEST PSR
     100              2.642               9
     200              1.038               8

     REPLICATION 30:


                     POTENTIAL       PARAMETER WITH
     ITERATION    SCALE REDUCTION      HIGHEST PSR
     100              1.383               6
     200              1.060               9

     REPLICATION 31:


                     POTENTIAL       PARAMETER WITH
     ITERATION    SCALE REDUCTION      HIGHEST PSR
     100              2.381               6
     200              1.120               9
     300              1.072               8

     REPLICATION 32:


                     POTENTIAL       PARAMETER WITH
     ITERATION    SCALE REDUCTION      HIGHEST PSR
     100              1.906               9
     200              1.151               8
     300              1.886               9
     400              1.734               9
     500              1.456               9
     600              1.185               9
     700              1.113               9
     800              1.012               4

     REPLICATION 33:


                     POTENTIAL       PARAMETER WITH
     ITERATION    SCALE REDUCTION      HIGHEST PSR
     100              2.836               9
     200              1.555               9
     300              1.112               9
     400              1.220               9
     500              1.083               9
     600              1.144               9
     700              1.092               9
     800              1.122               9
     900              1.074               9

     REPLICATION 34:


                     POTENTIAL       PARAMETER WITH
     ITERATION    SCALE REDUCTION      HIGHEST PSR
     100              1.555               9
     200              1.024               4

     REPLICATION 35:


                     POTENTIAL       PARAMETER WITH
     ITERATION    SCALE REDUCTION      HIGHEST PSR
     100              1.135               8
     200              1.342               9
     300              3.119               9
     400              1.376               9
     500              1.268               9
     600              1.073               6

     REPLICATION 36:


                     POTENTIAL       PARAMETER WITH
     ITERATION    SCALE REDUCTION      HIGHEST PSR
     100              3.137               9
     200              1.126               8
     300              1.143               9
     400              1.565               9
     500              2.225               9
     600              1.928               9
     700              1.263               9
     800              1.144               6
     900              1.139               6
     1000             1.061               8

     REPLICATION 37:


                     POTENTIAL       PARAMETER WITH
     ITERATION    SCALE REDUCTION      HIGHEST PSR
     100              1.990               9
     200              1.924               9
     300              1.079               6
     400              1.215               9
     500              1.032               6

     REPLICATION 38:


                     POTENTIAL       PARAMETER WITH
     ITERATION    SCALE REDUCTION      HIGHEST PSR
     100              1.341               9
     200              1.439               9
     300              1.163               9
     400              1.255               9
     500              1.095               6
     600              1.032               8

     REPLICATION 39:


                     POTENTIAL       PARAMETER WITH
     ITERATION    SCALE REDUCTION      HIGHEST PSR
     100              1.708               8
     200              1.037               3

     REPLICATION 40:


                     POTENTIAL       PARAMETER WITH
     ITERATION    SCALE REDUCTION      HIGHEST PSR
     100              2.131               9
     200              1.359               9
     300              1.318               9
     400              1.377               9
     500              1.124               8
     600              1.077               9

     REPLICATION 41:


                     POTENTIAL       PARAMETER WITH
     ITERATION    SCALE REDUCTION      HIGHEST PSR
     100              1.038               6
     200              1.029               1

     REPLICATION 42:


                     POTENTIAL       PARAMETER WITH
     ITERATION    SCALE REDUCTION      HIGHEST PSR
     100              1.065               9
     200              1.322               9
     300              1.756               9
     400              2.077               9
     500              2.191               9
     600              1.149               9
     700              1.090               9
     800              1.071               9

     REPLICATION 43:


                     POTENTIAL       PARAMETER WITH
     ITERATION    SCALE REDUCTION      HIGHEST PSR
     100              1.224               6
     200              1.038               1

     REPLICATION 44:


                     POTENTIAL       PARAMETER WITH
     ITERATION    SCALE REDUCTION      HIGHEST PSR
     100              1.292               1
     200              1.126               8
     300              1.060               9

     REPLICATION 45:


                     POTENTIAL       PARAMETER WITH
     ITERATION    SCALE REDUCTION      HIGHEST PSR
     100              1.130               1
     200              1.228               6
     300              1.283               9
     400              1.453               8
     500              1.299               8
     600              1.075               9

     REPLICATION 46:


                     POTENTIAL       PARAMETER WITH
     ITERATION    SCALE REDUCTION      HIGHEST PSR
     100              1.751               8
     200              1.061               6

     REPLICATION 47:


                     POTENTIAL       PARAMETER WITH
     ITERATION    SCALE REDUCTION      HIGHEST PSR
     100              2.032               9
     200              1.177               6
     300              1.084               9
     400              1.356               9
     500              1.231               9
     600              1.089               9
     700              1.054               9

     REPLICATION 48:


                     POTENTIAL       PARAMETER WITH
     ITERATION    SCALE REDUCTION      HIGHEST PSR
     100              2.844               9
     200              1.498               9
     300              1.219               9
     400              1.105               9
     500              1.287               9
     600              1.087               6
     700              1.067               6

     REPLICATION 49:


                     POTENTIAL       PARAMETER WITH
     ITERATION    SCALE REDUCTION      HIGHEST PSR
     100              1.156               6
     200              1.307               8
     300              1.270               9
     400              1.086               8
     500              1.182               9
     600              1.687               9
     700              2.156               9
     800              1.703               9
     900              1.070               9

     REPLICATION 50:


                     POTENTIAL       PARAMETER WITH
     ITERATION    SCALE REDUCTION      HIGHEST PSR
     100              1.050               6
     200              2.693               9
     300              1.140               9
     400              1.155               8
     500              1.183               8
     600              1.111               8
     700              1.164               9
     800              1.046               9

     REPLICATION 51:


                     POTENTIAL       PARAMETER WITH
     ITERATION    SCALE REDUCTION      HIGHEST PSR
     100              2.879               9
     200              1.491               9
     300              1.010               6

     REPLICATION 52:


                     POTENTIAL       PARAMETER WITH
     ITERATION    SCALE REDUCTION      HIGHEST PSR
     100              1.148               8
     200              1.342               9
     300              1.015               8

     REPLICATION 53:


                     POTENTIAL       PARAMETER WITH
     ITERATION    SCALE REDUCTION      HIGHEST PSR
     100              1.377               8
     200              1.502               9
     300              1.202               9
     400              1.275               9
     500              1.064               9

     REPLICATION 54:


                     POTENTIAL       PARAMETER WITH
     ITERATION    SCALE REDUCTION      HIGHEST PSR
     100              1.092               1
     200              1.404               9
     300              1.083               8
     400              1.112               8
     500              1.081               9
     600              1.172               9
     700              1.083               9
     800              1.041               6

     REPLICATION 55:


                     POTENTIAL       PARAMETER WITH
     ITERATION    SCALE REDUCTION      HIGHEST PSR
     100              1.949               9
     200              1.079               6
     300              1.272               8
     400              1.474               9
     500              1.241               9
     600              1.320               9
     700              1.249               9
     800              1.068               6

     REPLICATION 56:


                     POTENTIAL       PARAMETER WITH
     ITERATION    SCALE REDUCTION      HIGHEST PSR
     100              2.497               9
     200              1.787               8
     300              1.244               9
     400              1.132               9
     500              1.085               9
     600              1.239               9
     700              1.482               9
     800              1.597               9
     900              1.817               9
     1000             1.433               9
     1100             1.289               9
     1200             1.205               9
     1300             1.164               9
     1400             1.036               9

     REPLICATION 57:


                     POTENTIAL       PARAMETER WITH
     ITERATION    SCALE REDUCTION      HIGHEST PSR
     100              1.063               9
     200              1.036               9

     REPLICATION 58:


                     POTENTIAL       PARAMETER WITH
     ITERATION    SCALE REDUCTION      HIGHEST PSR
     100              1.179               8
     200              1.075               8

     REPLICATION 59:


                     POTENTIAL       PARAMETER WITH
     ITERATION    SCALE REDUCTION      HIGHEST PSR
     100              1.330               6
     200              1.029               6

     REPLICATION 60:


                     POTENTIAL       PARAMETER WITH
     ITERATION    SCALE REDUCTION      HIGHEST PSR
     100              1.227               8
     200              1.174               9
     300              1.882               9
     400              1.173               8
     500              1.038               8

     REPLICATION 61:


                     POTENTIAL       PARAMETER WITH
     ITERATION    SCALE REDUCTION      HIGHEST PSR
     100              1.098               7
     200              1.323               9
     300              1.103               6
     400              1.065               6

     REPLICATION 62:


                     POTENTIAL       PARAMETER WITH
     ITERATION    SCALE REDUCTION      HIGHEST PSR
     100              1.090               9
     200              1.037               8

     REPLICATION 63:


                     POTENTIAL       PARAMETER WITH
     ITERATION    SCALE REDUCTION      HIGHEST PSR
     100              3.982               9
     200              1.919               9
     300              1.074               9

     REPLICATION 64:


                     POTENTIAL       PARAMETER WITH
     ITERATION    SCALE REDUCTION      HIGHEST PSR
     100              1.103               6
     200              1.093               4
     300              1.243               9
     400              1.272               9
     500              1.081               9
     600              1.007               8

     REPLICATION 65:


                     POTENTIAL       PARAMETER WITH
     ITERATION    SCALE REDUCTION      HIGHEST PSR
     100              4.809               9
     200              1.069               9

     REPLICATION 66:


                     POTENTIAL       PARAMETER WITH
     ITERATION    SCALE REDUCTION      HIGHEST PSR
     100              1.045               7
     200              2.033               9
     300              1.034               1

     REPLICATION 67:


                     POTENTIAL       PARAMETER WITH
     ITERATION    SCALE REDUCTION      HIGHEST PSR
     100              1.045               6
     200              1.121               6
     300              1.501               9
     400              1.063               9

     REPLICATION 68:


                     POTENTIAL       PARAMETER WITH
     ITERATION    SCALE REDUCTION      HIGHEST PSR
     100              1.770               9
     200              1.443               9
     300              1.183               8
     400              1.125               4
     500              1.155               8
     600              1.387               9
     700              1.163               9
     800              1.034               8

     REPLICATION 69:


                     POTENTIAL       PARAMETER WITH
     ITERATION    SCALE REDUCTION      HIGHEST PSR
     100              1.573               8
     200              1.029               4

     REPLICATION 70:


                     POTENTIAL       PARAMETER WITH
     ITERATION    SCALE REDUCTION      HIGHEST PSR
     100              1.994               9
     200              1.752               9
     300              1.205               8
     400              1.272               9
     500              1.162               8
     600              1.166               8
     700              1.150               8
     800              1.250               8
     900              1.128               8
     1000             1.200               9
     1100             1.285               9
     1200             1.193               9
     1300             1.107               9
     1400             1.106               9
     1500             1.082               9
     1600             1.025               9

     REPLICATION 71:


                     POTENTIAL       PARAMETER WITH
     ITERATION    SCALE REDUCTION      HIGHEST PSR
     100              1.175               6
     200              1.330               9
     300              1.810               9
     400              2.057               9
     500              1.733               9
     600              1.563               9
     700              1.412               9
     800              1.585               9
     900              1.649               9
     1000             1.551               9
     1100             1.591               9
     1200             1.718               8
     1300             1.742               9
     1400             1.791               9
     1500             1.400               8
     1600             1.284               8
     1700             1.130               6
     1800             1.097               6
     1900             1.050               6

     REPLICATION 72:


                     POTENTIAL       PARAMETER WITH
     ITERATION    SCALE REDUCTION      HIGHEST PSR
     100              1.253               6
     200              1.521               9
     300              1.092               9
     400              1.003               7

     REPLICATION 73:


                     POTENTIAL       PARAMETER WITH
     ITERATION    SCALE REDUCTION      HIGHEST PSR
     100              1.317               6
     200              1.350               8
     300              1.259               8
     400              1.840               9
     500              1.088               8
     600              1.038               8

     REPLICATION 74:


                     POTENTIAL       PARAMETER WITH
     ITERATION    SCALE REDUCTION      HIGHEST PSR
     100              1.047               3
     200              1.029               1

     REPLICATION 75:


                     POTENTIAL       PARAMETER WITH
     ITERATION    SCALE REDUCTION      HIGHEST PSR
     100              1.234               6
     200              1.812               9
     300              1.923               9
     400              1.805               9
     500              1.204               9
     600              1.193               8
     700              1.277               8
     800              1.284               8
     900              1.166               8
     1000             1.039               9

     REPLICATION 76:


                     POTENTIAL       PARAMETER WITH
     ITERATION    SCALE REDUCTION      HIGHEST PSR
     100              1.105               8
     200              1.049               4

     REPLICATION 77:


                     POTENTIAL       PARAMETER WITH
     ITERATION    SCALE REDUCTION      HIGHEST PSR
     100              1.146               6
     200              1.457               9
     300              2.928               9
     400              1.838               9
     500              1.189               6
     600              1.293               9
     700              1.913               9
     800              2.494               9
     900              2.574               9
     1000             2.226               9
     1100             1.596               9
     1200             1.195               9
     1300             1.029               9

     REPLICATION 78:


                     POTENTIAL       PARAMETER WITH
     ITERATION    SCALE REDUCTION      HIGHEST PSR
     100              1.084               4
     200              1.186               9
     300              1.427               9
     400              1.150               9
     500              1.035               9

     REPLICATION 79:


                     POTENTIAL       PARAMETER WITH
     ITERATION    SCALE REDUCTION      HIGHEST PSR
     100              1.088               4
     200              1.054               6

     REPLICATION 80:


                     POTENTIAL       PARAMETER WITH
     ITERATION    SCALE REDUCTION      HIGHEST PSR
     100              1.166               10
     200              1.034               4

     REPLICATION 81:


                     POTENTIAL       PARAMETER WITH
     ITERATION    SCALE REDUCTION      HIGHEST PSR
     100              2.924               9
     200              1.503               9
     300              1.902               8
     400              1.160               8
     500              1.031               1

     REPLICATION 82:


                     POTENTIAL       PARAMETER WITH
     ITERATION    SCALE REDUCTION      HIGHEST PSR
     100              1.401               9
     200              1.204               9
     300              1.078               9
     400              1.034               7

     REPLICATION 83:


                     POTENTIAL       PARAMETER WITH
     ITERATION    SCALE REDUCTION      HIGHEST PSR
     100              2.088               9
     200              1.074               9

     REPLICATION 84:


                     POTENTIAL       PARAMETER WITH
     ITERATION    SCALE REDUCTION      HIGHEST PSR
     100              1.682               9
     200              1.031               9

     REPLICATION 85:


                     POTENTIAL       PARAMETER WITH
     ITERATION    SCALE REDUCTION      HIGHEST PSR
     100              1.267               9
     200              1.131               9
     300              1.110               6
     400              1.263               9
     500              2.159               9
     600              1.471               9
     700              1.228               9
     800              1.081               9
     900              1.040               9

     REPLICATION 86:


                     POTENTIAL       PARAMETER WITH
     ITERATION    SCALE REDUCTION      HIGHEST PSR
     100              1.588               8
     200              1.154               8
     300              1.289               9
     400              1.779               9
     500              1.693               9
     600              1.412               9
     700              1.059               9

     REPLICATION 87:


                     POTENTIAL       PARAMETER WITH
     ITERATION    SCALE REDUCTION      HIGHEST PSR
     100              1.172               4
     200              1.238               9
     300              1.091               8
     400              1.028               6

     REPLICATION 88:


                     POTENTIAL       PARAMETER WITH
     ITERATION    SCALE REDUCTION      HIGHEST PSR
     100              1.137               6
     200              1.103               9
     300              1.047               4

     REPLICATION 89:


                     POTENTIAL       PARAMETER WITH
     ITERATION    SCALE REDUCTION      HIGHEST PSR
     100              1.415               8
     200              1.101               6
     300              1.017               8

     REPLICATION 90:


                     POTENTIAL       PARAMETER WITH
     ITERATION    SCALE REDUCTION      HIGHEST PSR
     100              3.007               9
     200              1.068               6

     REPLICATION 91:


                     POTENTIAL       PARAMETER WITH
     ITERATION    SCALE REDUCTION      HIGHEST PSR
     100              1.216               1
     200              1.340               9
     300              1.027               9

     REPLICATION 92:


                     POTENTIAL       PARAMETER WITH
     ITERATION    SCALE REDUCTION      HIGHEST PSR
     100              1.263               8
     200              1.458               9
     300              1.044               9

     REPLICATION 93:


                     POTENTIAL       PARAMETER WITH
     ITERATION    SCALE REDUCTION      HIGHEST PSR
     100              1.959               9
     200              1.104               9
     300              1.009               6

     REPLICATION 94:


                     POTENTIAL       PARAMETER WITH
     ITERATION    SCALE REDUCTION      HIGHEST PSR
     100              1.526               9
     200              1.182               9
     300              1.110               8
     400              1.143               9
     500              1.303               9
     600              1.746               9
     700              1.803               9
     800              1.846               9
     900              1.823               9
     1000             1.451               9
     1100             1.175               9
     1200             1.046               8

     REPLICATION 95:


                     POTENTIAL       PARAMETER WITH
     ITERATION    SCALE REDUCTION      HIGHEST PSR
     100              2.226               9
     200              1.033               5

     REPLICATION 96:


                     POTENTIAL       PARAMETER WITH
     ITERATION    SCALE REDUCTION      HIGHEST PSR
     100              1.929               9
     200              3.669               9
     300              1.441               9
     400              1.396               9
     500              1.545               9
     600              1.445               9
     700              1.177               9
     800              1.051               9

     REPLICATION 97:


                     POTENTIAL       PARAMETER WITH
     ITERATION    SCALE REDUCTION      HIGHEST PSR
     100              1.086               10
     200              1.452               9
     300              1.339               9
     400              1.249               9
     500              1.049               6

     REPLICATION 98:


                     POTENTIAL       PARAMETER WITH
     ITERATION    SCALE REDUCTION      HIGHEST PSR
     100              1.230               6
     200              1.131               6
     300              1.107               8
     400              1.019               9

     REPLICATION 99:


                     POTENTIAL       PARAMETER WITH
     ITERATION    SCALE REDUCTION      HIGHEST PSR
     100              3.428               9
     200              1.181               8
     300              1.167               9
     400              1.144               9
     500              1.258               9
     600              1.214               9
     700              1.020               9

     REPLICATION 100:


                     POTENTIAL       PARAMETER WITH
     ITERATION    SCALE REDUCTION      HIGHEST PSR
     100              1.392               9
     200              1.061               8


SAVEDATA INFORMATION

  Order of variables

    Y
    X
    CLUSTER
    Y&1
    X&1

  Save file
    a*.dat

  Save file format           Free
  Save file record length    10000
  Missing designated by 999


RESULTS SAVING INFORMATION

  Order of data

    Replication number
    Parameter estimates
     (saved in order shown in Technical 1 output)
    Standard errors
     (saved in order shown in Technical 1 output)
    Number of Free Parameters
    Deviance (DIC)
    Estimated Number of Parameters (pD)

  Save file
    res.dat

  Save file format           Free


     Beginning Time:  09:26:59
        Ending Time:  09:31:13
       Elapsed Time:  00:04:14



MUTHEN & MUTHEN
3463 Stoner Ave.
Los Angeles, CA  90066

Tel: (310) 391-9971
Fax: (310) 391-8971
Web: www.StatModel.com
Support: Support@StatModel.com

Copyright (c) 1998-2018 Muthen & Muthen
