Mplus VERSION 8.1
MUTHEN & MUTHEN
06/06/2018  12:25 AM

INPUT INSTRUCTIONS

  MONTECARLO:  NAMES ARE y x;
               NOBS = 12000;
               NREP = 100;
               NCSIZES = 1;
               CSIZES = 200(60);
               lagged=y(1) x(1);
               missing=x;

  model missing: [x*0]; !x on y*0.5;

  ANALYSIS: 	estimator=bayes;  TYPE IS TWOLEVEL; proc=2;


  MODEL MONTECARLO:

    %WITHIN%
    y*1 x*1;
    y^ on y^1*0.7;
    y on x*1;
    x^ on x^1*0.7;

    %between%
    y*1 x*1; y on x*1;

  MODEL:

    %WITHIN%
    y*1 x*1;
    y^ on y^1*0.7;
    y on x*1;
    x^ on x^1*0.7;

    %between%
    y*1 x*1; y on x*1;

  OUTPUT: TECH8;



*** WARNING in MODEL command
  In the MODEL command, the following variable is an x-variable on the BETWEEN
  level and a y-variable on the WITHIN level.  This variable will be treated
  as a y-variable on both levels:  X
   1 ERROR(S) FOUND IN THE INPUT INSTRUCTIONS
   1 WARNING(S) FOUND IN THE INPUT INSTRUCTIONS




SUMMARY OF ANALYSIS

Number of groups                                                 1
Number of observations                                       12000

Number of replications
    Requested                                                  100
    Completed                                                  100
Value of seed                                                    0

Number of dependent variables                                    2
Number of independent variables                                  2
Number of continuous latent variables                            0

Observed dependent variables

  Continuous
   Y           X

Observed independent variables
   Y^1         X^1

Variables with special functions

  Within variables
   Y^1         X^1


Estimator                                                    BAYES
Specifications for Bayesian Estimation
  Point estimate                                            MEDIAN
  Number of Markov chain Monte Carlo (MCMC) chains               2
  Random seed for the first chain                                0
  Starting value information                           UNPERTURBED
  Algorithm used for Markov chain Monte Carlo           GIBBS(PX1)
  Convergence criterion                                  0.500D-01
  Maximum number of iterations                               50000
  K-th iteration used for thinning                               1


SUMMARY OF DATA FOR THE FIRST REPLICATION

     Cluster information

       Size (s)    Number of clusters of Size s

         60           200


SUMMARY OF MISSING DATA PATTERNS FOR THE FIRST REPLICATION

     Number of missing data patterns             4


     MISSING DATA PATTERNS (x = not missing)

           1  2  3  4
 Y         x  x  x  x
 X         x        x
 Y^1       x  x  x  x
 X^1       x  x


     MISSING DATA PATTERN FREQUENCIES

    Pattern   Frequency     Pattern   Frequency     Pattern   Frequency
          1        3017           3        2993
          2        3003           4        2987


COVARIANCE COVERAGE OF DATA FOR THE FIRST REPLICATION

Minimum covariance coverage value   0.100


     PROPORTION OF DATA PRESENT


           Covariance Coverage
              Y             X
              ________      ________
 Y              1.000
 X              0.500         0.500





MODEL FIT INFORMATION

Number of Free Parameters                       10

Information Criteria

    Deviance (DIC)

        Mean                             73383.470
        Std Dev                            294.959
        Number of successful computations      100

             Proportions                   Percentiles
        Expected    Observed         Expected       Observed
           0.990       0.980        72697.307      72516.270
           0.980       0.980        72777.713      72623.068
           0.950       0.930        72898.292      72855.868
           0.900       0.890        73005.451      72961.055
           0.800       0.830        73135.233      73149.216
           0.700       0.710        73228.794      73228.897
           0.500       0.510        73383.470      73386.402
           0.300       0.260        73538.147      73504.467
           0.200       0.230        73631.708      73669.073
           0.100       0.090        73761.490      73754.859
           0.050       0.050        73868.648      73788.825
           0.020       0.020        73989.227      73982.702
           0.010       0.000        74069.633      74018.811

    Estimated Number of Parameters (pD)

        Mean                              4838.908
        Std Dev                            112.504
        Number of successful computations      100

             Proportions                   Percentiles
        Expected    Observed         Expected       Observed
           0.990       0.980         4577.190       4543.578
           0.980       0.970         4607.859       4547.880
           0.950       0.960         4653.850       4683.753
           0.900       0.940         4694.723       4713.378
           0.800       0.850         4744.225       4755.134
           0.700       0.690         4779.911       4776.951
           0.500       0.440         4838.908       4831.315
           0.300       0.280         4897.905       4892.893
           0.200       0.140         4933.591       4919.053
           0.100       0.080         4983.092       4963.142
           0.050       0.050         5023.965       5016.669
           0.020       0.040         5069.956       5135.731
           0.010       0.040         5100.625       5162.782



MODEL RESULTS

                              ESTIMATES              S. E.     M. S. E.  95%  % Sig
                 Population   Average   Std. Dev.   Average             Cover Coeff
Within Level

 Y^         ON
  Y^1                 0.700     0.7020     0.0070     0.0083     0.0001 0.970 1.000

 Y          ON
  X                   1.000     0.9970     0.0111     0.0113     0.0001 0.930 1.000

 X^         ON
  X^1                 0.700     0.7010     0.0090     0.0082     0.0001 0.920 1.000

 Residual Variances
  Y                   1.000     1.0043     0.0167     0.0178     0.0003 0.980 1.000
  X                   1.000     1.0028     0.0179     0.0177     0.0003 0.920 1.000

Between Level

 Y          ON
  X                   1.000     0.9977     0.0853     0.0869     0.0072 0.940 1.000

 Means
  X                   0.000    -0.0051     0.0721     0.0770     0.0052 0.980 0.020

 Intercepts
  Y                   0.000     0.0275     0.0756     0.0774     0.0064 0.930 0.070

 Variances
  X                   1.000     1.0044     0.1370     0.1248     0.0186 0.950 1.000

 Residual Variances
  Y                   1.000     1.0040     0.1135     0.1235     0.0128 0.980 1.000


CORRELATIONS AND MEAN SQUARE ERROR OF THE TRUE FACTOR VALUES AND THE FACTOR SCORES

                        CORRELATIONS                MEAN SQUARE ERROR
                    Average    Std. Dev.           Average    Std. Dev.
  Y                   0.921       0.011              0.549       0.028
  X                   0.918       0.012              0.397       0.022


TECHNICAL 1 OUTPUT


     PARAMETER SPECIFICATION FOR WITHIN


           NU
              Y             X             Y^1           X^1
              ________      ________      ________      ________
                    0             0             0             0


           LAMBDA
              Y             X             Y^1           X^1
              ________      ________      ________      ________
 Y                  0             0             0             0
 X                  0             0             0             0
 Y^1                0             0             0             0
 X^1                0             0             0             0


           THETA
              Y             X             Y^1           X^1
              ________      ________      ________      ________
 Y                  0
 X                  0             0
 Y^1                0             0             0
 X^1                0             0             0             0


           ALPHA
              Y             X             Y^1           X^1
              ________      ________      ________      ________
                    0             0             0             0


           BETA
              Y             X             Y^1           X^1
              ________      ________      ________      ________
 Y                  0             1             2             0
 X                  0             0             0             3
 Y^1                0             0             0             0
 X^1                0             0             0             0


           PSI
              Y             X             Y^1           X^1
              ________      ________      ________      ________
 Y                  4
 X                  0             5
 Y^1                0             0             0
 X^1                0             0             0             0


     PARAMETER SPECIFICATION FOR BETWEEN


           NU
              Y             X
              ________      ________
                    0             0


           LAMBDA
              Y             X
              ________      ________
 Y                  0             0
 X                  0             0


           THETA
              Y             X
              ________      ________
 Y                  0
 X                  0             0


           ALPHA
              Y             X
              ________      ________
                    6             7


           BETA
              Y             X
              ________      ________
 Y                  0             8
 X                  0             0


           PSI
              Y             X
              ________      ________
 Y                  9
 X                  0            10


     STARTING VALUES FOR WITHIN


           NU
              Y             X             Y^1           X^1
              ________      ________      ________      ________
                0.000         0.000         0.000         0.000


           LAMBDA
              Y             X             Y^1           X^1
              ________      ________      ________      ________
 Y              1.000         0.000         0.000         0.000
 X              0.000         1.000         0.000         0.000
 Y^1            0.000         0.000         1.000         0.000
 X^1            0.000         0.000         0.000         1.000


           THETA
              Y             X             Y^1           X^1
              ________      ________      ________      ________
 Y              0.000
 X              0.000         0.000
 Y^1            0.000         0.000         0.000
 X^1            0.000         0.000         0.000         0.000


           ALPHA
              Y             X             Y^1           X^1
              ________      ________      ________      ________
                0.000         0.000         0.000         0.000


           BETA
              Y             X             Y^1           X^1
              ________      ________      ________      ________
 Y              0.000         1.000         0.700         0.000
 X              0.000         0.000         0.000         0.700
 Y^1            0.000         0.000         0.000         0.000
 X^1            0.000         0.000         0.000         0.000


           PSI
              Y             X             Y^1           X^1
              ________      ________      ________      ________
 Y              1.000
 X              0.000         1.000
 Y^1            0.000         0.000         0.500
 X^1            0.000         0.000         0.000         0.500


     STARTING VALUES FOR BETWEEN


           NU
              Y             X
              ________      ________
                0.000         0.000


           LAMBDA
              Y             X
              ________      ________
 Y              1.000         0.000
 X              0.000         1.000


           THETA
              Y             X
              ________      ________
 Y              0.000
 X              0.000         0.000


           ALPHA
              Y             X
              ________      ________
                0.000         0.000


           BETA
              Y             X
              ________      ________
 Y              0.000         1.000
 X              0.000         0.000


           PSI
              Y             X
              ________      ________
 Y              1.000
 X              0.000         1.000


     POPULATION VALUES FOR WITHIN


           NU
              Y             X             Y^1           X^1
              ________      ________      ________      ________
                0.000         0.000         0.000         0.000


           LAMBDA
              Y             X             Y^1           X^1
              ________      ________      ________      ________
 Y              1.000         0.000         0.000         0.000
 X              0.000         1.000         0.000         0.000
 Y^1            0.000         0.000         1.000         0.000
 X^1            0.000         0.000         0.000         1.000


           THETA
              Y             X             Y^1           X^1
              ________      ________      ________      ________
 Y              0.000
 X              0.000         0.000
 Y^1            0.000         0.000         0.000
 X^1            0.000         0.000         0.000         0.000


           ALPHA
              Y             X             Y^1           X^1
              ________      ________      ________      ________
                0.000         0.000         0.000         0.000


           BETA
              Y             X             Y^1           X^1
              ________      ________      ________      ________
 Y              0.000         1.000         0.700         0.000
 X              0.000         0.000         0.000         0.700
 Y^1            0.000         0.000         0.000         0.000
 X^1            0.000         0.000         0.000         0.000


           PSI
              Y             X             Y^1           X^1
              ________      ________      ________      ________
 Y              1.000
 X              0.000         1.000
 Y^1            0.000         0.000         1.000
 X^1            0.000         0.000         0.000         1.000


     POPULATION VALUES FOR BETWEEN


           NU
              Y             X
              ________      ________
                0.000         0.000


           LAMBDA
              Y             X
              ________      ________
 Y              1.000         0.000
 X              0.000         1.000


           THETA
              Y             X
              ________      ________
 Y              0.000
 X              0.000         0.000


           ALPHA
              Y             X
              ________      ________
                0.000         0.000


           BETA
              Y             X
              ________      ________
 Y              0.000         1.000
 X              0.000         0.000


           PSI
              Y             X
              ________      ________
 Y              1.000
 X              0.000         1.000



     PRIORS FOR ALL PARAMETERS            PRIOR MEAN      PRIOR VARIANCE     PRIOR STD. DEV.

     Parameter 1~N(0.000,infinity)           0.0000            infinity            infinity
     Parameter 2~N(0.000,infinity)           0.0000            infinity            infinity
     Parameter 3~N(0.000,infinity)           0.0000            infinity            infinity
     Parameter 4~IG(-1.000,0.000)          infinity            infinity            infinity
     Parameter 5~IG(-1.000,0.000)          infinity            infinity            infinity
     Parameter 6~N(0.000,infinity)           0.0000            infinity            infinity
     Parameter 7~N(0.000,infinity)           0.0000            infinity            infinity
     Parameter 8~N(0.000,infinity)           0.0000            infinity            infinity
     Parameter 9~IG(-1.000,0.000)          infinity            infinity            infinity
     Parameter 10~IG(-1.000,0.000)         infinity            infinity            infinity


TECHNICAL 8 OUTPUT


   TECHNICAL 8 OUTPUT FOR BAYES ESTIMATION

     CHAIN    BSEED
     1        0
     2        285380

     REPLICATION 1:


                     POTENTIAL       PARAMETER WITH
     ITERATION    SCALE REDUCTION      HIGHEST PSR
     100              1.042               7
     200              1.014               6

     REPLICATION 2:


                     POTENTIAL       PARAMETER WITH
     ITERATION    SCALE REDUCTION      HIGHEST PSR
     100              1.112               5
     200              1.015               2

     REPLICATION 3:


                     POTENTIAL       PARAMETER WITH
     ITERATION    SCALE REDUCTION      HIGHEST PSR
     100              1.096               5
     200              1.014               4

     REPLICATION 4:


                     POTENTIAL       PARAMETER WITH
     ITERATION    SCALE REDUCTION      HIGHEST PSR
     100              1.085               8
     200              1.072               3

     REPLICATION 5:


                     POTENTIAL       PARAMETER WITH
     ITERATION    SCALE REDUCTION      HIGHEST PSR
     100              1.036               6
     200              1.022               8

     REPLICATION 6:


                     POTENTIAL       PARAMETER WITH
     ITERATION    SCALE REDUCTION      HIGHEST PSR
     100              1.039               9
     200              1.046               2

     REPLICATION 7:


                     POTENTIAL       PARAMETER WITH
     ITERATION    SCALE REDUCTION      HIGHEST PSR
     100              1.059               6
     200              1.028               6

     REPLICATION 8:


                     POTENTIAL       PARAMETER WITH
     ITERATION    SCALE REDUCTION      HIGHEST PSR
     100              1.043               5
     200              1.066               5

     REPLICATION 9:


                     POTENTIAL       PARAMETER WITH
     ITERATION    SCALE REDUCTION      HIGHEST PSR
     100              1.137               10
     200              1.038               9

     REPLICATION 10:


                     POTENTIAL       PARAMETER WITH
     ITERATION    SCALE REDUCTION      HIGHEST PSR
     100              1.063               10
     200              1.038               1

     REPLICATION 11:


                     POTENTIAL       PARAMETER WITH
     ITERATION    SCALE REDUCTION      HIGHEST PSR
     100              1.075               7
     200              1.019               8

     REPLICATION 12:


                     POTENTIAL       PARAMETER WITH
     ITERATION    SCALE REDUCTION      HIGHEST PSR
     100              1.252               10
     200              1.036               9

     REPLICATION 13:


                     POTENTIAL       PARAMETER WITH
     ITERATION    SCALE REDUCTION      HIGHEST PSR
     100              1.085               3
     200              1.033               5

     REPLICATION 14:


                     POTENTIAL       PARAMETER WITH
     ITERATION    SCALE REDUCTION      HIGHEST PSR
     100              1.055               9
     200              1.011               8

     REPLICATION 15:


                     POTENTIAL       PARAMETER WITH
     ITERATION    SCALE REDUCTION      HIGHEST PSR
     100              1.068               4
     200              1.036               9

     REPLICATION 16:


                     POTENTIAL       PARAMETER WITH
     ITERATION    SCALE REDUCTION      HIGHEST PSR
     100              1.087               4
     200              1.079               8
     300              1.061               10

     REPLICATION 17:


                     POTENTIAL       PARAMETER WITH
     ITERATION    SCALE REDUCTION      HIGHEST PSR
     100              1.060               1
     200              1.046               5

     REPLICATION 18:


                     POTENTIAL       PARAMETER WITH
     ITERATION    SCALE REDUCTION      HIGHEST PSR
     100              1.053               6
     200              1.074               2

     REPLICATION 19:


                     POTENTIAL       PARAMETER WITH
     ITERATION    SCALE REDUCTION      HIGHEST PSR
     100              1.028               10
     200              1.021               3

     REPLICATION 20:


                     POTENTIAL       PARAMETER WITH
     ITERATION    SCALE REDUCTION      HIGHEST PSR
     100              1.079               9
     200              1.056               2

     REPLICATION 21:


                     POTENTIAL       PARAMETER WITH
     ITERATION    SCALE REDUCTION      HIGHEST PSR
     100              1.010               10
     200              1.056               5

     REPLICATION 22:


                     POTENTIAL       PARAMETER WITH
     ITERATION    SCALE REDUCTION      HIGHEST PSR
     100              1.137               4
     200              1.014               1

     REPLICATION 23:


                     POTENTIAL       PARAMETER WITH
     ITERATION    SCALE REDUCTION      HIGHEST PSR
     100              1.136               5
     200              1.031               3

     REPLICATION 24:


                     POTENTIAL       PARAMETER WITH
     ITERATION    SCALE REDUCTION      HIGHEST PSR
     100              1.213               1
     200              1.037               9

     REPLICATION 25:


                     POTENTIAL       PARAMETER WITH
     ITERATION    SCALE REDUCTION      HIGHEST PSR
     100              1.015               10
     200              1.034               4

     REPLICATION 26:


                     POTENTIAL       PARAMETER WITH
     ITERATION    SCALE REDUCTION      HIGHEST PSR
     100              1.118               8
     200              1.052               1

     REPLICATION 27:


                     POTENTIAL       PARAMETER WITH
     ITERATION    SCALE REDUCTION      HIGHEST PSR
     100              1.062               1
     200              1.032               10

     REPLICATION 28:


                     POTENTIAL       PARAMETER WITH
     ITERATION    SCALE REDUCTION      HIGHEST PSR
     100              1.052               5
     200              1.012               2

     REPLICATION 29:


                     POTENTIAL       PARAMETER WITH
     ITERATION    SCALE REDUCTION      HIGHEST PSR
     100              1.090               5
     200              1.118               5
     300              1.020               8

     REPLICATION 30:


                     POTENTIAL       PARAMETER WITH
     ITERATION    SCALE REDUCTION      HIGHEST PSR
     100              1.038               1
     200              1.039               5

     REPLICATION 31:


                     POTENTIAL       PARAMETER WITH
     ITERATION    SCALE REDUCTION      HIGHEST PSR
     100              1.150               5
     200              1.036               4

     REPLICATION 32:


                     POTENTIAL       PARAMETER WITH
     ITERATION    SCALE REDUCTION      HIGHEST PSR
     100              1.047               5
     200              1.070               3

     REPLICATION 33:


                     POTENTIAL       PARAMETER WITH
     ITERATION    SCALE REDUCTION      HIGHEST PSR
     100              1.115               6
     200              1.072               1

     REPLICATION 34:


                     POTENTIAL       PARAMETER WITH
     ITERATION    SCALE REDUCTION      HIGHEST PSR
     100              1.091               8
     200              1.014               10

     REPLICATION 35:


                     POTENTIAL       PARAMETER WITH
     ITERATION    SCALE REDUCTION      HIGHEST PSR
     100              1.127               5
     200              1.043               8

     REPLICATION 36:


                     POTENTIAL       PARAMETER WITH
     ITERATION    SCALE REDUCTION      HIGHEST PSR
     100              1.074               8
     200              1.043               8

     REPLICATION 37:


                     POTENTIAL       PARAMETER WITH
     ITERATION    SCALE REDUCTION      HIGHEST PSR
     100              1.118               4
     200              1.027               4

     REPLICATION 38:


                     POTENTIAL       PARAMETER WITH
     ITERATION    SCALE REDUCTION      HIGHEST PSR
     100              1.061               3
     200              1.026               7

     REPLICATION 39:


                     POTENTIAL       PARAMETER WITH
     ITERATION    SCALE REDUCTION      HIGHEST PSR
     100              1.032               8
     200              1.030               8

     REPLICATION 40:


                     POTENTIAL       PARAMETER WITH
     ITERATION    SCALE REDUCTION      HIGHEST PSR
     100              1.054               9
     200              1.029               5

     REPLICATION 41:


                     POTENTIAL       PARAMETER WITH
     ITERATION    SCALE REDUCTION      HIGHEST PSR
     100              1.048               2
     200              1.038               1

     REPLICATION 42:


                     POTENTIAL       PARAMETER WITH
     ITERATION    SCALE REDUCTION      HIGHEST PSR
     100              1.065               8
     200              1.047               5

     REPLICATION 43:


                     POTENTIAL       PARAMETER WITH
     ITERATION    SCALE REDUCTION      HIGHEST PSR
     100              1.071               5
     200              1.042               4

     REPLICATION 44:


                     POTENTIAL       PARAMETER WITH
     ITERATION    SCALE REDUCTION      HIGHEST PSR
     100              1.070               2
     200              1.096               4
     300              1.024               1

     REPLICATION 45:


                     POTENTIAL       PARAMETER WITH
     ITERATION    SCALE REDUCTION      HIGHEST PSR
     100              1.079               5
     200              1.006               7

     REPLICATION 46:


                     POTENTIAL       PARAMETER WITH
     ITERATION    SCALE REDUCTION      HIGHEST PSR
     100              1.086               1
     200              1.023               4

     REPLICATION 47:


                     POTENTIAL       PARAMETER WITH
     ITERATION    SCALE REDUCTION      HIGHEST PSR
     100              1.028               1
     200              1.020               5

     REPLICATION 48:


                     POTENTIAL       PARAMETER WITH
     ITERATION    SCALE REDUCTION      HIGHEST PSR
     100              1.066               7
     200              1.071               5

     REPLICATION 49:


                     POTENTIAL       PARAMETER WITH
     ITERATION    SCALE REDUCTION      HIGHEST PSR
     100              1.173               5
     200              1.022               8

     REPLICATION 50:


                     POTENTIAL       PARAMETER WITH
     ITERATION    SCALE REDUCTION      HIGHEST PSR
     100              1.041               10
     200              1.058               5

     REPLICATION 51:


                     POTENTIAL       PARAMETER WITH
     ITERATION    SCALE REDUCTION      HIGHEST PSR
     100              1.171               4
     200              1.090               5
     300              1.052               8

     REPLICATION 52:


                     POTENTIAL       PARAMETER WITH
     ITERATION    SCALE REDUCTION      HIGHEST PSR
     100              1.023               1
     200              1.011               10

     REPLICATION 53:


                     POTENTIAL       PARAMETER WITH
     ITERATION    SCALE REDUCTION      HIGHEST PSR
     100              1.025               7
     200              1.020               2

     REPLICATION 54:


                     POTENTIAL       PARAMETER WITH
     ITERATION    SCALE REDUCTION      HIGHEST PSR
     100              1.015               4
     200              1.033               4

     REPLICATION 55:


                     POTENTIAL       PARAMETER WITH
     ITERATION    SCALE REDUCTION      HIGHEST PSR
     100              1.018               4
     200              1.028               2

     REPLICATION 56:


                     POTENTIAL       PARAMETER WITH
     ITERATION    SCALE REDUCTION      HIGHEST PSR
     100              1.018               1
     200              1.037               4

     REPLICATION 57:


                     POTENTIAL       PARAMETER WITH
     ITERATION    SCALE REDUCTION      HIGHEST PSR
     100              1.144               4
     200              1.014               3

     REPLICATION 58:


                     POTENTIAL       PARAMETER WITH
     ITERATION    SCALE REDUCTION      HIGHEST PSR
     100              1.073               7
     200              1.064               4

     REPLICATION 59:


                     POTENTIAL       PARAMETER WITH
     ITERATION    SCALE REDUCTION      HIGHEST PSR
     100              1.041               9
     200              1.007               1

     REPLICATION 60:


                     POTENTIAL       PARAMETER WITH
     ITERATION    SCALE REDUCTION      HIGHEST PSR
     100              1.188               5
     200              1.043               2

     REPLICATION 61:


                     POTENTIAL       PARAMETER WITH
     ITERATION    SCALE REDUCTION      HIGHEST PSR
     100              1.032               5
     200              1.011               6

     REPLICATION 62:


                     POTENTIAL       PARAMETER WITH
     ITERATION    SCALE REDUCTION      HIGHEST PSR
     100              1.048               3
     200              1.050               9

     REPLICATION 63:


                     POTENTIAL       PARAMETER WITH
     ITERATION    SCALE REDUCTION      HIGHEST PSR
     100              1.116               4
     200              1.037               9

     REPLICATION 64:


                     POTENTIAL       PARAMETER WITH
     ITERATION    SCALE REDUCTION      HIGHEST PSR
     100              1.034               2
     200              1.024               4

     REPLICATION 65:


                     POTENTIAL       PARAMETER WITH
     ITERATION    SCALE REDUCTION      HIGHEST PSR
     100              1.083               5
     200              1.013               8

     REPLICATION 66:


                     POTENTIAL       PARAMETER WITH
     ITERATION    SCALE REDUCTION      HIGHEST PSR
     100              1.050               10
     200              1.022               9

     REPLICATION 67:


                     POTENTIAL       PARAMETER WITH
     ITERATION    SCALE REDUCTION      HIGHEST PSR
     100              1.018               2
     200              1.026               10

     REPLICATION 68:


                     POTENTIAL       PARAMETER WITH
     ITERATION    SCALE REDUCTION      HIGHEST PSR
     100              1.034               7
     200              1.016               8

     REPLICATION 69:


                     POTENTIAL       PARAMETER WITH
     ITERATION    SCALE REDUCTION      HIGHEST PSR
     100              1.036               4
     200              1.057               4

     REPLICATION 70:


                     POTENTIAL       PARAMETER WITH
     ITERATION    SCALE REDUCTION      HIGHEST PSR
     100              1.166               1
     200              1.020               6

     REPLICATION 71:


                     POTENTIAL       PARAMETER WITH
     ITERATION    SCALE REDUCTION      HIGHEST PSR
     100              1.126               9
     200              1.034               5

     REPLICATION 72:


                     POTENTIAL       PARAMETER WITH
     ITERATION    SCALE REDUCTION      HIGHEST PSR
     100              1.071               4
     200              1.011               9

     REPLICATION 73:


                     POTENTIAL       PARAMETER WITH
     ITERATION    SCALE REDUCTION      HIGHEST PSR
     100              1.374               1
     200              1.004               6

     REPLICATION 74:


                     POTENTIAL       PARAMETER WITH
     ITERATION    SCALE REDUCTION      HIGHEST PSR
     100              1.043               5
     200              1.007               8

     REPLICATION 75:


                     POTENTIAL       PARAMETER WITH
     ITERATION    SCALE REDUCTION      HIGHEST PSR
     100              1.073               2
     200              1.023               7

     REPLICATION 76:


                     POTENTIAL       PARAMETER WITH
     ITERATION    SCALE REDUCTION      HIGHEST PSR
     100              1.047               1
     200              1.041               8

     REPLICATION 77:


                     POTENTIAL       PARAMETER WITH
     ITERATION    SCALE REDUCTION      HIGHEST PSR
     100              1.238               9
     200              1.079               10
     300              1.012               4

     REPLICATION 78:


                     POTENTIAL       PARAMETER WITH
     ITERATION    SCALE REDUCTION      HIGHEST PSR
     100              1.000               1
     200              1.032               4

     REPLICATION 79:


                     POTENTIAL       PARAMETER WITH
     ITERATION    SCALE REDUCTION      HIGHEST PSR
     100              1.019               5
     200              1.011               9

     REPLICATION 80:


                     POTENTIAL       PARAMETER WITH
     ITERATION    SCALE REDUCTION      HIGHEST PSR
     100              1.111               3
     200              1.026               2

     REPLICATION 81:


                     POTENTIAL       PARAMETER WITH
     ITERATION    SCALE REDUCTION      HIGHEST PSR
     100              1.206               9
     200              1.011               5

     REPLICATION 82:


                     POTENTIAL       PARAMETER WITH
     ITERATION    SCALE REDUCTION      HIGHEST PSR
     100              1.015               4
     200              1.051               7

     REPLICATION 83:


                     POTENTIAL       PARAMETER WITH
     ITERATION    SCALE REDUCTION      HIGHEST PSR
     100              1.047               10
     200              1.035               5

     REPLICATION 84:


                     POTENTIAL       PARAMETER WITH
     ITERATION    SCALE REDUCTION      HIGHEST PSR
     100              1.076               4
     200              1.031               1

     REPLICATION 85:


                     POTENTIAL       PARAMETER WITH
     ITERATION    SCALE REDUCTION      HIGHEST PSR
     100              1.308               4
     200              1.019               9

     REPLICATION 86:


                     POTENTIAL       PARAMETER WITH
     ITERATION    SCALE REDUCTION      HIGHEST PSR
     100              1.107               5
     200              1.057               6

     REPLICATION 87:


                     POTENTIAL       PARAMETER WITH
     ITERATION    SCALE REDUCTION      HIGHEST PSR
     100              1.006               3
     200              1.022               4

     REPLICATION 88:


                     POTENTIAL       PARAMETER WITH
     ITERATION    SCALE REDUCTION      HIGHEST PSR
     100              1.077               8
     200              1.048               4

     REPLICATION 89:


                     POTENTIAL       PARAMETER WITH
     ITERATION    SCALE REDUCTION      HIGHEST PSR
     100              1.090               3
     200              1.036               9

     REPLICATION 90:


                     POTENTIAL       PARAMETER WITH
     ITERATION    SCALE REDUCTION      HIGHEST PSR
     100              1.104               4
     200              1.037               6

     REPLICATION 91:


                     POTENTIAL       PARAMETER WITH
     ITERATION    SCALE REDUCTION      HIGHEST PSR
     100              1.069               5
     200              1.019               1

     REPLICATION 92:


                     POTENTIAL       PARAMETER WITH
     ITERATION    SCALE REDUCTION      HIGHEST PSR
     100              1.037               8
     200              1.025               10

     REPLICATION 93:


                     POTENTIAL       PARAMETER WITH
     ITERATION    SCALE REDUCTION      HIGHEST PSR
     100              1.081               4
     200              1.023               7

     REPLICATION 94:


                     POTENTIAL       PARAMETER WITH
     ITERATION    SCALE REDUCTION      HIGHEST PSR
     100              1.028               2
     200              1.075               3

     REPLICATION 95:


                     POTENTIAL       PARAMETER WITH
     ITERATION    SCALE REDUCTION      HIGHEST PSR
     100              1.079               9
     200              1.026               10

     REPLICATION 96:


                     POTENTIAL       PARAMETER WITH
     ITERATION    SCALE REDUCTION      HIGHEST PSR
     100              1.071               1
     200              1.049               5

     REPLICATION 97:


                     POTENTIAL       PARAMETER WITH
     ITERATION    SCALE REDUCTION      HIGHEST PSR
     100              1.096               4
     200              1.050               5

     REPLICATION 98:


                     POTENTIAL       PARAMETER WITH
     ITERATION    SCALE REDUCTION      HIGHEST PSR
     100              1.066               7
     200              1.018               6

     REPLICATION 99:


                     POTENTIAL       PARAMETER WITH
     ITERATION    SCALE REDUCTION      HIGHEST PSR
     100              1.082               9
     200              1.017               3

     REPLICATION 100:


                     POTENTIAL       PARAMETER WITH
     ITERATION    SCALE REDUCTION      HIGHEST PSR
     100              1.166               5
     200              1.020               4


     Beginning Time:  00:25:04
        Ending Time:  00:40:39
       Elapsed Time:  00:15:35



MUTHEN & MUTHEN
3463 Stoner Ave.
Los Angeles, CA  90066

Tel: (310) 391-9971
Fax: (310) 391-8971
Web: www.StatModel.com
Support: Support@StatModel.com

Copyright (c) 1998-2018 Muthen & Muthen
