Mplus VERSION 8.1
MUTHEN & MUTHEN
06/07/2018  11:40 PM

INPUT INSTRUCTIONS

  MONTECARLO:  NAMES ARE y x u;
               NOBS = 48000;
               NREP = 100;
               NCSIZES = 1[1];
     		     CSIZES = 200[240(1)];
               repsave=all;
               save=c*.dat;
               missing=y x;
               categorical=u;
               generate=u(1);
               within=u;

  model missing: [y@-15]; y on u@30;
                 [x@-15]; x on u@30;

  ANALYSIS: 	estimator=bayes;  TYPE IS cross; proc=2; FBITER=100;


  MODEL MONTECARLO:

    %WITHIN%
    y*.001 x*.001;
    ey by y@1 (&1);
    ey on ey&1*0.7;
    ex by x@1 (&1);
    ex on ex&1*0.7;
    ex*1; ey*1;
    y on x*1;
    [u$1*-0.674];

    %between LEVEL2A%
    %between LEVEL2b%
    y*1 x*1; y on x*-1;

  MODEL:

    %WITHIN%
    y*.001 x*.001;
    ey by y@1 (&1);
    ey on ey&1*0.7;
    ex by x@1 (&1);
    ex on ex&1*0.7;
    y on x*1;
    [u$1*-0.674];
    ex*1; ey*1;

    %between LEVEL2A%
    %between LEVEL2b%
    y*1 x*1; y on x*-1;

  OUTPUT: TECH8;



INPUT READING TERMINATED NORMALLY




SUMMARY OF ANALYSIS

Number of groups                                                 1
Number of observations                                       48000

Number of replications
    Requested                                                  100
    Completed                                                  100
Value of seed                                                    0

Number of dependent variables                                    2
Number of independent variables                                  1
Number of continuous latent variables                            4

Observed dependent variables

  Continuous
   Y

  Binary and ordered categorical (ordinal)
   U

Observed independent variables
   X

Continuous latent variables
   EY          EX          EY&1        EX&1

Variables with special functions

  Within variables
   U


Estimator                                                    BAYES
Specifications for Bayesian Estimation
  Point estimate                                            MEDIAN
  Number of Markov chain Monte Carlo (MCMC) chains               2
  Random seed for the first chain                                0
  Starting value information                           UNPERTURBED
  Algorithm used for Markov chain Monte Carlo           GIBBS(PX1)
  Fixed number of iterations                                   100
  K-th iteration used for thinning                               1
Link                                                        PROBIT


SUMMARY OF DATA FOR THE FIRST REPLICATION

     Cluster information

     Number of level 2a clusters          240
     Number of level 2b clusters          200



SUMMARY OF MISSING DATA PATTERNS FOR THE FIRST REPLICATION

     Number of missing data patterns             2


     MISSING DATA PATTERNS (x = not missing)

           1  2
 U         x  x
 Y         x
 X         x


     MISSING DATA PATTERN FREQUENCIES

    Pattern   Frequency     Pattern   Frequency
          1       11987           2       36013


COVARIANCE COVERAGE OF DATA FOR THE FIRST REPLICATION

Minimum covariance coverage value   0.100


     PROPORTION OF DATA PRESENT


           Covariance Coverage
              U             Y             X
              ________      ________      ________
 U              1.000
 Y              0.250         0.250
 X              0.250         0.250         0.250





MODEL FIT INFORMATION

Number of Free Parameters                       16



MODEL RESULTS

                              ESTIMATES              S. E.     M. S. E.  95%  % Sig
                 Population   Average   Std. Dev.   Average             Cover Coeff
Within Level

 EY       BY
  Y                   1.000     1.0000     0.0000     0.0000     0.0000 1.000 0.000

 EX       BY
  X                   1.000     1.0000     0.0000     0.0000     0.0000 1.000 0.000

 EY         ON
  EY&1                0.700     0.0806     0.0072     0.0047     0.3837 0.000 1.000

 EX         ON
  EX&1                0.700     0.1404     0.0066     0.0048     0.3132 0.000 1.000

 Y          ON
  X                   1.000     0.9438     0.0035     0.0099     0.0032 0.000 1.000

 EX       WITH
  EY                  0.000    -0.3812     0.0444     0.0057     0.1473 0.000 1.000

 Thresholds
  U$1                -0.674    -0.6738     0.0063     0.0062     0.0000 0.930 1.000

 Residual Variances
  Y                   0.001     0.0010     0.0001     0.0001     0.0000 0.790 1.000
  X                   0.001     0.0011     0.0001     0.0001     0.0000 0.530 1.000
  EY                  1.000     1.5487     0.0997     0.0231     0.3109 0.000 1.000
  EX                  1.000     0.7646     0.0228     0.0187     0.0559 0.000 1.000

Between LEVEL2A Level

 Variances
  Y                   0.500     0.0140     0.0012     0.0016     0.2362 0.000 1.000
  X                   0.500     0.0073     0.0006     0.0009     0.2427 0.000 1.000

Between LEVEL2B Level

 Y          ON
  X                  -1.000    -0.8530     0.0836     0.0929     0.0285 0.640 1.000

 Means
  X                   0.000    -0.0009     0.0194     0.0204     0.0004 0.970 0.030

 Intercepts
  Y                   0.000     0.0045     0.0237     0.0258     0.0006 0.970 0.030

 Variances
  X                   1.000     0.0803     0.0083     0.0085     0.8460 0.000 1.000

 Residual Variances
  Y                   1.000     0.1199     0.0105     0.0137     0.7746 0.000 1.000


CORRELATIONS AND MEAN SQUARE ERROR OF THE TRUE FACTOR VALUES AND THE FACTOR SCORES

                        CORRELATIONS                MEAN SQUARE ERROR
                    Average    Std. Dev.           Average    Std. Dev.
  B2a_Y               0.064       0.055              0.121       0.006
  B2a_X               0.090       0.070              0.088       0.005
  B2b_Y               0.942       0.007              1.061       0.053
  B2b_X               0.936       0.008              0.753       0.040


TECHNICAL 1 OUTPUT


     PARAMETER SPECIFICATION FOR WITHIN


           TAU
              U$1
              ________
                   16


           NU
              U             Y             X
              ________      ________      ________
                    0             0             0


           LAMBDA
              EY            EX            EY&1          EX&1          Y
              ________      ________      ________      ________      ________
 U                  0             0             0             0             0
 Y                  0             0             0             0             0
 X                  0             0             0             0             0


           LAMBDA
              X
              ________
 U                  0
 Y                  0
 X                  0


           THETA
              U             Y             X
              ________      ________      ________
 U                  0
 Y                  0             0
 X                  0             0             0


           ALPHA
              EY            EX            EY&1          EX&1          Y
              ________      ________      ________      ________      ________
                    0             0             0             0             0


           ALPHA
              X
              ________
                    0


           BETA
              EY            EX            EY&1          EX&1          Y
              ________      ________      ________      ________      ________
 EY                 0             0             1             0             0
 EX                 0             0             0             2             0
 EY&1               0             0             0             0             0
 EX&1               0             0             0             0             0
 Y                  0             0             0             0             0
 X                  0             0             0             0             0


           BETA
              X
              ________
 EY                 0
 EX                 0
 EY&1               0
 EX&1               0
 Y                  3
 X                  0


           PSI
              EY            EX            EY&1          EX&1          Y
              ________      ________      ________      ________      ________
 EY                 4
 EX                 5             6
 EY&1               0             0             0
 EX&1               0             0             0             0
 Y                  0             0             0             0             7
 X                  0             0             0             0             0


           PSI
              X
              ________
 X                  8


     PARAMETER SPECIFICATION FOR BETWEEN LEVEL2A


           NU
              Y             X
              ________      ________
                    0             0


           LAMBDA
              Y             X
              ________      ________
 Y                  0             0
 X                  0             0


           THETA
              Y             X
              ________      ________
 Y                  0
 X                  0             0


           ALPHA
              Y             X
              ________      ________
                    0             0


           BETA
              Y             X
              ________      ________
 Y                  0             0
 X                  0             0


           PSI
              Y             X
              ________      ________
 Y                  9
 X                  0            10


     PARAMETER SPECIFICATION FOR BETWEEN LEVEL2B


           NU
              Y             X
              ________      ________
                    0             0


           LAMBDA
              Y             X
              ________      ________
 Y                  0             0
 X                  0             0


           THETA
              Y             X
              ________      ________
 Y                  0
 X                  0             0


           ALPHA
              Y             X
              ________      ________
                   11            12


           BETA
              Y             X
              ________      ________
 Y                  0            13
 X                  0             0


           PSI
              Y             X
              ________      ________
 Y                 14
 X                  0            15


     STARTING VALUES FOR WITHIN


           TAU
              U$1
              ________
               -0.674


           NU
              U             Y             X
              ________      ________      ________
                0.000         0.000         0.000


           LAMBDA
              EY            EX            EY&1          EX&1          Y
              ________      ________      ________      ________      ________
 U              0.000         0.000         0.000         0.000         0.000
 Y              0.000         0.000         0.000         0.000         1.000
 X              0.000         0.000         0.000         0.000         0.000


           LAMBDA
              X
              ________
 U              0.000
 Y              0.000
 X              1.000


           THETA
              U             Y             X
              ________      ________      ________
 U              1.000
 Y              0.000         0.000
 X              0.000         0.000         0.000


           ALPHA
              EY            EX            EY&1          EX&1          Y
              ________      ________      ________      ________      ________
                0.000         0.000         0.000         0.000         0.000


           ALPHA
              X
              ________
                0.000


           BETA
              EY            EX            EY&1          EX&1          Y
              ________      ________      ________      ________      ________
 EY             0.000         0.000         0.700         0.000         0.000
 EX             0.000         0.000         0.000         0.700         0.000
 EY&1           0.000         0.000         0.000         0.000         0.000
 EX&1           0.000         0.000         0.000         0.000         0.000
 Y              1.000         0.000         0.000         0.000         0.000
 X              0.000         1.000         0.000         0.000         0.000


           BETA
              X
              ________
 EY             0.000
 EX             0.000
 EY&1           0.000
 EX&1           0.000
 Y              1.000
 X              0.000


           PSI
              EY            EX            EY&1          EX&1          Y
              ________      ________      ________      ________      ________
 EY             1.000
 EX             0.000         1.000
 EY&1           0.000         0.000         1.000
 EX&1           0.000         0.000         0.000         1.000
 Y              0.000         0.000         0.000         0.000         0.001
 X              0.000         0.000         0.000         0.000         0.000


           PSI
              X
              ________
 X              0.001


     STARTING VALUES FOR BETWEEN LEVEL2A


           NU
              Y             X
              ________      ________
                0.000         0.000


           LAMBDA
              Y             X
              ________      ________
 Y              1.000         0.000
 X              0.000         1.000


           THETA
              Y             X
              ________      ________
 Y              0.000
 X              0.000         0.000


           ALPHA
              Y             X
              ________      ________
                0.000         0.000


           BETA
              Y             X
              ________      ________
 Y              0.000         0.000
 X              0.000         0.000


           PSI
              Y             X
              ________      ________
 Y              0.500
 X              0.000         0.500


     STARTING VALUES FOR BETWEEN LEVEL2B


           NU
              Y             X
              ________      ________
                0.000         0.000


           LAMBDA
              Y             X
              ________      ________
 Y              1.000         0.000
 X              0.000         1.000


           THETA
              Y             X
              ________      ________
 Y              0.000
 X              0.000         0.000


           ALPHA
              Y             X
              ________      ________
                0.000         0.000


           BETA
              Y             X
              ________      ________
 Y              0.000        -1.000
 X              0.000         0.000


           PSI
              Y             X
              ________      ________
 Y              1.000
 X              0.000         1.000


     POPULATION VALUES FOR WITHIN


           TAU
              U$1
              ________
               -0.674


           NU
              U             Y             X
              ________      ________      ________
                0.000         0.000         0.000


           LAMBDA
              EY            EX            EY&1          EX&1          Y
              ________      ________      ________      ________      ________
 U              0.000         0.000         0.000         0.000         0.000
 Y              0.000         0.000         0.000         0.000         1.000
 X              0.000         0.000         0.000         0.000         0.000


           LAMBDA
              X
              ________
 U              0.000
 Y              0.000
 X              1.000


           THETA
              U             Y             X
              ________      ________      ________
 U              0.000
 Y              0.000         0.000
 X              0.000         0.000         0.000


           ALPHA
              EY            EX            EY&1          EX&1          Y
              ________      ________      ________      ________      ________
                0.000         0.000         0.000         0.000         0.000


           ALPHA
              X
              ________
                0.000


           BETA
              EY            EX            EY&1          EX&1          Y
              ________      ________      ________      ________      ________
 EY             0.000         0.000         0.700         0.000         0.000
 EX             0.000         0.000         0.000         0.700         0.000
 EY&1           0.000         0.000         0.000         0.000         0.000
 EX&1           0.000         0.000         0.000         0.000         0.000
 Y              1.000         0.000         0.000         0.000         0.000
 X              0.000         1.000         0.000         0.000         0.000


           BETA
              X
              ________
 EY             0.000
 EX             0.000
 EY&1           0.000
 EX&1           0.000
 Y              1.000
 X              0.000


           PSI
              EY            EX            EY&1          EX&1          Y
              ________      ________      ________      ________      ________
 EY             1.000
 EX             0.000         1.000
 EY&1           0.000         0.000         1.000
 EX&1           0.000         0.000         0.000         1.000
 Y              0.000         0.000         0.000         0.000         0.001
 X              0.000         0.000         0.000         0.000         0.000


           PSI
              X
              ________
 X              0.001


     POPULATION VALUES FOR BETWEEN LEVEL2A


           NU
              Y             X
              ________      ________
                0.000         0.000


           LAMBDA
              Y             X
              ________      ________
 Y              1.000         0.000
 X              0.000         1.000


           THETA
              Y             X
              ________      ________
 Y              0.000
 X              0.000         0.000


           ALPHA
              Y             X
              ________      ________
                0.000         0.000


           BETA
              Y             X
              ________      ________
 Y              0.000         0.000
 X              0.000         0.000


           PSI
              Y             X
              ________      ________
 Y              0.000
 X              0.000         0.000


     POPULATION VALUES FOR BETWEEN LEVEL2B


           NU
              Y             X
              ________      ________
                0.000         0.000


           LAMBDA
              Y             X
              ________      ________
 Y              1.000         0.000
 X              0.000         1.000


           THETA
              Y             X
              ________      ________
 Y              0.000
 X              0.000         0.000


           ALPHA
              Y             X
              ________      ________
                0.000         0.000


           BETA
              Y             X
              ________      ________
 Y              0.000        -1.000
 X              0.000         0.000


           PSI
              Y             X
              ________      ________
 Y              1.000
 X              0.000         1.000



     PRIORS FOR ALL PARAMETERS            PRIOR MEAN      PRIOR VARIANCE     PRIOR STD. DEV.

     Parameter 1~N(0.000,infinity)           0.0000            infinity            infinity
     Parameter 2~N(0.000,infinity)           0.0000            infinity            infinity
     Parameter 3~N(0.000,infinity)           0.0000            infinity            infinity
     Parameter 4~IW(0.000,-3)              infinity            infinity            infinity
     Parameter 5~IW(0.000,-3)              infinity            infinity            infinity
     Parameter 6~IW(0.000,-3)              infinity            infinity            infinity
     Parameter 7~IG(-1.000,0.000)          infinity            infinity            infinity
     Parameter 8~IG(-1.000,0.000)          infinity            infinity            infinity
     Parameter 9~IG(-1.000,0.000)          infinity            infinity            infinity
     Parameter 10~IG(-1.000,0.000)         infinity            infinity            infinity
     Parameter 11~N(0.000,infinity)          0.0000            infinity            infinity
     Parameter 12~N(0.000,infinity)          0.0000            infinity            infinity
     Parameter 13~N(0.000,infinity)          0.0000            infinity            infinity
     Parameter 14~IG(-1.000,0.000)         infinity            infinity            infinity
     Parameter 15~IG(-1.000,0.000)         infinity            infinity            infinity
     Parameter 16~N(0.000,5.000)             0.0000              5.0000              2.2361


TECHNICAL 8 OUTPUT


   TECHNICAL 8 OUTPUT FOR BAYES ESTIMATION

     CHAIN    BSEED
     1        0
     2        285380

     REPLICATION 1:


                     POTENTIAL       PARAMETER WITH
     ITERATION    SCALE REDUCTION      HIGHEST PSR
     100              1.079               4
     200              1.193               4

     REPLICATION 2:


                     POTENTIAL       PARAMETER WITH
     ITERATION    SCALE REDUCTION      HIGHEST PSR
     100              1.697               11
     200              1.557               14

     REPLICATION 3:


                     POTENTIAL       PARAMETER WITH
     ITERATION    SCALE REDUCTION      HIGHEST PSR
     100              1.259               11
     200              1.235               4

     REPLICATION 4:


                     POTENTIAL       PARAMETER WITH
     ITERATION    SCALE REDUCTION      HIGHEST PSR
     100              1.103               4
     200              1.218               4

     REPLICATION 5:


                     POTENTIAL       PARAMETER WITH
     ITERATION    SCALE REDUCTION      HIGHEST PSR
     100              1.146               13
     200              1.110               4

     REPLICATION 6:


                     POTENTIAL       PARAMETER WITH
     ITERATION    SCALE REDUCTION      HIGHEST PSR
     100              1.244               14
     200              1.120               14

     REPLICATION 7:


                     POTENTIAL       PARAMETER WITH
     ITERATION    SCALE REDUCTION      HIGHEST PSR
     100              1.062               11
     200              1.104               1

     REPLICATION 8:


                     POTENTIAL       PARAMETER WITH
     ITERATION    SCALE REDUCTION      HIGHEST PSR
     100              1.102               13
     200              1.196               14

     REPLICATION 9:


                     POTENTIAL       PARAMETER WITH
     ITERATION    SCALE REDUCTION      HIGHEST PSR
     100              1.302               14
     200              1.528               4

     REPLICATION 10:


                     POTENTIAL       PARAMETER WITH
     ITERATION    SCALE REDUCTION      HIGHEST PSR
     100              1.435               13
     200              1.252               13

     REPLICATION 11:


                     POTENTIAL       PARAMETER WITH
     ITERATION    SCALE REDUCTION      HIGHEST PSR
     100              1.078               14
     200              1.109               4

     REPLICATION 12:


                     POTENTIAL       PARAMETER WITH
     ITERATION    SCALE REDUCTION      HIGHEST PSR
     100              1.182               13
     200              1.252               4

     REPLICATION 13:


                     POTENTIAL       PARAMETER WITH
     ITERATION    SCALE REDUCTION      HIGHEST PSR
     100              1.177               14
     200              1.326               14

     REPLICATION 14:


                     POTENTIAL       PARAMETER WITH
     ITERATION    SCALE REDUCTION      HIGHEST PSR
     100              1.200               4
     200              1.282               4

     REPLICATION 15:


                     POTENTIAL       PARAMETER WITH
     ITERATION    SCALE REDUCTION      HIGHEST PSR
     100              1.685               14
     200              1.573               14

     REPLICATION 16:


                     POTENTIAL       PARAMETER WITH
     ITERATION    SCALE REDUCTION      HIGHEST PSR
     100              1.199               14
     200              1.337               4

     REPLICATION 17:


                     POTENTIAL       PARAMETER WITH
     ITERATION    SCALE REDUCTION      HIGHEST PSR
     100              1.234               11
     200              1.525               14

     REPLICATION 18:


                     POTENTIAL       PARAMETER WITH
     ITERATION    SCALE REDUCTION      HIGHEST PSR
     100              1.228               13
     200              1.149               14

     REPLICATION 19:


                     POTENTIAL       PARAMETER WITH
     ITERATION    SCALE REDUCTION      HIGHEST PSR
     100              1.397               11
     200              1.615               11

     REPLICATION 20:


                     POTENTIAL       PARAMETER WITH
     ITERATION    SCALE REDUCTION      HIGHEST PSR
     100              1.149               14
     200              1.051               11

     REPLICATION 21:


                     POTENTIAL       PARAMETER WITH
     ITERATION    SCALE REDUCTION      HIGHEST PSR
     100              1.434               14
     200              1.495               14

     REPLICATION 22:


                     POTENTIAL       PARAMETER WITH
     ITERATION    SCALE REDUCTION      HIGHEST PSR
     100              1.189               11
     200              1.069               11

     REPLICATION 23:


                     POTENTIAL       PARAMETER WITH
     ITERATION    SCALE REDUCTION      HIGHEST PSR
     100              1.114               12
     200              1.219               14

     REPLICATION 24:


                     POTENTIAL       PARAMETER WITH
     ITERATION    SCALE REDUCTION      HIGHEST PSR
     100              1.135               4
     200              1.122               11

     REPLICATION 25:


                     POTENTIAL       PARAMETER WITH
     ITERATION    SCALE REDUCTION      HIGHEST PSR
     100              1.417               13
     200              1.281               13

     REPLICATION 26:


                     POTENTIAL       PARAMETER WITH
     ITERATION    SCALE REDUCTION      HIGHEST PSR
     100              1.128               13
     200              1.219               14

     REPLICATION 27:


                     POTENTIAL       PARAMETER WITH
     ITERATION    SCALE REDUCTION      HIGHEST PSR
     100              1.453               11
     200              1.239               11

     REPLICATION 28:


                     POTENTIAL       PARAMETER WITH
     ITERATION    SCALE REDUCTION      HIGHEST PSR
     100              1.281               14
     200              1.351               14

     REPLICATION 29:


                     POTENTIAL       PARAMETER WITH
     ITERATION    SCALE REDUCTION      HIGHEST PSR
     100              1.014               4
     200              1.092               4

     REPLICATION 30:


                     POTENTIAL       PARAMETER WITH
     ITERATION    SCALE REDUCTION      HIGHEST PSR
     100              1.419               14
     200              1.399               14

     REPLICATION 31:


                     POTENTIAL       PARAMETER WITH
     ITERATION    SCALE REDUCTION      HIGHEST PSR
     100              1.539               11
     200              1.489               11

     REPLICATION 32:


                     POTENTIAL       PARAMETER WITH
     ITERATION    SCALE REDUCTION      HIGHEST PSR
     100              1.191               11
     200              1.057               2

     REPLICATION 33:


                     POTENTIAL       PARAMETER WITH
     ITERATION    SCALE REDUCTION      HIGHEST PSR
     100              1.153               11
     200              1.289               3

     REPLICATION 34:


                     POTENTIAL       PARAMETER WITH
     ITERATION    SCALE REDUCTION      HIGHEST PSR
     100              1.222               14
     200              1.255               14

     REPLICATION 35:


                     POTENTIAL       PARAMETER WITH
     ITERATION    SCALE REDUCTION      HIGHEST PSR
     100              1.085               4
     200              1.110               3

     REPLICATION 36:


                     POTENTIAL       PARAMETER WITH
     ITERATION    SCALE REDUCTION      HIGHEST PSR
     100              1.269               14
     200              1.228               14

     REPLICATION 37:


                     POTENTIAL       PARAMETER WITH
     ITERATION    SCALE REDUCTION      HIGHEST PSR
     100              1.172               4
     200              1.114               11

     REPLICATION 38:


                     POTENTIAL       PARAMETER WITH
     ITERATION    SCALE REDUCTION      HIGHEST PSR
     100              1.036               14
     200              1.112               11

     REPLICATION 39:


                     POTENTIAL       PARAMETER WITH
     ITERATION    SCALE REDUCTION      HIGHEST PSR
     100              1.650               14
     200              1.706               14

     REPLICATION 40:


                     POTENTIAL       PARAMETER WITH
     ITERATION    SCALE REDUCTION      HIGHEST PSR
     100              1.177               13
     200              1.243               4

     REPLICATION 41:


                     POTENTIAL       PARAMETER WITH
     ITERATION    SCALE REDUCTION      HIGHEST PSR
     100              1.079               4
     200              1.199               4

     REPLICATION 42:


                     POTENTIAL       PARAMETER WITH
     ITERATION    SCALE REDUCTION      HIGHEST PSR
     100              1.269               14
     200              1.192               14

     REPLICATION 43:


                     POTENTIAL       PARAMETER WITH
     ITERATION    SCALE REDUCTION      HIGHEST PSR
     100              1.039               14
     200              1.095               2

     REPLICATION 44:


                     POTENTIAL       PARAMETER WITH
     ITERATION    SCALE REDUCTION      HIGHEST PSR
     100              1.212               11
     200              1.273               11

     REPLICATION 45:


                     POTENTIAL       PARAMETER WITH
     ITERATION    SCALE REDUCTION      HIGHEST PSR
     100              1.092               14
     200              1.123               5

     REPLICATION 46:


                     POTENTIAL       PARAMETER WITH
     ITERATION    SCALE REDUCTION      HIGHEST PSR
     100              1.012               9
     200              1.063               3

     REPLICATION 47:


                     POTENTIAL       PARAMETER WITH
     ITERATION    SCALE REDUCTION      HIGHEST PSR
     100              1.249               11
     200              1.251               3

     REPLICATION 48:


                     POTENTIAL       PARAMETER WITH
     ITERATION    SCALE REDUCTION      HIGHEST PSR
     100              1.289               14
     200              1.202               2

     REPLICATION 49:


                     POTENTIAL       PARAMETER WITH
     ITERATION    SCALE REDUCTION      HIGHEST PSR
     100              1.080               11
     200              1.094               14

     REPLICATION 50:


                     POTENTIAL       PARAMETER WITH
     ITERATION    SCALE REDUCTION      HIGHEST PSR
     100              1.147               11
     200              1.342               3

     REPLICATION 51:


                     POTENTIAL       PARAMETER WITH
     ITERATION    SCALE REDUCTION      HIGHEST PSR
     100              1.120               4
     200              1.323               4

     REPLICATION 52:


                     POTENTIAL       PARAMETER WITH
     ITERATION    SCALE REDUCTION      HIGHEST PSR
     100              1.101               4
     200              1.263               4

     REPLICATION 53:


                     POTENTIAL       PARAMETER WITH
     ITERATION    SCALE REDUCTION      HIGHEST PSR
     100              1.227               13
     200              1.123               11

     REPLICATION 54:


                     POTENTIAL       PARAMETER WITH
     ITERATION    SCALE REDUCTION      HIGHEST PSR
     100              1.203               14
     200              1.240               14

     REPLICATION 55:


                     POTENTIAL       PARAMETER WITH
     ITERATION    SCALE REDUCTION      HIGHEST PSR
     100              1.259               14
     200              1.236               4

     REPLICATION 56:


                     POTENTIAL       PARAMETER WITH
     ITERATION    SCALE REDUCTION      HIGHEST PSR
     100              1.407               11
     200              1.374               11

     REPLICATION 57:


                     POTENTIAL       PARAMETER WITH
     ITERATION    SCALE REDUCTION      HIGHEST PSR
     100              1.203               15
     200              1.198               2

     REPLICATION 58:


                     POTENTIAL       PARAMETER WITH
     ITERATION    SCALE REDUCTION      HIGHEST PSR
     100              1.262               14
     200              1.376               14

     REPLICATION 59:


                     POTENTIAL       PARAMETER WITH
     ITERATION    SCALE REDUCTION      HIGHEST PSR
     100              1.122               11
     200              1.103               14

     REPLICATION 60:


                     POTENTIAL       PARAMETER WITH
     ITERATION    SCALE REDUCTION      HIGHEST PSR
     100              1.321               14
     200              1.370               11

     REPLICATION 61:


                     POTENTIAL       PARAMETER WITH
     ITERATION    SCALE REDUCTION      HIGHEST PSR
     100              1.698               14
     200              1.387               14

     REPLICATION 62:


                     POTENTIAL       PARAMETER WITH
     ITERATION    SCALE REDUCTION      HIGHEST PSR
     100              1.326               13
     200              1.236               13

     REPLICATION 63:


                     POTENTIAL       PARAMETER WITH
     ITERATION    SCALE REDUCTION      HIGHEST PSR
     100              1.324               13
     200              1.280               3

     REPLICATION 64:


                     POTENTIAL       PARAMETER WITH
     ITERATION    SCALE REDUCTION      HIGHEST PSR
     100              1.195               14
     200              1.438               14

     REPLICATION 65:


                     POTENTIAL       PARAMETER WITH
     ITERATION    SCALE REDUCTION      HIGHEST PSR
     100              1.014               11
     200              1.056               14

     REPLICATION 66:


                     POTENTIAL       PARAMETER WITH
     ITERATION    SCALE REDUCTION      HIGHEST PSR
     100              1.278               13
     200              1.177               13

     REPLICATION 67:


                     POTENTIAL       PARAMETER WITH
     ITERATION    SCALE REDUCTION      HIGHEST PSR
     100              1.125               12
     200              1.332               4

     REPLICATION 68:


                     POTENTIAL       PARAMETER WITH
     ITERATION    SCALE REDUCTION      HIGHEST PSR
     100              1.268               11
     200              1.108               4

     REPLICATION 69:


                     POTENTIAL       PARAMETER WITH
     ITERATION    SCALE REDUCTION      HIGHEST PSR
     100              1.099               14
     200              1.229               14

     REPLICATION 70:


                     POTENTIAL       PARAMETER WITH
     ITERATION    SCALE REDUCTION      HIGHEST PSR
     100              1.067               6
     200              1.197               3

     REPLICATION 71:


                     POTENTIAL       PARAMETER WITH
     ITERATION    SCALE REDUCTION      HIGHEST PSR
     100              1.113               11
     200              1.087               5

     REPLICATION 72:


                     POTENTIAL       PARAMETER WITH
     ITERATION    SCALE REDUCTION      HIGHEST PSR
     100              1.152               11
     200              1.126               11

     REPLICATION 73:


                     POTENTIAL       PARAMETER WITH
     ITERATION    SCALE REDUCTION      HIGHEST PSR
     100              1.256               11
     200              1.159               1

     REPLICATION 74:


                     POTENTIAL       PARAMETER WITH
     ITERATION    SCALE REDUCTION      HIGHEST PSR
     100              1.107               11
     200              1.169               3

     REPLICATION 75:


                     POTENTIAL       PARAMETER WITH
     ITERATION    SCALE REDUCTION      HIGHEST PSR
     100              1.181               4
     200              1.185               4

     REPLICATION 76:


                     POTENTIAL       PARAMETER WITH
     ITERATION    SCALE REDUCTION      HIGHEST PSR
     100              1.284               13
     200              1.312               13

     REPLICATION 77:


                     POTENTIAL       PARAMETER WITH
     ITERATION    SCALE REDUCTION      HIGHEST PSR
     100              1.056               4
     200              1.053               5

     REPLICATION 78:


                     POTENTIAL       PARAMETER WITH
     ITERATION    SCALE REDUCTION      HIGHEST PSR
     100              1.044               2
     200              1.064               2

     REPLICATION 79:


                     POTENTIAL       PARAMETER WITH
     ITERATION    SCALE REDUCTION      HIGHEST PSR
     100              1.280               14
     200              1.164               4

     REPLICATION 80:


                     POTENTIAL       PARAMETER WITH
     ITERATION    SCALE REDUCTION      HIGHEST PSR
     100              1.050               14
     200              1.132               4

     REPLICATION 81:


                     POTENTIAL       PARAMETER WITH
     ITERATION    SCALE REDUCTION      HIGHEST PSR
     100              1.294               14
     200              1.336               14

     REPLICATION 82:


                     POTENTIAL       PARAMETER WITH
     ITERATION    SCALE REDUCTION      HIGHEST PSR
     100              1.651               13
     200              1.493               13

     REPLICATION 83:


                     POTENTIAL       PARAMETER WITH
     ITERATION    SCALE REDUCTION      HIGHEST PSR
     100              1.087               14
     200              1.185               14

     REPLICATION 84:


                     POTENTIAL       PARAMETER WITH
     ITERATION    SCALE REDUCTION      HIGHEST PSR
     100              1.082               4
     200              1.245               4

     REPLICATION 85:


                     POTENTIAL       PARAMETER WITH
     ITERATION    SCALE REDUCTION      HIGHEST PSR
     100              1.119               14
     200              1.197               13

     REPLICATION 86:


                     POTENTIAL       PARAMETER WITH
     ITERATION    SCALE REDUCTION      HIGHEST PSR
     100              1.079               13
     200              1.339               3

     REPLICATION 87:


                     POTENTIAL       PARAMETER WITH
     ITERATION    SCALE REDUCTION      HIGHEST PSR
     100              1.393               14
     200              1.206               14

     REPLICATION 88:


                     POTENTIAL       PARAMETER WITH
     ITERATION    SCALE REDUCTION      HIGHEST PSR
     100              1.319               11
     200              1.329               11

     REPLICATION 89:


                     POTENTIAL       PARAMETER WITH
     ITERATION    SCALE REDUCTION      HIGHEST PSR
     100              1.118               14
     200              1.094               14

     REPLICATION 90:


                     POTENTIAL       PARAMETER WITH
     ITERATION    SCALE REDUCTION      HIGHEST PSR
     100              1.036               13
     200              1.113               2

     REPLICATION 91:


                     POTENTIAL       PARAMETER WITH
     ITERATION    SCALE REDUCTION      HIGHEST PSR
     100              1.103               3
     200              1.195               3

     REPLICATION 92:


                     POTENTIAL       PARAMETER WITH
     ITERATION    SCALE REDUCTION      HIGHEST PSR
     100              1.044               3
     200              1.007               12

     REPLICATION 93:


                     POTENTIAL       PARAMETER WITH
     ITERATION    SCALE REDUCTION      HIGHEST PSR
     100              1.267               11
     200              1.223               3

     REPLICATION 94:


                     POTENTIAL       PARAMETER WITH
     ITERATION    SCALE REDUCTION      HIGHEST PSR
     100              1.176               14
     200              1.119               11

     REPLICATION 95:


                     POTENTIAL       PARAMETER WITH
     ITERATION    SCALE REDUCTION      HIGHEST PSR
     100              1.458               14
     200              1.310               14

     REPLICATION 96:


                     POTENTIAL       PARAMETER WITH
     ITERATION    SCALE REDUCTION      HIGHEST PSR
     100              1.017               14
     200              1.143               14

     REPLICATION 97:


                     POTENTIAL       PARAMETER WITH
     ITERATION    SCALE REDUCTION      HIGHEST PSR
     100              1.039               5
     200              1.117               3

     REPLICATION 98:


                     POTENTIAL       PARAMETER WITH
     ITERATION    SCALE REDUCTION      HIGHEST PSR
     100              1.295               14
     200              1.392               14

     REPLICATION 99:


                     POTENTIAL       PARAMETER WITH
     ITERATION    SCALE REDUCTION      HIGHEST PSR
     100              1.285               11
     200              1.154               12

     REPLICATION 100:


                     POTENTIAL       PARAMETER WITH
     ITERATION    SCALE REDUCTION      HIGHEST PSR
     100              1.214               14
     200              1.313               14


SAVEDATA INFORMATION

  Order of variables

    U
    Y
    X
    LEVEL2A
    LEVEL2B

  Save file
    c*.dat

  Save file format           Free
  Save file record length    10000
  Missing designated by 999


DIAGRAM INFORMATION

  Mplus diagrams are currently not available for multilevel analysis.
  No diagram output was produced.


     Beginning Time:  23:40:36
        Ending Time:  00:07:37
       Elapsed Time:  00:27:01



MUTHEN & MUTHEN
3463 Stoner Ave.
Los Angeles, CA  90066

Tel: (310) 391-9971
Fax: (310) 391-8971
Web: www.StatModel.com
Support: Support@StatModel.com

Copyright (c) 1998-2018 Muthen & Muthen
