Mplus VERSION 8.1
MUTHEN & MUTHEN
06/11/2018   5:09 PM

INPUT INSTRUCTIONS

  MONTECARLO:  NAMES ARE y x;
               NOBS = 50000;
               NREP = 100;
               NCSIZES = 1;
               CSIZES = 500(100);
               lagged=y(1);
               within=x;

  ANALYSIS: 	estimator=bayes;  TYPE IS TWOLEVEL RANDOM; proc=2;


  MODEL MONTECARLO:

    %WITHIN%
    v | y; x*1;
    y on x*1;
    r | y^ on y^1;

    %between%
    y*1; r*0.02; [r*0.4];
    v*1; [v*0]; v with r*0.08;

  MODEL:

    %WITHIN%
    y*1;
    y on x*1;
    y^ on y^1*0.4;

    %between%
    y*1;


  OUTPUT: TECH8;



INPUT READING TERMINATED NORMALLY




SUMMARY OF ANALYSIS

Number of groups                                                 1
Number of observations                                       50000

Number of replications
    Requested                                                  100
    Completed                                                   99
Value of seed                                                    0

Number of dependent variables                                    1
Number of independent variables                                  2
Number of continuous latent variables                            0

Observed dependent variables

  Continuous
   Y

Observed independent variables
   X           Y^1

Variables with special functions

  Within variables
   X           Y^1


Estimator                                                    BAYES
Specifications for Bayesian Estimation
  Point estimate                                            MEDIAN
  Number of Markov chain Monte Carlo (MCMC) chains               2
  Random seed for the first chain                                0
  Starting value information                           UNPERTURBED
  Algorithm used for Markov chain Monte Carlo           GIBBS(PX1)
  Convergence criterion                                  0.500D-01
  Maximum number of iterations                               50000
  K-th iteration used for thinning                               1


SUMMARY OF DATA FOR THE FIRST REPLICATION

     Cluster information

       Size (s)    Number of clusters of Size s

        100           500





MODEL FIT INFORMATION

Number of Free Parameters                        5

Information Criteria

    Deviance (DIC)

        Mean                            168957.541
        Std Dev                           2700.716
        Number of successful computations       99

             Proportions                   Percentiles
        Expected    Observed         Expected       Observed
           0.990       1.000       162674.865     162799.456
           0.980       0.980       163411.080     162799.456
           0.950       0.939       164515.133     164024.659
           0.900       0.899       165496.303     164759.229
           0.800       0.808       166684.618     166596.167
           0.700       0.677       167541.285     167172.363
           0.500       0.525       168957.541     169144.705
           0.300       0.303       170373.796     170306.359
           0.200       0.162       171230.463     170862.289
           0.100       0.101       172418.778     172393.758
           0.050       0.071       173399.948     173575.129
           0.020       0.020       174504.001     174261.591
           0.010       0.010       175240.216     174888.012

    Estimated Number of Parameters (pD)

        Mean                               457.096
        Std Dev                              9.009
        Number of successful computations       99

             Proportions                   Percentiles
        Expected    Observed         Expected       Observed
           0.990       0.980          436.137        435.133
           0.980       0.970          438.593        435.133
           0.950       0.970          442.276        442.708
           0.900       0.909          445.549        445.383
           0.800       0.808          449.513        448.736
           0.700       0.717          452.371        452.413
           0.500       0.465          457.096        456.232
           0.300       0.313          461.820        461.914
           0.200       0.192          464.678        463.640
           0.100       0.101          468.642        468.506
           0.050       0.051          471.915        471.176
           0.020       0.020          475.598        473.131
           0.010       0.020          478.054        478.361



MODEL RESULTS

                              ESTIMATES              S. E.     M. S. E.  95%  % Sig
                 Population   Average   Std. Dev.   Average             Cover Coeff
Within Level

 Y          ON
  X                   1.000     0.9992     0.0049     0.0052     0.0000 0.960 1.000

 Y^         ON
  Y^1                 0.400     0.5109     0.0262     0.0040     0.0130 0.000 1.000

 Residual Variances
  Y                   1.000     1.6996     0.0923     0.0108     0.4979 0.000 1.000

Between Level

 Means
  Y                   0.000     0.0023     0.0481     0.0464     0.0023 0.939 0.061

 Variances
  Y                   1.000     1.0052     0.0800     0.0686     0.0064 0.929 1.000


CORRELATIONS AND MEAN SQUARE ERROR OF THE TRUE FACTOR VALUES AND THE FACTOR SCORES

                        CORRELATIONS                MEAN SQUARE ERROR
                    Average    Std. Dev.           Average    Std. Dev.
  Y                  -0.004       0.047              1.393       0.052


TECHNICAL 1 OUTPUT


     PARAMETER SPECIFICATION FOR WITHIN


           NU
              Y             X             Y^1
              ________      ________      ________
                    0             0             0


           LAMBDA
              Y             X             Y^1
              ________      ________      ________
 Y                  0             0             0
 X                  0             0             0
 Y^1                0             0             0


           THETA
              Y             X             Y^1
              ________      ________      ________
 Y                  0
 X                  0             0
 Y^1                0             0             0


           ALPHA
              Y             X             Y^1
              ________      ________      ________
                    0             0             0


           BETA
              Y             X             Y^1
              ________      ________      ________
 Y                  0             1             2
 X                  0             0             0
 Y^1                0             0             0


           PSI
              Y             X             Y^1
              ________      ________      ________
 Y                  3
 X                  0             0
 Y^1                0             0             0


     PARAMETER SPECIFICATION FOR BETWEEN


           NU
              Y
              ________
                    0


           LAMBDA
              Y
              ________
 Y                  0


           THETA
              Y
              ________
 Y                  0


           ALPHA
              Y
              ________
                    4


           BETA
              Y
              ________
 Y                  0


           PSI
              Y
              ________
 Y                  5


     STARTING VALUES FOR WITHIN


           NU
              Y             X             Y^1
              ________      ________      ________
                0.000         0.000         0.000


           LAMBDA
              Y             X             Y^1
              ________      ________      ________
 Y              1.000         0.000         0.000
 X              0.000         1.000         0.000
 Y^1            0.000         0.000         1.000


           THETA
              Y             X             Y^1
              ________      ________      ________
 Y              0.000
 X              0.000         0.000
 Y^1            0.000         0.000         0.000


           ALPHA
              Y             X             Y^1
              ________      ________      ________
                0.000         0.000         0.000


           BETA
              Y             X             Y^1
              ________      ________      ________
 Y              0.000         1.000         0.400
 X              0.000         0.000         0.000
 Y^1            0.000         0.000         0.000


           PSI
              Y             X             Y^1
              ________      ________      ________
 Y              1.000
 X              0.000         0.500
 Y^1            0.000         0.000         0.500


     STARTING VALUES FOR BETWEEN


           NU
              Y
              ________
                0.000


           LAMBDA
              Y
              ________
 Y              1.000


           THETA
              Y
              ________
 Y              0.000


           ALPHA
              Y
              ________
                0.000


           BETA
              Y
              ________
 Y              0.000


           PSI
              Y
              ________
 Y              1.000


     POPULATION VALUES FOR WITHIN


           NU
              Y             X             Y^1
              ________      ________      ________
                0.000         0.000         0.000


           LAMBDA
              Y             X             Y^1
              ________      ________      ________
 Y              1.000         0.000         0.000
 X              0.000         1.000         0.000
 Y^1            0.000         0.000         1.000


           THETA
              Y             X             Y^1
              ________      ________      ________
 Y              0.000
 X              0.000         0.000
 Y^1            0.000         0.000         0.000


           ALPHA
              Y             X             Y^1
              ________      ________      ________
                0.000         0.000         0.000


           BETA
              Y             X             Y^1
              ________      ________      ________
 Y              0.000         1.000         0.000
 X              0.000         0.000         0.000
 Y^1            0.000         0.000         0.000


           PSI
              Y             X             Y^1
              ________      ________      ________
 Y              0.000
 X              0.000         1.000
 Y^1            0.000         0.000         1.000


     POPULATION VALUES FOR BETWEEN


           NU
              Y
              ________
                0.000


           LAMBDA
              V             R             Y
              ________      ________      ________
 Y              0.000         0.000         1.000


           THETA
              Y
              ________
 Y              0.000


           ALPHA
              V             R             Y
              ________      ________      ________
                0.000         0.400         0.000


           BETA
              V             R             Y
              ________      ________      ________
 V              0.000         0.000         0.000
 R              0.000         0.000         0.000
 Y              0.000         0.000         0.000


           PSI
              V             R             Y
              ________      ________      ________
 V              1.000
 R              0.080         0.020
 Y              0.000         0.000         1.000



     PRIORS FOR ALL PARAMETERS            PRIOR MEAN      PRIOR VARIANCE     PRIOR STD. DEV.

     Parameter 1~N(0.000,infinity)           0.0000            infinity            infinity
     Parameter 2~N(0.000,infinity)           0.0000            infinity            infinity
     Parameter 3~IG(-1.000,0.000)          infinity            infinity            infinity
     Parameter 4~N(0.000,infinity)           0.0000            infinity            infinity
     Parameter 5~IG(-1.000,0.000)          infinity            infinity            infinity


TECHNICAL 8 OUTPUT


   TECHNICAL 8 OUTPUT FOR BAYES ESTIMATION

     CHAIN    BSEED
     1        0
     2        285380

     REPLICATION 1:


                     POTENTIAL       PARAMETER WITH
     ITERATION    SCALE REDUCTION      HIGHEST PSR
     100              1.020               3
     200              1.007               5

     REPLICATION 2:


                     POTENTIAL       PARAMETER WITH
     ITERATION    SCALE REDUCTION      HIGHEST PSR
     100              1.000               1
     200              1.009               5

     REPLICATION 3:


                     POTENTIAL       PARAMETER WITH
     ITERATION    SCALE REDUCTION      HIGHEST PSR
     100              1.014               5
     200              1.000               1

     REPLICATION 4:


                     POTENTIAL       PARAMETER WITH
     ITERATION    SCALE REDUCTION      HIGHEST PSR
     100              1.000               1
     200              1.013               5

     REPLICATION 5:


                     POTENTIAL       PARAMETER WITH
     ITERATION    SCALE REDUCTION      HIGHEST PSR
     100              1.005               3
     200              1.000               1

     REPLICATION 6:


                     POTENTIAL       PARAMETER WITH
     ITERATION    SCALE REDUCTION      HIGHEST PSR
     100              1.007               5
     200              1.021               3

     REPLICATION 7:


                     POTENTIAL       PARAMETER WITH
     ITERATION    SCALE REDUCTION      HIGHEST PSR
     100              1.000               1
     200              1.004               3

     REPLICATION 8:


                     POTENTIAL       PARAMETER WITH
     ITERATION    SCALE REDUCTION      HIGHEST PSR
     100              1.034               5
     200              1.028               3

     REPLICATION 9:


                     POTENTIAL       PARAMETER WITH
     ITERATION    SCALE REDUCTION      HIGHEST PSR
     100              1.000               1
     200              1.004               5

     REPLICATION 10:


                     POTENTIAL       PARAMETER WITH
     ITERATION    SCALE REDUCTION      HIGHEST PSR
     100              1.000               1
     200              1.000               1

     REPLICATION 11:


                     POTENTIAL       PARAMETER WITH
     ITERATION    SCALE REDUCTION      HIGHEST PSR
     100              1.010               4
     200              1.001               4

     REPLICATION 12:


                     POTENTIAL       PARAMETER WITH
     ITERATION    SCALE REDUCTION      HIGHEST PSR
     100              1.010               5
     200              1.002               1

     REPLICATION 13:


                     POTENTIAL       PARAMETER WITH
     ITERATION    SCALE REDUCTION      HIGHEST PSR
     100              1.033               3
     200              1.003               3

     REPLICATION 14:


                     POTENTIAL       PARAMETER WITH
     ITERATION    SCALE REDUCTION      HIGHEST PSR
     100              1.052               4
     200              1.005               4

     REPLICATION 15:


                     POTENTIAL       PARAMETER WITH
     ITERATION    SCALE REDUCTION      HIGHEST PSR
     100              1.000               1
     200              1.001               5

     REPLICATION 16:


                     POTENTIAL       PARAMETER WITH
     ITERATION    SCALE REDUCTION      HIGHEST PSR
     100              1.005               4
     200              1.004               4

     REPLICATION 17:


                     POTENTIAL       PARAMETER WITH
     ITERATION    SCALE REDUCTION      HIGHEST PSR
     100              1.022               4
     200              1.001               4

     REPLICATION 18:


                     POTENTIAL       PARAMETER WITH
     ITERATION    SCALE REDUCTION      HIGHEST PSR
     100              1.016               4
     200              1.009               5

     REPLICATION 19:


                     POTENTIAL       PARAMETER WITH
     ITERATION    SCALE REDUCTION      HIGHEST PSR
     100              1.000               3
     200              1.000               1

     REPLICATION 20:


                     POTENTIAL       PARAMETER WITH
     ITERATION    SCALE REDUCTION      HIGHEST PSR
     100              1.002               3
     200              1.001               3

     REPLICATION 21:


                     POTENTIAL       PARAMETER WITH
     ITERATION    SCALE REDUCTION      HIGHEST PSR
     100              1.000               1
     200              1.000               4

     REPLICATION 22:


                     POTENTIAL       PARAMETER WITH
     ITERATION    SCALE REDUCTION      HIGHEST PSR
     100              1.033               5
     200              1.024               5

     REPLICATION 23:


                     POTENTIAL       PARAMETER WITH
     ITERATION    SCALE REDUCTION      HIGHEST PSR
     100              1.049               5
     200              1.021               3

     REPLICATION 24:


                     POTENTIAL       PARAMETER WITH
     ITERATION    SCALE REDUCTION      HIGHEST PSR
     100              1.036               5
     200              1.000               1

     REPLICATION 25:


                     POTENTIAL       PARAMETER WITH
     ITERATION    SCALE REDUCTION      HIGHEST PSR
     100              1.004               3
     200              1.000               1

     REPLICATION 26:


                     POTENTIAL       PARAMETER WITH
     ITERATION    SCALE REDUCTION      HIGHEST PSR
     100              1.000               1
     200              1.000               1

     REPLICATION 27:


                     POTENTIAL       PARAMETER WITH
     ITERATION    SCALE REDUCTION      HIGHEST PSR
     100              1.004               4
     200              1.000               1

     REPLICATION 28:


                     POTENTIAL       PARAMETER WITH
     ITERATION    SCALE REDUCTION      HIGHEST PSR
     100              1.026               5
     200              1.000               1

     REPLICATION 29:


                     POTENTIAL       PARAMETER WITH
     ITERATION    SCALE REDUCTION      HIGHEST PSR
     100              1.009               3
     200              1.006               5

     REPLICATION 30:


                     POTENTIAL       PARAMETER WITH
     ITERATION    SCALE REDUCTION      HIGHEST PSR
     100              1.000               1
     200              1.008               5

     REPLICATION 31:


                     POTENTIAL       PARAMETER WITH
     ITERATION    SCALE REDUCTION      HIGHEST PSR
     100              1.023               5
     200              1.006               5

     REPLICATION 32:


                     POTENTIAL       PARAMETER WITH
     ITERATION    SCALE REDUCTION      HIGHEST PSR
     100              1.013               5
     200              1.003               3

     REPLICATION 33:


                     POTENTIAL       PARAMETER WITH
     ITERATION    SCALE REDUCTION      HIGHEST PSR
     100              1.000               1
     200              1.026               5

     REPLICATION 34:


                     POTENTIAL       PARAMETER WITH
     ITERATION    SCALE REDUCTION      HIGHEST PSR
     100              1.008               5
     200              1.026               4

     REPLICATION 35:


                     POTENTIAL       PARAMETER WITH
     ITERATION    SCALE REDUCTION      HIGHEST PSR
     100              1.006               5
     200              1.002               4

     REPLICATION 36:


                     POTENTIAL       PARAMETER WITH
     ITERATION    SCALE REDUCTION      HIGHEST PSR
     100              1.071               5
     200              1.017               4

     REPLICATION 37:


                     POTENTIAL       PARAMETER WITH
     ITERATION    SCALE REDUCTION      HIGHEST PSR
     100              1.029               3
     200              1.017               3

     REPLICATION 38:


                     POTENTIAL       PARAMETER WITH
     ITERATION    SCALE REDUCTION      HIGHEST PSR
     100              1.001               4
     200              1.008               3

     REPLICATION 39:


                     POTENTIAL       PARAMETER WITH
     ITERATION    SCALE REDUCTION      HIGHEST PSR
     100              1.053               5
     200              1.025               5

     REPLICATION 40:


                     POTENTIAL       PARAMETER WITH
     ITERATION    SCALE REDUCTION      HIGHEST PSR
     100              1.083               5
     200              1.000               1

     REPLICATION 42:


                     POTENTIAL       PARAMETER WITH
     ITERATION    SCALE REDUCTION      HIGHEST PSR
     100              1.000               1
     200              1.000               1

     REPLICATION 43:


                     POTENTIAL       PARAMETER WITH
     ITERATION    SCALE REDUCTION      HIGHEST PSR
     100              1.032               5
     200              1.000               1

     REPLICATION 44:


                     POTENTIAL       PARAMETER WITH
     ITERATION    SCALE REDUCTION      HIGHEST PSR
     100              1.042               3
     200              1.000               1

     REPLICATION 45:


                     POTENTIAL       PARAMETER WITH
     ITERATION    SCALE REDUCTION      HIGHEST PSR
     100              1.050               5
     200              1.027               3

     REPLICATION 46:


                     POTENTIAL       PARAMETER WITH
     ITERATION    SCALE REDUCTION      HIGHEST PSR
     100              1.010               5
     200              1.010               5

     REPLICATION 47:


                     POTENTIAL       PARAMETER WITH
     ITERATION    SCALE REDUCTION      HIGHEST PSR
     100              1.008               4
     200              1.005               3

     REPLICATION 48:


                     POTENTIAL       PARAMETER WITH
     ITERATION    SCALE REDUCTION      HIGHEST PSR
     100              1.086               4
     200              1.014               3

     REPLICATION 49:


                     POTENTIAL       PARAMETER WITH
     ITERATION    SCALE REDUCTION      HIGHEST PSR
     100              1.017               5
     200              1.010               4

     REPLICATION 50:


                     POTENTIAL       PARAMETER WITH
     ITERATION    SCALE REDUCTION      HIGHEST PSR
     100              1.000               1
     200              1.000               1

     REPLICATION 51:


                     POTENTIAL       PARAMETER WITH
     ITERATION    SCALE REDUCTION      HIGHEST PSR
     100              1.025               4
     200              1.022               4

     REPLICATION 52:


                     POTENTIAL       PARAMETER WITH
     ITERATION    SCALE REDUCTION      HIGHEST PSR
     100              1.000               1
     200              1.025               4

     REPLICATION 53:


                     POTENTIAL       PARAMETER WITH
     ITERATION    SCALE REDUCTION      HIGHEST PSR
     100              1.004               5
     200              1.000               1

     REPLICATION 54:


                     POTENTIAL       PARAMETER WITH
     ITERATION    SCALE REDUCTION      HIGHEST PSR
     100              1.000               1
     200              1.000               1

     REPLICATION 55:


                     POTENTIAL       PARAMETER WITH
     ITERATION    SCALE REDUCTION      HIGHEST PSR
     100              1.035               4
     200              1.000               1

     REPLICATION 56:


                     POTENTIAL       PARAMETER WITH
     ITERATION    SCALE REDUCTION      HIGHEST PSR
     100              1.009               3
     200              1.006               3

     REPLICATION 57:


                     POTENTIAL       PARAMETER WITH
     ITERATION    SCALE REDUCTION      HIGHEST PSR
     100              1.000               1
     200              1.000               1

     REPLICATION 58:


                     POTENTIAL       PARAMETER WITH
     ITERATION    SCALE REDUCTION      HIGHEST PSR
     100              1.001               3
     200              1.008               3

     REPLICATION 59:


                     POTENTIAL       PARAMETER WITH
     ITERATION    SCALE REDUCTION      HIGHEST PSR
     100              1.043               3
     200              1.000               1

     REPLICATION 60:


                     POTENTIAL       PARAMETER WITH
     ITERATION    SCALE REDUCTION      HIGHEST PSR
     100              1.005               4
     200              1.002               4

     REPLICATION 61:


                     POTENTIAL       PARAMETER WITH
     ITERATION    SCALE REDUCTION      HIGHEST PSR
     100              1.018               5
     200              1.007               4

     REPLICATION 62:


                     POTENTIAL       PARAMETER WITH
     ITERATION    SCALE REDUCTION      HIGHEST PSR
     100              1.002               4
     200              1.001               4

     REPLICATION 63:


                     POTENTIAL       PARAMETER WITH
     ITERATION    SCALE REDUCTION      HIGHEST PSR
     100              1.007               5
     200              1.003               5

     REPLICATION 64:


                     POTENTIAL       PARAMETER WITH
     ITERATION    SCALE REDUCTION      HIGHEST PSR
     100              1.014               4
     200              1.007               5

     REPLICATION 65:


                     POTENTIAL       PARAMETER WITH
     ITERATION    SCALE REDUCTION      HIGHEST PSR
     100              1.046               3
     200              1.012               3

     REPLICATION 66:


                     POTENTIAL       PARAMETER WITH
     ITERATION    SCALE REDUCTION      HIGHEST PSR
     100              1.000               1
     200              1.000               1

     REPLICATION 67:


                     POTENTIAL       PARAMETER WITH
     ITERATION    SCALE REDUCTION      HIGHEST PSR
     100              1.000               1
     200              1.005               3

     REPLICATION 68:


                     POTENTIAL       PARAMETER WITH
     ITERATION    SCALE REDUCTION      HIGHEST PSR
     100              1.000               1
     200              1.000               1

     REPLICATION 69:


                     POTENTIAL       PARAMETER WITH
     ITERATION    SCALE REDUCTION      HIGHEST PSR
     100              1.057               5
     200              1.006               1

     REPLICATION 70:


                     POTENTIAL       PARAMETER WITH
     ITERATION    SCALE REDUCTION      HIGHEST PSR
     100              1.000               1
     200              1.000               1

     REPLICATION 71:


                     POTENTIAL       PARAMETER WITH
     ITERATION    SCALE REDUCTION      HIGHEST PSR
     100              1.000               1
     200              1.004               4

     REPLICATION 72:


                     POTENTIAL       PARAMETER WITH
     ITERATION    SCALE REDUCTION      HIGHEST PSR
     100              1.000               1
     200              1.015               4

     REPLICATION 73:


                     POTENTIAL       PARAMETER WITH
     ITERATION    SCALE REDUCTION      HIGHEST PSR
     100              1.019               3
     200              1.004               5

     REPLICATION 74:


                     POTENTIAL       PARAMETER WITH
     ITERATION    SCALE REDUCTION      HIGHEST PSR
     100              1.029               4
     200              1.000               1

     REPLICATION 75:


                     POTENTIAL       PARAMETER WITH
     ITERATION    SCALE REDUCTION      HIGHEST PSR
     100              1.000               1
     200              1.013               4

     REPLICATION 76:


                     POTENTIAL       PARAMETER WITH
     ITERATION    SCALE REDUCTION      HIGHEST PSR
     100              1.000               1
     200              1.014               5

     REPLICATION 77:


                     POTENTIAL       PARAMETER WITH
     ITERATION    SCALE REDUCTION      HIGHEST PSR
     100              1.005               3
     200              1.000               3

     REPLICATION 78:


                     POTENTIAL       PARAMETER WITH
     ITERATION    SCALE REDUCTION      HIGHEST PSR
     100              1.009               3
     200              1.022               4

     REPLICATION 79:


                     POTENTIAL       PARAMETER WITH
     ITERATION    SCALE REDUCTION      HIGHEST PSR
     100              1.014               5
     200              1.004               4

     REPLICATION 80:


                     POTENTIAL       PARAMETER WITH
     ITERATION    SCALE REDUCTION      HIGHEST PSR
     100              1.042               5
     200              1.009               3

     REPLICATION 81:


                     POTENTIAL       PARAMETER WITH
     ITERATION    SCALE REDUCTION      HIGHEST PSR
     100              1.009               3
     200              1.000               1

     REPLICATION 82:


                     POTENTIAL       PARAMETER WITH
     ITERATION    SCALE REDUCTION      HIGHEST PSR
     100              1.013               4
     200              1.006               4

     REPLICATION 83:


                     POTENTIAL       PARAMETER WITH
     ITERATION    SCALE REDUCTION      HIGHEST PSR
     100              1.032               4
     200              1.018               4

     REPLICATION 84:


                     POTENTIAL       PARAMETER WITH
     ITERATION    SCALE REDUCTION      HIGHEST PSR
     100              1.028               5
     200              1.006               3

     REPLICATION 85:


                     POTENTIAL       PARAMETER WITH
     ITERATION    SCALE REDUCTION      HIGHEST PSR
     100              1.021               3
     200              1.000               1

     REPLICATION 86:


                     POTENTIAL       PARAMETER WITH
     ITERATION    SCALE REDUCTION      HIGHEST PSR
     100              1.012               5
     200              1.006               5

     REPLICATION 87:


                     POTENTIAL       PARAMETER WITH
     ITERATION    SCALE REDUCTION      HIGHEST PSR
     100              1.047               5
     200              1.002               1

     REPLICATION 88:


                     POTENTIAL       PARAMETER WITH
     ITERATION    SCALE REDUCTION      HIGHEST PSR
     100              1.018               3
     200              1.077               5
     300              1.008               5

     REPLICATION 89:


                     POTENTIAL       PARAMETER WITH
     ITERATION    SCALE REDUCTION      HIGHEST PSR
     100              1.060               4
     200              1.003               4

     REPLICATION 90:


                     POTENTIAL       PARAMETER WITH
     ITERATION    SCALE REDUCTION      HIGHEST PSR
     100              1.024               5
     200              1.009               5

     REPLICATION 91:


                     POTENTIAL       PARAMETER WITH
     ITERATION    SCALE REDUCTION      HIGHEST PSR
     100              1.000               1
     200              1.003               5

     REPLICATION 92:


                     POTENTIAL       PARAMETER WITH
     ITERATION    SCALE REDUCTION      HIGHEST PSR
     100              1.011               3
     200              1.008               3

     REPLICATION 93:


                     POTENTIAL       PARAMETER WITH
     ITERATION    SCALE REDUCTION      HIGHEST PSR
     100              1.032               4
     200              1.000               1

     REPLICATION 94:


                     POTENTIAL       PARAMETER WITH
     ITERATION    SCALE REDUCTION      HIGHEST PSR
     100              1.037               3
     200              1.028               5

     REPLICATION 95:


                     POTENTIAL       PARAMETER WITH
     ITERATION    SCALE REDUCTION      HIGHEST PSR
     100              1.000               1
     200              1.000               1

     REPLICATION 96:


                     POTENTIAL       PARAMETER WITH
     ITERATION    SCALE REDUCTION      HIGHEST PSR
     100              1.069               4
     200              1.010               4

     REPLICATION 97:


                     POTENTIAL       PARAMETER WITH
     ITERATION    SCALE REDUCTION      HIGHEST PSR
     100              1.015               4
     200              1.002               4

     REPLICATION 98:


                     POTENTIAL       PARAMETER WITH
     ITERATION    SCALE REDUCTION      HIGHEST PSR
     100              1.035               4
     200              1.003               4

     REPLICATION 99:


                     POTENTIAL       PARAMETER WITH
     ITERATION    SCALE REDUCTION      HIGHEST PSR
     100              1.004               3
     200              1.002               4

     REPLICATION 100:


                     POTENTIAL       PARAMETER WITH
     ITERATION    SCALE REDUCTION      HIGHEST PSR
     100              1.001               4
     200              1.000               1


TECHNICAL 9 OUTPUT

  Error messages for each replication (if any)


     THE GENERATED DATA FOR REPLICATION 41 HAS LARGE VALUES.
     THIS MAY BE DUE TO AUTOREGRESSIVE COEFFICIENT GREATER THAN 1.
     MODEL ESTIMATION WILL NOT BE INITIATED FOR THIS REPLICATION.



DIAGRAM INFORMATION

  Mplus diagrams are currently not available for multilevel analysis.
  No diagram output was produced.


     Beginning Time:  17:09:06
        Ending Time:  17:21:05
       Elapsed Time:  00:11:59



MUTHEN & MUTHEN
3463 Stoner Ave.
Los Angeles, CA  90066

Tel: (310) 391-9971
Fax: (310) 391-8971
Web: www.StatModel.com
Support: Support@StatModel.com

Copyright (c) 1998-2018 Muthen & Muthen
