Mplus VERSION 8.1
MUTHEN & MUTHEN
06/14/2018   5:02 PM

INPUT INSTRUCTIONS

  MONTECARLO:  NAMES ARE y1-y3;
               NOBS = 6000;
               NREP = 100;
               NCSIZES = 1;
               CSIZES = 200(30);
               lagged=y1-y3(1);
               repsave=all;
               save=a*.dat;

  ANALYSIS: 	estimator=bayes; proc=2;
              type=twolevel;

  MODEL MONTECARLO:

    %within%
    y1-y3*1;
    y1 on y1&1*0.2;
    y2 on y2&1*0.6;
    y3 on y3&1*0;
    e by y1-y3*1 (&1);
    e by y1-y3*1;
    e on e&1*0.5;
    e@1;
    %between%
    eb by y1-y3*1;
    eb@1; y1-y3*1;


  MODEL:

    %within%
    y1-y3*1;
    y1 on y1&1*0.2;
    y2 on y2&1*0.6;
    y3 on y3&1*0;
    e by y1-y3 (&1);
    e by y2-y3*1;
    e on e&1*0.5;
    e*1;
    %between%
    eb by y1@1
          y2-y3*1;
    eb*1; y1-y3*1;

  OUTPUT: TECH8;



INPUT READING TERMINATED NORMALLY




SUMMARY OF ANALYSIS

Number of groups                                                 1
Number of observations                                        6000

Number of replications
    Requested                                                  100
    Completed                                                  100
Value of seed                                                    0

Number of dependent variables                                    3
Number of independent variables                                  3
Number of continuous latent variables                            3

Observed dependent variables

  Continuous
   Y1          Y2          Y3

Observed independent variables
   Y1&1        Y2&1        Y3&1

Continuous latent variables
   E           E&1         EB

Variables with special functions

  Within variables
   Y1&1        Y2&1        Y3&1


Estimator                                                    BAYES
Specifications for Bayesian Estimation
  Point estimate                                            MEDIAN
  Number of Markov chain Monte Carlo (MCMC) chains               2
  Random seed for the first chain                                0
  Starting value information                           UNPERTURBED
  Algorithm used for Markov chain Monte Carlo           GIBBS(PX1)
  Convergence criterion                                  0.500D-01
  Maximum number of iterations                               50000
  K-th iteration used for thinning                               1


SUMMARY OF DATA FOR THE FIRST REPLICATION

     Cluster information

       Size (s)    Number of clusters of Size s

         30           200





MODEL FIT INFORMATION

Number of Free Parameters                       19

Information Criteria

    Deviance (DIC)

        Mean                             55934.384
        Std Dev                            208.144
        Number of successful computations      100

             Proportions                   Percentiles
        Expected    Observed         Expected       Observed
           0.990       1.000        55450.178      55472.024
           0.980       0.980        55506.918      55502.997
           0.950       0.920        55592.007      55529.041
           0.900       0.910        55667.626      55651.136
           0.800       0.810        55759.210      55758.845
           0.700       0.700        55825.233      55821.958
           0.500       0.500        55934.384      55931.566
           0.300       0.310        56043.535      56048.772
           0.200       0.220        56109.559      56116.268
           0.100       0.080        56201.142      56178.837
           0.050       0.040        56276.761      56205.744
           0.020       0.020        56361.850      56320.667
           0.010       0.020        56418.591      56442.233

    Estimated Number of Parameters (pD)

        Mean                              4850.302
        Std Dev                             49.545
        Number of successful computations      100

             Proportions                   Percentiles
        Expected    Observed         Expected       Observed
           0.990       0.970         4735.047       4686.649
           0.980       0.960         4748.552       4724.852
           0.950       0.950         4768.806       4766.742
           0.900       0.930         4786.806       4790.200
           0.800       0.790         4808.606       4805.547
           0.700       0.710         4824.321       4828.454
           0.500       0.500         4850.302       4849.450
           0.300       0.330         4876.284       4879.057
           0.200       0.220         4891.999       4892.918
           0.100       0.100         4913.799       4912.567
           0.050       0.020         4931.799       4919.920
           0.020       0.000         4952.052       4926.318
           0.010       0.000         4965.558       4932.933



MODEL RESULTS

                              ESTIMATES              S. E.     M. S. E.  95%  % Sig
                 Population   Average   Std. Dev.   Average             Cover Coeff
Within Level

 E        BY
  Y1                  1.000     1.0000     0.0000     0.0000     0.0000 1.000 0.000
  Y2                  1.000     1.0033     0.0232     0.0237     0.0005 0.950 1.000
  Y3                  1.000     0.9924     0.0225     0.0234     0.0006 0.940 1.000

 E          ON
  E&1                 0.500     0.4972     0.0185     0.0179     0.0003 0.930 1.000

 Y1         ON
  Y1&1                0.200     0.1970     0.0120     0.0122     0.0002 0.960 1.000

 Y2         ON
  Y2&1                0.600     0.6010     0.0085     0.0091     0.0001 0.970 1.000

 Y3         ON
  Y3&1                0.000     0.0012     0.0119     0.0128     0.0001 0.960 0.040

 Residual Variances
  Y1                  1.000     0.9953     0.0275     0.0282     0.0008 0.950 1.000
  Y2                  1.000     1.0018     0.0267     0.0287     0.0007 0.980 1.000
  Y3                  1.000     1.0060     0.0282     0.0284     0.0008 0.960 1.000
  E                   1.000     1.0114     0.0355     0.0382     0.0014 0.970 1.000

Between Level

 EB       BY
  Y1                  1.000     1.0000     0.0000     0.0000     0.0000 1.000 0.000
  Y2                  1.000     1.0547     0.2178     0.1802     0.0500 0.910 1.000
  Y3                  1.000     1.0752     0.2061     0.1976     0.0477 0.910 1.000

 Intercepts
  Y1                  0.000     0.0086     0.1145     0.1040     0.0131 0.920 0.080
  Y2                  0.000     0.0101     0.1275     0.1187     0.0162 0.900 0.100
  Y3                  0.000    -0.0119     0.1100     0.1040     0.0121 0.940 0.060

 Variances
  EB                  1.000     0.9599     0.2480     0.2394     0.0625 0.920 1.000

 Residual Variances
  Y1                  1.000     1.0467     0.1897     0.1781     0.0378 0.940 1.000
  Y2                  1.000     0.9774     0.2210     0.2128     0.0489 0.920 1.000
  Y3                  1.000     0.9820     0.2191     0.1903     0.0478 0.910 1.000


CORRELATIONS AND MEAN SQUARE ERROR OF THE TRUE FACTOR VALUES AND THE FACTOR SCORES

                        CORRELATIONS                MEAN SQUARE ERROR
                    Average    Std. Dev.           Average    Std. Dev.
  EB                  0.779       0.031              0.634       0.033
  Y1                  0.949       0.008              0.443       0.020
  Y2                  0.821       0.022              0.813       0.036
  Y3                  0.968       0.004              0.358       0.016


TECHNICAL 1 OUTPUT


     PARAMETER SPECIFICATION FOR WITHIN


           NU
              Y1            Y2            Y3            Y1&1          Y2&1
              ________      ________      ________      ________      ________
                    0             0             0             0             0


           NU
              Y3&1
              ________
                    0


           LAMBDA
              E             E&1           Y1            Y2            Y3
              ________      ________      ________      ________      ________
 Y1                 0             0             0             0             0
 Y2                 0             0             0             0             0
 Y3                 0             0             0             0             0
 Y1&1               0             0             0             0             0
 Y2&1               0             0             0             0             0
 Y3&1               0             0             0             0             0


           LAMBDA
              Y1&1          Y2&1          Y3&1
              ________      ________      ________
 Y1                 0             0             0
 Y2                 0             0             0
 Y3                 0             0             0
 Y1&1               0             0             0
 Y2&1               0             0             0
 Y3&1               0             0             0


           THETA
              Y1            Y2            Y3            Y1&1          Y2&1
              ________      ________      ________      ________      ________
 Y1                 0
 Y2                 0             0
 Y3                 0             0             0
 Y1&1               0             0             0             0
 Y2&1               0             0             0             0             0
 Y3&1               0             0             0             0             0


           THETA
              Y3&1
              ________
 Y3&1               0


           ALPHA
              E             E&1           Y1            Y2            Y3
              ________      ________      ________      ________      ________
                    0             0             0             0             0


           ALPHA
              Y1&1          Y2&1          Y3&1
              ________      ________      ________
                    0             0             0


           BETA
              E             E&1           Y1            Y2            Y3
              ________      ________      ________      ________      ________
 E                  0             1             0             0             0
 E&1                0             0             0             0             0
 Y1                 0             0             0             0             0
 Y2                 3             0             0             0             0
 Y3                 5             0             0             0             0
 Y1&1               0             0             0             0             0
 Y2&1               0             0             0             0             0
 Y3&1               0             0             0             0             0


           BETA
              Y1&1          Y2&1          Y3&1
              ________      ________      ________
 E                  0             0             0
 E&1                0             0             0
 Y1                 2             0             0
 Y2                 0             4             0
 Y3                 0             0             6
 Y1&1               0             0             0
 Y2&1               0             0             0
 Y3&1               0             0             0


           PSI
              E             E&1           Y1            Y2            Y3
              ________      ________      ________      ________      ________
 E                  7
 E&1                0             0
 Y1                 0             0             8
 Y2                 0             0             0             9
 Y3                 0             0             0             0            10
 Y1&1               0             0             0             0             0
 Y2&1               0             0             0             0             0
 Y3&1               0             0             0             0             0


           PSI
              Y1&1          Y2&1          Y3&1
              ________      ________      ________
 Y1&1               0
 Y2&1               0             0
 Y3&1               0             0             0


     PARAMETER SPECIFICATION FOR BETWEEN


           NU
              Y1            Y2            Y3
              ________      ________      ________
                    0             0             0


           LAMBDA
              EB            Y1            Y2            Y3
              ________      ________      ________      ________
 Y1                 0             0             0             0
 Y2                 0             0             0             0
 Y3                 0             0             0             0


           THETA
              Y1            Y2            Y3
              ________      ________      ________
 Y1                 0
 Y2                 0             0
 Y3                 0             0             0


           ALPHA
              EB            Y1            Y2            Y3
              ________      ________      ________      ________
                    0            11            12            13


           BETA
              EB            Y1            Y2            Y3
              ________      ________      ________      ________
 EB                 0             0             0             0
 Y1                 0             0             0             0
 Y2                14             0             0             0
 Y3                15             0             0             0


           PSI
              EB            Y1            Y2            Y3
              ________      ________      ________      ________
 EB                16
 Y1                 0            17
 Y2                 0             0            18
 Y3                 0             0             0            19


     STARTING VALUES FOR WITHIN


           NU
              Y1            Y2            Y3            Y1&1          Y2&1
              ________      ________      ________      ________      ________
                0.000         0.000         0.000         0.000         0.000


           NU
              Y3&1
              ________
                0.000


           LAMBDA
              E             E&1           Y1            Y2            Y3
              ________      ________      ________      ________      ________
 Y1             0.000         0.000         1.000         0.000         0.000
 Y2             0.000         0.000         0.000         1.000         0.000
 Y3             0.000         0.000         0.000         0.000         1.000
 Y1&1           0.000         0.000         0.000         0.000         0.000
 Y2&1           0.000         0.000         0.000         0.000         0.000
 Y3&1           0.000         0.000         0.000         0.000         0.000


           LAMBDA
              Y1&1          Y2&1          Y3&1
              ________      ________      ________
 Y1             0.000         0.000         0.000
 Y2             0.000         0.000         0.000
 Y3             0.000         0.000         0.000
 Y1&1           1.000         0.000         0.000
 Y2&1           0.000         1.000         0.000
 Y3&1           0.000         0.000         1.000


           THETA
              Y1            Y2            Y3            Y1&1          Y2&1
              ________      ________      ________      ________      ________
 Y1             0.000
 Y2             0.000         0.000
 Y3             0.000         0.000         0.000
 Y1&1           0.000         0.000         0.000         0.000
 Y2&1           0.000         0.000         0.000         0.000         0.000
 Y3&1           0.000         0.000         0.000         0.000         0.000


           THETA
              Y3&1
              ________
 Y3&1           0.000


           ALPHA
              E             E&1           Y1            Y2            Y3
              ________      ________      ________      ________      ________
                0.000         0.000         0.000         0.000         0.000


           ALPHA
              Y1&1          Y2&1          Y3&1
              ________      ________      ________
                0.000         0.000         0.000


           BETA
              E             E&1           Y1            Y2            Y3
              ________      ________      ________      ________      ________
 E              0.000         0.500         0.000         0.000         0.000
 E&1            0.000         0.000         0.000         0.000         0.000
 Y1             1.000         0.000         0.000         0.000         0.000
 Y2             1.000         0.000         0.000         0.000         0.000
 Y3             1.000         0.000         0.000         0.000         0.000
 Y1&1           0.000         0.000         0.000         0.000         0.000
 Y2&1           0.000         0.000         0.000         0.000         0.000
 Y3&1           0.000         0.000         0.000         0.000         0.000


           BETA
              Y1&1          Y2&1          Y3&1
              ________      ________      ________
 E              0.000         0.000         0.000
 E&1            0.000         0.000         0.000
 Y1             0.200         0.000         0.000
 Y2             0.000         0.600         0.000
 Y3             0.000         0.000         0.000
 Y1&1           0.000         0.000         0.000
 Y2&1           0.000         0.000         0.000
 Y3&1           0.000         0.000         0.000


           PSI
              E             E&1           Y1            Y2            Y3
              ________      ________      ________      ________      ________
 E              1.000
 E&1            0.000         1.000
 Y1             0.000         0.000         1.000
 Y2             0.000         0.000         0.000         1.000
 Y3             0.000         0.000         0.000         0.000         1.000
 Y1&1           0.000         0.000         0.000         0.000         0.000
 Y2&1           0.000         0.000         0.000         0.000         0.000
 Y3&1           0.000         0.000         0.000         0.000         0.000


           PSI
              Y1&1          Y2&1          Y3&1
              ________      ________      ________
 Y1&1           0.500
 Y2&1           0.000         0.500
 Y3&1           0.000         0.000         0.500


     STARTING VALUES FOR BETWEEN


           NU
              Y1            Y2            Y3
              ________      ________      ________
                0.000         0.000         0.000


           LAMBDA
              EB            Y1            Y2            Y3
              ________      ________      ________      ________
 Y1             0.000         1.000         0.000         0.000
 Y2             0.000         0.000         1.000         0.000
 Y3             0.000         0.000         0.000         1.000


           THETA
              Y1            Y2            Y3
              ________      ________      ________
 Y1             0.000
 Y2             0.000         0.000
 Y3             0.000         0.000         0.000


           ALPHA
              EB            Y1            Y2            Y3
              ________      ________      ________      ________
                0.000         0.000         0.000         0.000


           BETA
              EB            Y1            Y2            Y3
              ________      ________      ________      ________
 EB             0.000         0.000         0.000         0.000
 Y1             1.000         0.000         0.000         0.000
 Y2             1.000         0.000         0.000         0.000
 Y3             1.000         0.000         0.000         0.000


           PSI
              EB            Y1            Y2            Y3
              ________      ________      ________      ________
 EB             1.000
 Y1             0.000         1.000
 Y2             0.000         0.000         1.000
 Y3             0.000         0.000         0.000         1.000


     POPULATION VALUES FOR WITHIN


           NU
              Y1            Y2            Y3            Y1&1          Y2&1
              ________      ________      ________      ________      ________
                0.000         0.000         0.000         0.000         0.000


           NU
              Y3&1
              ________
                0.000


           LAMBDA
              E             E&1           Y1            Y2            Y3
              ________      ________      ________      ________      ________
 Y1             0.000         0.000         1.000         0.000         0.000
 Y2             0.000         0.000         0.000         1.000         0.000
 Y3             0.000         0.000         0.000         0.000         1.000
 Y1&1           0.000         0.000         0.000         0.000         0.000
 Y2&1           0.000         0.000         0.000         0.000         0.000
 Y3&1           0.000         0.000         0.000         0.000         0.000


           LAMBDA
              Y1&1          Y2&1          Y3&1
              ________      ________      ________
 Y1             0.000         0.000         0.000
 Y2             0.000         0.000         0.000
 Y3             0.000         0.000         0.000
 Y1&1           1.000         0.000         0.000
 Y2&1           0.000         1.000         0.000
 Y3&1           0.000         0.000         1.000


           THETA
              Y1            Y2            Y3            Y1&1          Y2&1
              ________      ________      ________      ________      ________
 Y1             0.000
 Y2             0.000         0.000
 Y3             0.000         0.000         0.000
 Y1&1           0.000         0.000         0.000         0.000
 Y2&1           0.000         0.000         0.000         0.000         0.000
 Y3&1           0.000         0.000         0.000         0.000         0.000


           THETA
              Y3&1
              ________
 Y3&1           0.000


           ALPHA
              E             E&1           Y1            Y2            Y3
              ________      ________      ________      ________      ________
                0.000         0.000         0.000         0.000         0.000


           ALPHA
              Y1&1          Y2&1          Y3&1
              ________      ________      ________
                0.000         0.000         0.000


           BETA
              E             E&1           Y1            Y2            Y3
              ________      ________      ________      ________      ________
 E              0.000         0.500         0.000         0.000         0.000
 E&1            0.000         0.000         0.000         0.000         0.000
 Y1             1.000         0.000         0.000         0.000         0.000
 Y2             1.000         0.000         0.000         0.000         0.000
 Y3             1.000         0.000         0.000         0.000         0.000
 Y1&1           0.000         0.000         0.000         0.000         0.000
 Y2&1           0.000         0.000         0.000         0.000         0.000
 Y3&1           0.000         0.000         0.000         0.000         0.000


           BETA
              Y1&1          Y2&1          Y3&1
              ________      ________      ________
 E              0.000         0.000         0.000
 E&1            0.000         0.000         0.000
 Y1             0.200         0.000         0.000
 Y2             0.000         0.600         0.000
 Y3             0.000         0.000         0.000
 Y1&1           0.000         0.000         0.000
 Y2&1           0.000         0.000         0.000
 Y3&1           0.000         0.000         0.000


           PSI
              E             E&1           Y1            Y2            Y3
              ________      ________      ________      ________      ________
 E              1.000
 E&1            0.000         1.000
 Y1             0.000         0.000         1.000
 Y2             0.000         0.000         0.000         1.000
 Y3             0.000         0.000         0.000         0.000         1.000
 Y1&1           0.000         0.000         0.000         0.000         0.000
 Y2&1           0.000         0.000         0.000         0.000         0.000
 Y3&1           0.000         0.000         0.000         0.000         0.000


           PSI
              Y1&1          Y2&1          Y3&1
              ________      ________      ________
 Y1&1           1.000
 Y2&1           0.000         1.000
 Y3&1           0.000         0.000         1.000


     POPULATION VALUES FOR BETWEEN


           NU
              Y1            Y2            Y3
              ________      ________      ________
                0.000         0.000         0.000


           LAMBDA
              EB            Y1            Y2            Y3
              ________      ________      ________      ________
 Y1             0.000         1.000         0.000         0.000
 Y2             0.000         0.000         1.000         0.000
 Y3             0.000         0.000         0.000         1.000


           THETA
              Y1            Y2            Y3
              ________      ________      ________
 Y1             0.000
 Y2             0.000         0.000
 Y3             0.000         0.000         0.000


           ALPHA
              EB            Y1            Y2            Y3
              ________      ________      ________      ________
                0.000         0.000         0.000         0.000


           BETA
              EB            Y1            Y2            Y3
              ________      ________      ________      ________
 EB             0.000         0.000         0.000         0.000
 Y1             1.000         0.000         0.000         0.000
 Y2             1.000         0.000         0.000         0.000
 Y3             1.000         0.000         0.000         0.000


           PSI
              EB            Y1            Y2            Y3
              ________      ________      ________      ________
 EB             1.000
 Y1             0.000         1.000
 Y2             0.000         0.000         1.000
 Y3             0.000         0.000         0.000         1.000



     PRIORS FOR ALL PARAMETERS            PRIOR MEAN      PRIOR VARIANCE     PRIOR STD. DEV.

     Parameter 1~N(0.000,infinity)           0.0000            infinity            infinity
     Parameter 2~N(0.000,infinity)           0.0000            infinity            infinity
     Parameter 3~N(0.000,infinity)           0.0000            infinity            infinity
     Parameter 4~N(0.000,infinity)           0.0000            infinity            infinity
     Parameter 5~N(0.000,infinity)           0.0000            infinity            infinity
     Parameter 6~N(0.000,infinity)           0.0000            infinity            infinity
     Parameter 7~IG(-1.000,0.000)          infinity            infinity            infinity
     Parameter 8~IG(-1.000,0.000)          infinity            infinity            infinity
     Parameter 9~IG(-1.000,0.000)          infinity            infinity            infinity
     Parameter 10~IG(-1.000,0.000)         infinity            infinity            infinity
     Parameter 11~N(0.000,infinity)          0.0000            infinity            infinity
     Parameter 12~N(0.000,infinity)          0.0000            infinity            infinity
     Parameter 13~N(0.000,infinity)          0.0000            infinity            infinity
     Parameter 14~N(0.000,infinity)          0.0000            infinity            infinity
     Parameter 15~N(0.000,infinity)          0.0000            infinity            infinity
     Parameter 16~IG(-1.000,0.000)         infinity            infinity            infinity
     Parameter 17~IG(-1.000,0.000)         infinity            infinity            infinity
     Parameter 18~IG(-1.000,0.000)         infinity            infinity            infinity
     Parameter 19~IG(-1.000,0.000)         infinity            infinity            infinity


TECHNICAL 8 OUTPUT


   TECHNICAL 8 OUTPUT FOR BAYES ESTIMATION

     CHAIN    BSEED
     1        0
     2        285380

     REPLICATION 1:


                     POTENTIAL       PARAMETER WITH
     ITERATION    SCALE REDUCTION      HIGHEST PSR
     100              1.538               14
     200              1.927               15
     300              1.540               14
     400              1.676               15
     500              1.590               15
     600              1.748               15
     700              1.413               15
     800              1.201               15
     900              1.183               15
     1000             1.139               15
     1100             1.063               14

     REPLICATION 2:


                     POTENTIAL       PARAMETER WITH
     ITERATION    SCALE REDUCTION      HIGHEST PSR
     100              2.247               15
     200              1.193               11
     300              1.355               15
     400              1.237               15
     500              1.132               15
     600              1.101               1
     700              1.146               1
     800              1.103               1
     900              1.069               1

     REPLICATION 3:


                     POTENTIAL       PARAMETER WITH
     ITERATION    SCALE REDUCTION      HIGHEST PSR
     100              1.515               14
     200              1.469               15
     300              1.167               7
     400              1.074               18

     REPLICATION 4:


                     POTENTIAL       PARAMETER WITH
     ITERATION    SCALE REDUCTION      HIGHEST PSR
     100              1.626               12
     200              1.204               14
     300              1.086               6
     400              1.019               14

     REPLICATION 5:


                     POTENTIAL       PARAMETER WITH
     ITERATION    SCALE REDUCTION      HIGHEST PSR
     100              1.418               5
     200              1.100               1
     300              1.053               1

     REPLICATION 6:


                     POTENTIAL       PARAMETER WITH
     ITERATION    SCALE REDUCTION      HIGHEST PSR
     100              1.117               14
     200              1.258               7
     300              1.399               14
     400              1.480               14
     500              1.185               18
     600              1.148               14
     700              1.088               18
     800              1.034               5

     REPLICATION 7:


                     POTENTIAL       PARAMETER WITH
     ITERATION    SCALE REDUCTION      HIGHEST PSR
     100              1.602               14
     200              1.603               15
     300              1.198               16
     400              1.160               18
     500              1.124               18
     600              1.109               16
     700              1.107               16
     800              1.054               16

     REPLICATION 8:


                     POTENTIAL       PARAMETER WITH
     ITERATION    SCALE REDUCTION      HIGHEST PSR
     100              1.749               15
     200              1.405               19
     300              1.113               10
     400              1.129               18
     500              1.107               15
     600              1.216               15
     700              1.148               15
     800              1.158               15
     900              1.057               16

     REPLICATION 9:


                     POTENTIAL       PARAMETER WITH
     ITERATION    SCALE REDUCTION      HIGHEST PSR
     100              1.381               12
     200              1.428               16
     300              1.143               14
     400              1.078               8

     REPLICATION 10:


                     POTENTIAL       PARAMETER WITH
     ITERATION    SCALE REDUCTION      HIGHEST PSR
     100              1.361               9
     200              1.044               10

     REPLICATION 11:


                     POTENTIAL       PARAMETER WITH
     ITERATION    SCALE REDUCTION      HIGHEST PSR
     100              1.865               5
     200              1.277               15
     300              1.086               1
     400              1.068               1

     REPLICATION 12:


                     POTENTIAL       PARAMETER WITH
     ITERATION    SCALE REDUCTION      HIGHEST PSR
     100              2.146               15
     200              1.098               19
     300              1.264               12
     400              1.166               15
     500              1.224               16
     600              1.091               16
     700              1.069               15

     REPLICATION 13:


                     POTENTIAL       PARAMETER WITH
     ITERATION    SCALE REDUCTION      HIGHEST PSR
     100              2.242               15
     200              1.196               1
     300              1.198               14
     400              1.036               3

     REPLICATION 14:


                     POTENTIAL       PARAMETER WITH
     ITERATION    SCALE REDUCTION      HIGHEST PSR
     100              2.211               14
     200              1.601               5
     300              1.328               5
     400              1.062               8

     REPLICATION 15:


                     POTENTIAL       PARAMETER WITH
     ITERATION    SCALE REDUCTION      HIGHEST PSR
     100              1.584               14
     200              1.421               18
     300              1.118               16
     400              1.135               16
     500              1.109               15
     600              1.082               7

     REPLICATION 16:


                     POTENTIAL       PARAMETER WITH
     ITERATION    SCALE REDUCTION      HIGHEST PSR
     100              1.278               12
     200              1.226               15
     300              1.078               15

     REPLICATION 17:


                     POTENTIAL       PARAMETER WITH
     ITERATION    SCALE REDUCTION      HIGHEST PSR
     100              2.323               15
     200              1.823               14
     300              1.095               2
     400              1.433               16
     500              1.178               16
     600              1.031               15

     REPLICATION 18:


                     POTENTIAL       PARAMETER WITH
     ITERATION    SCALE REDUCTION      HIGHEST PSR
     100              1.753               15
     200              1.119               19
     300              1.312               15
     400              1.139               19
     500              1.026               19

     REPLICATION 19:


                     POTENTIAL       PARAMETER WITH
     ITERATION    SCALE REDUCTION      HIGHEST PSR
     100              1.393               12
     200              1.223               15
     300              1.300               16
     400              1.095               19
     500              1.048               14

     REPLICATION 20:


                     POTENTIAL       PARAMETER WITH
     ITERATION    SCALE REDUCTION      HIGHEST PSR
     100              1.847               19
     200              1.505               19
     300              1.688               15
     400              1.039               3

     REPLICATION 21:


                     POTENTIAL       PARAMETER WITH
     ITERATION    SCALE REDUCTION      HIGHEST PSR
     100              1.410               19
     200              1.122               8
     300              1.157               15
     400              1.070               16

     REPLICATION 22:


                     POTENTIAL       PARAMETER WITH
     ITERATION    SCALE REDUCTION      HIGHEST PSR
     100              1.607               18
     200              1.323               15
     300              1.286               16
     400              1.211               15
     500              1.292               19
     600              1.146               19
     700              1.137               18
     800              1.072               18

     REPLICATION 23:


                     POTENTIAL       PARAMETER WITH
     ITERATION    SCALE REDUCTION      HIGHEST PSR
     100              1.240               5
     200              1.140               12
     300              1.127               14
     400              1.091               10
     500              1.079               3

     REPLICATION 24:


                     POTENTIAL       PARAMETER WITH
     ITERATION    SCALE REDUCTION      HIGHEST PSR
     100              1.347               15
     200              1.173               2
     300              1.174               1
     400              1.270               12
     500              1.247               12
     600              1.348               15
     700              1.444               15
     800              1.267               15
     900              1.075               16

     REPLICATION 25:


                     POTENTIAL       PARAMETER WITH
     ITERATION    SCALE REDUCTION      HIGHEST PSR
     100              1.365               4
     200              1.226               7
     300              1.061               3

     REPLICATION 26:


                     POTENTIAL       PARAMETER WITH
     ITERATION    SCALE REDUCTION      HIGHEST PSR
     100              2.267               12
     200              2.156               18
     300              1.376               18
     400              1.475               14
     500              1.404               16
     600              1.459               16
     700              1.509               16
     800              1.285               16
     900              1.217               14
     1000             1.256               14
     1100             1.393               14
     1200             1.570               14
     1300             1.554               14
     1400             1.252               14
     1500             1.151               14
     1600             1.097               14
     1700             1.065               18

     REPLICATION 27:


                     POTENTIAL       PARAMETER WITH
     ITERATION    SCALE REDUCTION      HIGHEST PSR
     100              1.271               3
     200              1.617               15
     300              1.267               18
     400              1.057               18

     REPLICATION 28:


                     POTENTIAL       PARAMETER WITH
     ITERATION    SCALE REDUCTION      HIGHEST PSR
     100              1.243               5
     200              1.278               16
     300              1.380               14
     400              1.262               12
     500              1.042               3

     REPLICATION 29:


                     POTENTIAL       PARAMETER WITH
     ITERATION    SCALE REDUCTION      HIGHEST PSR
     100              1.530               18
     200              1.155               14
     300              1.194               15
     400              1.131               14
     500              1.120               12
     600              1.227               16
     700              1.098               5
     800              1.050               5

     REPLICATION 30:


                     POTENTIAL       PARAMETER WITH
     ITERATION    SCALE REDUCTION      HIGHEST PSR
     100              1.215               1
     200              1.160               16
     300              1.099               15
     400              1.126               2
     500              1.086               2
     600              1.105               16
     700              1.044               3

     REPLICATION 31:


                     POTENTIAL       PARAMETER WITH
     ITERATION    SCALE REDUCTION      HIGHEST PSR
     100              1.501               7
     200              1.118               18
     300              1.231               16
     400              1.249               14
     500              1.126               15
     600              1.095               15
     700              1.040               19

     REPLICATION 32:


                     POTENTIAL       PARAMETER WITH
     ITERATION    SCALE REDUCTION      HIGHEST PSR
     100              2.115               15
     200              1.263               19
     300              1.158               12
     400              1.094               12
     500              1.283               15
     600              1.874               15
     700              2.280               15
     800              1.702               15
     900              1.504               16
     1000             1.118               15
     1100             1.017               14

     REPLICATION 33:


                     POTENTIAL       PARAMETER WITH
     ITERATION    SCALE REDUCTION      HIGHEST PSR
     100              1.442               16
     200              1.151               12
     300              1.151               3
     400              1.229               14
     500              1.082               2

     REPLICATION 34:


                     POTENTIAL       PARAMETER WITH
     ITERATION    SCALE REDUCTION      HIGHEST PSR
     100              1.528               3
     200              1.450               15
     300              1.144               14
     400              1.178               3
     500              1.187               12
     600              1.166               12
     700              1.095               12
     800              1.098               12
     900              1.046               3

     REPLICATION 35:


                     POTENTIAL       PARAMETER WITH
     ITERATION    SCALE REDUCTION      HIGHEST PSR
     100              2.270               15
     200              1.208               3
     300              1.063               9

     REPLICATION 36:


                     POTENTIAL       PARAMETER WITH
     ITERATION    SCALE REDUCTION      HIGHEST PSR
     100              1.257               15
     200              1.438               14
     300              1.139               15
     400              1.078               12

     REPLICATION 37:


                     POTENTIAL       PARAMETER WITH
     ITERATION    SCALE REDUCTION      HIGHEST PSR
     100              1.215               16
     200              1.589               5
     300              1.035               19

     REPLICATION 38:


                     POTENTIAL       PARAMETER WITH
     ITERATION    SCALE REDUCTION      HIGHEST PSR
     100              1.150               16
     200              1.338               16
     300              1.232               16
     400              1.359               19
     500              1.426               19
     600              1.213               15
     700              1.111               7
     800              1.089               5
     900              1.058               15

     REPLICATION 39:


                     POTENTIAL       PARAMETER WITH
     ITERATION    SCALE REDUCTION      HIGHEST PSR
     100              1.696               14
     200              1.124               1
     300              1.181               16
     400              1.758               15
     500              1.920               15
     600              1.359               15
     700              1.261               15
     800              1.055               15

     REPLICATION 40:


                     POTENTIAL       PARAMETER WITH
     ITERATION    SCALE REDUCTION      HIGHEST PSR
     100              1.437               7
     200              1.563               15
     300              2.082               15
     400              1.245               15
     500              1.126               14
     600              1.064               1

     REPLICATION 41:


                     POTENTIAL       PARAMETER WITH
     ITERATION    SCALE REDUCTION      HIGHEST PSR
     100              1.198               8
     200              1.259               10
     300              1.080               18

     REPLICATION 42:


                     POTENTIAL       PARAMETER WITH
     ITERATION    SCALE REDUCTION      HIGHEST PSR
     100              1.318               13
     200              1.259               12
     300              1.287               12
     400              1.167               12
     500              1.101               3
     600              1.137               15
     700              1.303               15
     800              1.269               15
     900              1.159               16
     1000             1.095               16
     1100             1.037               16

     REPLICATION 43:


                     POTENTIAL       PARAMETER WITH
     ITERATION    SCALE REDUCTION      HIGHEST PSR
     100              1.529               19
     200              1.103               19
     300              1.238               15
     400              1.060               7

     REPLICATION 44:


                     POTENTIAL       PARAMETER WITH
     ITERATION    SCALE REDUCTION      HIGHEST PSR
     100              1.396               3
     200              1.397               12
     300              1.073               12

     REPLICATION 45:


                     POTENTIAL       PARAMETER WITH
     ITERATION    SCALE REDUCTION      HIGHEST PSR
     100              1.886               17
     200              1.236               18
     300              1.323               17
     400              1.191               17
     500              1.085               9
     600              1.071               1

     REPLICATION 46:


                     POTENTIAL       PARAMETER WITH
     ITERATION    SCALE REDUCTION      HIGHEST PSR
     100              1.640               14
     200              1.159               3
     300              1.107               18
     400              1.015               3

     REPLICATION 47:


                     POTENTIAL       PARAMETER WITH
     ITERATION    SCALE REDUCTION      HIGHEST PSR
     100              1.525               14
     200              1.339               15
     300              1.254               15
     400              1.107               7
     500              1.121               15
     600              1.058               15

     REPLICATION 48:


                     POTENTIAL       PARAMETER WITH
     ITERATION    SCALE REDUCTION      HIGHEST PSR
     100              1.520               15
     200              1.196               16
     300              1.073               18

     REPLICATION 49:


                     POTENTIAL       PARAMETER WITH
     ITERATION    SCALE REDUCTION      HIGHEST PSR
     100              1.536               1
     200              1.228               15
     300              1.969               15
     400              1.278               16
     500              1.126               18
     600              1.260               15
     700              1.171               15
     800              1.172               15
     900              1.181               7
     1000             1.222               7
     1100             1.121               7
     1200             1.080               7

     REPLICATION 50:


                     POTENTIAL       PARAMETER WITH
     ITERATION    SCALE REDUCTION      HIGHEST PSR
     100              2.580               14
     200              1.290               3
     300              1.141               3
     400              1.107               18
     500              1.127               3
     600              1.225               3
     700              1.145               3
     800              1.097               2
     900              1.029               2

     REPLICATION 51:


                     POTENTIAL       PARAMETER WITH
     ITERATION    SCALE REDUCTION      HIGHEST PSR
     100              1.691               12
     200              1.169               18
     300              1.124               7
     400              1.144               7
     500              1.062               18

     REPLICATION 52:


                     POTENTIAL       PARAMETER WITH
     ITERATION    SCALE REDUCTION      HIGHEST PSR
     100              2.990               14
     200              1.534               14
     300              1.622               16
     400              1.121               16
     500              1.358               18
     600              1.088               18
     700              1.020               19

     REPLICATION 53:


                     POTENTIAL       PARAMETER WITH
     ITERATION    SCALE REDUCTION      HIGHEST PSR
     100              2.227               17
     200              2.421               16
     300              1.238               17
     400              1.045               14

     REPLICATION 54:


                     POTENTIAL       PARAMETER WITH
     ITERATION    SCALE REDUCTION      HIGHEST PSR
     100              1.858               16
     200              1.279               14
     300              1.087               12
     400              1.224               12
     500              1.101               12
     600              1.030               14

     REPLICATION 55:


                     POTENTIAL       PARAMETER WITH
     ITERATION    SCALE REDUCTION      HIGHEST PSR
     100              1.611               19
     200              1.126               8
     300              1.145               2
     400              1.116               5
     500              1.081               3

     REPLICATION 56:


                     POTENTIAL       PARAMETER WITH
     ITERATION    SCALE REDUCTION      HIGHEST PSR
     100              1.856               16
     200              1.170               14
     300              1.086               16
     400              1.098               18
     500              1.186               3
     600              1.105               3
     700              1.066               2

     REPLICATION 57:


                     POTENTIAL       PARAMETER WITH
     ITERATION    SCALE REDUCTION      HIGHEST PSR
     100              1.248               14
     200              1.614               17
     300              1.451               17
     400              1.093               14
     500              1.128               18
     600              1.144               18
     700              1.134               18
     800              1.136               18
     900              1.082               18

     REPLICATION 58:


                     POTENTIAL       PARAMETER WITH
     ITERATION    SCALE REDUCTION      HIGHEST PSR
     100              1.061               12
     200              1.476               18
     300              1.097               10
     400              1.186               14
     500              1.171               14
     600              1.099               14
     700              1.027               1

     REPLICATION 59:


                     POTENTIAL       PARAMETER WITH
     ITERATION    SCALE REDUCTION      HIGHEST PSR
     100              1.633               5
     200              1.297               7
     300              1.063               12

     REPLICATION 60:


                     POTENTIAL       PARAMETER WITH
     ITERATION    SCALE REDUCTION      HIGHEST PSR
     100              1.321               18
     200              1.485               15
     300              1.565               16
     400              1.198               18
     500              1.218               18
     600              1.183               1
     700              1.300               14
     800              1.191               14
     900              1.053               12

     REPLICATION 61:


                     POTENTIAL       PARAMETER WITH
     ITERATION    SCALE REDUCTION      HIGHEST PSR
     100              1.434               18
     200              1.552               14
     300              2.042               16
     400              1.563               16
     500              1.210               15
     600              1.141               14
     700              1.082               7

     REPLICATION 62:


                     POTENTIAL       PARAMETER WITH
     ITERATION    SCALE REDUCTION      HIGHEST PSR
     100              1.706               15
     200              1.335               14
     300              1.088               14
     400              1.115               3
     500              1.071               1

     REPLICATION 63:


                     POTENTIAL       PARAMETER WITH
     ITERATION    SCALE REDUCTION      HIGHEST PSR
     100              1.415               18
     200              1.904               16
     300              1.183               12
     400              1.230               12
     500              1.256               16
     600              1.062               16

     REPLICATION 64:


                     POTENTIAL       PARAMETER WITH
     ITERATION    SCALE REDUCTION      HIGHEST PSR
     100              1.652               16
     200              1.436               3
     300              1.214               7
     400              1.079               5

     REPLICATION 65:


                     POTENTIAL       PARAMETER WITH
     ITERATION    SCALE REDUCTION      HIGHEST PSR
     100              1.848               14
     200              1.210               14
     300              1.127               4
     400              1.155               5
     500              1.087               15
     600              1.061               4

     REPLICATION 66:


                     POTENTIAL       PARAMETER WITH
     ITERATION    SCALE REDUCTION      HIGHEST PSR
     100              3.000               18
     200              2.671               14
     300              1.077               14

     REPLICATION 67:


                     POTENTIAL       PARAMETER WITH
     ITERATION    SCALE REDUCTION      HIGHEST PSR
     100              2.885               15
     200              4.282               15
     300              1.564               16
     400              1.481               14
     500              1.250               18
     600              1.164               18
     700              1.121               18
     800              1.079               15

     REPLICATION 68:


                     POTENTIAL       PARAMETER WITH
     ITERATION    SCALE REDUCTION      HIGHEST PSR
     100              1.124               12
     200              1.240               7
     300              1.117               7
     400              1.039               7

     REPLICATION 69:


                     POTENTIAL       PARAMETER WITH
     ITERATION    SCALE REDUCTION      HIGHEST PSR
     100              1.763               16
     200              1.254               16
     300              1.138               13
     400              1.059               13

     REPLICATION 70:


                     POTENTIAL       PARAMETER WITH
     ITERATION    SCALE REDUCTION      HIGHEST PSR
     100              1.519               18
     200              1.325               16
     300              1.132               14
     400              1.180               16
     500              1.400               16
     600              1.400               16
     700              1.368               16
     800              1.325               16
     900              1.285               16
     1000             1.059               7

     REPLICATION 71:


                     POTENTIAL       PARAMETER WITH
     ITERATION    SCALE REDUCTION      HIGHEST PSR
     100              1.274               5
     200              1.120               3
     300              1.100               18
     400              1.244               16
     500              1.147               18
     600              1.074               18

     REPLICATION 72:


                     POTENTIAL       PARAMETER WITH
     ITERATION    SCALE REDUCTION      HIGHEST PSR
     100              1.220               2
     200              1.111               12
     300              1.119               5
     400              1.143               14
     500              1.112               18
     600              1.073               7

     REPLICATION 73:


                     POTENTIAL       PARAMETER WITH
     ITERATION    SCALE REDUCTION      HIGHEST PSR
     100              2.101               16
     200              1.378               15
     300              1.319               16
     400              1.491               14
     500              1.168               14
     600              1.091               14
     700              1.018               18

     REPLICATION 74:


                     POTENTIAL       PARAMETER WITH
     ITERATION    SCALE REDUCTION      HIGHEST PSR
     100              1.392               1
     200              1.141               5
     300              1.062               4

     REPLICATION 75:


                     POTENTIAL       PARAMETER WITH
     ITERATION    SCALE REDUCTION      HIGHEST PSR
     100              1.841               3
     200              1.644               16
     300              1.215               8
     400              1.096               14
     500              1.174               18
     600              1.110               18
     700              1.082               14

     REPLICATION 76:


                     POTENTIAL       PARAMETER WITH
     ITERATION    SCALE REDUCTION      HIGHEST PSR
     100              2.033               19
     200              1.688               19
     300              1.524               19
     400              1.330               19
     500              1.292               19
     600              1.065               5

     REPLICATION 77:


                     POTENTIAL       PARAMETER WITH
     ITERATION    SCALE REDUCTION      HIGHEST PSR
     100              1.461               14
     200              1.222               16
     300              1.385               15
     400              1.066               18

     REPLICATION 78:


                     POTENTIAL       PARAMETER WITH
     ITERATION    SCALE REDUCTION      HIGHEST PSR
     100              1.305               1
     200              1.238               7
     300              1.244               18
     400              1.337               16
     500              1.344               16
     600              1.236               16
     700              1.112               16
     800              1.060               1

     REPLICATION 79:


                     POTENTIAL       PARAMETER WITH
     ITERATION    SCALE REDUCTION      HIGHEST PSR
     100              1.834               7
     200              1.506               16
     300              1.233               15
     400              1.188               15
     500              1.054               18

     REPLICATION 80:


                     POTENTIAL       PARAMETER WITH
     ITERATION    SCALE REDUCTION      HIGHEST PSR
     100              1.912               14
     200              1.773               15
     300              1.351               18
     400              1.231               3
     500              1.080               19

     REPLICATION 81:


                     POTENTIAL       PARAMETER WITH
     ITERATION    SCALE REDUCTION      HIGHEST PSR
     100              2.760               14
     200              1.215               16
     300              1.277               18
     400              1.347               18
     500              1.063               12

     REPLICATION 82:


                     POTENTIAL       PARAMETER WITH
     ITERATION    SCALE REDUCTION      HIGHEST PSR
     100              1.765               14
     200              1.122               16
     300              1.124               14
     400              1.358               14
     500              1.045               9

     REPLICATION 83:


                     POTENTIAL       PARAMETER WITH
     ITERATION    SCALE REDUCTION      HIGHEST PSR
     100              2.501               15
     200              1.605               16
     300              1.135               3
     400              1.080               12

     REPLICATION 84:


                     POTENTIAL       PARAMETER WITH
     ITERATION    SCALE REDUCTION      HIGHEST PSR
     100              2.057               16
     200              1.469               16
     300              1.071               1

     REPLICATION 85:


                     POTENTIAL       PARAMETER WITH
     ITERATION    SCALE REDUCTION      HIGHEST PSR
     100              1.527               18
     200              1.190               17
     300              1.213               5
     400              1.076               5

     REPLICATION 86:


                     POTENTIAL       PARAMETER WITH
     ITERATION    SCALE REDUCTION      HIGHEST PSR
     100              1.563               16
     200              1.184               14
     300              1.070               9

     REPLICATION 87:


                     POTENTIAL       PARAMETER WITH
     ITERATION    SCALE REDUCTION      HIGHEST PSR
     100              1.426               15
     200              1.474               15
     300              2.136               14
     400              1.724               16
     500              1.500               16
     600              1.152               15
     700              1.040               7

     REPLICATION 88:


                     POTENTIAL       PARAMETER WITH
     ITERATION    SCALE REDUCTION      HIGHEST PSR
     100              2.079               19
     200              1.486               15
     300              1.058               14

     REPLICATION 89:


                     POTENTIAL       PARAMETER WITH
     ITERATION    SCALE REDUCTION      HIGHEST PSR
     100              1.728               1
     200              1.145               12
     300              1.152               14
     400              1.157               14
     500              1.130               14
     600              1.169               16
     700              1.077               17

     REPLICATION 90:


                     POTENTIAL       PARAMETER WITH
     ITERATION    SCALE REDUCTION      HIGHEST PSR
     100              1.523               3
     200              1.297               2
     300              1.109               12
     400              1.110               19
     500              1.114               16
     600              1.133               16
     700              1.118               15
     800              1.068               15

     REPLICATION 91:


                     POTENTIAL       PARAMETER WITH
     ITERATION    SCALE REDUCTION      HIGHEST PSR
     100              2.552               18
     200              1.404               18
     300              1.489               1
     400              1.160               1
     500              1.059               14

     REPLICATION 92:


                     POTENTIAL       PARAMETER WITH
     ITERATION    SCALE REDUCTION      HIGHEST PSR
     100              1.306               16
     200              1.695               3
     300              1.073               12

     REPLICATION 93:


                     POTENTIAL       PARAMETER WITH
     ITERATION    SCALE REDUCTION      HIGHEST PSR
     100              2.857               16
     200              1.256               12
     300              1.271               19
     400              1.087               16
     500              1.596               16
     600              1.204               15
     700              1.146               15
     800              1.249               15
     900              1.439               15
     1000             1.510               15
     1100             1.589               15
     1200             1.312               15
     1300             1.203               15
     1400             1.165               15
     1500             1.106               15
     1600             1.066               18

     REPLICATION 94:


                     POTENTIAL       PARAMETER WITH
     ITERATION    SCALE REDUCTION      HIGHEST PSR
     100              1.404               14
     200              1.081               6

     REPLICATION 95:


                     POTENTIAL       PARAMETER WITH
     ITERATION    SCALE REDUCTION      HIGHEST PSR
     100              1.565               5
     200              1.254               16
     300              1.268               12
     400              1.209               16
     500              1.092               5
     600              1.012               16

     REPLICATION 96:


                     POTENTIAL       PARAMETER WITH
     ITERATION    SCALE REDUCTION      HIGHEST PSR
     100              1.297               14
     200              1.289               19
     300              1.057               3

     REPLICATION 97:


                     POTENTIAL       PARAMETER WITH
     ITERATION    SCALE REDUCTION      HIGHEST PSR
     100              1.689               15
     200              1.258               3
     300              1.061               18

     REPLICATION 98:


                     POTENTIAL       PARAMETER WITH
     ITERATION    SCALE REDUCTION      HIGHEST PSR
     100              1.422               3
     200              1.246               17
     300              1.140               15
     400              1.130               18
     500              1.179               1
     600              1.140               12
     700              1.089               12
     800              1.080               14

     REPLICATION 99:


                     POTENTIAL       PARAMETER WITH
     ITERATION    SCALE REDUCTION      HIGHEST PSR
     100              1.564               14
     200              1.145               12
     300              1.306               3
     400              1.115               12
     500              1.073               1

     REPLICATION 100:


                     POTENTIAL       PARAMETER WITH
     ITERATION    SCALE REDUCTION      HIGHEST PSR
     100              1.571               7
     200              1.145               18
     300              1.054               14


SAVEDATA INFORMATION

  Order of variables

    Y1
    Y2
    Y3
    CLUSTER
    Y1&1
    Y2&1
    Y3&1

  Save file
    a*.dat

  Save file format           Free
  Save file record length    10000


DIAGRAM INFORMATION

  Mplus diagrams are currently not available for multilevel analysis.
  No diagram output was produced.


     Beginning Time:  17:02:19
        Ending Time:  17:11:30
       Elapsed Time:  00:09:11



MUTHEN & MUTHEN
3463 Stoner Ave.
Los Angeles, CA  90066

Tel: (310) 391-9971
Fax: (310) 391-8971
Web: www.StatModel.com
Support: Support@StatModel.com

Copyright (c) 1998-2018 Muthen & Muthen
