Mplus VERSION 8.1
MUTHEN & MUTHEN
06/14/2018   5:20 PM

INPUT INSTRUCTIONS

  variable:  NAMES ARE y1-y3 c;
               cluster=c;
               lagged=y1-y3(1);

  data:file=alist.dat; type=montecarlo;

  ANALYSIS: 	estimator=bayes; proc=2;
              type=twolevel;


  MODEL:

    %within%
    y1-y3*1;
    y1^ on y1^1*0.2;
    y2^ on y2^1*0.6;
    y3^ on y3^1*0;
    e by y1-y3 (&1);
    e by y2-y3*1;
    e^ on e^1*0.5;
    e*1;
    %between%
    eb by y1@1
          y2-y3*1;
    eb*1; y1-y3*1;

  OUTPUT: TECH8;



   1 ERROR(S) FOUND IN THE INPUT INSTRUCTIONS




SUMMARY OF ANALYSIS

Number of groups                                                 1
Average number of observations                                6000

Number of replications
    Requested                                                  100
    Completed                                                  100

Number of dependent variables                                    3
Number of independent variables                                  3
Number of continuous latent variables                            3

Observed dependent variables

  Continuous
   Y1          Y2          Y3

Observed independent variables
   Y1^1        Y2^1        Y3^1

Continuous latent variables
   E           E^1         EB

Variables with special functions

  Cluster variable      C

  Within variables
   Y1^1        Y2^1        Y3^1


Estimator                                                    BAYES
Specifications for Bayesian Estimation
  Point estimate                                            MEDIAN
  Number of Markov chain Monte Carlo (MCMC) chains               2
  Random seed for the first chain                                0
  Starting value information                           UNPERTURBED
  Algorithm used for Markov chain Monte Carlo           GIBBS(PX1)
  Convergence criterion                                  0.500D-01
  Maximum number of iterations                               50000
  K-th iteration used for thinning                               1

Input data file(s)
  Multiple data files from
    alist.dat
Input data format  FREE


SUMMARY OF DATA FOR THE FIRST REPLICATION

     Number of clusters                        200

       Size (s)    Cluster ID with Size s

         30        1 2 3 4 5 6 7 8 9 10 11 12 13 14 15 16 17 18 19 20 21
                   22 23 24 25 26 27 28 29 30 31 32 33 34 35 36 37 38 39
                   40 41 42 43 44 45 46 47 48 49 50 51 52 53 54 55 56 57
                   58 59 60 61 62 63 64 65 66 67 68 69 70 71 72 73 74 75
                   76 77 78 79 80 81 82 83 84 85 86 87 88 89 90 91 92 93
                   94 95 96 97 98 99 100 101 102 103 104 105 106 107 108
                   109 110 111 112 113 114 115 116 117 118 119 120 121
                   122 123 124 125 126 127 128 129 130 131 132 133 134
                   135 136 137 138 139 140 141 142 143 144 145 146 147
                   148 149 150 151 152 153 154 155 156 157 158 159 160
                   161 162 163 164 165 166 167 168 169 170 171 172 173
                   174 175 176 177 178 179 180 181 182 183 184 185 186
                   187 188 189 190 191 192 193 194 195 196 197 198 199
                   200



SUMMARY OF MISSING DATA PATTERNS FOR THE FIRST REPLICATION

     Number of missing data patterns             2


     MISSING DATA PATTERNS (x = not missing)

           1  2
 Y1        x  x
 Y2        x  x
 Y3        x  x
 Y1^1      x
 Y2^1      x
 Y3^1      x


     MISSING DATA PATTERN FREQUENCIES

    Pattern   Frequency     Pattern   Frequency
          1        5800           2         200


COVARIANCE COVERAGE OF DATA FOR THE FIRST REPLICATION

Minimum covariance coverage value   0.100


     PROPORTION OF DATA PRESENT


           Covariance Coverage
              Y1            Y2            Y3
              ________      ________      ________
 Y1             1.000
 Y2             1.000         1.000
 Y3             1.000         1.000         1.000





MODEL FIT INFORMATION

Number of Free Parameters                       19

Information Criteria

    Deviance (DIC)

        Mean                             57609.815
        Std Dev                            202.297
        Number of successful computations      100

             Proportions                   Percentiles
        Expected    Observed         Expected       Observed
           0.990       0.990        57139.212      57086.705
           0.980       0.970        57194.358      57153.812
           0.950       0.940        57277.057      57254.867
           0.900       0.910        57350.551      57342.180
           0.800       0.860        57439.562      57450.820
           0.700       0.740        57503.731      57518.737
           0.500       0.490        57609.815      57606.049
           0.300       0.220        57715.900      57665.134
           0.200       0.170        57780.068      57740.049
           0.100       0.100        57869.079      57856.114
           0.050       0.070        57942.573      57955.859
           0.020       0.030        58025.272      58125.600
           0.010       0.030        58080.419      58141.828

    Estimated Number of Parameters (pD)

        Mean                              4685.515
        Std Dev                             45.712
        Number of successful computations      100

             Proportions                   Percentiles
        Expected    Observed         Expected       Observed
           0.990       0.980         4579.176       4552.049
           0.980       0.980         4591.637       4571.094
           0.950       0.950         4610.324       4608.031
           0.900       0.940         4626.931       4633.212
           0.800       0.830         4647.044       4647.973
           0.700       0.700         4661.544       4661.212
           0.500       0.470         4685.515       4682.591
           0.300       0.270         4709.486       4705.197
           0.200       0.190         4723.986       4721.457
           0.100       0.100         4744.099       4743.589
           0.050       0.060         4760.706       4761.060
           0.020       0.030         4779.393       4788.754
           0.010       0.020         4791.854       4794.533



MODEL RESULTS

                              ESTIMATES              S. E.     M. S. E.  95%  % Sig
                 Population   Average   Std. Dev.   Average             Cover Coeff
Within Level

 E        BY
  Y1                  1.000     1.0000     0.0000     0.0000     0.0000 1.000 0.000
  Y2                  1.000     1.1169     0.0619     0.0400     0.0175 0.240 1.000
  Y3                  1.000     0.8289     0.0184     0.0189     0.0296 0.000 1.000

 E^         ON
  E^1                 0.500     0.7118     0.0228     0.0164     0.0454 0.000 1.000

 Y1^        ON
  Y1^1                0.200     0.1561     0.0192     0.0203     0.0023 0.380 1.000

 Y2^        ON
  Y2^1                0.600     0.7815     0.0139     0.0141     0.0331 0.000 1.000

 Y3^        ON
  Y3^1                0.000    -0.0094     0.0186     0.0172     0.0004 0.910 0.090

 Residual Variances
  Y1                  1.000     1.0376     0.0388     0.0338     0.0029 0.740 1.000
  Y2                  1.000     1.0634     0.0632     0.0432     0.0080 0.550 1.000
  Y3                  1.000     1.2020     0.0348     0.0303     0.0420 0.000 1.000
  E                   1.000     0.9435     0.0509     0.0402     0.0058 0.660 1.000

Between Level

 EB       BY
  Y1                  1.000     1.0000     0.0000     0.0000     0.0000 1.000 0.000
  Y2                  1.000     1.1335     0.2594     0.2123     0.0844 0.870 1.000
  Y3                  1.000     1.0460     0.2255     0.2154     0.0525 0.930 1.000

 Intercepts
  Y1                 -0.038     0.0236     0.1191     0.1047     0.0179 0.890 0.100
  Y2                  0.040     0.0205     0.1319     0.1108     0.0176 0.870 0.100
  Y3                 -0.070     0.0009     0.1116     0.1036     0.0173 0.890 0.060

 Variances
  EB                  1.000     0.9300     0.2470     0.2369     0.0653 0.940 1.000

 Residual Variances
  Y1                  1.000     1.0041     0.1845     0.1767     0.0337 0.970 1.000
  Y2                  1.000     0.6335     0.2401     0.2214     0.1914 0.640 1.000
  Y3                  1.000     1.0066     0.1927     0.1862     0.0368 0.930 1.000


TECHNICAL 1 OUTPUT


     PARAMETER SPECIFICATION FOR WITHIN


           NU
              Y1            Y2            Y3            Y1^1          Y2^1
              ________      ________      ________      ________      ________
                    0             0             0             0             0


           NU
              Y3^1
              ________
                    0


           LAMBDA
              E             E^1           Y1            Y2            Y3
              ________      ________      ________      ________      ________
 Y1                 0             0             0             0             0
 Y2                 0             0             0             0             0
 Y3                 0             0             0             0             0
 Y1^1               0             0             0             0             0
 Y2^1               0             0             0             0             0
 Y3^1               0             0             0             0             0


           LAMBDA
              Y1^1          Y2^1          Y3^1
              ________      ________      ________
 Y1                 0             0             0
 Y2                 0             0             0
 Y3                 0             0             0
 Y1^1               0             0             0
 Y2^1               0             0             0
 Y3^1               0             0             0


           THETA
              Y1            Y2            Y3            Y1^1          Y2^1
              ________      ________      ________      ________      ________
 Y1                 0
 Y2                 0             0
 Y3                 0             0             0
 Y1^1               0             0             0             0
 Y2^1               0             0             0             0             0
 Y3^1               0             0             0             0             0


           THETA
              Y3^1
              ________
 Y3^1               0


           ALPHA
              E             E^1           Y1            Y2            Y3
              ________      ________      ________      ________      ________
                    0             0             0             0             0


           ALPHA
              Y1^1          Y2^1          Y3^1
              ________      ________      ________
                    0             0             0


           BETA
              E             E^1           Y1            Y2            Y3
              ________      ________      ________      ________      ________
 E                  0             1             0             0             0
 E^1                0             0             0             0             0
 Y1                 0             0             0             0             0
 Y2                 3             0             0             0             0
 Y3                 5             0             0             0             0
 Y1^1               0             0             0             0             0
 Y2^1               0             0             0             0             0
 Y3^1               0             0             0             0             0


           BETA
              Y1^1          Y2^1          Y3^1
              ________      ________      ________
 E                  0             0             0
 E^1                0             0             0
 Y1                 2             0             0
 Y2                 0             4             0
 Y3                 0             0             6
 Y1^1               0             0             0
 Y2^1               0             0             0
 Y3^1               0             0             0


           PSI
              E             E^1           Y1            Y2            Y3
              ________      ________      ________      ________      ________
 E                  7
 E^1                0             0
 Y1                 0             0             8
 Y2                 0             0             0             9
 Y3                 0             0             0             0            10
 Y1^1               0             0             0             0             0
 Y2^1               0             0             0             0             0
 Y3^1               0             0             0             0             0


           PSI
              Y1^1          Y2^1          Y3^1
              ________      ________      ________
 Y1^1               0
 Y2^1               0             0
 Y3^1               0             0             0


     PARAMETER SPECIFICATION FOR BETWEEN


           NU
              Y1            Y2            Y3
              ________      ________      ________
                    0             0             0


           LAMBDA
              EB            Y1            Y2            Y3
              ________      ________      ________      ________
 Y1                 0             0             0             0
 Y2                 0             0             0             0
 Y3                 0             0             0             0


           THETA
              Y1            Y2            Y3
              ________      ________      ________
 Y1                 0
 Y2                 0             0
 Y3                 0             0             0


           ALPHA
              EB            Y1            Y2            Y3
              ________      ________      ________      ________
                    0            11            12            13


           BETA
              EB            Y1            Y2            Y3
              ________      ________      ________      ________
 EB                 0             0             0             0
 Y1                 0             0             0             0
 Y2                14             0             0             0
 Y3                15             0             0             0


           PSI
              EB            Y1            Y2            Y3
              ________      ________      ________      ________
 EB                16
 Y1                 0            17
 Y2                 0             0            18
 Y3                 0             0             0            19


     STARTING VALUES FOR WITHIN


           NU
              Y1            Y2            Y3            Y1^1          Y2^1
              ________      ________      ________      ________      ________
                0.000         0.000         0.000         0.000         0.000


           NU
              Y3^1
              ________
                0.000


           LAMBDA
              E             E^1           Y1            Y2            Y3
              ________      ________      ________      ________      ________
 Y1             0.000         0.000         1.000         0.000         0.000
 Y2             0.000         0.000         0.000         1.000         0.000
 Y3             0.000         0.000         0.000         0.000         1.000
 Y1^1           0.000         0.000         0.000         0.000         0.000
 Y2^1           0.000         0.000         0.000         0.000         0.000
 Y3^1           0.000         0.000         0.000         0.000         0.000


           LAMBDA
              Y1^1          Y2^1          Y3^1
              ________      ________      ________
 Y1             0.000         0.000         0.000
 Y2             0.000         0.000         0.000
 Y3             0.000         0.000         0.000
 Y1^1           1.000         0.000         0.000
 Y2^1           0.000         1.000         0.000
 Y3^1           0.000         0.000         1.000


           THETA
              Y1            Y2            Y3            Y1^1          Y2^1
              ________      ________      ________      ________      ________
 Y1             0.000
 Y2             0.000         0.000
 Y3             0.000         0.000         0.000
 Y1^1           0.000         0.000         0.000         0.000
 Y2^1           0.000         0.000         0.000         0.000         0.000
 Y3^1           0.000         0.000         0.000         0.000         0.000


           THETA
              Y3^1
              ________
 Y3^1           0.000


           ALPHA
              E             E^1           Y1            Y2            Y3
              ________      ________      ________      ________      ________
                0.000         0.000         0.000         0.000         0.000


           ALPHA
              Y1^1          Y2^1          Y3^1
              ________      ________      ________
                0.000         0.000         0.000


           BETA
              E             E^1           Y1            Y2            Y3
              ________      ________      ________      ________      ________
 E              0.000         0.500         0.000         0.000         0.000
 E^1            0.000         0.000         0.000         0.000         0.000
 Y1             1.000         0.000         0.000         0.000         0.000
 Y2             1.000         0.000         0.000         0.000         0.000
 Y3             1.000         0.000         0.000         0.000         0.000
 Y1^1           0.000         0.000         0.000         0.000         0.000
 Y2^1           0.000         0.000         0.000         0.000         0.000
 Y3^1           0.000         0.000         0.000         0.000         0.000


           BETA
              Y1^1          Y2^1          Y3^1
              ________      ________      ________
 E              0.000         0.000         0.000
 E^1            0.000         0.000         0.000
 Y1             0.200         0.000         0.000
 Y2             0.000         0.600         0.000
 Y3             0.000         0.000         0.000
 Y1^1           0.000         0.000         0.000
 Y2^1           0.000         0.000         0.000
 Y3^1           0.000         0.000         0.000


           PSI
              E             E^1           Y1            Y2            Y3
              ________      ________      ________      ________      ________
 E              1.000
 E^1            0.000         1.000
 Y1             0.000         0.000         1.000
 Y2             0.000         0.000         0.000         1.000
 Y3             0.000         0.000         0.000         0.000         1.000
 Y1^1           0.000         0.000         0.000         0.000         0.000
 Y2^1           0.000         0.000         0.000         0.000         0.000
 Y3^1           0.000         0.000         0.000         0.000         0.000


           PSI
              Y1^1          Y2^1          Y3^1
              ________      ________      ________
 Y1^1           2.269
 Y2^1           0.000         3.668
 Y3^1           0.000         0.000         2.221


     STARTING VALUES FOR BETWEEN


           NU
              Y1            Y2            Y3
              ________      ________      ________
                0.000         0.000         0.000


           LAMBDA
              EB            Y1            Y2            Y3
              ________      ________      ________      ________
 Y1             0.000         1.000         0.000         0.000
 Y2             0.000         0.000         1.000         0.000
 Y3             0.000         0.000         0.000         1.000


           THETA
              Y1            Y2            Y3
              ________      ________      ________
 Y1             0.000
 Y2             0.000         0.000
 Y3             0.000         0.000         0.000


           ALPHA
              EB            Y1            Y2            Y3
              ________      ________      ________      ________
                0.000        -0.038         0.040        -0.070


           BETA
              EB            Y1            Y2            Y3
              ________      ________      ________      ________
 EB             0.000         0.000         0.000         0.000
 Y1             1.000         0.000         0.000         0.000
 Y2             1.000         0.000         0.000         0.000
 Y3             1.000         0.000         0.000         0.000


           PSI
              EB            Y1            Y2            Y3
              ________      ________      ________      ________
 EB             1.000
 Y1             0.000         1.000
 Y2             0.000         0.000         1.000
 Y3             0.000         0.000         0.000         1.000



     PRIORS FOR ALL PARAMETERS            PRIOR MEAN      PRIOR VARIANCE     PRIOR STD. DEV.

     Parameter 1~N(0.000,infinity)           0.0000            infinity            infinity
     Parameter 2~N(0.000,infinity)           0.0000            infinity            infinity
     Parameter 3~N(0.000,infinity)           0.0000            infinity            infinity
     Parameter 4~N(0.000,infinity)           0.0000            infinity            infinity
     Parameter 5~N(0.000,infinity)           0.0000            infinity            infinity
     Parameter 6~N(0.000,infinity)           0.0000            infinity            infinity
     Parameter 7~IG(-1.000,0.000)          infinity            infinity            infinity
     Parameter 8~IG(-1.000,0.000)          infinity            infinity            infinity
     Parameter 9~IG(-1.000,0.000)          infinity            infinity            infinity
     Parameter 10~IG(-1.000,0.000)         infinity            infinity            infinity
     Parameter 11~N(0.000,infinity)          0.0000            infinity            infinity
     Parameter 12~N(0.000,infinity)          0.0000            infinity            infinity
     Parameter 13~N(0.000,infinity)          0.0000            infinity            infinity
     Parameter 14~N(0.000,infinity)          0.0000            infinity            infinity
     Parameter 15~N(0.000,infinity)          0.0000            infinity            infinity
     Parameter 16~IG(-1.000,0.000)         infinity            infinity            infinity
     Parameter 17~IG(-1.000,0.000)         infinity            infinity            infinity
     Parameter 18~IG(-1.000,0.000)         infinity            infinity            infinity
     Parameter 19~IG(-1.000,0.000)         infinity            infinity            infinity


TECHNICAL 8 OUTPUT


   TECHNICAL 8 OUTPUT FOR BAYES ESTIMATION

     CHAIN    BSEED
     1        0
     2        285380

                     POTENTIAL       PARAMETER WITH
     ITERATION    SCALE REDUCTION      HIGHEST PSR
     100              1.465               1
     200              1.475               14
     300              1.242               3
     400              1.245               1
     500              1.147               1
     600              1.170               1
     700              1.221               16
     800              1.101               14
     900              1.073               14


   TECHNICAL 8 OUTPUT FOR BAYES ESTIMATION

     CHAIN    BSEED
     1        0
     2        285380

                     POTENTIAL       PARAMETER WITH
     ITERATION    SCALE REDUCTION      HIGHEST PSR
     100              2.513               18
     200              1.473               1
     300              1.840               3
     400              1.267               8
     500              1.170               16
     600              1.106               16
     700              1.086               3
     800              1.065               1


   TECHNICAL 8 OUTPUT FOR BAYES ESTIMATION

     CHAIN    BSEED
     1        0
     2        285380

                     POTENTIAL       PARAMETER WITH
     ITERATION    SCALE REDUCTION      HIGHEST PSR
     100              1.618               16
     200              2.028               1
     300              2.330               1
     400              2.084               1
     500              1.483               3
     600              1.285               3
     700              1.064               12


   TECHNICAL 8 OUTPUT FOR BAYES ESTIMATION

     CHAIN    BSEED
     1        0
     2        285380

                     POTENTIAL       PARAMETER WITH
     ITERATION    SCALE REDUCTION      HIGHEST PSR
     100              1.280               14
     200              1.572               1
     300              1.491               3
     400              1.526               3
     500              1.194               1
     600              1.177               15
     700              1.158               16
     800              1.055               16


   TECHNICAL 8 OUTPUT FOR BAYES ESTIMATION

     CHAIN    BSEED
     1        0
     2        285380

                     POTENTIAL       PARAMETER WITH
     ITERATION    SCALE REDUCTION      HIGHEST PSR
     100              1.585               14
     200              1.309               4
     300              1.170               18
     400              1.049               14


   TECHNICAL 8 OUTPUT FOR BAYES ESTIMATION

     CHAIN    BSEED
     1        0
     2        285380

                     POTENTIAL       PARAMETER WITH
     ITERATION    SCALE REDUCTION      HIGHEST PSR
     100              1.767               14
     200              1.363               1
     300              1.484               1
     400              1.238               16
     500              1.201               17
     600              1.083               17


   TECHNICAL 8 OUTPUT FOR BAYES ESTIMATION

     CHAIN    BSEED
     1        0
     2        285380

                     POTENTIAL       PARAMETER WITH
     ITERATION    SCALE REDUCTION      HIGHEST PSR
     100              2.233               9
     200              1.471               1
     300              2.075               1
     400              2.176               1
     500              1.843               1
     600              1.321               1
     700              1.284               16
     800              1.233               16
     900              1.121               15
     1000             1.174               15
     1100             1.082               15


   TECHNICAL 8 OUTPUT FOR BAYES ESTIMATION

     CHAIN    BSEED
     1        0
     2        285380

                     POTENTIAL       PARAMETER WITH
     ITERATION    SCALE REDUCTION      HIGHEST PSR
     100              1.548               14
     200              1.946               16
     300              1.174               18
     400              1.176               16
     500              1.099               4
     600              1.063               4


   TECHNICAL 8 OUTPUT FOR BAYES ESTIMATION

     CHAIN    BSEED
     1        0
     2        285380

                     POTENTIAL       PARAMETER WITH
     ITERATION    SCALE REDUCTION      HIGHEST PSR
     100              1.309               18
     200              1.781               16
     300              1.145               18
     400              1.128               17
     500              1.072               3


   TECHNICAL 8 OUTPUT FOR BAYES ESTIMATION

     CHAIN    BSEED
     1        0
     2        285380

                     POTENTIAL       PARAMETER WITH
     ITERATION    SCALE REDUCTION      HIGHEST PSR
     100              1.712               9
     200              1.900               1
     300              1.521               3
     400              1.235               3
     500              1.091               16
     600              1.113               16
     700              1.080               7


   TECHNICAL 8 OUTPUT FOR BAYES ESTIMATION

     CHAIN    BSEED
     1        0
     2        285380

                     POTENTIAL       PARAMETER WITH
     ITERATION    SCALE REDUCTION      HIGHEST PSR
     100              1.697               9
     200              1.283               4
     300              1.362               7
     400              1.120               1
     500              1.114               1
     600              1.191               1
     700              1.038               12


   TECHNICAL 8 OUTPUT FOR BAYES ESTIMATION

     CHAIN    BSEED
     1        0
     2        285380

                     POTENTIAL       PARAMETER WITH
     ITERATION    SCALE REDUCTION      HIGHEST PSR
     100              1.319               3
     200              1.696               16
     300              1.433               3
     400              1.259               1
     500              1.144               17
     600              1.272               17
     700              1.141               7
     800              1.077               16


   TECHNICAL 8 OUTPUT FOR BAYES ESTIMATION

     CHAIN    BSEED
     1        0
     2        285380

                     POTENTIAL       PARAMETER WITH
     ITERATION    SCALE REDUCTION      HIGHEST PSR
     100              1.802               18
     200              1.373               18
     300              1.175               17
     400              1.087               17
     500              1.030               4


   TECHNICAL 8 OUTPUT FOR BAYES ESTIMATION

     CHAIN    BSEED
     1        0
     2        285380

                     POTENTIAL       PARAMETER WITH
     ITERATION    SCALE REDUCTION      HIGHEST PSR
     100              1.760               18
     200              1.154               1
     300              1.296               3
     400              1.144               1
     500              1.048               18


   TECHNICAL 8 OUTPUT FOR BAYES ESTIMATION

     CHAIN    BSEED
     1        0
     2        285380

                     POTENTIAL       PARAMETER WITH
     ITERATION    SCALE REDUCTION      HIGHEST PSR
     100              1.221               2
     200              1.310               1
     300              1.306               3
     400              1.183               8
     500              1.117               17
     600              1.095               17
     700              1.078               17


   TECHNICAL 8 OUTPUT FOR BAYES ESTIMATION

     CHAIN    BSEED
     1        0
     2        285380

                     POTENTIAL       PARAMETER WITH
     ITERATION    SCALE REDUCTION      HIGHEST PSR
     100              1.589               14
     200              1.645               1
     300              1.258               1
     400              1.121               1
     500              1.066               4


   TECHNICAL 8 OUTPUT FOR BAYES ESTIMATION

     CHAIN    BSEED
     1        0
     2        285380

                     POTENTIAL       PARAMETER WITH
     ITERATION    SCALE REDUCTION      HIGHEST PSR
     100              1.794               9
     200              1.384               1
     300              1.505               3
     400              1.199               15
     500              1.193               15
     600              1.087               7
     700              1.137               3
     800              1.107               14
     900              1.112               14
     1000             1.093               16
     1100             1.120               16
     1200             1.114               16
     1300             1.058               16


   TECHNICAL 8 OUTPUT FOR BAYES ESTIMATION

     CHAIN    BSEED
     1        0
     2        285380

                     POTENTIAL       PARAMETER WITH
     ITERATION    SCALE REDUCTION      HIGHEST PSR
     100              1.190               11
     200              1.176               1
     300              1.139               7
     400              1.110               1
     500              1.313               1
     600              1.446               1
     700              1.076               14


   TECHNICAL 8 OUTPUT FOR BAYES ESTIMATION

     CHAIN    BSEED
     1        0
     2        285380

                     POTENTIAL       PARAMETER WITH
     ITERATION    SCALE REDUCTION      HIGHEST PSR
     100              1.566               16
     200              1.233               4
     300              1.190               18
     400              1.132               15
     500              1.115               15
     600              1.101               14
     700              1.308               14
     800              1.147               14
     900              1.088               8
     1000             1.038               2


   TECHNICAL 8 OUTPUT FOR BAYES ESTIMATION

     CHAIN    BSEED
     1        0
     2        285380

                     POTENTIAL       PARAMETER WITH
     ITERATION    SCALE REDUCTION      HIGHEST PSR
     100              1.796               9
     200              1.239               17
     300              1.146               14
     400              1.147               15
     500              1.360               19
     600              1.336               19
     700              1.158               7
     800              1.075               16


   TECHNICAL 8 OUTPUT FOR BAYES ESTIMATION

     CHAIN    BSEED
     1        0
     2        285380

                     POTENTIAL       PARAMETER WITH
     ITERATION    SCALE REDUCTION      HIGHEST PSR
     100              1.199               11
     200              1.309               1
     300              1.153               1
     400              1.066               1


   TECHNICAL 8 OUTPUT FOR BAYES ESTIMATION

     CHAIN    BSEED
     1        0
     2        285380

                     POTENTIAL       PARAMETER WITH
     ITERATION    SCALE REDUCTION      HIGHEST PSR
     100              1.300               18
     200              1.517               1
     300              1.157               3
     400              1.291               3
     500              1.437               1
     600              1.563               1
     700              1.155               1
     800              1.074               16


   TECHNICAL 8 OUTPUT FOR BAYES ESTIMATION

     CHAIN    BSEED
     1        0
     2        285380

                     POTENTIAL       PARAMETER WITH
     ITERATION    SCALE REDUCTION      HIGHEST PSR
     100              1.378               9
     200              1.336               1
     300              1.857               3
     400              1.927               17
     500              2.446               17
     600              1.840               17
     700              1.158               17
     800              1.093               16
     900              1.161               1
     1000             1.261               1
     1100             1.230               14
     1200             1.140               14
     1300             1.200               1
     1400             1.280               1
     1500             1.253               1
     1600             1.274               3
     1700             1.335               3
     1800             1.299               3
     1900             1.218               3
     2000             1.206               3
     2100             1.117               3
     2200             1.118               3
     2300             1.098               3
     2400             1.108               1
     2500             1.108               1
     2600             1.108               1
     2700             1.105               1
     2800             1.111               1
     2900             1.123               1
     3000             1.105               1
     3100             1.070               1


   TECHNICAL 8 OUTPUT FOR BAYES ESTIMATION

     CHAIN    BSEED
     1        0
     2        285380

                     POTENTIAL       PARAMETER WITH
     ITERATION    SCALE REDUCTION      HIGHEST PSR
     100              1.597               9
     200              1.745               16
     300              1.168               7
     400              1.053               18


   TECHNICAL 8 OUTPUT FOR BAYES ESTIMATION

     CHAIN    BSEED
     1        0
     2        285380

                     POTENTIAL       PARAMETER WITH
     ITERATION    SCALE REDUCTION      HIGHEST PSR
     100              2.136               18
     200              1.404               16
     300              1.270               7
     400              1.191               1
     500              1.092               4
     600              1.066               4


   TECHNICAL 8 OUTPUT FOR BAYES ESTIMATION

     CHAIN    BSEED
     1        0
     2        285380

                     POTENTIAL       PARAMETER WITH
     ITERATION    SCALE REDUCTION      HIGHEST PSR
     100              2.469               18
     200              1.859               1
     300              1.343               1
     400              1.291               14
     500              1.112               14
     600              1.096               14
     700              1.161               3
     800              1.102               14
     900              1.229               14
     1000             1.071               14


   TECHNICAL 8 OUTPUT FOR BAYES ESTIMATION

     CHAIN    BSEED
     1        0
     2        285380

                     POTENTIAL       PARAMETER WITH
     ITERATION    SCALE REDUCTION      HIGHEST PSR
     100              1.458               14
     200              1.628               1
     300              2.239               3
     400              1.477               1
     500              1.315               17
     600              1.343               14
     700              1.340               14
     800              1.235               14
     900              1.171               14
     1000             1.154               18
     1100             1.191               1
     1200             1.239               1
     1300             1.048               18


   TECHNICAL 8 OUTPUT FOR BAYES ESTIMATION

     CHAIN    BSEED
     1        0
     2        285380

                     POTENTIAL       PARAMETER WITH
     ITERATION    SCALE REDUCTION      HIGHEST PSR
     100              2.336               14
     200              1.227               16
     300              1.257               3
     400              1.287               15
     500              1.219               15
     600              1.116               15
     700              1.049               18


   TECHNICAL 8 OUTPUT FOR BAYES ESTIMATION

     CHAIN    BSEED
     1        0
     2        285380

                     POTENTIAL       PARAMETER WITH
     ITERATION    SCALE REDUCTION      HIGHEST PSR
     100              1.220               9
     200              1.334               1
     300              1.873               3
     400              1.566               3
     500              1.120               1
     600              1.036               1


   TECHNICAL 8 OUTPUT FOR BAYES ESTIMATION

     CHAIN    BSEED
     1        0
     2        285380

                     POTENTIAL       PARAMETER WITH
     ITERATION    SCALE REDUCTION      HIGHEST PSR
     100              1.679               9
     200              1.582               16
     300              1.253               7
     400              1.045               1


   TECHNICAL 8 OUTPUT FOR BAYES ESTIMATION

     CHAIN    BSEED
     1        0
     2        285380

                     POTENTIAL       PARAMETER WITH
     ITERATION    SCALE REDUCTION      HIGHEST PSR
     100              1.452               14
     200              1.864               1
     300              1.371               1
     400              1.371               1
     500              1.250               1
     600              1.122               1
     700              1.091               16
     800              1.086               2
     900              1.055               14


   TECHNICAL 8 OUTPUT FOR BAYES ESTIMATION

     CHAIN    BSEED
     1        0
     2        285380

                     POTENTIAL       PARAMETER WITH
     ITERATION    SCALE REDUCTION      HIGHEST PSR
     100              1.629               9
     200              1.461               16
     300              1.125               14
     400              1.072               14


   TECHNICAL 8 OUTPUT FOR BAYES ESTIMATION

     CHAIN    BSEED
     1        0
     2        285380

                     POTENTIAL       PARAMETER WITH
     ITERATION    SCALE REDUCTION      HIGHEST PSR
     100              1.778               18
     200              1.855               14
     300              1.335               15
     400              1.256               16
     500              1.564               16
     600              1.087               16
     700              1.025               4


   TECHNICAL 8 OUTPUT FOR BAYES ESTIMATION

     CHAIN    BSEED
     1        0
     2        285380

                     POTENTIAL       PARAMETER WITH
     ITERATION    SCALE REDUCTION      HIGHEST PSR
     100              1.241               11
     200              1.584               14
     300              1.215               16
     400              1.124               8
     500              1.085               3
     600              1.105               1
     700              1.097               16
     800              1.074               14


   TECHNICAL 8 OUTPUT FOR BAYES ESTIMATION

     CHAIN    BSEED
     1        0
     2        285380

                     POTENTIAL       PARAMETER WITH
     ITERATION    SCALE REDUCTION      HIGHEST PSR
     100              1.586               14
     200              1.386               1
     300              1.139               18
     400              1.107               18
     500              1.071               8


   TECHNICAL 8 OUTPUT FOR BAYES ESTIMATION

     CHAIN    BSEED
     1        0
     2        285380

                     POTENTIAL       PARAMETER WITH
     ITERATION    SCALE REDUCTION      HIGHEST PSR
     100              1.982               14
     200              1.749               16
     300              1.522               3
     400              1.354               1
     500              1.189               15
     600              1.103               19
     700              1.062               12


   TECHNICAL 8 OUTPUT FOR BAYES ESTIMATION

     CHAIN    BSEED
     1        0
     2        285380

                     POTENTIAL       PARAMETER WITH
     ITERATION    SCALE REDUCTION      HIGHEST PSR
     100              1.272               9
     200              1.241               18
     300              1.395               14
     400              1.190               17
     500              1.280               17
     600              1.195               17
     700              1.130               17
     800              1.085               18
     900              1.037               16


   TECHNICAL 8 OUTPUT FOR BAYES ESTIMATION

     CHAIN    BSEED
     1        0
     2        285380

                     POTENTIAL       PARAMETER WITH
     ITERATION    SCALE REDUCTION      HIGHEST PSR
     100              1.368               2
     200              1.801               1
     300              1.357               1
     400              1.295               1
     500              1.217               1
     600              1.146               1
     700              1.067               16


   TECHNICAL 8 OUTPUT FOR BAYES ESTIMATION

     CHAIN    BSEED
     1        0
     2        285380

                     POTENTIAL       PARAMETER WITH
     ITERATION    SCALE REDUCTION      HIGHEST PSR
     100              1.241               14
     200              1.367               16
     300              1.569               3
     400              1.287               1
     500              1.158               1
     600              1.088               1
     700              1.050               7


   TECHNICAL 8 OUTPUT FOR BAYES ESTIMATION

     CHAIN    BSEED
     1        0
     2        285380

                     POTENTIAL       PARAMETER WITH
     ITERATION    SCALE REDUCTION      HIGHEST PSR
     100              1.434               9
     200              1.331               1
     300              1.196               5
     400              1.022               19


   TECHNICAL 8 OUTPUT FOR BAYES ESTIMATION

     CHAIN    BSEED
     1        0
     2        285380

                     POTENTIAL       PARAMETER WITH
     ITERATION    SCALE REDUCTION      HIGHEST PSR
     100              1.257               9
     200              1.921               18
     300              1.301               3
     400              1.158               14
     500              1.099               14
     600              1.086               14
     700              1.111               14
     800              1.081               14


   TECHNICAL 8 OUTPUT FOR BAYES ESTIMATION

     CHAIN    BSEED
     1        0
     2        285380

                     POTENTIAL       PARAMETER WITH
     ITERATION    SCALE REDUCTION      HIGHEST PSR
     100              1.515               9
     200              1.177               16
     300              1.346               7
     400              1.324               3
     500              1.108               3
     600              1.134               1
     700              1.105               16
     800              1.118               16
     900              1.084               16


   TECHNICAL 8 OUTPUT FOR BAYES ESTIMATION

     CHAIN    BSEED
     1        0
     2        285380

                     POTENTIAL       PARAMETER WITH
     ITERATION    SCALE REDUCTION      HIGHEST PSR
     100              1.420               14
     200              1.384               16
     300              1.267               7
     400              1.130               3
     500              1.215               19
     600              1.131               14
     700              1.179               14
     800              1.107               14
     900              1.093               14
     1000             1.080               1


   TECHNICAL 8 OUTPUT FOR BAYES ESTIMATION

     CHAIN    BSEED
     1        0
     2        285380

                     POTENTIAL       PARAMETER WITH
     ITERATION    SCALE REDUCTION      HIGHEST PSR
     100              1.372               9
     200              1.529               16
     300              1.460               3
     400              1.631               1
     500              1.714               1
     600              1.798               1
     700              1.560               1
     800              1.344               1
     900              1.286               1
     1000             1.214               14
     1100             1.064               14


   TECHNICAL 8 OUTPUT FOR BAYES ESTIMATION

     CHAIN    BSEED
     1        0
     2        285380

                     POTENTIAL       PARAMETER WITH
     ITERATION    SCALE REDUCTION      HIGHEST PSR
     100              1.538               3
     200              1.599               18
     300              1.397               14
     400              1.259               15
     500              1.205               15
     600              1.184               17
     700              1.108               14
     800              1.106               14
     900              1.114               14
     1000             1.041               18


   TECHNICAL 8 OUTPUT FOR BAYES ESTIMATION

     CHAIN    BSEED
     1        0
     2        285380

                     POTENTIAL       PARAMETER WITH
     ITERATION    SCALE REDUCTION      HIGHEST PSR
     100              1.555               14
     200              1.239               14
     300              1.125               17
     400              1.148               1
     500              1.228               1
     600              1.165               1
     700              1.063               15


   TECHNICAL 8 OUTPUT FOR BAYES ESTIMATION

     CHAIN    BSEED
     1        0
     2        285380

                     POTENTIAL       PARAMETER WITH
     ITERATION    SCALE REDUCTION      HIGHEST PSR
     100              1.331               7
     200              2.243               16
     300              1.221               16
     400              1.144               8
     500              1.148               1
     600              1.167               1
     700              1.122               16
     800              1.044               16


   TECHNICAL 8 OUTPUT FOR BAYES ESTIMATION

     CHAIN    BSEED
     1        0
     2        285380

                     POTENTIAL       PARAMETER WITH
     ITERATION    SCALE REDUCTION      HIGHEST PSR
     100              1.279               1
     200              1.335               18
     300              1.597               3
     400              1.588               3
     500              1.216               16
     600              1.041               15


   TECHNICAL 8 OUTPUT FOR BAYES ESTIMATION

     CHAIN    BSEED
     1        0
     2        285380

                     POTENTIAL       PARAMETER WITH
     ITERATION    SCALE REDUCTION      HIGHEST PSR
     100              1.243               1
     200              1.330               1
     300              1.301               3
     400              1.184               18
     500              1.103               5
     600              1.202               14
     700              1.711               15
     800              1.507               15
     900              1.343               16
     1000             1.287               16
     1100             1.227               16
     1200             1.126               15
     1300             1.054               18


   TECHNICAL 8 OUTPUT FOR BAYES ESTIMATION

     CHAIN    BSEED
     1        0
     2        285380

                     POTENTIAL       PARAMETER WITH
     ITERATION    SCALE REDUCTION      HIGHEST PSR
     100              1.512               14
     200              1.675               1
     300              1.466               3
     400              1.118               17
     500              1.149               4
     600              1.159               1
     700              1.269               1
     800              1.112               1
     900              1.110               9
     1000             1.083               8


   TECHNICAL 8 OUTPUT FOR BAYES ESTIMATION

     CHAIN    BSEED
     1        0
     2        285380

                     POTENTIAL       PARAMETER WITH
     ITERATION    SCALE REDUCTION      HIGHEST PSR
     100              1.739               14
     200              1.284               14
     300              1.138               7
     400              1.074               17


   TECHNICAL 8 OUTPUT FOR BAYES ESTIMATION

     CHAIN    BSEED
     1        0
     2        285380

                     POTENTIAL       PARAMETER WITH
     ITERATION    SCALE REDUCTION      HIGHEST PSR
     100              1.676               9
     200              1.890               16
     300              1.150               7
     400              1.208               3
     500              1.223               14
     600              1.166               1
     700              1.058               16


   TECHNICAL 8 OUTPUT FOR BAYES ESTIMATION

     CHAIN    BSEED
     1        0
     2        285380

                     POTENTIAL       PARAMETER WITH
     ITERATION    SCALE REDUCTION      HIGHEST PSR
     100              2.112               14
     200              2.534               14
     300              1.935               14
     400              1.321               3
     500              1.131               3
     600              1.107               1
     700              1.182               14
     800              1.152               14
     900              1.202               14
     1000             1.070               16


   TECHNICAL 8 OUTPUT FOR BAYES ESTIMATION

     CHAIN    BSEED
     1        0
     2        285380

                     POTENTIAL       PARAMETER WITH
     ITERATION    SCALE REDUCTION      HIGHEST PSR
     100              1.428               7
     200              1.418               1
     300              1.490               1
     400              1.258               1
     500              1.126               1
     600              1.074               1


   TECHNICAL 8 OUTPUT FOR BAYES ESTIMATION

     CHAIN    BSEED
     1        0
     2        285380

                     POTENTIAL       PARAMETER WITH
     ITERATION    SCALE REDUCTION      HIGHEST PSR
     100              1.347               18
     200              1.401               18
     300              1.490               3
     400              1.134               3
     500              1.052               16


   TECHNICAL 8 OUTPUT FOR BAYES ESTIMATION

     CHAIN    BSEED
     1        0
     2        285380

                     POTENTIAL       PARAMETER WITH
     ITERATION    SCALE REDUCTION      HIGHEST PSR
     100              1.791               18
     200              1.433               1
     300              1.302               14
     400              1.293               16
     500              1.132               15
     600              1.139               15
     700              1.065               3


   TECHNICAL 8 OUTPUT FOR BAYES ESTIMATION

     CHAIN    BSEED
     1        0
     2        285380

                     POTENTIAL       PARAMETER WITH
     ITERATION    SCALE REDUCTION      HIGHEST PSR
     100              2.084               17
     200              1.192               1
     300              1.331               7
     400              1.127               15
     500              1.393               17
     600              1.448               17
     700              1.720               14
     800              1.451               14
     900              1.258               14
     1000             1.069               5


   TECHNICAL 8 OUTPUT FOR BAYES ESTIMATION

     CHAIN    BSEED
     1        0
     2        285380

                     POTENTIAL       PARAMETER WITH
     ITERATION    SCALE REDUCTION      HIGHEST PSR
     100              1.501               14
     200              1.716               1
     300              1.364               3
     400              1.141               17
     500              1.373               16
     600              1.455               16
     700              1.482               16
     800              1.386               16
     900              1.199               16
     1000             1.062               18


   TECHNICAL 8 OUTPUT FOR BAYES ESTIMATION

     CHAIN    BSEED
     1        0
     2        285380

                     POTENTIAL       PARAMETER WITH
     ITERATION    SCALE REDUCTION      HIGHEST PSR
     100              1.520               9
     200              1.338               16
     300              1.316               16
     400              1.193               16
     500              1.116               16
     600              1.059               3


   TECHNICAL 8 OUTPUT FOR BAYES ESTIMATION

     CHAIN    BSEED
     1        0
     2        285380

                     POTENTIAL       PARAMETER WITH
     ITERATION    SCALE REDUCTION      HIGHEST PSR
     100              1.615               14
     200              1.976               16
     300              1.320               15
     400              1.160               15
     500              1.193               1
     600              1.533               1
     700              1.346               16
     800              1.299               16
     900              1.270               16
     1000             1.133               16
     1100             1.059               16


   TECHNICAL 8 OUTPUT FOR BAYES ESTIMATION

     CHAIN    BSEED
     1        0
     2        285380

                     POTENTIAL       PARAMETER WITH
     ITERATION    SCALE REDUCTION      HIGHEST PSR
     100              1.502               14
     200              1.208               16
     300              1.268               3
     400              1.157               8
     500              1.136               16
     600              1.035               16


   TECHNICAL 8 OUTPUT FOR BAYES ESTIMATION

     CHAIN    BSEED
     1        0
     2        285380

                     POTENTIAL       PARAMETER WITH
     ITERATION    SCALE REDUCTION      HIGHEST PSR
     100              1.498               15
     200              1.432               1
     300              1.369               7
     400              1.085               16
     500              1.051               4


   TECHNICAL 8 OUTPUT FOR BAYES ESTIMATION

     CHAIN    BSEED
     1        0
     2        285380

                     POTENTIAL       PARAMETER WITH
     ITERATION    SCALE REDUCTION      HIGHEST PSR
     100              1.472               18
     200              1.576               16
     300              1.490               18
     400              1.258               14
     500              1.386               14
     600              1.391               14
     700              1.431               14
     800              1.217               14
     900              1.185               14
     1000             1.049               18


   TECHNICAL 8 OUTPUT FOR BAYES ESTIMATION

     CHAIN    BSEED
     1        0
     2        285380

                     POTENTIAL       PARAMETER WITH
     ITERATION    SCALE REDUCTION      HIGHEST PSR
     100              1.454               5
     200              1.715               14
     300              1.415               3
     400              1.238               1
     500              1.035               1


   TECHNICAL 8 OUTPUT FOR BAYES ESTIMATION

     CHAIN    BSEED
     1        0
     2        285380

                     POTENTIAL       PARAMETER WITH
     ITERATION    SCALE REDUCTION      HIGHEST PSR
     100              1.260               18
     200              1.160               1
     300              1.373               7
     400              1.375               3
     500              1.245               17
     600              1.339               1
     700              1.280               16
     800              1.234               16
     900              1.227               16
     1000             1.149               16
     1100             1.166               16
     1200             1.217               16
     1300             1.191               16
     1400             1.262               16
     1500             1.287               16
     1600             1.184               16
     1700             1.167               16
     1800             1.181               16
     1900             1.191               16
     2000             1.263               16
     2100             1.294               16
     2200             1.285               16
     2300             1.271               16
     2400             1.272               16
     2500             1.310               16
     2600             1.236               16
     2700             1.146               16
     2800             1.080               16


   TECHNICAL 8 OUTPUT FOR BAYES ESTIMATION

     CHAIN    BSEED
     1        0
     2        285380

                     POTENTIAL       PARAMETER WITH
     ITERATION    SCALE REDUCTION      HIGHEST PSR
     100              1.788               9
     200              1.741               14
     300              1.557               3
     400              1.462               1
     500              1.370               1
     600              1.353               1
     700              1.548               16
     800              1.577               16
     900              1.583               16
     1000             1.216               1
     1100             1.168               16
     1200             1.146               15
     1300             1.177               15
     1400             1.253               15
     1500             1.348               15
     1600             1.323               15
     1700             1.241               15
     1800             1.277               15
     1900             1.311               15
     2000             1.356               15
     2100             1.359               15
     2200             1.307               15
     2300             1.250               14
     2400             1.220               14
     2500             1.225               15
     2600             1.211               15
     2700             1.166               15
     2800             1.133               15
     2900             1.101               18
     3000             1.141               18
     3100             1.126               18
     3200             1.092               18
     3300             1.055               18


   TECHNICAL 8 OUTPUT FOR BAYES ESTIMATION

     CHAIN    BSEED
     1        0
     2        285380

                     POTENTIAL       PARAMETER WITH
     ITERATION    SCALE REDUCTION      HIGHEST PSR
     100              1.559               9
     200              1.224               15
     300              1.293               17
     400              1.102               17
     500              1.241               17
     600              1.259               17
     700              1.297               14
     800              1.346               14
     900              1.299               14
     1000             1.082               9


   TECHNICAL 8 OUTPUT FOR BAYES ESTIMATION

     CHAIN    BSEED
     1        0
     2        285380

                     POTENTIAL       PARAMETER WITH
     ITERATION    SCALE REDUCTION      HIGHEST PSR
     100              1.797               14
     200              1.947               16
     300              1.335               18
     400              1.425               1
     500              1.212               1
     600              1.228               1
     700              1.065               12


   TECHNICAL 8 OUTPUT FOR BAYES ESTIMATION

     CHAIN    BSEED
     1        0
     2        285380

                     POTENTIAL       PARAMETER WITH
     ITERATION    SCALE REDUCTION      HIGHEST PSR
     100              1.660               9
     200              1.871               16
     300              1.497               3
     400              1.343               3
     500              1.027               17


   TECHNICAL 8 OUTPUT FOR BAYES ESTIMATION

     CHAIN    BSEED
     1        0
     2        285380

                     POTENTIAL       PARAMETER WITH
     ITERATION    SCALE REDUCTION      HIGHEST PSR
     100              1.828               3
     200              1.394               1
     300              1.242               1
     400              1.309               1
     500              1.108               17
     600              1.162               17
     700              1.149               15
     800              1.139               14
     900              1.062               1


   TECHNICAL 8 OUTPUT FOR BAYES ESTIMATION

     CHAIN    BSEED
     1        0
     2        285380

                     POTENTIAL       PARAMETER WITH
     ITERATION    SCALE REDUCTION      HIGHEST PSR
     100              1.994               14
     200              1.495               1
     300              1.316               15
     400              1.290               14
     500              1.358               14
     600              1.165               4
     700              1.159               16
     800              1.176               15
     900              1.206               1
     1000             1.140               1
     1100             1.089               15
     1200             1.137               15
     1300             1.112               15
     1400             1.145               15
     1500             1.089               15
     1600             1.116               18
     1700             1.045               18


   TECHNICAL 8 OUTPUT FOR BAYES ESTIMATION

     CHAIN    BSEED
     1        0
     2        285380

                     POTENTIAL       PARAMETER WITH
     ITERATION    SCALE REDUCTION      HIGHEST PSR
     100              1.435               18
     200              1.436               17
     300              1.412               14
     400              1.104               15
     500              1.104               5
     600              1.058               15


   TECHNICAL 8 OUTPUT FOR BAYES ESTIMATION

     CHAIN    BSEED
     1        0
     2        285380

                     POTENTIAL       PARAMETER WITH
     ITERATION    SCALE REDUCTION      HIGHEST PSR
     100              1.959               14
     200              1.119               18
     300              1.368               3
     400              1.276               3
     500              1.190               1
     600              1.105               1
     700              1.071               14


   TECHNICAL 8 OUTPUT FOR BAYES ESTIMATION

     CHAIN    BSEED
     1        0
     2        285380

                     POTENTIAL       PARAMETER WITH
     ITERATION    SCALE REDUCTION      HIGHEST PSR
     100              1.404               14
     200              1.561               18
     300              1.575               1
     400              1.286               1
     500              1.180               4
     600              1.253               14
     700              1.404               14
     800              1.409               14
     900              1.231               14
     1000             1.056               1


   TECHNICAL 8 OUTPUT FOR BAYES ESTIMATION

     CHAIN    BSEED
     1        0
     2        285380

                     POTENTIAL       PARAMETER WITH
     ITERATION    SCALE REDUCTION      HIGHEST PSR
     100              1.241               14
     200              1.218               1
     300              1.084               7


   TECHNICAL 8 OUTPUT FOR BAYES ESTIMATION

     CHAIN    BSEED
     1        0
     2        285380

                     POTENTIAL       PARAMETER WITH
     ITERATION    SCALE REDUCTION      HIGHEST PSR
     100              1.170               11
     200              1.472               1
     300              1.369               1
     400              1.218               1
     500              1.111               1
     600              1.151               14
     700              1.416               15
     800              1.512               15
     900              1.219               15
     1000             1.163               15
     1100             1.060               15


   TECHNICAL 8 OUTPUT FOR BAYES ESTIMATION

     CHAIN    BSEED
     1        0
     2        285380

                     POTENTIAL       PARAMETER WITH
     ITERATION    SCALE REDUCTION      HIGHEST PSR
     100              1.433               18
     200              1.433               18
     300              1.174               6
     400              1.055               14


   TECHNICAL 8 OUTPUT FOR BAYES ESTIMATION

     CHAIN    BSEED
     1        0
     2        285380

                     POTENTIAL       PARAMETER WITH
     ITERATION    SCALE REDUCTION      HIGHEST PSR
     100              2.303               9
     200              1.243               9
     300              1.281               14
     400              1.325               14
     500              1.160               1
     600              1.179               18
     700              1.262               18
     800              1.269               1
     900              1.371               1
     1000             1.315               1
     1100             1.295               1
     1200             1.264               1
     1300             1.096               1
     1400             1.043               18


   TECHNICAL 8 OUTPUT FOR BAYES ESTIMATION

     CHAIN    BSEED
     1        0
     2        285380

                     POTENTIAL       PARAMETER WITH
     ITERATION    SCALE REDUCTION      HIGHEST PSR
     100              2.712               14
     200              1.564               16
     300              1.276               3
     400              1.233               3
     500              1.053               10


   TECHNICAL 8 OUTPUT FOR BAYES ESTIMATION

     CHAIN    BSEED
     1        0
     2        285380

                     POTENTIAL       PARAMETER WITH
     ITERATION    SCALE REDUCTION      HIGHEST PSR
     100              1.813               9
     200              1.924               16
     300              1.119               1
     400              1.090               15
     500              1.113               5
     600              1.132               1
     700              1.157               16
     800              1.111               7
     900              1.068               1


   TECHNICAL 8 OUTPUT FOR BAYES ESTIMATION

     CHAIN    BSEED
     1        0
     2        285380

                     POTENTIAL       PARAMETER WITH
     ITERATION    SCALE REDUCTION      HIGHEST PSR
     100              2.483               14
     200              1.833               1
     300              1.189               1
     400              1.169               17
     500              1.217               17
     600              1.143               14
     700              1.194               14
     800              1.195               14
     900              1.224               16
     1000             1.152               15
     1100             1.126               18
     1200             1.148               18
     1300             1.186               18
     1400             1.167               18
     1500             1.110               18
     1600             1.129               18
     1700             1.057               18


   TECHNICAL 8 OUTPUT FOR BAYES ESTIMATION

     CHAIN    BSEED
     1        0
     2        285380

                     POTENTIAL       PARAMETER WITH
     ITERATION    SCALE REDUCTION      HIGHEST PSR
     100              1.273               14
     200              1.388               16
     300              1.385               18
     400              1.182               17
     500              1.114               14
     600              1.077               15


   TECHNICAL 8 OUTPUT FOR BAYES ESTIMATION

     CHAIN    BSEED
     1        0
     2        285380

                     POTENTIAL       PARAMETER WITH
     ITERATION    SCALE REDUCTION      HIGHEST PSR
     100              1.747               14
     200              1.344               1
     300              1.189               17
     400              1.123               17
     500              1.053               17


   TECHNICAL 8 OUTPUT FOR BAYES ESTIMATION

     CHAIN    BSEED
     1        0
     2        285380

                     POTENTIAL       PARAMETER WITH
     ITERATION    SCALE REDUCTION      HIGHEST PSR
     100              2.168               18
     200              1.503               1
     300              1.437               3
     400              1.101               18
     500              1.268               1
     600              1.173               1
     700              1.266               1
     800              1.259               14
     900              1.367               14
     1000             1.193               14
     1100             1.190               14
     1200             1.153               14
     1300             1.175               14
     1400             1.201               14
     1500             1.278               15
     1600             1.267               15
     1700             1.259               15
     1800             1.272               15
     1900             1.267               15
     2000             1.325               16
     2100             1.296               16
     2200             1.311               16
     2300             1.428               16
     2400             1.427               16
     2500             1.436               16
     2600             1.405               16
     2700             1.376               16
     2800             1.372               16
     2900             1.307               16
     3000             1.184               14
     3100             1.154               14
     3200             1.139               14
     3300             1.129               14
     3400             1.124               14
     3500             1.121               14
     3600             1.126               14
     3700             1.140               14
     3800             1.140               14
     3900             1.134               14
     4000             1.109               14
     4100             1.097               14
     4200             1.091               14
     4300             1.083               14


   TECHNICAL 8 OUTPUT FOR BAYES ESTIMATION

     CHAIN    BSEED
     1        0
     2        285380

                     POTENTIAL       PARAMETER WITH
     ITERATION    SCALE REDUCTION      HIGHEST PSR
     100              1.470               18
     200              1.190               16
     300              1.238               3
     400              1.182               14
     500              1.162               14
     600              1.175               14
     700              1.112               14
     800              1.081               14


   TECHNICAL 8 OUTPUT FOR BAYES ESTIMATION

     CHAIN    BSEED
     1        0
     2        285380

                     POTENTIAL       PARAMETER WITH
     ITERATION    SCALE REDUCTION      HIGHEST PSR
     100              1.211               11
     200              1.202               17
     300              1.351               3
     400              1.196               17
     500              1.356               17
     600              1.382               17
     700              1.194               16
     800              1.121               16
     900              1.112               17
     1000             1.043               16


   TECHNICAL 8 OUTPUT FOR BAYES ESTIMATION

     CHAIN    BSEED
     1        0
     2        285380

                     POTENTIAL       PARAMETER WITH
     ITERATION    SCALE REDUCTION      HIGHEST PSR
     100              1.449               14
     200              1.573               1
     300              1.306               1
     400              1.203               1
     500              1.254               1
     600              1.341               1
     700              1.215               16
     800              1.037               19


   TECHNICAL 8 OUTPUT FOR BAYES ESTIMATION

     CHAIN    BSEED
     1        0
     2        285380

                     POTENTIAL       PARAMETER WITH
     ITERATION    SCALE REDUCTION      HIGHEST PSR
     100              1.540               9
     200              1.411               1
     300              1.321               15
     400              1.029               7


   TECHNICAL 8 OUTPUT FOR BAYES ESTIMATION

     CHAIN    BSEED
     1        0
     2        285380

                     POTENTIAL       PARAMETER WITH
     ITERATION    SCALE REDUCTION      HIGHEST PSR
     100              1.400               3
     200              1.364               1
     300              1.203               7
     400              1.161               17
     500              1.314               17
     600              1.420               17
     700              1.297               1
     800              1.164               1
     900              1.158               1
     1000             1.086               1
     1100             1.051               5


   TECHNICAL 8 OUTPUT FOR BAYES ESTIMATION

     CHAIN    BSEED
     1        0
     2        285380

                     POTENTIAL       PARAMETER WITH
     ITERATION    SCALE REDUCTION      HIGHEST PSR
     100              1.429               14
     200              1.533               14
     300              1.172               7
     400              1.058               7


   TECHNICAL 8 OUTPUT FOR BAYES ESTIMATION

     CHAIN    BSEED
     1        0
     2        285380

                     POTENTIAL       PARAMETER WITH
     ITERATION    SCALE REDUCTION      HIGHEST PSR
     100              1.357               9
     200              1.299               16
     300              1.700               3
     400              1.134               3
     500              1.074               15


   TECHNICAL 8 OUTPUT FOR BAYES ESTIMATION

     CHAIN    BSEED
     1        0
     2        285380

                     POTENTIAL       PARAMETER WITH
     ITERATION    SCALE REDUCTION      HIGHEST PSR
     100              1.436               7
     200              1.156               1
     300              1.271               1
     400              1.095               1
     500              1.233               16
     600              1.214               16
     700              1.114               1
     800              1.137               1
     900              1.195               1
     1000             1.207               1
     1100             1.150               1
     1200             1.167               1
     1300             1.083               15


   TECHNICAL 8 OUTPUT FOR BAYES ESTIMATION

     CHAIN    BSEED
     1        0
     2        285380

                     POTENTIAL       PARAMETER WITH
     ITERATION    SCALE REDUCTION      HIGHEST PSR
     100              1.138               9
     200              1.511               1
     300              1.219               3
     400              1.166               3
     500              1.121               1
     600              1.201               1
     700              1.346               16
     800              1.281               16
     900              1.337               16
     1000             1.408               16
     1100             1.383               16
     1200             1.388               16
     1300             1.388               1
     1400             1.374               1
     1500             1.278               16
     1600             1.153               16
     1700             1.141               16
     1800             1.101               16
     1900             1.069               15


   TECHNICAL 8 OUTPUT FOR BAYES ESTIMATION

     CHAIN    BSEED
     1        0
     2        285380

                     POTENTIAL       PARAMETER WITH
     ITERATION    SCALE REDUCTION      HIGHEST PSR
     100              1.374               1
     200              1.114               14
     300              1.124               3
     400              1.294               1
     500              1.199               1
     600              1.345               1
     700              1.054               1


   TECHNICAL 8 OUTPUT FOR BAYES ESTIMATION

     CHAIN    BSEED
     1        0
     2        285380

                     POTENTIAL       PARAMETER WITH
     ITERATION    SCALE REDUCTION      HIGHEST PSR
     100              1.465               14
     200              1.271               14
     300              1.552               7
     400              1.260               8
     500              1.101               17
     600              1.189               1
     700              1.474               1
     800              1.315               1
     900              1.166               1
     1000             1.053               1


   TECHNICAL 8 OUTPUT FOR BAYES ESTIMATION

     CHAIN    BSEED
     1        0
     2        285380

                     POTENTIAL       PARAMETER WITH
     ITERATION    SCALE REDUCTION      HIGHEST PSR
     100              1.332               9
     200              1.502               1
     300              1.161               3
     400              1.077               18


   TECHNICAL 8 OUTPUT FOR BAYES ESTIMATION

     CHAIN    BSEED
     1        0
     2        285380

                     POTENTIAL       PARAMETER WITH
     ITERATION    SCALE REDUCTION      HIGHEST PSR
     100              1.552               14
     200              1.576               16
     300              1.143               16
     400              1.075               17


   TECHNICAL 8 OUTPUT FOR BAYES ESTIMATION

     CHAIN    BSEED
     1        0
     2        285380

                     POTENTIAL       PARAMETER WITH
     ITERATION    SCALE REDUCTION      HIGHEST PSR
     100              2.325               3
     200              1.794               16
     300              1.150               7
     400              1.124               15
     500              1.127               14
     600              1.099               14
     700              1.103               14
     800              1.121               14
     900              1.188               1
     1000             1.235               1
     1100             1.318               1
     1200             1.382               1
     1300             1.217               1
     1400             1.098               1
     1500             1.069               1


   TECHNICAL 8 OUTPUT FOR BAYES ESTIMATION

     CHAIN    BSEED
     1        0
     2        285380

                     POTENTIAL       PARAMETER WITH
     ITERATION    SCALE REDUCTION      HIGHEST PSR
     100              1.619               9
     200              1.276               1
     300              1.208               14
     400              1.278               15
     500              1.221               15
     600              1.267               14
     700              1.431               14
     800              1.189               14
     900              1.097               1
     1000             1.090               1
     1100             1.130               1
     1200             1.202               1
     1300             1.172               1
     1400             1.148               1
     1500             1.207               1
     1600             1.164               1
     1700             1.120               1
     1800             1.067               1


   TECHNICAL 8 OUTPUT FOR BAYES ESTIMATION

     CHAIN    BSEED
     1        0
     2        285380

                     POTENTIAL       PARAMETER WITH
     ITERATION    SCALE REDUCTION      HIGHEST PSR
     100              1.206               9
     200              1.230               1
     300              1.116               8
     400              1.140               8
     500              1.054               19


DIAGRAM INFORMATION

  Mplus diagrams are currently not available for multilevel analysis.
  No diagram output was produced.


     Beginning Time:  17:20:38
        Ending Time:  17:59:38
       Elapsed Time:  00:39:00



MUTHEN & MUTHEN
3463 Stoner Ave.
Los Angeles, CA  90066

Tel: (310) 391-9971
Fax: (310) 391-8971
Web: www.StatModel.com
Support: Support@StatModel.com

Copyright (c) 1998-2018 Muthen & Muthen
