Mplus VERSION 8.1
MUTHEN & MUTHEN
06/06/2018  12:31 AM

INPUT INSTRUCTIONS

  MONTECARLO:  NAMES ARE y x;
               NOBS = 12000;
               NREP = 100;
               NCSIZES = 1;
               CSIZES = 200(60);
               lagged=y(1) x(1);

  ANALYSIS: 	estimator=bayes;  TYPE IS TWOLEVEL; proc=2;


  MODEL MONTECARLO:

    %WITHIN%
    y*1 x*1;
    y on y&1*0.7;
    y on x*1;
    x on x&1*0.7;

    %between%
    y*1 x*1; y on x*1;

  MODEL:

    %WITHIN%
    y*1 x*1;
    y on y&1@0;
    y on x*1;
    x on x&1*0.7;

    %between%
    y*1 x*1; y on x*1;

  OUTPUT: TECH8;



*** WARNING in MODEL command
  In the MODEL command, the following variable is an x-variable on the BETWEEN
  level and a y-variable on the WITHIN level.  This variable will be treated
  as a y-variable on both levels:  X
   1 WARNING(S) FOUND IN THE INPUT INSTRUCTIONS




SUMMARY OF ANALYSIS

Number of groups                                                 1
Number of observations                                       12000

Number of replications
    Requested                                                  100
    Completed                                                  100
Value of seed                                                    0

Number of dependent variables                                    2
Number of independent variables                                  2
Number of continuous latent variables                            0

Observed dependent variables

  Continuous
   Y           X

Observed independent variables
   Y&1         X&1

Variables with special functions

  Within variables
   Y&1         X&1


Estimator                                                    BAYES
Specifications for Bayesian Estimation
  Point estimate                                            MEDIAN
  Number of Markov chain Monte Carlo (MCMC) chains               2
  Random seed for the first chain                                0
  Starting value information                           UNPERTURBED
  Algorithm used for Markov chain Monte Carlo           GIBBS(PX1)
  Convergence criterion                                  0.500D-01
  Maximum number of iterations                               50000
  K-th iteration used for thinning                               1


SUMMARY OF DATA FOR THE FIRST REPLICATION

     Cluster information

       Size (s)    Number of clusters of Size s

         60           200





MODEL FIT INFORMATION

Number of Free Parameters                        9

Information Criteria

    Deviance (DIC)

        Mean                             88371.157
        Std Dev                            323.298
        Number of successful computations      100

             Proportions                   Percentiles
        Expected    Observed         Expected       Observed
           0.990       0.990        87619.069      87504.603
           0.980       0.980        87707.200      87622.781
           0.950       0.930        87839.364      87812.405
           0.900       0.880        87956.818      87908.169
           0.800       0.820        88099.070      88109.565
           0.700       0.700        88201.620      88198.428
           0.500       0.520        88371.157      88390.293
           0.300       0.290        88540.695      88536.416
           0.200       0.220        88643.245      88661.316
           0.100       0.090        88785.496      88770.618
           0.050       0.040        88902.951      88880.635
           0.020       0.010        89035.115      88969.548
           0.010       0.000        89123.246      88996.754

    Estimated Number of Parameters (pD)

        Mean                               450.825
        Std Dev                              7.365
        Number of successful computations      100

             Proportions                   Percentiles
        Expected    Observed         Expected       Observed
           0.990       0.980          433.691        431.985
           0.980       0.960          435.699        432.300
           0.950       0.950          438.710        437.837
           0.900       0.880          441.386        440.596
           0.800       0.780          444.626        443.714
           0.700       0.700          446.963        446.841
           0.500       0.540          450.825        451.298
           0.300       0.360          454.687        455.572
           0.200       0.230          457.024        457.129
           0.100       0.080          460.265        458.886
           0.050       0.030          462.940        461.292
           0.020       0.010          465.951        463.490
           0.010       0.000          467.959        463.881



MODEL RESULTS

                              ESTIMATES              S. E.     M. S. E.  95%  % Sig
                 Population   Average   Std. Dev.   Average             Cover Coeff
Within Level

 Y          ON
  Y&1                 0.000     0.0000     0.0000     0.0000     0.0000 1.000 0.000
  X                   1.000     1.8330     0.0214     0.0155     0.6943 0.000 1.000

 X          ON
  X&1                 0.700     0.7021     0.0066     0.0073     0.0000 0.960 1.000

 Residual Variances
  Y                   1.000     5.2121     0.1101     0.0680    17.7542 0.000 1.000
  X                   1.000     1.0004     0.0119     0.0132     0.0001 0.980 1.000

Between Level

 Y          ON
  X                   1.000     1.2320     0.1123     0.1107     0.0663 0.490 1.000

 Means
  X                   0.000     0.0085     0.0806     0.0767     0.0065 0.920 0.080

 Intercepts
  Y                   0.000    -0.0022     0.0950     0.0987     0.0089 0.940 0.060

 Variances
  X                   1.000     0.9894     0.1021     0.1199     0.0104 0.950 1.000

 Residual Variances
  Y                   1.000     1.8022     0.2094     0.2013     0.6869 0.010 1.000


CORRELATIONS AND MEAN SQUARE ERROR OF THE TRUE FACTOR VALUES AND THE FACTOR SCORES

                        CORRELATIONS                MEAN SQUARE ERROR
                    Average    Std. Dev.           Average    Std. Dev.
  Y                   0.681       0.035              1.232       0.072
  X                   0.933       0.009              0.356       0.019


TECHNICAL 1 OUTPUT


     PARAMETER SPECIFICATION FOR WITHIN


           NU
              Y             X             Y&1           X&1
              ________      ________      ________      ________
                    0             0             0             0


           LAMBDA
              Y             X             Y&1           X&1
              ________      ________      ________      ________
 Y                  0             0             0             0
 X                  0             0             0             0
 Y&1                0             0             0             0
 X&1                0             0             0             0


           THETA
              Y             X             Y&1           X&1
              ________      ________      ________      ________
 Y                  0
 X                  0             0
 Y&1                0             0             0
 X&1                0             0             0             0


           ALPHA
              Y             X             Y&1           X&1
              ________      ________      ________      ________
                    0             0             0             0


           BETA
              Y             X             Y&1           X&1
              ________      ________      ________      ________
 Y                  0             1             0             0
 X                  0             0             0             2
 Y&1                0             0             0             0
 X&1                0             0             0             0


           PSI
              Y             X             Y&1           X&1
              ________      ________      ________      ________
 Y                  3
 X                  0             4
 Y&1                0             0             0
 X&1                0             0             0             0


     PARAMETER SPECIFICATION FOR BETWEEN


           NU
              Y             X
              ________      ________
                    0             0


           LAMBDA
              Y             X
              ________      ________
 Y                  0             0
 X                  0             0


           THETA
              Y             X
              ________      ________
 Y                  0
 X                  0             0


           ALPHA
              Y             X
              ________      ________
                    5             6


           BETA
              Y             X
              ________      ________
 Y                  0             7
 X                  0             0


           PSI
              Y             X
              ________      ________
 Y                  8
 X                  0             9


     STARTING VALUES FOR WITHIN


           NU
              Y             X             Y&1           X&1
              ________      ________      ________      ________
                0.000         0.000         0.000         0.000


           LAMBDA
              Y             X             Y&1           X&1
              ________      ________      ________      ________
 Y              1.000         0.000         0.000         0.000
 X              0.000         1.000         0.000         0.000
 Y&1            0.000         0.000         1.000         0.000
 X&1            0.000         0.000         0.000         1.000


           THETA
              Y             X             Y&1           X&1
              ________      ________      ________      ________
 Y              0.000
 X              0.000         0.000
 Y&1            0.000         0.000         0.000
 X&1            0.000         0.000         0.000         0.000


           ALPHA
              Y             X             Y&1           X&1
              ________      ________      ________      ________
                0.000         0.000         0.000         0.000


           BETA
              Y             X             Y&1           X&1
              ________      ________      ________      ________
 Y              0.000         1.000         0.000         0.000
 X              0.000         0.000         0.000         0.700
 Y&1            0.000         0.000         0.000         0.000
 X&1            0.000         0.000         0.000         0.000


           PSI
              Y             X             Y&1           X&1
              ________      ________      ________      ________
 Y              1.000
 X              0.000         1.000
 Y&1            0.000         0.000         0.500
 X&1            0.000         0.000         0.000         0.500


     STARTING VALUES FOR BETWEEN


           NU
              Y             X
              ________      ________
                0.000         0.000


           LAMBDA
              Y             X
              ________      ________
 Y              1.000         0.000
 X              0.000         1.000


           THETA
              Y             X
              ________      ________
 Y              0.000
 X              0.000         0.000


           ALPHA
              Y             X
              ________      ________
                0.000         0.000


           BETA
              Y             X
              ________      ________
 Y              0.000         1.000
 X              0.000         0.000


           PSI
              Y             X
              ________      ________
 Y              1.000
 X              0.000         1.000


     POPULATION VALUES FOR WITHIN


           NU
              Y             X             Y&1           X&1
              ________      ________      ________      ________
                0.000         0.000         0.000         0.000


           LAMBDA
              Y             X             Y&1           X&1
              ________      ________      ________      ________
 Y              1.000         0.000         0.000         0.000
 X              0.000         1.000         0.000         0.000
 Y&1            0.000         0.000         1.000         0.000
 X&1            0.000         0.000         0.000         1.000


           THETA
              Y             X             Y&1           X&1
              ________      ________      ________      ________
 Y              0.000
 X              0.000         0.000
 Y&1            0.000         0.000         0.000
 X&1            0.000         0.000         0.000         0.000


           ALPHA
              Y             X             Y&1           X&1
              ________      ________      ________      ________
                0.000         0.000         0.000         0.000


           BETA
              Y             X             Y&1           X&1
              ________      ________      ________      ________
 Y              0.000         1.000         0.700         0.000
 X              0.000         0.000         0.000         0.700
 Y&1            0.000         0.000         0.000         0.000
 X&1            0.000         0.000         0.000         0.000


           PSI
              Y             X             Y&1           X&1
              ________      ________      ________      ________
 Y              1.000
 X              0.000         1.000
 Y&1            0.000         0.000         1.000
 X&1            0.000         0.000         0.000         1.000


     POPULATION VALUES FOR BETWEEN


           NU
              Y             X
              ________      ________
                0.000         0.000


           LAMBDA
              Y             X
              ________      ________
 Y              1.000         0.000
 X              0.000         1.000


           THETA
              Y             X
              ________      ________
 Y              0.000
 X              0.000         0.000


           ALPHA
              Y             X
              ________      ________
                0.000         0.000


           BETA
              Y             X
              ________      ________
 Y              0.000         1.000
 X              0.000         0.000


           PSI
              Y             X
              ________      ________
 Y              1.000
 X              0.000         1.000



     PRIORS FOR ALL PARAMETERS            PRIOR MEAN      PRIOR VARIANCE     PRIOR STD. DEV.

     Parameter 1~N(0.000,infinity)           0.0000            infinity            infinity
     Parameter 2~N(0.000,infinity)           0.0000            infinity            infinity
     Parameter 3~IG(-1.000,0.000)          infinity            infinity            infinity
     Parameter 4~IG(-1.000,0.000)          infinity            infinity            infinity
     Parameter 5~N(0.000,infinity)           0.0000            infinity            infinity
     Parameter 6~N(0.000,infinity)           0.0000            infinity            infinity
     Parameter 7~N(0.000,infinity)           0.0000            infinity            infinity
     Parameter 8~IG(-1.000,0.000)          infinity            infinity            infinity
     Parameter 9~IG(-1.000,0.000)          infinity            infinity            infinity


TECHNICAL 8 OUTPUT


   TECHNICAL 8 OUTPUT FOR BAYES ESTIMATION

     CHAIN    BSEED
     1        0
     2        285380

     REPLICATION 1:


                     POTENTIAL       PARAMETER WITH
     ITERATION    SCALE REDUCTION      HIGHEST PSR
     100              1.046               3
     200              1.056               7

     REPLICATION 2:


                     POTENTIAL       PARAMETER WITH
     ITERATION    SCALE REDUCTION      HIGHEST PSR
     100              1.021               9
     200              1.012               8

     REPLICATION 3:


                     POTENTIAL       PARAMETER WITH
     ITERATION    SCALE REDUCTION      HIGHEST PSR
     100              1.078               6
     200              1.041               9

     REPLICATION 4:


                     POTENTIAL       PARAMETER WITH
     ITERATION    SCALE REDUCTION      HIGHEST PSR
     100              1.007               3
     200              1.026               3

     REPLICATION 5:


                     POTENTIAL       PARAMETER WITH
     ITERATION    SCALE REDUCTION      HIGHEST PSR
     100              1.019               1
     200              1.011               4

     REPLICATION 6:


                     POTENTIAL       PARAMETER WITH
     ITERATION    SCALE REDUCTION      HIGHEST PSR
     100              1.058               6
     200              1.011               5

     REPLICATION 7:


                     POTENTIAL       PARAMETER WITH
     ITERATION    SCALE REDUCTION      HIGHEST PSR
     100              1.041               1
     200              1.009               9

     REPLICATION 8:


                     POTENTIAL       PARAMETER WITH
     ITERATION    SCALE REDUCTION      HIGHEST PSR
     100              1.024               1
     200              1.030               1

     REPLICATION 9:


                     POTENTIAL       PARAMETER WITH
     ITERATION    SCALE REDUCTION      HIGHEST PSR
     100              1.102               1
     200              1.014               2

     REPLICATION 10:


                     POTENTIAL       PARAMETER WITH
     ITERATION    SCALE REDUCTION      HIGHEST PSR
     100              1.085               9
     200              1.064               5

     REPLICATION 11:


                     POTENTIAL       PARAMETER WITH
     ITERATION    SCALE REDUCTION      HIGHEST PSR
     100              1.012               3
     200              1.015               6

     REPLICATION 12:


                     POTENTIAL       PARAMETER WITH
     ITERATION    SCALE REDUCTION      HIGHEST PSR
     100              1.030               9
     200              1.007               3

     REPLICATION 13:


                     POTENTIAL       PARAMETER WITH
     ITERATION    SCALE REDUCTION      HIGHEST PSR
     100              1.015               4
     200              1.032               7

     REPLICATION 14:


                     POTENTIAL       PARAMETER WITH
     ITERATION    SCALE REDUCTION      HIGHEST PSR
     100              1.036               1
     200              1.029               8

     REPLICATION 15:


                     POTENTIAL       PARAMETER WITH
     ITERATION    SCALE REDUCTION      HIGHEST PSR
     100              1.073               3
     200              1.006               3

     REPLICATION 16:


                     POTENTIAL       PARAMETER WITH
     ITERATION    SCALE REDUCTION      HIGHEST PSR
     100              1.031               5
     200              1.021               6

     REPLICATION 17:


                     POTENTIAL       PARAMETER WITH
     ITERATION    SCALE REDUCTION      HIGHEST PSR
     100              1.018               3
     200              1.019               1

     REPLICATION 18:


                     POTENTIAL       PARAMETER WITH
     ITERATION    SCALE REDUCTION      HIGHEST PSR
     100              1.007               8
     200              1.022               6

     REPLICATION 19:


                     POTENTIAL       PARAMETER WITH
     ITERATION    SCALE REDUCTION      HIGHEST PSR
     100              1.021               1
     200              1.005               8

     REPLICATION 20:


                     POTENTIAL       PARAMETER WITH
     ITERATION    SCALE REDUCTION      HIGHEST PSR
     100              1.016               7
     200              1.011               4

     REPLICATION 21:


                     POTENTIAL       PARAMETER WITH
     ITERATION    SCALE REDUCTION      HIGHEST PSR
     100              1.028               9
     200              1.010               1

     REPLICATION 22:


                     POTENTIAL       PARAMETER WITH
     ITERATION    SCALE REDUCTION      HIGHEST PSR
     100              1.033               9
     200              1.026               8

     REPLICATION 23:


                     POTENTIAL       PARAMETER WITH
     ITERATION    SCALE REDUCTION      HIGHEST PSR
     100              1.033               1
     200              1.009               6

     REPLICATION 24:


                     POTENTIAL       PARAMETER WITH
     ITERATION    SCALE REDUCTION      HIGHEST PSR
     100              1.035               9
     200              1.011               9

     REPLICATION 25:


                     POTENTIAL       PARAMETER WITH
     ITERATION    SCALE REDUCTION      HIGHEST PSR
     100              1.001               7
     200              1.039               7

     REPLICATION 26:


                     POTENTIAL       PARAMETER WITH
     ITERATION    SCALE REDUCTION      HIGHEST PSR
     100              1.010               4
     200              1.019               5

     REPLICATION 27:


                     POTENTIAL       PARAMETER WITH
     ITERATION    SCALE REDUCTION      HIGHEST PSR
     100              1.032               5
     200              1.044               7

     REPLICATION 28:


                     POTENTIAL       PARAMETER WITH
     ITERATION    SCALE REDUCTION      HIGHEST PSR
     100              1.039               9
     200              1.001               3

     REPLICATION 29:


                     POTENTIAL       PARAMETER WITH
     ITERATION    SCALE REDUCTION      HIGHEST PSR
     100              1.041               4
     200              1.012               6

     REPLICATION 30:


                     POTENTIAL       PARAMETER WITH
     ITERATION    SCALE REDUCTION      HIGHEST PSR
     100              1.007               7
     200              1.030               5

     REPLICATION 31:


                     POTENTIAL       PARAMETER WITH
     ITERATION    SCALE REDUCTION      HIGHEST PSR
     100              1.034               7
     200              1.007               8

     REPLICATION 32:


                     POTENTIAL       PARAMETER WITH
     ITERATION    SCALE REDUCTION      HIGHEST PSR
     100              1.011               8
     200              1.021               1

     REPLICATION 33:


                     POTENTIAL       PARAMETER WITH
     ITERATION    SCALE REDUCTION      HIGHEST PSR
     100              1.016               3
     200              1.058               9

     REPLICATION 34:


                     POTENTIAL       PARAMETER WITH
     ITERATION    SCALE REDUCTION      HIGHEST PSR
     100              1.002               5
     200              1.011               4

     REPLICATION 35:


                     POTENTIAL       PARAMETER WITH
     ITERATION    SCALE REDUCTION      HIGHEST PSR
     100              1.029               3
     200              1.019               6

     REPLICATION 36:


                     POTENTIAL       PARAMETER WITH
     ITERATION    SCALE REDUCTION      HIGHEST PSR
     100              1.046               7
     200              1.006               1

     REPLICATION 37:


                     POTENTIAL       PARAMETER WITH
     ITERATION    SCALE REDUCTION      HIGHEST PSR
     100              1.024               4
     200              1.007               1

     REPLICATION 38:


                     POTENTIAL       PARAMETER WITH
     ITERATION    SCALE REDUCTION      HIGHEST PSR
     100              1.012               1
     200              1.010               1

     REPLICATION 39:


                     POTENTIAL       PARAMETER WITH
     ITERATION    SCALE REDUCTION      HIGHEST PSR
     100              1.014               7
     200              1.026               2

     REPLICATION 40:


                     POTENTIAL       PARAMETER WITH
     ITERATION    SCALE REDUCTION      HIGHEST PSR
     100              1.040               9
     200              1.017               7

     REPLICATION 41:


                     POTENTIAL       PARAMETER WITH
     ITERATION    SCALE REDUCTION      HIGHEST PSR
     100              1.055               7
     200              1.006               7

     REPLICATION 42:


                     POTENTIAL       PARAMETER WITH
     ITERATION    SCALE REDUCTION      HIGHEST PSR
     100              1.023               7
     200              1.003               6

     REPLICATION 43:


                     POTENTIAL       PARAMETER WITH
     ITERATION    SCALE REDUCTION      HIGHEST PSR
     100              1.047               7
     200              1.023               7

     REPLICATION 44:


                     POTENTIAL       PARAMETER WITH
     ITERATION    SCALE REDUCTION      HIGHEST PSR
     100              1.094               5
     200              1.004               3

     REPLICATION 45:


                     POTENTIAL       PARAMETER WITH
     ITERATION    SCALE REDUCTION      HIGHEST PSR
     100              1.035               8
     200              1.057               5

     REPLICATION 46:


                     POTENTIAL       PARAMETER WITH
     ITERATION    SCALE REDUCTION      HIGHEST PSR
     100              1.036               1
     200              1.022               1

     REPLICATION 47:


                     POTENTIAL       PARAMETER WITH
     ITERATION    SCALE REDUCTION      HIGHEST PSR
     100              1.041               8
     200              1.010               8

     REPLICATION 48:


                     POTENTIAL       PARAMETER WITH
     ITERATION    SCALE REDUCTION      HIGHEST PSR
     100              1.031               9
     200              1.010               4

     REPLICATION 49:


                     POTENTIAL       PARAMETER WITH
     ITERATION    SCALE REDUCTION      HIGHEST PSR
     100              1.044               4
     200              1.041               6

     REPLICATION 50:


                     POTENTIAL       PARAMETER WITH
     ITERATION    SCALE REDUCTION      HIGHEST PSR
     100              1.071               4
     200              1.015               5

     REPLICATION 51:


                     POTENTIAL       PARAMETER WITH
     ITERATION    SCALE REDUCTION      HIGHEST PSR
     100              1.069               3
     200              1.030               5

     REPLICATION 52:


                     POTENTIAL       PARAMETER WITH
     ITERATION    SCALE REDUCTION      HIGHEST PSR
     100              1.096               8
     200              1.031               4

     REPLICATION 53:


                     POTENTIAL       PARAMETER WITH
     ITERATION    SCALE REDUCTION      HIGHEST PSR
     100              1.044               7
     200              1.005               4

     REPLICATION 54:


                     POTENTIAL       PARAMETER WITH
     ITERATION    SCALE REDUCTION      HIGHEST PSR
     100              1.046               3
     200              1.020               1

     REPLICATION 55:


                     POTENTIAL       PARAMETER WITH
     ITERATION    SCALE REDUCTION      HIGHEST PSR
     100              1.098               9
     200              1.014               9

     REPLICATION 56:


                     POTENTIAL       PARAMETER WITH
     ITERATION    SCALE REDUCTION      HIGHEST PSR
     100              1.006               8
     200              1.022               9

     REPLICATION 57:


                     POTENTIAL       PARAMETER WITH
     ITERATION    SCALE REDUCTION      HIGHEST PSR
     100              1.031               8
     200              1.008               9

     REPLICATION 58:


                     POTENTIAL       PARAMETER WITH
     ITERATION    SCALE REDUCTION      HIGHEST PSR
     100              1.054               9
     200              1.011               2

     REPLICATION 59:


                     POTENTIAL       PARAMETER WITH
     ITERATION    SCALE REDUCTION      HIGHEST PSR
     100              1.021               6
     200              1.015               8

     REPLICATION 60:


                     POTENTIAL       PARAMETER WITH
     ITERATION    SCALE REDUCTION      HIGHEST PSR
     100              1.027               4
     200              1.021               5

     REPLICATION 61:


                     POTENTIAL       PARAMETER WITH
     ITERATION    SCALE REDUCTION      HIGHEST PSR
     100              1.016               4
     200              1.007               8

     REPLICATION 62:


                     POTENTIAL       PARAMETER WITH
     ITERATION    SCALE REDUCTION      HIGHEST PSR
     100              1.075               4
     200              1.021               6

     REPLICATION 63:


                     POTENTIAL       PARAMETER WITH
     ITERATION    SCALE REDUCTION      HIGHEST PSR
     100              1.047               7
     200              1.017               5

     REPLICATION 64:


                     POTENTIAL       PARAMETER WITH
     ITERATION    SCALE REDUCTION      HIGHEST PSR
     100              1.048               8
     200              1.026               7

     REPLICATION 65:


                     POTENTIAL       PARAMETER WITH
     ITERATION    SCALE REDUCTION      HIGHEST PSR
     100              1.021               6
     200              1.015               1

     REPLICATION 66:


                     POTENTIAL       PARAMETER WITH
     ITERATION    SCALE REDUCTION      HIGHEST PSR
     100              1.004               1
     200              1.018               3

     REPLICATION 67:


                     POTENTIAL       PARAMETER WITH
     ITERATION    SCALE REDUCTION      HIGHEST PSR
     100              1.008               3
     200              1.014               4

     REPLICATION 68:


                     POTENTIAL       PARAMETER WITH
     ITERATION    SCALE REDUCTION      HIGHEST PSR
     100              1.019               6
     200              1.018               5

     REPLICATION 69:


                     POTENTIAL       PARAMETER WITH
     ITERATION    SCALE REDUCTION      HIGHEST PSR
     100              1.037               9
     200              1.028               6

     REPLICATION 70:


                     POTENTIAL       PARAMETER WITH
     ITERATION    SCALE REDUCTION      HIGHEST PSR
     100              1.031               6
     200              1.031               4

     REPLICATION 71:


                     POTENTIAL       PARAMETER WITH
     ITERATION    SCALE REDUCTION      HIGHEST PSR
     100              1.023               2
     200              1.010               4

     REPLICATION 72:


                     POTENTIAL       PARAMETER WITH
     ITERATION    SCALE REDUCTION      HIGHEST PSR
     100              1.017               7
     200              1.022               3

     REPLICATION 73:


                     POTENTIAL       PARAMETER WITH
     ITERATION    SCALE REDUCTION      HIGHEST PSR
     100              1.044               4
     200              1.016               3

     REPLICATION 74:


                     POTENTIAL       PARAMETER WITH
     ITERATION    SCALE REDUCTION      HIGHEST PSR
     100              1.113               9
     200              1.009               6

     REPLICATION 75:


                     POTENTIAL       PARAMETER WITH
     ITERATION    SCALE REDUCTION      HIGHEST PSR
     100              1.057               1
     200              1.064               9

     REPLICATION 76:


                     POTENTIAL       PARAMETER WITH
     ITERATION    SCALE REDUCTION      HIGHEST PSR
     100              1.094               6
     200              1.070               9

     REPLICATION 77:


                     POTENTIAL       PARAMETER WITH
     ITERATION    SCALE REDUCTION      HIGHEST PSR
     100              1.046               1
     200              1.004               3

     REPLICATION 78:


                     POTENTIAL       PARAMETER WITH
     ITERATION    SCALE REDUCTION      HIGHEST PSR
     100              1.036               8
     200              1.002               4

     REPLICATION 79:


                     POTENTIAL       PARAMETER WITH
     ITERATION    SCALE REDUCTION      HIGHEST PSR
     100              1.063               4
     200              1.028               8

     REPLICATION 80:


                     POTENTIAL       PARAMETER WITH
     ITERATION    SCALE REDUCTION      HIGHEST PSR
     100              1.042               5
     200              1.003               8

     REPLICATION 81:


                     POTENTIAL       PARAMETER WITH
     ITERATION    SCALE REDUCTION      HIGHEST PSR
     100              1.000               1
     200              1.009               7

     REPLICATION 82:


                     POTENTIAL       PARAMETER WITH
     ITERATION    SCALE REDUCTION      HIGHEST PSR
     100              1.010               7
     200              1.009               9

     REPLICATION 83:


                     POTENTIAL       PARAMETER WITH
     ITERATION    SCALE REDUCTION      HIGHEST PSR
     100              1.031               9
     200              1.037               8

     REPLICATION 84:


                     POTENTIAL       PARAMETER WITH
     ITERATION    SCALE REDUCTION      HIGHEST PSR
     100              1.047               9
     200              1.008               7

     REPLICATION 85:


                     POTENTIAL       PARAMETER WITH
     ITERATION    SCALE REDUCTION      HIGHEST PSR
     100              1.024               9
     200              1.005               3

     REPLICATION 86:


                     POTENTIAL       PARAMETER WITH
     ITERATION    SCALE REDUCTION      HIGHEST PSR
     100              1.044               6
     200              1.017               4

     REPLICATION 87:


                     POTENTIAL       PARAMETER WITH
     ITERATION    SCALE REDUCTION      HIGHEST PSR
     100              1.039               3
     200              1.024               3

     REPLICATION 88:


                     POTENTIAL       PARAMETER WITH
     ITERATION    SCALE REDUCTION      HIGHEST PSR
     100              1.018               9
     200              1.005               7

     REPLICATION 89:


                     POTENTIAL       PARAMETER WITH
     ITERATION    SCALE REDUCTION      HIGHEST PSR
     100              1.098               6
     200              1.021               8

     REPLICATION 90:


                     POTENTIAL       PARAMETER WITH
     ITERATION    SCALE REDUCTION      HIGHEST PSR
     100              1.041               1
     200              1.027               9

     REPLICATION 91:


                     POTENTIAL       PARAMETER WITH
     ITERATION    SCALE REDUCTION      HIGHEST PSR
     100              1.030               6
     200              1.006               3

     REPLICATION 92:


                     POTENTIAL       PARAMETER WITH
     ITERATION    SCALE REDUCTION      HIGHEST PSR
     100              1.017               8
     200              1.023               9

     REPLICATION 93:


                     POTENTIAL       PARAMETER WITH
     ITERATION    SCALE REDUCTION      HIGHEST PSR
     100              1.008               5
     200              1.053               6

     REPLICATION 94:


                     POTENTIAL       PARAMETER WITH
     ITERATION    SCALE REDUCTION      HIGHEST PSR
     100              1.009               1
     200              1.041               6

     REPLICATION 95:


                     POTENTIAL       PARAMETER WITH
     ITERATION    SCALE REDUCTION      HIGHEST PSR
     100              1.073               7
     200              1.020               8

     REPLICATION 96:


                     POTENTIAL       PARAMETER WITH
     ITERATION    SCALE REDUCTION      HIGHEST PSR
     100              1.040               3
     200              1.010               8

     REPLICATION 97:


                     POTENTIAL       PARAMETER WITH
     ITERATION    SCALE REDUCTION      HIGHEST PSR
     100              1.101               6
     200              1.019               9

     REPLICATION 98:


                     POTENTIAL       PARAMETER WITH
     ITERATION    SCALE REDUCTION      HIGHEST PSR
     100              1.051               4
     200              1.003               5

     REPLICATION 99:


                     POTENTIAL       PARAMETER WITH
     ITERATION    SCALE REDUCTION      HIGHEST PSR
     100              1.061               9
     200              1.018               5

     REPLICATION 100:


                     POTENTIAL       PARAMETER WITH
     ITERATION    SCALE REDUCTION      HIGHEST PSR
     100              1.090               1
     200              1.002               8


     Beginning Time:  00:31:11
        Ending Time:  00:34:11
       Elapsed Time:  00:03:00



MUTHEN & MUTHEN
3463 Stoner Ave.
Los Angeles, CA  90066

Tel: (310) 391-9971
Fax: (310) 391-8971
Web: www.StatModel.com
Support: Support@StatModel.com

Copyright (c) 1998-2018 Muthen & Muthen
