Mplus VERSION 8.1
MUTHEN & MUTHEN
06/06/2018  12:24 AM

INPUT INSTRUCTIONS

  MONTECARLO:  NAMES ARE y x;
               NOBS = 12000;
               NREP = 100;
               NCSIZES = 1;
               CSIZES = 200(60);
               lagged=y(1) x(1);

  ANALYSIS: 	estimator=bayes;  TYPE IS TWOLEVEL; proc=2;


  MODEL MONTECARLO:

    %WITHIN%
    y*1 x*1;
    y on y&1*0.7;
    y on x*1;
    x on x&1*0.7;

    %between%
    y*1 x*1; y on x*1;

  MODEL:

    %WITHIN%
    y*1 x*1;
    y on y&1*0.7;
    y on x*1;
    x on x&1*0.7;

    %between%
    y*1 x*1; y on x*1;

  OUTPUT: TECH8;



*** WARNING in MODEL command
  In the MODEL command, the following variable is an x-variable on the BETWEEN
  level and a y-variable on the WITHIN level.  This variable will be treated
  as a y-variable on both levels:  X
   1 ERROR(S) FOUND IN THE INPUT INSTRUCTIONS
   1 WARNING(S) FOUND IN THE INPUT INSTRUCTIONS




SUMMARY OF ANALYSIS

Number of groups                                                 1
Number of observations                                       12000

Number of replications
    Requested                                                  100
    Completed                                                  100
Value of seed                                                    0

Number of dependent variables                                    2
Number of independent variables                                  2
Number of continuous latent variables                            0

Observed dependent variables

  Continuous
   Y           X

Observed independent variables
   Y&1         X&1

Variables with special functions

  Within variables
   Y&1         X&1


Estimator                                                    BAYES
Specifications for Bayesian Estimation
  Point estimate                                            MEDIAN
  Number of Markov chain Monte Carlo (MCMC) chains               2
  Random seed for the first chain                                0
  Starting value information                           UNPERTURBED
  Algorithm used for Markov chain Monte Carlo           GIBBS(PX1)
  Convergence criterion                                  0.500D-01
  Maximum number of iterations                               50000
  K-th iteration used for thinning                               1


SUMMARY OF DATA FOR THE FIRST REPLICATION

     Cluster information

       Size (s)    Number of clusters of Size s

         60           200





MODEL FIT INFORMATION

Number of Free Parameters                       10

Information Criteria

    Deviance (DIC)

        Mean                             68684.321
        Std Dev                            204.907
        Number of successful computations      100

             Proportions                   Percentiles
        Expected    Observed         Expected       Observed
           0.990       0.980        68207.646      68179.990
           0.980       0.950        68263.504      68187.828
           0.950       0.940        68347.270      68261.613
           0.900       0.910        68421.712      68415.624
           0.800       0.830        68511.871      68514.605
           0.700       0.670        68576.868      68547.659
           0.500       0.500        68684.321      68678.687
           0.300       0.320        68791.774      68794.993
           0.200       0.230        68856.770      68877.173
           0.100       0.100        68946.929      68945.222
           0.050       0.040        69021.372      69013.809
           0.020       0.000        69105.138      69071.386
           0.010       0.000        69160.995      69076.015

    Estimated Number of Parameters (pD)

        Mean                               547.112
        Std Dev                             12.055
        Number of successful computations      100

             Proportions                   Percentiles
        Expected    Observed         Expected       Observed
           0.990       0.990          519.070        517.747
           0.980       0.980          522.356        520.104
           0.950       0.960          527.284        527.750
           0.900       0.900          531.663        530.765
           0.800       0.770          536.967        536.014
           0.700       0.700          540.791        539.669
           0.500       0.500          547.112        546.810
           0.300       0.310          553.434        553.507
           0.200       0.210          557.258        557.330
           0.100       0.080          562.562        561.244
           0.050       0.040          566.941        565.832
           0.020       0.030          571.869        574.866
           0.010       0.020          575.155        576.343



MODEL RESULTS

                              ESTIMATES              S. E.     M. S. E.  95%  % Sig
                 Population   Average   Std. Dev.   Average             Cover Coeff
Within Level

 Y          ON
  Y&1                 0.700     0.6996     0.0032     0.0032     0.0000 0.950 1.000
  X                   1.000     1.0032     0.0082     0.0078     0.0001 0.900 1.000

 X          ON
  X&1                 0.700     0.7011     0.0065     0.0072     0.0000 0.970 1.000

 Residual Variances
  Y                   1.000     1.0029     0.0127     0.0131     0.0002 0.960 1.000
  X                   1.000     1.0000     0.0117     0.0130     0.0001 0.980 1.000

Between Level

 Y          ON
  X                   1.000     0.9853     0.1179     0.1199     0.0140 0.940 1.000

 Means
  X                   0.000     0.0078     0.0791     0.0765     0.0063 0.910 0.090

 Intercepts
  Y                   0.000    -0.0017     0.0991     0.1048     0.0097 0.970 0.030

 Variances
  X                   1.000     0.9931     0.1064     0.1207     0.0113 0.970 1.000

 Residual Variances
  Y                   1.000     0.9752     0.2291     0.2174     0.0526 0.950 1.000


CORRELATIONS AND MEAN SQUARE ERROR OF THE TRUE FACTOR VALUES AND THE FACTOR SCORES

                        CORRELATIONS                MEAN SQUARE ERROR
                    Average    Std. Dev.           Average    Std. Dev.
  Y                   0.713       0.036              0.986       0.059
  X                   0.952       0.007              0.304       0.016


TECHNICAL 1 OUTPUT


     PARAMETER SPECIFICATION FOR WITHIN


           NU
              Y             X             Y&1           X&1
              ________      ________      ________      ________
                    0             0             0             0


           LAMBDA
              Y             X             Y&1           X&1
              ________      ________      ________      ________
 Y                  0             0             0             0
 X                  0             0             0             0
 Y&1                0             0             0             0
 X&1                0             0             0             0


           THETA
              Y             X             Y&1           X&1
              ________      ________      ________      ________
 Y                  0
 X                  0             0
 Y&1                0             0             0
 X&1                0             0             0             0


           ALPHA
              Y             X             Y&1           X&1
              ________      ________      ________      ________
                    0             0             0             0


           BETA
              Y             X             Y&1           X&1
              ________      ________      ________      ________
 Y                  0             1             2             0
 X                  0             0             0             3
 Y&1                0             0             0             0
 X&1                0             0             0             0


           PSI
              Y             X             Y&1           X&1
              ________      ________      ________      ________
 Y                  4
 X                  0             5
 Y&1                0             0             0
 X&1                0             0             0             0


     PARAMETER SPECIFICATION FOR BETWEEN


           NU
              Y             X
              ________      ________
                    0             0


           LAMBDA
              Y             X
              ________      ________
 Y                  0             0
 X                  0             0


           THETA
              Y             X
              ________      ________
 Y                  0
 X                  0             0


           ALPHA
              Y             X
              ________      ________
                    6             7


           BETA
              Y             X
              ________      ________
 Y                  0             8
 X                  0             0


           PSI
              Y             X
              ________      ________
 Y                  9
 X                  0            10


     STARTING VALUES FOR WITHIN


           NU
              Y             X             Y&1           X&1
              ________      ________      ________      ________
                0.000         0.000         0.000         0.000


           LAMBDA
              Y             X             Y&1           X&1
              ________      ________      ________      ________
 Y              1.000         0.000         0.000         0.000
 X              0.000         1.000         0.000         0.000
 Y&1            0.000         0.000         1.000         0.000
 X&1            0.000         0.000         0.000         1.000


           THETA
              Y             X             Y&1           X&1
              ________      ________      ________      ________
 Y              0.000
 X              0.000         0.000
 Y&1            0.000         0.000         0.000
 X&1            0.000         0.000         0.000         0.000


           ALPHA
              Y             X             Y&1           X&1
              ________      ________      ________      ________
                0.000         0.000         0.000         0.000


           BETA
              Y             X             Y&1           X&1
              ________      ________      ________      ________
 Y              0.000         1.000         0.700         0.000
 X              0.000         0.000         0.000         0.700
 Y&1            0.000         0.000         0.000         0.000
 X&1            0.000         0.000         0.000         0.000


           PSI
              Y             X             Y&1           X&1
              ________      ________      ________      ________
 Y              1.000
 X              0.000         1.000
 Y&1            0.000         0.000         0.500
 X&1            0.000         0.000         0.000         0.500


     STARTING VALUES FOR BETWEEN


           NU
              Y             X
              ________      ________
                0.000         0.000


           LAMBDA
              Y             X
              ________      ________
 Y              1.000         0.000
 X              0.000         1.000


           THETA
              Y             X
              ________      ________
 Y              0.000
 X              0.000         0.000


           ALPHA
              Y             X
              ________      ________
                0.000         0.000


           BETA
              Y             X
              ________      ________
 Y              0.000         1.000
 X              0.000         0.000


           PSI
              Y             X
              ________      ________
 Y              1.000
 X              0.000         1.000


     POPULATION VALUES FOR WITHIN


           NU
              Y             X             Y&1           X&1
              ________      ________      ________      ________
                0.000         0.000         0.000         0.000


           LAMBDA
              Y             X             Y&1           X&1
              ________      ________      ________      ________
 Y              1.000         0.000         0.000         0.000
 X              0.000         1.000         0.000         0.000
 Y&1            0.000         0.000         1.000         0.000
 X&1            0.000         0.000         0.000         1.000


           THETA
              Y             X             Y&1           X&1
              ________      ________      ________      ________
 Y              0.000
 X              0.000         0.000
 Y&1            0.000         0.000         0.000
 X&1            0.000         0.000         0.000         0.000


           ALPHA
              Y             X             Y&1           X&1
              ________      ________      ________      ________
                0.000         0.000         0.000         0.000


           BETA
              Y             X             Y&1           X&1
              ________      ________      ________      ________
 Y              0.000         1.000         0.700         0.000
 X              0.000         0.000         0.000         0.700
 Y&1            0.000         0.000         0.000         0.000
 X&1            0.000         0.000         0.000         0.000


           PSI
              Y             X             Y&1           X&1
              ________      ________      ________      ________
 Y              1.000
 X              0.000         1.000
 Y&1            0.000         0.000         1.000
 X&1            0.000         0.000         0.000         1.000


     POPULATION VALUES FOR BETWEEN


           NU
              Y             X
              ________      ________
                0.000         0.000


           LAMBDA
              Y             X
              ________      ________
 Y              1.000         0.000
 X              0.000         1.000


           THETA
              Y             X
              ________      ________
 Y              0.000
 X              0.000         0.000


           ALPHA
              Y             X
              ________      ________
                0.000         0.000


           BETA
              Y             X
              ________      ________
 Y              0.000         1.000
 X              0.000         0.000


           PSI
              Y             X
              ________      ________
 Y              1.000
 X              0.000         1.000



     PRIORS FOR ALL PARAMETERS            PRIOR MEAN      PRIOR VARIANCE     PRIOR STD. DEV.

     Parameter 1~N(0.000,infinity)           0.0000            infinity            infinity
     Parameter 2~N(0.000,infinity)           0.0000            infinity            infinity
     Parameter 3~N(0.000,infinity)           0.0000            infinity            infinity
     Parameter 4~IG(-1.000,0.000)          infinity            infinity            infinity
     Parameter 5~IG(-1.000,0.000)          infinity            infinity            infinity
     Parameter 6~N(0.000,infinity)           0.0000            infinity            infinity
     Parameter 7~N(0.000,infinity)           0.0000            infinity            infinity
     Parameter 8~N(0.000,infinity)           0.0000            infinity            infinity
     Parameter 9~IG(-1.000,0.000)          infinity            infinity            infinity
     Parameter 10~IG(-1.000,0.000)         infinity            infinity            infinity


TECHNICAL 8 OUTPUT


   TECHNICAL 8 OUTPUT FOR BAYES ESTIMATION

     CHAIN    BSEED
     1        0
     2        285380

     REPLICATION 1:


                     POTENTIAL       PARAMETER WITH
     ITERATION    SCALE REDUCTION      HIGHEST PSR
     100              1.256               9
     200              1.041               10

     REPLICATION 2:


                     POTENTIAL       PARAMETER WITH
     ITERATION    SCALE REDUCTION      HIGHEST PSR
     100              1.034               6
     200              1.057               10

     REPLICATION 3:


                     POTENTIAL       PARAMETER WITH
     ITERATION    SCALE REDUCTION      HIGHEST PSR
     100              1.097               10
     200              1.032               6

     REPLICATION 4:


                     POTENTIAL       PARAMETER WITH
     ITERATION    SCALE REDUCTION      HIGHEST PSR
     100              1.028               9
     200              1.026               6

     REPLICATION 5:


                     POTENTIAL       PARAMETER WITH
     ITERATION    SCALE REDUCTION      HIGHEST PSR
     100              1.057               9
     200              1.022               4

     REPLICATION 6:


                     POTENTIAL       PARAMETER WITH
     ITERATION    SCALE REDUCTION      HIGHEST PSR
     100              1.052               6
     200              1.029               9

     REPLICATION 7:


                     POTENTIAL       PARAMETER WITH
     ITERATION    SCALE REDUCTION      HIGHEST PSR
     100              1.161               9
     200              1.031               6

     REPLICATION 8:


                     POTENTIAL       PARAMETER WITH
     ITERATION    SCALE REDUCTION      HIGHEST PSR
     100              1.498               9
     200              1.112               9
     300              1.067               6

     REPLICATION 9:


                     POTENTIAL       PARAMETER WITH
     ITERATION    SCALE REDUCTION      HIGHEST PSR
     100              1.176               9
     200              1.023               9

     REPLICATION 10:


                     POTENTIAL       PARAMETER WITH
     ITERATION    SCALE REDUCTION      HIGHEST PSR
     100              1.028               9
     200              1.312               6
     300              1.132               9
     400              1.067               9

     REPLICATION 11:


                     POTENTIAL       PARAMETER WITH
     ITERATION    SCALE REDUCTION      HIGHEST PSR
     100              1.082               9
     200              1.060               10

     REPLICATION 12:


                     POTENTIAL       PARAMETER WITH
     ITERATION    SCALE REDUCTION      HIGHEST PSR
     100              1.328               9
     200              1.005               4

     REPLICATION 13:


                     POTENTIAL       PARAMETER WITH
     ITERATION    SCALE REDUCTION      HIGHEST PSR
     100              1.052               5
     200              1.016               8

     REPLICATION 14:


                     POTENTIAL       PARAMETER WITH
     ITERATION    SCALE REDUCTION      HIGHEST PSR
     100              1.244               8
     200              1.039               8

     REPLICATION 15:


                     POTENTIAL       PARAMETER WITH
     ITERATION    SCALE REDUCTION      HIGHEST PSR
     100              1.159               6
     200              1.298               9
     300              1.002               10

     REPLICATION 16:


                     POTENTIAL       PARAMETER WITH
     ITERATION    SCALE REDUCTION      HIGHEST PSR
     100              1.022               6
     200              1.022               6

     REPLICATION 17:


                     POTENTIAL       PARAMETER WITH
     ITERATION    SCALE REDUCTION      HIGHEST PSR
     100              1.112               8
     200              1.091               9
     300              1.044               9

     REPLICATION 18:


                     POTENTIAL       PARAMETER WITH
     ITERATION    SCALE REDUCTION      HIGHEST PSR
     100              1.040               9
     200              1.059               9

     REPLICATION 19:


                     POTENTIAL       PARAMETER WITH
     ITERATION    SCALE REDUCTION      HIGHEST PSR
     100              1.108               6
     200              1.034               6

     REPLICATION 20:


                     POTENTIAL       PARAMETER WITH
     ITERATION    SCALE REDUCTION      HIGHEST PSR
     100              1.112               8
     200              1.020               9

     REPLICATION 21:


                     POTENTIAL       PARAMETER WITH
     ITERATION    SCALE REDUCTION      HIGHEST PSR
     100              1.308               9
     200              1.087               9
     300              1.044               9

     REPLICATION 22:


                     POTENTIAL       PARAMETER WITH
     ITERATION    SCALE REDUCTION      HIGHEST PSR
     100              1.022               5
     200              1.704               9
     300              1.152               9
     400              1.008               8

     REPLICATION 23:


                     POTENTIAL       PARAMETER WITH
     ITERATION    SCALE REDUCTION      HIGHEST PSR
     100              1.069               6
     200              1.126               8
     300              1.000               1

     REPLICATION 24:


                     POTENTIAL       PARAMETER WITH
     ITERATION    SCALE REDUCTION      HIGHEST PSR
     100              1.046               7
     200              1.018               8

     REPLICATION 25:


                     POTENTIAL       PARAMETER WITH
     ITERATION    SCALE REDUCTION      HIGHEST PSR
     100              1.052               9
     200              1.063               6

     REPLICATION 26:


                     POTENTIAL       PARAMETER WITH
     ITERATION    SCALE REDUCTION      HIGHEST PSR
     100              1.051               4
     200              1.032               8

     REPLICATION 27:


                     POTENTIAL       PARAMETER WITH
     ITERATION    SCALE REDUCTION      HIGHEST PSR
     100              1.157               9
     200              1.032               6

     REPLICATION 28:


                     POTENTIAL       PARAMETER WITH
     ITERATION    SCALE REDUCTION      HIGHEST PSR
     100              1.109               9
     200              1.043               8

     REPLICATION 29:


                     POTENTIAL       PARAMETER WITH
     ITERATION    SCALE REDUCTION      HIGHEST PSR
     100              1.036               7
     200              1.032               10

     REPLICATION 30:


                     POTENTIAL       PARAMETER WITH
     ITERATION    SCALE REDUCTION      HIGHEST PSR
     100              1.020               1
     200              1.173               9
     300              1.002               9

     REPLICATION 31:


                     POTENTIAL       PARAMETER WITH
     ITERATION    SCALE REDUCTION      HIGHEST PSR
     100              2.567               9
     200              1.085               9
     300              1.019               9

     REPLICATION 32:


                     POTENTIAL       PARAMETER WITH
     ITERATION    SCALE REDUCTION      HIGHEST PSR
     100              1.355               9
     200              1.019               6

     REPLICATION 33:


                     POTENTIAL       PARAMETER WITH
     ITERATION    SCALE REDUCTION      HIGHEST PSR
     100              1.261               6
     200              1.315               9
     300              1.113               9
     400              1.062               9

     REPLICATION 34:


                     POTENTIAL       PARAMETER WITH
     ITERATION    SCALE REDUCTION      HIGHEST PSR
     100              1.215               9
     200              1.311               9
     300              1.004               6

     REPLICATION 35:


                     POTENTIAL       PARAMETER WITH
     ITERATION    SCALE REDUCTION      HIGHEST PSR
     100              1.177               9
     200              1.123               9
     300              1.016               8

     REPLICATION 36:


                     POTENTIAL       PARAMETER WITH
     ITERATION    SCALE REDUCTION      HIGHEST PSR
     100              1.993               9
     200              1.196               8
     300              1.092               9
     400              1.006               1

     REPLICATION 37:


                     POTENTIAL       PARAMETER WITH
     ITERATION    SCALE REDUCTION      HIGHEST PSR
     100              1.094               9
     200              1.008               4

     REPLICATION 38:


                     POTENTIAL       PARAMETER WITH
     ITERATION    SCALE REDUCTION      HIGHEST PSR
     100              1.115               7
     200              1.006               6

     REPLICATION 39:


                     POTENTIAL       PARAMETER WITH
     ITERATION    SCALE REDUCTION      HIGHEST PSR
     100              1.040               4
     200              1.103               8
     300              1.028               9

     REPLICATION 40:


                     POTENTIAL       PARAMETER WITH
     ITERATION    SCALE REDUCTION      HIGHEST PSR
     100              1.040               6
     200              1.049               10

     REPLICATION 41:


                     POTENTIAL       PARAMETER WITH
     ITERATION    SCALE REDUCTION      HIGHEST PSR
     100              1.043               9
     200              1.032               3

     REPLICATION 42:


                     POTENTIAL       PARAMETER WITH
     ITERATION    SCALE REDUCTION      HIGHEST PSR
     100              1.039               9
     200              1.010               9

     REPLICATION 43:


                     POTENTIAL       PARAMETER WITH
     ITERATION    SCALE REDUCTION      HIGHEST PSR
     100              1.071               6
     200              1.088               9
     300              1.030               9

     REPLICATION 44:


                     POTENTIAL       PARAMETER WITH
     ITERATION    SCALE REDUCTION      HIGHEST PSR
     100              1.145               6
     200              1.036               7

     REPLICATION 45:


                     POTENTIAL       PARAMETER WITH
     ITERATION    SCALE REDUCTION      HIGHEST PSR
     100              1.126               6
     200              1.241               9
     300              1.269               9
     400              1.107               8
     500              1.002               8

     REPLICATION 46:


                     POTENTIAL       PARAMETER WITH
     ITERATION    SCALE REDUCTION      HIGHEST PSR
     100              1.182               8
     200              1.025               6

     REPLICATION 47:


                     POTENTIAL       PARAMETER WITH
     ITERATION    SCALE REDUCTION      HIGHEST PSR
     100              1.071               9
     200              1.038               8

     REPLICATION 48:


                     POTENTIAL       PARAMETER WITH
     ITERATION    SCALE REDUCTION      HIGHEST PSR
     100              1.120               8
     200              1.037               9

     REPLICATION 49:


                     POTENTIAL       PARAMETER WITH
     ITERATION    SCALE REDUCTION      HIGHEST PSR
     100              1.289               9
     200              1.019               8

     REPLICATION 50:


                     POTENTIAL       PARAMETER WITH
     ITERATION    SCALE REDUCTION      HIGHEST PSR
     100              1.123               8
     200              1.080               6
     300              1.029               6

     REPLICATION 51:


                     POTENTIAL       PARAMETER WITH
     ITERATION    SCALE REDUCTION      HIGHEST PSR
     100              1.140               8
     200              1.015               5

     REPLICATION 52:


                     POTENTIAL       PARAMETER WITH
     ITERATION    SCALE REDUCTION      HIGHEST PSR
     100              1.341               9
     200              1.016               6

     REPLICATION 53:


                     POTENTIAL       PARAMETER WITH
     ITERATION    SCALE REDUCTION      HIGHEST PSR
     100              1.015               9
     200              1.017               3

     REPLICATION 54:


                     POTENTIAL       PARAMETER WITH
     ITERATION    SCALE REDUCTION      HIGHEST PSR
     100              1.049               9
     200              1.008               4

     REPLICATION 55:


                     POTENTIAL       PARAMETER WITH
     ITERATION    SCALE REDUCTION      HIGHEST PSR
     100              1.059               8
     200              1.041               9

     REPLICATION 56:


                     POTENTIAL       PARAMETER WITH
     ITERATION    SCALE REDUCTION      HIGHEST PSR
     100              1.130               9
     200              1.054               8

     REPLICATION 57:


                     POTENTIAL       PARAMETER WITH
     ITERATION    SCALE REDUCTION      HIGHEST PSR
     100              1.048               8
     200              1.060               9

     REPLICATION 58:


                     POTENTIAL       PARAMETER WITH
     ITERATION    SCALE REDUCTION      HIGHEST PSR
     100              1.315               9
     200              1.002               6

     REPLICATION 59:


                     POTENTIAL       PARAMETER WITH
     ITERATION    SCALE REDUCTION      HIGHEST PSR
     100              1.100               8
     200              1.077               9

     REPLICATION 60:


                     POTENTIAL       PARAMETER WITH
     ITERATION    SCALE REDUCTION      HIGHEST PSR
     100              1.446               6
     200              1.017               4

     REPLICATION 61:


                     POTENTIAL       PARAMETER WITH
     ITERATION    SCALE REDUCTION      HIGHEST PSR
     100              1.257               8
     200              1.039               9

     REPLICATION 62:


                     POTENTIAL       PARAMETER WITH
     ITERATION    SCALE REDUCTION      HIGHEST PSR
     100              1.101               8
     200              1.170               9
     300              1.003               4

     REPLICATION 63:


                     POTENTIAL       PARAMETER WITH
     ITERATION    SCALE REDUCTION      HIGHEST PSR
     100              1.004               8
     200              1.280               9
     300              1.030               9

     REPLICATION 64:


                     POTENTIAL       PARAMETER WITH
     ITERATION    SCALE REDUCTION      HIGHEST PSR
     100              1.081               4
     200              1.014               4

     REPLICATION 65:


                     POTENTIAL       PARAMETER WITH
     ITERATION    SCALE REDUCTION      HIGHEST PSR
     100              1.380               8
     200              1.035               6

     REPLICATION 66:


                     POTENTIAL       PARAMETER WITH
     ITERATION    SCALE REDUCTION      HIGHEST PSR
     100              1.008               7
     200              1.014               4

     REPLICATION 67:


                     POTENTIAL       PARAMETER WITH
     ITERATION    SCALE REDUCTION      HIGHEST PSR
     100              1.071               6
     200              1.220               9
     300              1.060               6

     REPLICATION 68:


                     POTENTIAL       PARAMETER WITH
     ITERATION    SCALE REDUCTION      HIGHEST PSR
     100              1.077               6
     200              1.125               9
     300              1.335               9
     400              1.138               9
     500              1.091               9
     600              1.020               9

     REPLICATION 69:


                     POTENTIAL       PARAMETER WITH
     ITERATION    SCALE REDUCTION      HIGHEST PSR
     100              1.167               8
     200              1.064               8

     REPLICATION 70:


                     POTENTIAL       PARAMETER WITH
     ITERATION    SCALE REDUCTION      HIGHEST PSR
     100              1.438               9
     200              1.090               9
     300              1.014               6

     REPLICATION 71:


                     POTENTIAL       PARAMETER WITH
     ITERATION    SCALE REDUCTION      HIGHEST PSR
     100              1.253               9
     200              1.028               7

     REPLICATION 72:


                     POTENTIAL       PARAMETER WITH
     ITERATION    SCALE REDUCTION      HIGHEST PSR
     100              1.556               9
     200              1.071               6

     REPLICATION 73:


                     POTENTIAL       PARAMETER WITH
     ITERATION    SCALE REDUCTION      HIGHEST PSR
     100              1.079               9
     200              1.065               9

     REPLICATION 74:


                     POTENTIAL       PARAMETER WITH
     ITERATION    SCALE REDUCTION      HIGHEST PSR
     100              1.091               6
     200              1.024               9

     REPLICATION 75:


                     POTENTIAL       PARAMETER WITH
     ITERATION    SCALE REDUCTION      HIGHEST PSR
     100              1.019               7
     200              1.044               6

     REPLICATION 76:


                     POTENTIAL       PARAMETER WITH
     ITERATION    SCALE REDUCTION      HIGHEST PSR
     100              1.032               4
     200              1.018               5

     REPLICATION 77:


                     POTENTIAL       PARAMETER WITH
     ITERATION    SCALE REDUCTION      HIGHEST PSR
     100              1.389               9
     200              1.141               9
     300              1.103               6
     400              1.184               9
     500              1.104               9
     600              1.104               9
     700              1.042               9

     REPLICATION 78:


                     POTENTIAL       PARAMETER WITH
     ITERATION    SCALE REDUCTION      HIGHEST PSR
     100              1.083               9
     200              1.036               6

     REPLICATION 79:


                     POTENTIAL       PARAMETER WITH
     ITERATION    SCALE REDUCTION      HIGHEST PSR
     100              1.183               6
     200              1.023               10

     REPLICATION 80:


                     POTENTIAL       PARAMETER WITH
     ITERATION    SCALE REDUCTION      HIGHEST PSR
     100              1.045               6
     200              1.063               6

     REPLICATION 81:


                     POTENTIAL       PARAMETER WITH
     ITERATION    SCALE REDUCTION      HIGHEST PSR
     100              1.047               9
     200              1.058               9

     REPLICATION 82:


                     POTENTIAL       PARAMETER WITH
     ITERATION    SCALE REDUCTION      HIGHEST PSR
     100              1.061               10
     200              1.023               6

     REPLICATION 83:


                     POTENTIAL       PARAMETER WITH
     ITERATION    SCALE REDUCTION      HIGHEST PSR
     100              1.026               8
     200              1.038               9

     REPLICATION 84:


                     POTENTIAL       PARAMETER WITH
     ITERATION    SCALE REDUCTION      HIGHEST PSR
     100              1.255               8
     200              1.070               9

     REPLICATION 85:


                     POTENTIAL       PARAMETER WITH
     ITERATION    SCALE REDUCTION      HIGHEST PSR
     100              1.146               6
     200              1.036               9

     REPLICATION 86:


                     POTENTIAL       PARAMETER WITH
     ITERATION    SCALE REDUCTION      HIGHEST PSR
     100              1.038               10
     200              1.069               9

     REPLICATION 87:


                     POTENTIAL       PARAMETER WITH
     ITERATION    SCALE REDUCTION      HIGHEST PSR
     100              1.095               9
     200              1.051               9

     REPLICATION 88:


                     POTENTIAL       PARAMETER WITH
     ITERATION    SCALE REDUCTION      HIGHEST PSR
     100              1.071               6
     200              1.026               7

     REPLICATION 89:


                     POTENTIAL       PARAMETER WITH
     ITERATION    SCALE REDUCTION      HIGHEST PSR
     100              1.145               9
     200              1.000               1

     REPLICATION 90:


                     POTENTIAL       PARAMETER WITH
     ITERATION    SCALE REDUCTION      HIGHEST PSR
     100              1.006               4
     200              1.000               1

     REPLICATION 91:


                     POTENTIAL       PARAMETER WITH
     ITERATION    SCALE REDUCTION      HIGHEST PSR
     100              1.078               8
     200              1.082               9
     300              1.053               6

     REPLICATION 92:


                     POTENTIAL       PARAMETER WITH
     ITERATION    SCALE REDUCTION      HIGHEST PSR
     100              1.204               9
     200              1.043               9

     REPLICATION 93:


                     POTENTIAL       PARAMETER WITH
     ITERATION    SCALE REDUCTION      HIGHEST PSR
     100              1.116               6
     200              1.064               10

     REPLICATION 94:


                     POTENTIAL       PARAMETER WITH
     ITERATION    SCALE REDUCTION      HIGHEST PSR
     100              1.149               6
     200              1.022               6

     REPLICATION 95:


                     POTENTIAL       PARAMETER WITH
     ITERATION    SCALE REDUCTION      HIGHEST PSR
     100              1.066               9
     200              1.069               6

     REPLICATION 96:


                     POTENTIAL       PARAMETER WITH
     ITERATION    SCALE REDUCTION      HIGHEST PSR
     100              1.132               8
     200              1.059               8

     REPLICATION 97:


                     POTENTIAL       PARAMETER WITH
     ITERATION    SCALE REDUCTION      HIGHEST PSR
     100              1.140               9
     200              1.054               6

     REPLICATION 98:


                     POTENTIAL       PARAMETER WITH
     ITERATION    SCALE REDUCTION      HIGHEST PSR
     100              1.129               8
     200              1.059               8

     REPLICATION 99:


                     POTENTIAL       PARAMETER WITH
     ITERATION    SCALE REDUCTION      HIGHEST PSR
     100              1.051               9
     200              1.264               9
     300              1.024               10

     REPLICATION 100:


                     POTENTIAL       PARAMETER WITH
     ITERATION    SCALE REDUCTION      HIGHEST PSR
     100              1.116               9
     200              1.036               10


     Beginning Time:  00:24:52
        Ending Time:  00:28:05
       Elapsed Time:  00:03:13



MUTHEN & MUTHEN
3463 Stoner Ave.
Los Angeles, CA  90066

Tel: (310) 391-9971
Fax: (310) 391-8971
Web: www.StatModel.com
Support: Support@StatModel.com

Copyright (c) 1998-2018 Muthen & Muthen
