Mplus VERSION 8.3 (Linux)
MUTHEN & MUTHEN
06/20/2019   7:19 AM

INPUT INSTRUCTIONS

  MONTECARLO:  NAMES ARE y;
               NOBS = 500;
               NREP = 100;
               lagged=y(2);
               repsave=all;
               save=dat/a*.dat;
               results=dat/res.dat;

  ANALYSIS: 	estimator=bayes; proc=2;


  MODEL MONTECARLO:
    y*1;
    y on y&1*0.5 y&2*0.2;
    [y*1];

  MODEL:
    y*1;
    y on y&1*0.5 y&2*0.2;
    [y*1];

  OUTPUT: TECH8;



INPUT READING TERMINATED NORMALLY




SUMMARY OF ANALYSIS

Number of groups                                                 1
Number of observations                                         500

Number of replications
    Requested                                                  100
    Completed                                                  100
Value of seed                                                    0

Number of dependent variables                                    1
Number of independent variables                                  2
Number of continuous latent variables                            0

Observed dependent variables

  Continuous
   Y

Observed independent variables
   Y&1         Y&2


Estimator                                                    BAYES
Specifications for Bayesian Estimation
  Point estimate                                            MEDIAN
  Number of Markov chain Monte Carlo (MCMC) chains               2
  Random seed for the first chain                                0
  Starting value information                           UNPERTURBED
  Algorithm used for Markov chain Monte Carlo           GIBBS(PX1)
  Convergence criterion                                  0.500D-01
  Maximum number of iterations                               50000
  K-th iteration used for thinning                               1





MODEL FIT INFORMATION

Number of Free Parameters                        4

Information Criteria

    Deviance (DIC)

        Mean                              1418.807
        Std Dev                             35.976
        Number of successful computations      100

             Proportions                   Percentiles
        Expected    Observed         Expected       Observed
           0.990       0.990         1335.117       1332.841
           0.980       0.970         1344.924       1341.998
           0.950       0.960         1359.631       1361.144
           0.900       0.900         1372.701       1366.531
           0.800       0.810         1388.530       1387.778
           0.700       0.680         1399.941       1396.664
           0.500       0.490         1418.807       1417.911
           0.300       0.300         1437.672       1434.448
           0.200       0.220         1449.084       1449.992
           0.100       0.110         1464.913       1466.479
           0.050       0.060         1477.983       1478.598
           0.020       0.010         1492.690       1488.177
           0.010       0.010         1502.497       1491.849

    Estimated Number of Parameters (pD)

        Mean                                 4.416
        Std Dev                              0.696
        Number of successful computations      100

             Proportions                   Percentiles
        Expected    Observed         Expected       Observed
           0.990       0.990            2.797          2.731
           0.980       0.990            2.987          2.992
           0.950       0.980            3.271          3.335
           0.900       0.920            3.524          3.580
           0.800       0.800            3.830          3.786
           0.700       0.630            4.051          3.973
           0.500       0.490            4.416          4.385
           0.300       0.290            4.781          4.765
           0.200       0.210            5.002          5.056
           0.100       0.120            5.309          5.415
           0.050       0.070            5.561          5.660
           0.020       0.010            5.846          5.802
           0.010       0.010            6.036          5.841



MODEL RESULTS

                              ESTIMATES              S. E.     M. S. E.  95%  % Sig
                 Population   Average   Std. Dev.   Average             Cover Coeff
 Y          ON
  Y&1                 0.500     0.4991     0.0478     0.0442     0.0023 0.950 1.000
  Y&2                 0.200     0.1939     0.0428     0.0445     0.0019 0.960 0.980

 Intercepts
  Y                   1.000     1.0198     0.1224     0.1366     0.0152 0.970 1.000

 Residual Variances
  Y                   1.000     0.9980     0.0731     0.0636     0.0053 0.920 1.000


TECHNICAL 1 OUTPUT


     PARAMETER SPECIFICATION


           NU
              Y             Y&1           Y&2
              ________      ________      ________
                    0             0             0


           LAMBDA
              Y             Y&1           Y&2
              ________      ________      ________
 Y                  0             0             0
 Y&1                0             0             0
 Y&2                0             0             0


           THETA
              Y             Y&1           Y&2
              ________      ________      ________
 Y                  0
 Y&1                0             0
 Y&2                0             0             0


           ALPHA
              Y             Y&1           Y&2
              ________      ________      ________
                    1             0             0


           BETA
              Y             Y&1           Y&2
              ________      ________      ________
 Y                  0             2             3
 Y&1                0             0             0
 Y&2                0             0             0


           PSI
              Y             Y&1           Y&2
              ________      ________      ________
 Y                  4
 Y&1                0             0
 Y&2                0             0             0


     STARTING VALUES


           NU
              Y             Y&1           Y&2
              ________      ________      ________
                0.000         0.000         0.000


           LAMBDA
              Y             Y&1           Y&2
              ________      ________      ________
 Y              1.000         0.000         0.000
 Y&1            0.000         1.000         0.000
 Y&2            0.000         0.000         1.000


           THETA
              Y             Y&1           Y&2
              ________      ________      ________
 Y              0.000
 Y&1            0.000         0.000
 Y&2            0.000         0.000         0.000


           ALPHA
              Y             Y&1           Y&2
              ________      ________      ________
                1.000         0.000         0.000


           BETA
              Y             Y&1           Y&2
              ________      ________      ________
 Y              0.000         0.500         0.200
 Y&1            0.000         0.000         0.000
 Y&2            0.000         0.000         0.000


           PSI
              Y             Y&1           Y&2
              ________      ________      ________
 Y              1.000
 Y&1            0.000         0.500
 Y&2            0.000         0.000         0.500


     POPULATION VALUES


           NU
              Y             Y&1           Y&2
              ________      ________      ________
                0.000         0.000         0.000


           LAMBDA
              Y             Y&1           Y&2
              ________      ________      ________
 Y              1.000         0.000         0.000
 Y&1            0.000         1.000         0.000
 Y&2            0.000         0.000         1.000


           THETA
              Y             Y&1           Y&2
              ________      ________      ________
 Y              0.000
 Y&1            0.000         0.000
 Y&2            0.000         0.000         0.000


           ALPHA
              Y             Y&1           Y&2
              ________      ________      ________
                1.000         0.000         0.000


           BETA
              Y             Y&1           Y&2
              ________      ________      ________
 Y              0.000         0.500         0.200
 Y&1            0.000         0.000         0.000
 Y&2            0.000         0.000         0.000


           PSI
              Y             Y&1           Y&2
              ________      ________      ________
 Y              1.000
 Y&1            0.000         1.000
 Y&2            0.000         0.000         1.000



     PRIORS FOR ALL PARAMETERS            PRIOR MEAN      PRIOR VARIANCE     PRIOR STD. DEV.

     Parameter 1~N(0.000,infinity)           0.0000            infinity            infinity
     Parameter 2~N(0.000,infinity)           0.0000            infinity            infinity
     Parameter 3~N(0.000,infinity)           0.0000            infinity            infinity
     Parameter 4~IG(-1.000,0.000)          infinity            infinity            infinity


TECHNICAL 8 OUTPUT


   TECHNICAL 8 OUTPUT FOR BAYES ESTIMATION

     CHAIN    BSEED
     1        0
     2        285380

     REPLICATION 1:


                     POTENTIAL       PARAMETER WITH
     ITERATION    SCALE REDUCTION      HIGHEST PSR
     100              1.001               1
     200              1.007               1

     REPLICATION 2:


                     POTENTIAL       PARAMETER WITH
     ITERATION    SCALE REDUCTION      HIGHEST PSR
     100              1.000               1
     200              1.002               4

     REPLICATION 3:


                     POTENTIAL       PARAMETER WITH
     ITERATION    SCALE REDUCTION      HIGHEST PSR
     100              1.019               3
     200              1.009               2

     REPLICATION 4:


                     POTENTIAL       PARAMETER WITH
     ITERATION    SCALE REDUCTION      HIGHEST PSR
     100              1.000               1
     200              1.000               1

     REPLICATION 5:


                     POTENTIAL       PARAMETER WITH
     ITERATION    SCALE REDUCTION      HIGHEST PSR
     100              1.000               1
     200              1.007               4

     REPLICATION 6:


                     POTENTIAL       PARAMETER WITH
     ITERATION    SCALE REDUCTION      HIGHEST PSR
     100              1.051               2
     200              1.003               4

     REPLICATION 7:


                     POTENTIAL       PARAMETER WITH
     ITERATION    SCALE REDUCTION      HIGHEST PSR
     100              1.040               2
     200              1.000               1

     REPLICATION 8:


                     POTENTIAL       PARAMETER WITH
     ITERATION    SCALE REDUCTION      HIGHEST PSR
     100              1.015               4
     200              1.000               1

     REPLICATION 9:


                     POTENTIAL       PARAMETER WITH
     ITERATION    SCALE REDUCTION      HIGHEST PSR
     100              1.008               4
     200              1.000               1

     REPLICATION 10:


                     POTENTIAL       PARAMETER WITH
     ITERATION    SCALE REDUCTION      HIGHEST PSR
     100              1.011               3
     200              1.009               3

     REPLICATION 11:


                     POTENTIAL       PARAMETER WITH
     ITERATION    SCALE REDUCTION      HIGHEST PSR
     100              1.000               1
     200              1.002               4

     REPLICATION 12:


                     POTENTIAL       PARAMETER WITH
     ITERATION    SCALE REDUCTION      HIGHEST PSR
     100              1.066               1
     200              1.023               3

     REPLICATION 13:


                     POTENTIAL       PARAMETER WITH
     ITERATION    SCALE REDUCTION      HIGHEST PSR
     100              1.000               1
     200              1.004               1

     REPLICATION 14:


                     POTENTIAL       PARAMETER WITH
     ITERATION    SCALE REDUCTION      HIGHEST PSR
     100              1.004               1
     200              1.003               4

     REPLICATION 15:


                     POTENTIAL       PARAMETER WITH
     ITERATION    SCALE REDUCTION      HIGHEST PSR
     100              1.024               4
     200              1.015               1

     REPLICATION 16:


                     POTENTIAL       PARAMETER WITH
     ITERATION    SCALE REDUCTION      HIGHEST PSR
     100              1.000               1
     200              1.003               3

     REPLICATION 17:


                     POTENTIAL       PARAMETER WITH
     ITERATION    SCALE REDUCTION      HIGHEST PSR
     100              1.024               2
     200              1.000               1

     REPLICATION 18:


                     POTENTIAL       PARAMETER WITH
     ITERATION    SCALE REDUCTION      HIGHEST PSR
     100              1.006               4
     200              1.002               4

     REPLICATION 19:


                     POTENTIAL       PARAMETER WITH
     ITERATION    SCALE REDUCTION      HIGHEST PSR
     100              1.000               1
     200              1.006               1

     REPLICATION 20:


                     POTENTIAL       PARAMETER WITH
     ITERATION    SCALE REDUCTION      HIGHEST PSR
     100              1.036               2
     200              1.031               4

     REPLICATION 21:


                     POTENTIAL       PARAMETER WITH
     ITERATION    SCALE REDUCTION      HIGHEST PSR
     100              1.043               2
     200              1.029               2

     REPLICATION 22:


                     POTENTIAL       PARAMETER WITH
     ITERATION    SCALE REDUCTION      HIGHEST PSR
     100              1.072               1
     200              1.005               2

     REPLICATION 23:


                     POTENTIAL       PARAMETER WITH
     ITERATION    SCALE REDUCTION      HIGHEST PSR
     100              1.012               4
     200              1.009               3

     REPLICATION 24:


                     POTENTIAL       PARAMETER WITH
     ITERATION    SCALE REDUCTION      HIGHEST PSR
     100              1.000               1
     200              1.011               4

     REPLICATION 25:


                     POTENTIAL       PARAMETER WITH
     ITERATION    SCALE REDUCTION      HIGHEST PSR
     100              1.081               4
     200              1.000               1

     REPLICATION 26:


                     POTENTIAL       PARAMETER WITH
     ITERATION    SCALE REDUCTION      HIGHEST PSR
     100              1.020               1
     200              1.014               4

     REPLICATION 27:


                     POTENTIAL       PARAMETER WITH
     ITERATION    SCALE REDUCTION      HIGHEST PSR
     100              1.031               2
     200              1.021               1

     REPLICATION 28:


                     POTENTIAL       PARAMETER WITH
     ITERATION    SCALE REDUCTION      HIGHEST PSR
     100              1.023               4
     200              1.000               1

     REPLICATION 29:


                     POTENTIAL       PARAMETER WITH
     ITERATION    SCALE REDUCTION      HIGHEST PSR
     100              1.002               1
     200              1.002               2

     REPLICATION 30:


                     POTENTIAL       PARAMETER WITH
     ITERATION    SCALE REDUCTION      HIGHEST PSR
     100              1.000               1
     200              1.002               3

     REPLICATION 31:


                     POTENTIAL       PARAMETER WITH
     ITERATION    SCALE REDUCTION      HIGHEST PSR
     100              1.006               3
     200              1.004               2

     REPLICATION 32:


                     POTENTIAL       PARAMETER WITH
     ITERATION    SCALE REDUCTION      HIGHEST PSR
     100              1.000               1
     200              1.011               4

     REPLICATION 33:


                     POTENTIAL       PARAMETER WITH
     ITERATION    SCALE REDUCTION      HIGHEST PSR
     100              1.010               2
     200              1.016               3

     REPLICATION 34:


                     POTENTIAL       PARAMETER WITH
     ITERATION    SCALE REDUCTION      HIGHEST PSR
     100              1.032               4
     200              1.002               4

     REPLICATION 35:


                     POTENTIAL       PARAMETER WITH
     ITERATION    SCALE REDUCTION      HIGHEST PSR
     100              1.000               1
     200              1.005               2

     REPLICATION 36:


                     POTENTIAL       PARAMETER WITH
     ITERATION    SCALE REDUCTION      HIGHEST PSR
     100              1.006               1
     200              1.009               4

     REPLICATION 37:


                     POTENTIAL       PARAMETER WITH
     ITERATION    SCALE REDUCTION      HIGHEST PSR
     100              1.000               1
     200              1.006               2

     REPLICATION 38:


                     POTENTIAL       PARAMETER WITH
     ITERATION    SCALE REDUCTION      HIGHEST PSR
     100              1.069               4
     200              1.014               1

     REPLICATION 39:


                     POTENTIAL       PARAMETER WITH
     ITERATION    SCALE REDUCTION      HIGHEST PSR
     100              1.006               1
     200              1.000               1

     REPLICATION 40:


                     POTENTIAL       PARAMETER WITH
     ITERATION    SCALE REDUCTION      HIGHEST PSR
     100              1.037               1
     200              1.000               1

     REPLICATION 41:


                     POTENTIAL       PARAMETER WITH
     ITERATION    SCALE REDUCTION      HIGHEST PSR
     100              1.013               2
     200              1.010               1

     REPLICATION 42:


                     POTENTIAL       PARAMETER WITH
     ITERATION    SCALE REDUCTION      HIGHEST PSR
     100              1.000               1
     200              1.003               4

     REPLICATION 43:


                     POTENTIAL       PARAMETER WITH
     ITERATION    SCALE REDUCTION      HIGHEST PSR
     100              1.008               3
     200              1.005               2

     REPLICATION 44:


                     POTENTIAL       PARAMETER WITH
     ITERATION    SCALE REDUCTION      HIGHEST PSR
     100              1.036               1
     200              1.008               1

     REPLICATION 45:


                     POTENTIAL       PARAMETER WITH
     ITERATION    SCALE REDUCTION      HIGHEST PSR
     100              1.025               4
     200              1.000               1

     REPLICATION 46:


                     POTENTIAL       PARAMETER WITH
     ITERATION    SCALE REDUCTION      HIGHEST PSR
     100              1.006               3
     200              1.031               2

     REPLICATION 47:


                     POTENTIAL       PARAMETER WITH
     ITERATION    SCALE REDUCTION      HIGHEST PSR
     100              1.039               3
     200              1.003               2

     REPLICATION 48:


                     POTENTIAL       PARAMETER WITH
     ITERATION    SCALE REDUCTION      HIGHEST PSR
     100              1.013               2
     200              1.000               1

     REPLICATION 49:


                     POTENTIAL       PARAMETER WITH
     ITERATION    SCALE REDUCTION      HIGHEST PSR
     100              1.002               1
     200              1.008               2

     REPLICATION 50:


                     POTENTIAL       PARAMETER WITH
     ITERATION    SCALE REDUCTION      HIGHEST PSR
     100              1.001               3
     200              1.000               1

     REPLICATION 51:


                     POTENTIAL       PARAMETER WITH
     ITERATION    SCALE REDUCTION      HIGHEST PSR
     100              1.017               1
     200              1.015               3

     REPLICATION 52:


                     POTENTIAL       PARAMETER WITH
     ITERATION    SCALE REDUCTION      HIGHEST PSR
     100              1.047               4
     200              1.008               4

     REPLICATION 53:


                     POTENTIAL       PARAMETER WITH
     ITERATION    SCALE REDUCTION      HIGHEST PSR
     100              1.000               1
     200              1.009               2

     REPLICATION 54:


                     POTENTIAL       PARAMETER WITH
     ITERATION    SCALE REDUCTION      HIGHEST PSR
     100              1.003               1
     200              1.005               3

     REPLICATION 55:


                     POTENTIAL       PARAMETER WITH
     ITERATION    SCALE REDUCTION      HIGHEST PSR
     100              1.000               1
     200              1.005               3

     REPLICATION 56:


                     POTENTIAL       PARAMETER WITH
     ITERATION    SCALE REDUCTION      HIGHEST PSR
     100              1.002               2
     200              1.000               1

     REPLICATION 57:


                     POTENTIAL       PARAMETER WITH
     ITERATION    SCALE REDUCTION      HIGHEST PSR
     100              1.006               3
     200              1.010               1

     REPLICATION 58:


                     POTENTIAL       PARAMETER WITH
     ITERATION    SCALE REDUCTION      HIGHEST PSR
     100              1.028               4
     200              1.000               1

     REPLICATION 59:


                     POTENTIAL       PARAMETER WITH
     ITERATION    SCALE REDUCTION      HIGHEST PSR
     100              1.010               3
     200              1.000               1

     REPLICATION 60:


                     POTENTIAL       PARAMETER WITH
     ITERATION    SCALE REDUCTION      HIGHEST PSR
     100              1.049               4
     200              1.007               3

     REPLICATION 61:


                     POTENTIAL       PARAMETER WITH
     ITERATION    SCALE REDUCTION      HIGHEST PSR
     100              1.005               3
     200              1.004               3

     REPLICATION 62:


                     POTENTIAL       PARAMETER WITH
     ITERATION    SCALE REDUCTION      HIGHEST PSR
     100              1.025               3
     200              1.032               3

     REPLICATION 63:


                     POTENTIAL       PARAMETER WITH
     ITERATION    SCALE REDUCTION      HIGHEST PSR
     100              1.002               3
     200              1.000               1

     REPLICATION 64:


                     POTENTIAL       PARAMETER WITH
     ITERATION    SCALE REDUCTION      HIGHEST PSR
     100              1.003               2
     200              1.000               1

     REPLICATION 65:


                     POTENTIAL       PARAMETER WITH
     ITERATION    SCALE REDUCTION      HIGHEST PSR
     100              1.007               1
     200              1.000               1

     REPLICATION 66:


                     POTENTIAL       PARAMETER WITH
     ITERATION    SCALE REDUCTION      HIGHEST PSR
     100              1.007               2
     200              1.000               1

     REPLICATION 67:


                     POTENTIAL       PARAMETER WITH
     ITERATION    SCALE REDUCTION      HIGHEST PSR
     100              1.000               1
     200              1.001               3

     REPLICATION 68:


                     POTENTIAL       PARAMETER WITH
     ITERATION    SCALE REDUCTION      HIGHEST PSR
     100              1.024               3
     200              1.000               1

     REPLICATION 69:


                     POTENTIAL       PARAMETER WITH
     ITERATION    SCALE REDUCTION      HIGHEST PSR
     100              1.011               3
     200              1.006               4

     REPLICATION 70:


                     POTENTIAL       PARAMETER WITH
     ITERATION    SCALE REDUCTION      HIGHEST PSR
     100              1.001               3
     200              1.014               4

     REPLICATION 71:


                     POTENTIAL       PARAMETER WITH
     ITERATION    SCALE REDUCTION      HIGHEST PSR
     100              1.010               4
     200              1.010               2

     REPLICATION 72:


                     POTENTIAL       PARAMETER WITH
     ITERATION    SCALE REDUCTION      HIGHEST PSR
     100              1.016               2
     200              1.000               1

     REPLICATION 73:


                     POTENTIAL       PARAMETER WITH
     ITERATION    SCALE REDUCTION      HIGHEST PSR
     100              1.016               4
     200              1.006               4

     REPLICATION 74:


                     POTENTIAL       PARAMETER WITH
     ITERATION    SCALE REDUCTION      HIGHEST PSR
     100              1.000               1
     200              1.008               3

     REPLICATION 75:


                     POTENTIAL       PARAMETER WITH
     ITERATION    SCALE REDUCTION      HIGHEST PSR
     100              1.009               2
     200              1.013               1

     REPLICATION 76:


                     POTENTIAL       PARAMETER WITH
     ITERATION    SCALE REDUCTION      HIGHEST PSR
     100              1.015               1
     200              1.000               3

     REPLICATION 77:


                     POTENTIAL       PARAMETER WITH
     ITERATION    SCALE REDUCTION      HIGHEST PSR
     100              1.037               3
     200              1.000               1

     REPLICATION 78:


                     POTENTIAL       PARAMETER WITH
     ITERATION    SCALE REDUCTION      HIGHEST PSR
     100              1.012               2
     200              1.000               1

     REPLICATION 79:


                     POTENTIAL       PARAMETER WITH
     ITERATION    SCALE REDUCTION      HIGHEST PSR
     100              1.001               4
     200              1.013               1

     REPLICATION 80:


                     POTENTIAL       PARAMETER WITH
     ITERATION    SCALE REDUCTION      HIGHEST PSR
     100              1.034               4
     200              1.004               3

     REPLICATION 81:


                     POTENTIAL       PARAMETER WITH
     ITERATION    SCALE REDUCTION      HIGHEST PSR
     100              1.000               1
     200              1.013               3

     REPLICATION 82:


                     POTENTIAL       PARAMETER WITH
     ITERATION    SCALE REDUCTION      HIGHEST PSR
     100              1.015               2
     200              1.010               2

     REPLICATION 83:


                     POTENTIAL       PARAMETER WITH
     ITERATION    SCALE REDUCTION      HIGHEST PSR
     100              1.036               4
     200              1.000               1

     REPLICATION 84:


                     POTENTIAL       PARAMETER WITH
     ITERATION    SCALE REDUCTION      HIGHEST PSR
     100              1.016               2
     200              1.000               1

     REPLICATION 85:


                     POTENTIAL       PARAMETER WITH
     ITERATION    SCALE REDUCTION      HIGHEST PSR
     100              1.001               4
     200              1.000               1

     REPLICATION 86:


                     POTENTIAL       PARAMETER WITH
     ITERATION    SCALE REDUCTION      HIGHEST PSR
     100              1.018               4
     200              1.006               3

     REPLICATION 87:


                     POTENTIAL       PARAMETER WITH
     ITERATION    SCALE REDUCTION      HIGHEST PSR
     100              1.000               1
     200              1.004               3

     REPLICATION 88:


                     POTENTIAL       PARAMETER WITH
     ITERATION    SCALE REDUCTION      HIGHEST PSR
     100              1.000               1
     200              1.000               1

     REPLICATION 89:


                     POTENTIAL       PARAMETER WITH
     ITERATION    SCALE REDUCTION      HIGHEST PSR
     100              1.000               1
     200              1.009               2

     REPLICATION 90:


                     POTENTIAL       PARAMETER WITH
     ITERATION    SCALE REDUCTION      HIGHEST PSR
     100              1.011               1
     200              1.002               3

     REPLICATION 91:


                     POTENTIAL       PARAMETER WITH
     ITERATION    SCALE REDUCTION      HIGHEST PSR
     100              1.021               2
     200              1.003               3

     REPLICATION 92:


                     POTENTIAL       PARAMETER WITH
     ITERATION    SCALE REDUCTION      HIGHEST PSR
     100              1.008               2
     200              1.000               4

     REPLICATION 93:


                     POTENTIAL       PARAMETER WITH
     ITERATION    SCALE REDUCTION      HIGHEST PSR
     100              1.041               4
     200              1.011               1

     REPLICATION 94:


                     POTENTIAL       PARAMETER WITH
     ITERATION    SCALE REDUCTION      HIGHEST PSR
     100              1.014               2
     200              1.000               1

     REPLICATION 95:


                     POTENTIAL       PARAMETER WITH
     ITERATION    SCALE REDUCTION      HIGHEST PSR
     100              1.049               4
     200              1.008               2

     REPLICATION 96:


                     POTENTIAL       PARAMETER WITH
     ITERATION    SCALE REDUCTION      HIGHEST PSR
     100              1.019               1
     200              1.000               1

     REPLICATION 97:


                     POTENTIAL       PARAMETER WITH
     ITERATION    SCALE REDUCTION      HIGHEST PSR
     100              1.006               2
     200              1.000               1

     REPLICATION 98:


                     POTENTIAL       PARAMETER WITH
     ITERATION    SCALE REDUCTION      HIGHEST PSR
     100              1.009               3
     200              1.004               1

     REPLICATION 99:


                     POTENTIAL       PARAMETER WITH
     ITERATION    SCALE REDUCTION      HIGHEST PSR
     100              1.016               4
     200              1.000               1

     REPLICATION 100:


                     POTENTIAL       PARAMETER WITH
     ITERATION    SCALE REDUCTION      HIGHEST PSR
     100              1.111               4
     200              1.013               2


SAVEDATA INFORMATION

  Order of variables

    Y
    Y&1
    Y&2

  Save file
    a*.dat

  Save file format           Free
  Save file record length    10000


RESULTS SAVING INFORMATION

  Order of data

    Replication number
    Parameter estimates
     (saved in order shown in Technical 1 output)
    Standard errors
     (saved in order shown in Technical 1 output)
    Number of Free Parameters
    Deviance (DIC)
    Estimated Number of Parameters (pD)

  Save file
    dat/res.dat

  Save file format           Free


     Beginning Time:  07:19:08
        Ending Time:  07:19:09
       Elapsed Time:  00:00:01



MUTHEN & MUTHEN
3463 Stoner Ave.
Los Angeles, CA  90066

Tel: (310) 391-9971
Fax: (310) 391-8971
Web: www.StatModel.com
Support: Support@StatModel.com

Copyright (c) 1998-2019 Muthen & Muthen
