Mplus VERSION 8.1
MUTHEN & MUTHEN
06/06/2018  12:36 AM

INPUT INSTRUCTIONS

  MONTECARLO:  NAMES ARE y x;
               NOBS = 12000;
               NREP = 100;
               NCSIZES = 1;
               CSIZES = 200(60);
               lagged=y(1) x(1);
               repsave=all;
               save=a*.dat;
               missing=x;

  model missing: [x*0]; !x on y*0.5;

  ANALYSIS: 	estimator=bayes;  TYPE IS TWOLEVEL; proc=2;


  MODEL MONTECARLO:

    %WITHIN%
    y*1 x*1;
    y on y&1*0.7;
    y on x*1;
    x on x&1*0.7;

    %between%
    y*1 x*1; y on x*1;

  MODEL:

    %WITHIN%
    y*1 x*1;
    y on y&1@0;
    y on x*1;
    x on x&1*0.7;

    %between%
    y*1 x*1; y on x*1;

  OUTPUT: TECH8;



*** WARNING in MODEL command
  In the MODEL command, the following variable is an x-variable on the BETWEEN
  level and a y-variable on the WITHIN level.  This variable will be treated
  as a y-variable on both levels:  X
   1 WARNING(S) FOUND IN THE INPUT INSTRUCTIONS




SUMMARY OF ANALYSIS

Number of groups                                                 1
Number of observations                                       12000

Number of replications
    Requested                                                  100
    Completed                                                  100
Value of seed                                                    0

Number of dependent variables                                    2
Number of independent variables                                  2
Number of continuous latent variables                            0

Observed dependent variables

  Continuous
   Y           X

Observed independent variables
   Y&1         X&1

Variables with special functions

  Within variables
   Y&1         X&1


Estimator                                                    BAYES
Specifications for Bayesian Estimation
  Point estimate                                            MEDIAN
  Number of Markov chain Monte Carlo (MCMC) chains               2
  Random seed for the first chain                                0
  Starting value information                           UNPERTURBED
  Algorithm used for Markov chain Monte Carlo           GIBBS(PX1)
  Convergence criterion                                  0.500D-01
  Maximum number of iterations                               50000
  K-th iteration used for thinning                               1


SUMMARY OF DATA FOR THE FIRST REPLICATION

     Cluster information

       Size (s)    Number of clusters of Size s

         60           200


SUMMARY OF MISSING DATA PATTERNS FOR THE FIRST REPLICATION

     Number of missing data patterns             4


     MISSING DATA PATTERNS (x = not missing)

           1  2  3  4
 Y         x  x  x  x
 X         x        x
 Y&1       x  x  x  x
 X&1       x  x


     MISSING DATA PATTERN FREQUENCIES

    Pattern   Frequency     Pattern   Frequency     Pattern   Frequency
          1        3017           3        2993
          2        3003           4        2987


COVARIANCE COVERAGE OF DATA FOR THE FIRST REPLICATION

Minimum covariance coverage value   0.100


     PROPORTION OF DATA PRESENT


           Covariance Coverage
              Y             X
              ________      ________
 Y              1.000
 X              0.500         0.500





MODEL FIT INFORMATION

Number of Free Parameters                        9

Information Criteria

    Deviance (DIC)

        Mean                             90504.409
        Std Dev                            406.396
        Number of successful computations      100

             Proportions                   Percentiles
        Expected    Observed         Expected       Observed
           0.990       1.000        89559.010      89636.653
           0.980       0.980        89669.793      89648.864
           0.950       0.930        89835.928      89806.040
           0.900       0.870        89983.572      89894.123
           0.800       0.770        90162.386      90044.381
           0.700       0.680        90291.295      90244.806
           0.500       0.570        90504.409      90581.663
           0.300       0.350        90717.523      90753.178
           0.200       0.220        90846.432      90850.872
           0.100       0.090        91025.247      91020.995
           0.050       0.030        91172.890      91095.438
           0.020       0.000        91339.025      91278.393
           0.010       0.000        91449.809      91314.786

    Estimated Number of Parameters (pD)

        Mean                              6276.502
        Std Dev                             65.241
        Number of successful computations      100

             Proportions                   Percentiles
        Expected    Observed         Expected       Observed
           0.990       1.000         6124.732       6143.430
           0.980       1.000         6142.517       6151.681
           0.950       0.950         6169.187       6168.724
           0.900       0.890         6192.889       6187.371
           0.800       0.830         6221.595       6223.176
           0.700       0.670         6242.290       6238.815
           0.500       0.460         6276.502       6271.461
           0.300       0.290         6310.714       6306.240
           0.200       0.210         6331.409       6336.071
           0.100       0.140         6360.115       6364.116
           0.050       0.060         6383.817       6384.395
           0.020       0.020         6410.487       6403.670
           0.010       0.010         6428.272       6412.514



MODEL RESULTS

                              ESTIMATES              S. E.     M. S. E.  95%  % Sig
                 Population   Average   Std. Dev.   Average             Cover Coeff
Within Level

 Y          ON
  Y&1                 0.000     0.0000     0.0000     0.0000     0.0000 1.000 0.000
  X                   1.000     1.8843     0.0240     0.0157     0.7825 0.000 1.000

 X          ON
  X&1                 0.700     0.7705     0.0063     0.0073     0.0050 0.000 1.000

 Residual Variances
  Y                   1.000     4.1370     0.1033     0.0627     9.8516 0.000 1.000
  X                   1.000     0.9271     0.0170     0.0156     0.0056 0.010 1.000

Between Level

 Y          ON
  X                   1.000     1.1440     0.1209     0.1261     0.0352 0.840 1.000

 Means
  X                   0.000     0.0084     0.0817     0.0777     0.0067 0.920 0.080

 Intercepts
  Y                   0.000    -0.0035     0.0957     0.1004     0.0091 0.960 0.040

 Variances
  X                   1.000     0.9036     0.1085     0.1253     0.0209 0.860 1.000

 Residual Variances
  Y                   1.000     1.7592     0.2155     0.2077     0.6224 0.010 1.000


CORRELATIONS AND MEAN SQUARE ERROR OF THE TRUE FACTOR VALUES AND THE FACTOR SCORES

                        CORRELATIONS                MEAN SQUARE ERROR
                    Average    Std. Dev.           Average    Std. Dev.
  Y                   0.664       0.038              1.175       0.071
  X                   0.930       0.009              0.381       0.020


TECHNICAL 1 OUTPUT


     PARAMETER SPECIFICATION FOR WITHIN


           NU
              Y             X             Y&1           X&1
              ________      ________      ________      ________
                    0             0             0             0


           LAMBDA
              Y             X             Y&1           X&1
              ________      ________      ________      ________
 Y                  0             0             0             0
 X                  0             0             0             0
 Y&1                0             0             0             0
 X&1                0             0             0             0


           THETA
              Y             X             Y&1           X&1
              ________      ________      ________      ________
 Y                  0
 X                  0             0
 Y&1                0             0             0
 X&1                0             0             0             0


           ALPHA
              Y             X             Y&1           X&1
              ________      ________      ________      ________
                    0             0             0             0


           BETA
              Y             X             Y&1           X&1
              ________      ________      ________      ________
 Y                  0             1             0             0
 X                  0             0             0             2
 Y&1                0             0             0             0
 X&1                0             0             0             0


           PSI
              Y             X             Y&1           X&1
              ________      ________      ________      ________
 Y                  3
 X                  0             4
 Y&1                0             0             0
 X&1                0             0             0             0


     PARAMETER SPECIFICATION FOR BETWEEN


           NU
              Y             X
              ________      ________
                    0             0


           LAMBDA
              Y             X
              ________      ________
 Y                  0             0
 X                  0             0


           THETA
              Y             X
              ________      ________
 Y                  0
 X                  0             0


           ALPHA
              Y             X
              ________      ________
                    5             6


           BETA
              Y             X
              ________      ________
 Y                  0             7
 X                  0             0


           PSI
              Y             X
              ________      ________
 Y                  8
 X                  0             9


     STARTING VALUES FOR WITHIN


           NU
              Y             X             Y&1           X&1
              ________      ________      ________      ________
                0.000         0.000         0.000         0.000


           LAMBDA
              Y             X             Y&1           X&1
              ________      ________      ________      ________
 Y              1.000         0.000         0.000         0.000
 X              0.000         1.000         0.000         0.000
 Y&1            0.000         0.000         1.000         0.000
 X&1            0.000         0.000         0.000         1.000


           THETA
              Y             X             Y&1           X&1
              ________      ________      ________      ________
 Y              0.000
 X              0.000         0.000
 Y&1            0.000         0.000         0.000
 X&1            0.000         0.000         0.000         0.000


           ALPHA
              Y             X             Y&1           X&1
              ________      ________      ________      ________
                0.000         0.000         0.000         0.000


           BETA
              Y             X             Y&1           X&1
              ________      ________      ________      ________
 Y              0.000         1.000         0.000         0.000
 X              0.000         0.000         0.000         0.700
 Y&1            0.000         0.000         0.000         0.000
 X&1            0.000         0.000         0.000         0.000


           PSI
              Y             X             Y&1           X&1
              ________      ________      ________      ________
 Y              1.000
 X              0.000         1.000
 Y&1            0.000         0.000         0.500
 X&1            0.000         0.000         0.000         0.500


     STARTING VALUES FOR BETWEEN


           NU
              Y             X
              ________      ________
                0.000         0.000


           LAMBDA
              Y             X
              ________      ________
 Y              1.000         0.000
 X              0.000         1.000


           THETA
              Y             X
              ________      ________
 Y              0.000
 X              0.000         0.000


           ALPHA
              Y             X
              ________      ________
                0.000         0.000


           BETA
              Y             X
              ________      ________
 Y              0.000         1.000
 X              0.000         0.000


           PSI
              Y             X
              ________      ________
 Y              1.000
 X              0.000         1.000


     POPULATION VALUES FOR WITHIN


           NU
              Y             X             Y&1           X&1
              ________      ________      ________      ________
                0.000         0.000         0.000         0.000


           LAMBDA
              Y             X             Y&1           X&1
              ________      ________      ________      ________
 Y              1.000         0.000         0.000         0.000
 X              0.000         1.000         0.000         0.000
 Y&1            0.000         0.000         1.000         0.000
 X&1            0.000         0.000         0.000         1.000


           THETA
              Y             X             Y&1           X&1
              ________      ________      ________      ________
 Y              0.000
 X              0.000         0.000
 Y&1            0.000         0.000         0.000
 X&1            0.000         0.000         0.000         0.000


           ALPHA
              Y             X             Y&1           X&1
              ________      ________      ________      ________
                0.000         0.000         0.000         0.000


           BETA
              Y             X             Y&1           X&1
              ________      ________      ________      ________
 Y              0.000         1.000         0.700         0.000
 X              0.000         0.000         0.000         0.700
 Y&1            0.000         0.000         0.000         0.000
 X&1            0.000         0.000         0.000         0.000


           PSI
              Y             X             Y&1           X&1
              ________      ________      ________      ________
 Y              1.000
 X              0.000         1.000
 Y&1            0.000         0.000         1.000
 X&1            0.000         0.000         0.000         1.000


     POPULATION VALUES FOR BETWEEN


           NU
              Y             X
              ________      ________
                0.000         0.000


           LAMBDA
              Y             X
              ________      ________
 Y              1.000         0.000
 X              0.000         1.000


           THETA
              Y             X
              ________      ________
 Y              0.000
 X              0.000         0.000


           ALPHA
              Y             X
              ________      ________
                0.000         0.000


           BETA
              Y             X
              ________      ________
 Y              0.000         1.000
 X              0.000         0.000


           PSI
              Y             X
              ________      ________
 Y              1.000
 X              0.000         1.000



     PRIORS FOR ALL PARAMETERS            PRIOR MEAN      PRIOR VARIANCE     PRIOR STD. DEV.

     Parameter 1~N(0.000,infinity)           0.0000            infinity            infinity
     Parameter 2~N(0.000,infinity)           0.0000            infinity            infinity
     Parameter 3~IG(-1.000,0.000)          infinity            infinity            infinity
     Parameter 4~IG(-1.000,0.000)          infinity            infinity            infinity
     Parameter 5~N(0.000,infinity)           0.0000            infinity            infinity
     Parameter 6~N(0.000,infinity)           0.0000            infinity            infinity
     Parameter 7~N(0.000,infinity)           0.0000            infinity            infinity
     Parameter 8~IG(-1.000,0.000)          infinity            infinity            infinity
     Parameter 9~IG(-1.000,0.000)          infinity            infinity            infinity


TECHNICAL 8 OUTPUT


   TECHNICAL 8 OUTPUT FOR BAYES ESTIMATION

     CHAIN    BSEED
     1        0
     2        285380

     REPLICATION 1:


                     POTENTIAL       PARAMETER WITH
     ITERATION    SCALE REDUCTION      HIGHEST PSR
     100              1.043               7
     200              1.017               5

     REPLICATION 2:


                     POTENTIAL       PARAMETER WITH
     ITERATION    SCALE REDUCTION      HIGHEST PSR
     100              1.032               3
     200              1.091               6
     300              1.043               9

     REPLICATION 3:


                     POTENTIAL       PARAMETER WITH
     ITERATION    SCALE REDUCTION      HIGHEST PSR
     100              1.034               8
     200              1.012               4

     REPLICATION 4:


                     POTENTIAL       PARAMETER WITH
     ITERATION    SCALE REDUCTION      HIGHEST PSR
     100              1.035               9
     200              1.065               8

     REPLICATION 5:


                     POTENTIAL       PARAMETER WITH
     ITERATION    SCALE REDUCTION      HIGHEST PSR
     100              1.117               4
     200              1.012               6

     REPLICATION 6:


                     POTENTIAL       PARAMETER WITH
     ITERATION    SCALE REDUCTION      HIGHEST PSR
     100              1.115               9
     200              1.025               8

     REPLICATION 7:


                     POTENTIAL       PARAMETER WITH
     ITERATION    SCALE REDUCTION      HIGHEST PSR
     100              1.025               3
     200              1.046               2

     REPLICATION 8:


                     POTENTIAL       PARAMETER WITH
     ITERATION    SCALE REDUCTION      HIGHEST PSR
     100              1.015               9
     200              1.015               1

     REPLICATION 9:


                     POTENTIAL       PARAMETER WITH
     ITERATION    SCALE REDUCTION      HIGHEST PSR
     100              1.020               5
     200              1.064               7

     REPLICATION 10:


                     POTENTIAL       PARAMETER WITH
     ITERATION    SCALE REDUCTION      HIGHEST PSR
     100              1.012               1
     200              1.092               6
     300              1.055               9

     REPLICATION 11:


                     POTENTIAL       PARAMETER WITH
     ITERATION    SCALE REDUCTION      HIGHEST PSR
     100              1.062               1
     200              1.016               8

     REPLICATION 12:


                     POTENTIAL       PARAMETER WITH
     ITERATION    SCALE REDUCTION      HIGHEST PSR
     100              1.066               1
     200              1.095               4
     300              1.025               4

     REPLICATION 13:


                     POTENTIAL       PARAMETER WITH
     ITERATION    SCALE REDUCTION      HIGHEST PSR
     100              1.076               4
     200              1.014               9

     REPLICATION 14:


                     POTENTIAL       PARAMETER WITH
     ITERATION    SCALE REDUCTION      HIGHEST PSR
     100              1.024               6
     200              1.002               5

     REPLICATION 15:


                     POTENTIAL       PARAMETER WITH
     ITERATION    SCALE REDUCTION      HIGHEST PSR
     100              1.014               2
     200              1.011               9

     REPLICATION 16:


                     POTENTIAL       PARAMETER WITH
     ITERATION    SCALE REDUCTION      HIGHEST PSR
     100              1.099               4
     200              1.029               4

     REPLICATION 17:


                     POTENTIAL       PARAMETER WITH
     ITERATION    SCALE REDUCTION      HIGHEST PSR
     100              1.058               1
     200              1.049               7

     REPLICATION 18:


                     POTENTIAL       PARAMETER WITH
     ITERATION    SCALE REDUCTION      HIGHEST PSR
     100              1.022               1
     200              1.013               3

     REPLICATION 19:


                     POTENTIAL       PARAMETER WITH
     ITERATION    SCALE REDUCTION      HIGHEST PSR
     100              1.131               9
     200              1.044               6

     REPLICATION 20:


                     POTENTIAL       PARAMETER WITH
     ITERATION    SCALE REDUCTION      HIGHEST PSR
     100              1.043               4
     200              1.011               5

     REPLICATION 21:


                     POTENTIAL       PARAMETER WITH
     ITERATION    SCALE REDUCTION      HIGHEST PSR
     100              1.088               9
     200              1.031               6

     REPLICATION 22:


                     POTENTIAL       PARAMETER WITH
     ITERATION    SCALE REDUCTION      HIGHEST PSR
     100              1.123               7
     200              1.082               1
     300              1.017               4

     REPLICATION 23:


                     POTENTIAL       PARAMETER WITH
     ITERATION    SCALE REDUCTION      HIGHEST PSR
     100              1.059               7
     200              1.060               7

     REPLICATION 24:


                     POTENTIAL       PARAMETER WITH
     ITERATION    SCALE REDUCTION      HIGHEST PSR
     100              1.084               7
     200              1.033               3

     REPLICATION 25:


                     POTENTIAL       PARAMETER WITH
     ITERATION    SCALE REDUCTION      HIGHEST PSR
     100              1.040               7
     200              1.032               8

     REPLICATION 26:


                     POTENTIAL       PARAMETER WITH
     ITERATION    SCALE REDUCTION      HIGHEST PSR
     100              1.081               4
     200              1.023               9

     REPLICATION 27:


                     POTENTIAL       PARAMETER WITH
     ITERATION    SCALE REDUCTION      HIGHEST PSR
     100              1.038               7
     200              1.025               4

     REPLICATION 28:


                     POTENTIAL       PARAMETER WITH
     ITERATION    SCALE REDUCTION      HIGHEST PSR
     100              1.103               7
     200              1.013               7

     REPLICATION 29:


                     POTENTIAL       PARAMETER WITH
     ITERATION    SCALE REDUCTION      HIGHEST PSR
     100              1.083               4
     200              1.021               3

     REPLICATION 30:


                     POTENTIAL       PARAMETER WITH
     ITERATION    SCALE REDUCTION      HIGHEST PSR
     100              1.017               9
     200              1.027               5

     REPLICATION 31:


                     POTENTIAL       PARAMETER WITH
     ITERATION    SCALE REDUCTION      HIGHEST PSR
     100              1.021               6
     200              1.027               4

     REPLICATION 32:


                     POTENTIAL       PARAMETER WITH
     ITERATION    SCALE REDUCTION      HIGHEST PSR
     100              1.075               7
     200              1.002               1

     REPLICATION 33:


                     POTENTIAL       PARAMETER WITH
     ITERATION    SCALE REDUCTION      HIGHEST PSR
     100              1.044               3
     200              1.005               8

     REPLICATION 34:


                     POTENTIAL       PARAMETER WITH
     ITERATION    SCALE REDUCTION      HIGHEST PSR
     100              1.063               3
     200              1.020               4

     REPLICATION 35:


                     POTENTIAL       PARAMETER WITH
     ITERATION    SCALE REDUCTION      HIGHEST PSR
     100              1.066               7
     200              1.015               4

     REPLICATION 36:


                     POTENTIAL       PARAMETER WITH
     ITERATION    SCALE REDUCTION      HIGHEST PSR
     100              1.095               1
     200              1.026               2

     REPLICATION 37:


                     POTENTIAL       PARAMETER WITH
     ITERATION    SCALE REDUCTION      HIGHEST PSR
     100              1.057               3
     200              1.026               9

     REPLICATION 38:


                     POTENTIAL       PARAMETER WITH
     ITERATION    SCALE REDUCTION      HIGHEST PSR
     100              1.025               9
     200              1.035               4

     REPLICATION 39:


                     POTENTIAL       PARAMETER WITH
     ITERATION    SCALE REDUCTION      HIGHEST PSR
     100              1.070               5
     200              1.022               3

     REPLICATION 40:


                     POTENTIAL       PARAMETER WITH
     ITERATION    SCALE REDUCTION      HIGHEST PSR
     100              1.000               1
     200              1.033               5

     REPLICATION 41:


                     POTENTIAL       PARAMETER WITH
     ITERATION    SCALE REDUCTION      HIGHEST PSR
     100              1.168               9
     200              1.009               7

     REPLICATION 42:


                     POTENTIAL       PARAMETER WITH
     ITERATION    SCALE REDUCTION      HIGHEST PSR
     100              1.055               2
     200              1.032               7

     REPLICATION 43:


                     POTENTIAL       PARAMETER WITH
     ITERATION    SCALE REDUCTION      HIGHEST PSR
     100              1.189               4
     200              1.030               7

     REPLICATION 44:


                     POTENTIAL       PARAMETER WITH
     ITERATION    SCALE REDUCTION      HIGHEST PSR
     100              1.014               1
     200              1.013               6

     REPLICATION 45:


                     POTENTIAL       PARAMETER WITH
     ITERATION    SCALE REDUCTION      HIGHEST PSR
     100              1.061               9
     200              1.045               5

     REPLICATION 46:


                     POTENTIAL       PARAMETER WITH
     ITERATION    SCALE REDUCTION      HIGHEST PSR
     100              1.069               6
     200              1.016               1

     REPLICATION 47:


                     POTENTIAL       PARAMETER WITH
     ITERATION    SCALE REDUCTION      HIGHEST PSR
     100              1.038               2
     200              1.025               1

     REPLICATION 48:


                     POTENTIAL       PARAMETER WITH
     ITERATION    SCALE REDUCTION      HIGHEST PSR
     100              1.038               9
     200              1.032               4

     REPLICATION 49:


                     POTENTIAL       PARAMETER WITH
     ITERATION    SCALE REDUCTION      HIGHEST PSR
     100              1.038               9
     200              1.058               1

     REPLICATION 50:


                     POTENTIAL       PARAMETER WITH
     ITERATION    SCALE REDUCTION      HIGHEST PSR
     100              1.036               9
     200              1.047               7

     REPLICATION 51:


                     POTENTIAL       PARAMETER WITH
     ITERATION    SCALE REDUCTION      HIGHEST PSR
     100              1.195               4
     200              1.019               4

     REPLICATION 52:


                     POTENTIAL       PARAMETER WITH
     ITERATION    SCALE REDUCTION      HIGHEST PSR
     100              1.091               3
     200              1.057               9

     REPLICATION 53:


                     POTENTIAL       PARAMETER WITH
     ITERATION    SCALE REDUCTION      HIGHEST PSR
     100              1.023               4
     200              1.049               1

     REPLICATION 54:


                     POTENTIAL       PARAMETER WITH
     ITERATION    SCALE REDUCTION      HIGHEST PSR
     100              1.018               1
     200              1.017               1

     REPLICATION 55:


                     POTENTIAL       PARAMETER WITH
     ITERATION    SCALE REDUCTION      HIGHEST PSR
     100              1.064               4
     200              1.047               9

     REPLICATION 56:


                     POTENTIAL       PARAMETER WITH
     ITERATION    SCALE REDUCTION      HIGHEST PSR
     100              1.049               4
     200              1.072               9

     REPLICATION 57:


                     POTENTIAL       PARAMETER WITH
     ITERATION    SCALE REDUCTION      HIGHEST PSR
     100              1.105               7
     200              1.016               2

     REPLICATION 58:


                     POTENTIAL       PARAMETER WITH
     ITERATION    SCALE REDUCTION      HIGHEST PSR
     100              1.051               9
     200              1.056               8

     REPLICATION 59:


                     POTENTIAL       PARAMETER WITH
     ITERATION    SCALE REDUCTION      HIGHEST PSR
     100              1.034               3
     200              1.044               4

     REPLICATION 60:


                     POTENTIAL       PARAMETER WITH
     ITERATION    SCALE REDUCTION      HIGHEST PSR
     100              1.029               3
     200              1.023               5

     REPLICATION 61:


                     POTENTIAL       PARAMETER WITH
     ITERATION    SCALE REDUCTION      HIGHEST PSR
     100              1.015               4
     200              1.034               4

     REPLICATION 62:


                     POTENTIAL       PARAMETER WITH
     ITERATION    SCALE REDUCTION      HIGHEST PSR
     100              1.034               3
     200              1.015               7

     REPLICATION 63:


                     POTENTIAL       PARAMETER WITH
     ITERATION    SCALE REDUCTION      HIGHEST PSR
     100              1.342               4
     200              1.034               7

     REPLICATION 64:


                     POTENTIAL       PARAMETER WITH
     ITERATION    SCALE REDUCTION      HIGHEST PSR
     100              1.073               4
     200              1.018               6

     REPLICATION 65:


                     POTENTIAL       PARAMETER WITH
     ITERATION    SCALE REDUCTION      HIGHEST PSR
     100              1.139               1
     200              1.054               7

     REPLICATION 66:


                     POTENTIAL       PARAMETER WITH
     ITERATION    SCALE REDUCTION      HIGHEST PSR
     100              1.035               9
     200              1.052               1

     REPLICATION 67:


                     POTENTIAL       PARAMETER WITH
     ITERATION    SCALE REDUCTION      HIGHEST PSR
     100              1.060               3
     200              1.029               9

     REPLICATION 68:


                     POTENTIAL       PARAMETER WITH
     ITERATION    SCALE REDUCTION      HIGHEST PSR
     100              1.062               1
     200              1.035               3

     REPLICATION 69:


                     POTENTIAL       PARAMETER WITH
     ITERATION    SCALE REDUCTION      HIGHEST PSR
     100              1.093               3
     200              1.023               4

     REPLICATION 70:


                     POTENTIAL       PARAMETER WITH
     ITERATION    SCALE REDUCTION      HIGHEST PSR
     100              1.034               8
     200              1.022               9

     REPLICATION 71:


                     POTENTIAL       PARAMETER WITH
     ITERATION    SCALE REDUCTION      HIGHEST PSR
     100              1.193               4
     200              1.015               7

     REPLICATION 72:


                     POTENTIAL       PARAMETER WITH
     ITERATION    SCALE REDUCTION      HIGHEST PSR
     100              1.079               3
     200              1.011               9

     REPLICATION 73:


                     POTENTIAL       PARAMETER WITH
     ITERATION    SCALE REDUCTION      HIGHEST PSR
     100              1.073               1
     200              1.020               7

     REPLICATION 74:


                     POTENTIAL       PARAMETER WITH
     ITERATION    SCALE REDUCTION      HIGHEST PSR
     100              1.105               1
     200              1.039               1

     REPLICATION 75:


                     POTENTIAL       PARAMETER WITH
     ITERATION    SCALE REDUCTION      HIGHEST PSR
     100              1.091               3
     200              1.029               7

     REPLICATION 76:


                     POTENTIAL       PARAMETER WITH
     ITERATION    SCALE REDUCTION      HIGHEST PSR
     100              1.046               7
     200              1.010               8

     REPLICATION 77:


                     POTENTIAL       PARAMETER WITH
     ITERATION    SCALE REDUCTION      HIGHEST PSR
     100              1.037               3
     200              1.036               9

     REPLICATION 78:


                     POTENTIAL       PARAMETER WITH
     ITERATION    SCALE REDUCTION      HIGHEST PSR
     100              1.016               9
     200              1.026               4

     REPLICATION 79:


                     POTENTIAL       PARAMETER WITH
     ITERATION    SCALE REDUCTION      HIGHEST PSR
     100              1.059               8
     200              1.013               8

     REPLICATION 80:


                     POTENTIAL       PARAMETER WITH
     ITERATION    SCALE REDUCTION      HIGHEST PSR
     100              1.225               8
     200              1.027               7

     REPLICATION 81:


                     POTENTIAL       PARAMETER WITH
     ITERATION    SCALE REDUCTION      HIGHEST PSR
     100              1.034               8
     200              1.051               4

     REPLICATION 82:


                     POTENTIAL       PARAMETER WITH
     ITERATION    SCALE REDUCTION      HIGHEST PSR
     100              1.028               3
     200              1.022               7

     REPLICATION 83:


                     POTENTIAL       PARAMETER WITH
     ITERATION    SCALE REDUCTION      HIGHEST PSR
     100              1.041               4
     200              1.029               1

     REPLICATION 84:


                     POTENTIAL       PARAMETER WITH
     ITERATION    SCALE REDUCTION      HIGHEST PSR
     100              1.097               6
     200              1.068               3

     REPLICATION 85:


                     POTENTIAL       PARAMETER WITH
     ITERATION    SCALE REDUCTION      HIGHEST PSR
     100              1.036               7
     200              1.021               6

     REPLICATION 86:


                     POTENTIAL       PARAMETER WITH
     ITERATION    SCALE REDUCTION      HIGHEST PSR
     100              1.001               6
     200              1.013               2

     REPLICATION 87:


                     POTENTIAL       PARAMETER WITH
     ITERATION    SCALE REDUCTION      HIGHEST PSR
     100              1.029               9
     200              1.000               1

     REPLICATION 88:


                     POTENTIAL       PARAMETER WITH
     ITERATION    SCALE REDUCTION      HIGHEST PSR
     100              1.083               7
     200              1.021               6

     REPLICATION 89:


                     POTENTIAL       PARAMETER WITH
     ITERATION    SCALE REDUCTION      HIGHEST PSR
     100              1.020               9
     200              1.030               3

     REPLICATION 90:


                     POTENTIAL       PARAMETER WITH
     ITERATION    SCALE REDUCTION      HIGHEST PSR
     100              1.051               8
     200              1.033               1

     REPLICATION 91:


                     POTENTIAL       PARAMETER WITH
     ITERATION    SCALE REDUCTION      HIGHEST PSR
     100              1.032               3
     200              1.026               4

     REPLICATION 92:


                     POTENTIAL       PARAMETER WITH
     ITERATION    SCALE REDUCTION      HIGHEST PSR
     100              1.024               5
     200              1.043               3

     REPLICATION 93:


                     POTENTIAL       PARAMETER WITH
     ITERATION    SCALE REDUCTION      HIGHEST PSR
     100              1.141               1
     200              1.027               2

     REPLICATION 94:


                     POTENTIAL       PARAMETER WITH
     ITERATION    SCALE REDUCTION      HIGHEST PSR
     100              1.025               8
     200              1.011               4

     REPLICATION 95:


                     POTENTIAL       PARAMETER WITH
     ITERATION    SCALE REDUCTION      HIGHEST PSR
     100              1.017               4
     200              1.048               1

     REPLICATION 96:


                     POTENTIAL       PARAMETER WITH
     ITERATION    SCALE REDUCTION      HIGHEST PSR
     100              1.087               1
     200              1.071               8

     REPLICATION 97:


                     POTENTIAL       PARAMETER WITH
     ITERATION    SCALE REDUCTION      HIGHEST PSR
     100              1.026               5
     200              1.007               9

     REPLICATION 98:


                     POTENTIAL       PARAMETER WITH
     ITERATION    SCALE REDUCTION      HIGHEST PSR
     100              1.050               4
     200              1.015               3

     REPLICATION 99:


                     POTENTIAL       PARAMETER WITH
     ITERATION    SCALE REDUCTION      HIGHEST PSR
     100              1.077               9
     200              1.024               2

     REPLICATION 100:


                     POTENTIAL       PARAMETER WITH
     ITERATION    SCALE REDUCTION      HIGHEST PSR
     100              1.328               9
     200              1.041               1


SAVEDATA INFORMATION

  Order of variables

    Y
    X
    CLUSTER
    Y&1
    X&1

  Save file
    a*.dat

  Save file format           Free
  Save file record length    10000
  Missing designated by 999


     Beginning Time:  00:36:43
        Ending Time:  00:41:37
       Elapsed Time:  00:04:54



MUTHEN & MUTHEN
3463 Stoner Ave.
Los Angeles, CA  90066

Tel: (310) 391-9971
Fax: (310) 391-8971
Web: www.StatModel.com
Support: Support@StatModel.com

Copyright (c) 1998-2018 Muthen & Muthen
