Mplus VERSION 8.1
MUTHEN & MUTHEN
06/06/2018  12:41 AM

INPUT INSTRUCTIONS

  MONTECARLO:  NAMES ARE y x;
               NOBS = 12000;
               NREP = 100;
               NCSIZES = 1;
               CSIZES = 200(60);
               lagged=y(1) x(1);
               repsave=all;
               save=a*.dat;
               missing=x;

  model missing: [x*0]; !x on y*0.5;

  ANALYSIS: 	estimator=bayes;  TYPE IS TWOLEVEL; proc=2;


  MODEL MONTECARLO:

    %WITHIN%
    y*1 x*1;
    y on y&1*0.7;
    y on x*1;
    x on x&1*0.7;

    %between%
    y*1 x*1; y on x*1;

  MODEL:

    %WITHIN%
    y*1 x*1;
    y on y&1@0;
    y on x*1;
    x on x&1@0;

    %between%
    y*1 x*1; y on x*1;

  OUTPUT: TECH8;



*** WARNING in MODEL command
  In the MODEL command, the following variable is an x-variable on the BETWEEN
  level and a y-variable on the WITHIN level.  This variable will be treated
  as a y-variable on both levels:  X
   1 WARNING(S) FOUND IN THE INPUT INSTRUCTIONS




SUMMARY OF ANALYSIS

Number of groups                                                 1
Number of observations                                       12000

Number of replications
    Requested                                                  100
    Completed                                                  100
Value of seed                                                    0

Number of dependent variables                                    2
Number of independent variables                                  2
Number of continuous latent variables                            0

Observed dependent variables

  Continuous
   Y           X

Observed independent variables
   Y&1         X&1

Variables with special functions

  Within variables
   Y&1         X&1


Estimator                                                    BAYES
Specifications for Bayesian Estimation
  Point estimate                                            MEDIAN
  Number of Markov chain Monte Carlo (MCMC) chains               2
  Random seed for the first chain                                0
  Starting value information                           UNPERTURBED
  Algorithm used for Markov chain Monte Carlo           GIBBS(PX1)
  Convergence criterion                                  0.500D-01
  Maximum number of iterations                               50000
  K-th iteration used for thinning                               1


SUMMARY OF DATA FOR THE FIRST REPLICATION

     Cluster information

       Size (s)    Number of clusters of Size s

         60           200


SUMMARY OF MISSING DATA PATTERNS FOR THE FIRST REPLICATION

     Number of missing data patterns             4


     MISSING DATA PATTERNS (x = not missing)

           1  2  3  4
 Y         x  x  x  x
 X         x        x
 Y&1       x  x  x  x
 X&1       x  x


     MISSING DATA PATTERN FREQUENCIES

    Pattern   Frequency     Pattern   Frequency     Pattern   Frequency
          1        3017           3        2993
          2        3003           4        2987


COVARIANCE COVERAGE OF DATA FOR THE FIRST REPLICATION

Minimum covariance coverage value   0.100


     PROPORTION OF DATA PRESENT


           Covariance Coverage
              Y             X
              ________      ________
 Y              1.000
 X              0.500         0.500





MODEL FIT INFORMATION

Number of Free Parameters                        8

Information Criteria

    Deviance (DIC)

        Mean                            101289.531
        Std Dev                            457.873
        Number of successful computations      100

             Proportions                   Percentiles
        Expected    Observed         Expected       Observed
           0.990       0.990       100224.382      99842.484
           0.980       0.990       100349.198     100512.127
           0.950       0.970       100536.376     100600.135
           0.900       0.910       100702.721     100694.605
           0.800       0.770       100904.186     100817.795
           0.700       0.650       101049.423     101020.737
           0.500       0.470       101289.531     101276.130
           0.300       0.330       101529.640     101613.940
           0.200       0.260       101674.877     101756.120
           0.100       0.100       101876.341     101866.006
           0.050       0.020       102042.686     101960.259
           0.020       0.010       102229.865     101998.673
           0.010       0.010       102354.681     102047.738

    Estimated Number of Parameters (pD)

        Mean                              6219.773
        Std Dev                             58.987
        Number of successful computations      100

             Proportions                   Percentiles
        Expected    Observed         Expected       Observed
           0.990       0.990         6082.551       6063.578
           0.980       0.980         6098.631       6087.644
           0.950       0.940         6122.745       6121.132
           0.900       0.910         6144.175       6137.611
           0.800       0.810         6170.130       6170.042
           0.700       0.690         6188.840       6187.053
           0.500       0.500         6219.773       6218.410
           0.300       0.280         6250.706       6247.659
           0.200       0.210         6269.417       6272.163
           0.100       0.090         6295.372       6293.957
           0.050       0.070         6316.802       6334.305
           0.020       0.030         6340.916       6341.586
           0.010       0.010         6356.996       6348.439



MODEL RESULTS

                              ESTIMATES              S. E.     M. S. E.  95%  % Sig
                 Population   Average   Std. Dev.   Average             Cover Coeff
Within Level

 Y          ON
  Y&1                 0.000     0.0000     0.0000     0.0000     0.0000 1.000 0.000
  X                   1.000     1.8318     0.0235     0.0190     0.6924 0.000 1.000

 X          ON
  X&1                 0.000     0.0000     0.0000     0.0000     0.0000 1.000 0.000

 Residual Variances
  Y                   1.000     5.2117     0.1346     0.0910    17.7566 0.000 1.000
  X                   1.000     1.8165     0.0407     0.0308     0.6683 0.000 1.000

Between Level

 Y          ON
  X                   1.000     1.3205     0.0936     0.0957     0.1114 0.070 1.000

 Means
  X                   0.000     0.0076     0.0809     0.0772     0.0065 0.950 0.050

 Intercepts
  Y                   0.000    -0.0038     0.0928     0.1001     0.0085 0.950 0.050

 Variances
  X                   1.000     1.1422     0.1096     0.1202     0.0321 0.780 1.000

 Residual Variances
  Y                   1.000     1.8538     0.2084     0.2028     0.7720 0.000 1.000


CORRELATIONS AND MEAN SQUARE ERROR OF THE TRUE FACTOR VALUES AND THE FACTOR SCORES

                        CORRELATIONS                MEAN SQUARE ERROR
                    Average    Std. Dev.           Average    Std. Dev.
  Y                   0.694       0.034              1.369       0.071
  X                   0.914       0.010              0.421       0.021


TECHNICAL 1 OUTPUT


     PARAMETER SPECIFICATION FOR WITHIN


           NU
              Y             X             Y&1           X&1
              ________      ________      ________      ________
                    0             0             0             0


           LAMBDA
              Y             X             Y&1           X&1
              ________      ________      ________      ________
 Y                  0             0             0             0
 X                  0             0             0             0
 Y&1                0             0             0             0
 X&1                0             0             0             0


           THETA
              Y             X             Y&1           X&1
              ________      ________      ________      ________
 Y                  0
 X                  0             0
 Y&1                0             0             0
 X&1                0             0             0             0


           ALPHA
              Y             X             Y&1           X&1
              ________      ________      ________      ________
                    0             0             0             0


           BETA
              Y             X             Y&1           X&1
              ________      ________      ________      ________
 Y                  0             1             0             0
 X                  0             0             0             0
 Y&1                0             0             0             0
 X&1                0             0             0             0


           PSI
              Y             X             Y&1           X&1
              ________      ________      ________      ________
 Y                  2
 X                  0             3
 Y&1                0             0             0
 X&1                0             0             0             0


     PARAMETER SPECIFICATION FOR BETWEEN


           NU
              Y             X
              ________      ________
                    0             0


           LAMBDA
              Y             X
              ________      ________
 Y                  0             0
 X                  0             0


           THETA
              Y             X
              ________      ________
 Y                  0
 X                  0             0


           ALPHA
              Y             X
              ________      ________
                    4             5


           BETA
              Y             X
              ________      ________
 Y                  0             6
 X                  0             0


           PSI
              Y             X
              ________      ________
 Y                  7
 X                  0             8


     STARTING VALUES FOR WITHIN


           NU
              Y             X             Y&1           X&1
              ________      ________      ________      ________
                0.000         0.000         0.000         0.000


           LAMBDA
              Y             X             Y&1           X&1
              ________      ________      ________      ________
 Y              1.000         0.000         0.000         0.000
 X              0.000         1.000         0.000         0.000
 Y&1            0.000         0.000         1.000         0.000
 X&1            0.000         0.000         0.000         1.000


           THETA
              Y             X             Y&1           X&1
              ________      ________      ________      ________
 Y              0.000
 X              0.000         0.000
 Y&1            0.000         0.000         0.000
 X&1            0.000         0.000         0.000         0.000


           ALPHA
              Y             X             Y&1           X&1
              ________      ________      ________      ________
                0.000         0.000         0.000         0.000


           BETA
              Y             X             Y&1           X&1
              ________      ________      ________      ________
 Y              0.000         1.000         0.000         0.000
 X              0.000         0.000         0.000         0.000
 Y&1            0.000         0.000         0.000         0.000
 X&1            0.000         0.000         0.000         0.000


           PSI
              Y             X             Y&1           X&1
              ________      ________      ________      ________
 Y              1.000
 X              0.000         1.000
 Y&1            0.000         0.000         0.500
 X&1            0.000         0.000         0.000         0.500


     STARTING VALUES FOR BETWEEN


           NU
              Y             X
              ________      ________
                0.000         0.000


           LAMBDA
              Y             X
              ________      ________
 Y              1.000         0.000
 X              0.000         1.000


           THETA
              Y             X
              ________      ________
 Y              0.000
 X              0.000         0.000


           ALPHA
              Y             X
              ________      ________
                0.000         0.000


           BETA
              Y             X
              ________      ________
 Y              0.000         1.000
 X              0.000         0.000


           PSI
              Y             X
              ________      ________
 Y              1.000
 X              0.000         1.000


     POPULATION VALUES FOR WITHIN


           NU
              Y             X             Y&1           X&1
              ________      ________      ________      ________
                0.000         0.000         0.000         0.000


           LAMBDA
              Y             X             Y&1           X&1
              ________      ________      ________      ________
 Y              1.000         0.000         0.000         0.000
 X              0.000         1.000         0.000         0.000
 Y&1            0.000         0.000         1.000         0.000
 X&1            0.000         0.000         0.000         1.000


           THETA
              Y             X             Y&1           X&1
              ________      ________      ________      ________
 Y              0.000
 X              0.000         0.000
 Y&1            0.000         0.000         0.000
 X&1            0.000         0.000         0.000         0.000


           ALPHA
              Y             X             Y&1           X&1
              ________      ________      ________      ________
                0.000         0.000         0.000         0.000


           BETA
              Y             X             Y&1           X&1
              ________      ________      ________      ________
 Y              0.000         1.000         0.700         0.000
 X              0.000         0.000         0.000         0.700
 Y&1            0.000         0.000         0.000         0.000
 X&1            0.000         0.000         0.000         0.000


           PSI
              Y             X             Y&1           X&1
              ________      ________      ________      ________
 Y              1.000
 X              0.000         1.000
 Y&1            0.000         0.000         1.000
 X&1            0.000         0.000         0.000         1.000


     POPULATION VALUES FOR BETWEEN


           NU
              Y             X
              ________      ________
                0.000         0.000


           LAMBDA
              Y             X
              ________      ________
 Y              1.000         0.000
 X              0.000         1.000


           THETA
              Y             X
              ________      ________
 Y              0.000
 X              0.000         0.000


           ALPHA
              Y             X
              ________      ________
                0.000         0.000


           BETA
              Y             X
              ________      ________
 Y              0.000         1.000
 X              0.000         0.000


           PSI
              Y             X
              ________      ________
 Y              1.000
 X              0.000         1.000



     PRIORS FOR ALL PARAMETERS            PRIOR MEAN      PRIOR VARIANCE     PRIOR STD. DEV.

     Parameter 1~N(0.000,infinity)           0.0000            infinity            infinity
     Parameter 2~IG(-1.000,0.000)          infinity            infinity            infinity
     Parameter 3~IG(-1.000,0.000)          infinity            infinity            infinity
     Parameter 4~N(0.000,infinity)           0.0000            infinity            infinity
     Parameter 5~N(0.000,infinity)           0.0000            infinity            infinity
     Parameter 6~N(0.000,infinity)           0.0000            infinity            infinity
     Parameter 7~IG(-1.000,0.000)          infinity            infinity            infinity
     Parameter 8~IG(-1.000,0.000)          infinity            infinity            infinity


TECHNICAL 8 OUTPUT


   TECHNICAL 8 OUTPUT FOR BAYES ESTIMATION

     CHAIN    BSEED
     1        0
     2        285380

     REPLICATION 1:


                     POTENTIAL       PARAMETER WITH
     ITERATION    SCALE REDUCTION      HIGHEST PSR
     100              1.033               3
     200              1.049               2

     REPLICATION 2:


                     POTENTIAL       PARAMETER WITH
     ITERATION    SCALE REDUCTION      HIGHEST PSR
     100              1.028               7
     200              1.088               2
     300              1.029               1

     REPLICATION 3:


                     POTENTIAL       PARAMETER WITH
     ITERATION    SCALE REDUCTION      HIGHEST PSR
     100              1.037               7
     200              1.069               3

     REPLICATION 4:


                     POTENTIAL       PARAMETER WITH
     ITERATION    SCALE REDUCTION      HIGHEST PSR
     100              1.125               2
     200              1.062               3

     REPLICATION 5:


                     POTENTIAL       PARAMETER WITH
     ITERATION    SCALE REDUCTION      HIGHEST PSR
     100              1.032               3
     200              1.014               7

     REPLICATION 6:


                     POTENTIAL       PARAMETER WITH
     ITERATION    SCALE REDUCTION      HIGHEST PSR
     100              1.000               1
     200              1.048               3

     REPLICATION 7:


                     POTENTIAL       PARAMETER WITH
     ITERATION    SCALE REDUCTION      HIGHEST PSR
     100              1.058               5
     200              1.018               1

     REPLICATION 8:


                     POTENTIAL       PARAMETER WITH
     ITERATION    SCALE REDUCTION      HIGHEST PSR
     100              1.014               7
     200              1.034               3

     REPLICATION 9:


                     POTENTIAL       PARAMETER WITH
     ITERATION    SCALE REDUCTION      HIGHEST PSR
     100              1.025               8
     200              1.016               8

     REPLICATION 10:


                     POTENTIAL       PARAMETER WITH
     ITERATION    SCALE REDUCTION      HIGHEST PSR
     100              1.104               2
     200              1.009               3

     REPLICATION 11:


                     POTENTIAL       PARAMETER WITH
     ITERATION    SCALE REDUCTION      HIGHEST PSR
     100              1.035               2
     200              1.009               1

     REPLICATION 12:


                     POTENTIAL       PARAMETER WITH
     ITERATION    SCALE REDUCTION      HIGHEST PSR
     100              1.055               1
     200              1.018               2

     REPLICATION 13:


                     POTENTIAL       PARAMETER WITH
     ITERATION    SCALE REDUCTION      HIGHEST PSR
     100              1.023               6
     200              1.023               8

     REPLICATION 14:


                     POTENTIAL       PARAMETER WITH
     ITERATION    SCALE REDUCTION      HIGHEST PSR
     100              1.003               5
     200              1.037               3

     REPLICATION 15:


                     POTENTIAL       PARAMETER WITH
     ITERATION    SCALE REDUCTION      HIGHEST PSR
     100              1.013               3
     200              1.027               3

     REPLICATION 16:


                     POTENTIAL       PARAMETER WITH
     ITERATION    SCALE REDUCTION      HIGHEST PSR
     100              1.025               4
     200              1.017               3

     REPLICATION 17:


                     POTENTIAL       PARAMETER WITH
     ITERATION    SCALE REDUCTION      HIGHEST PSR
     100              1.054               3
     200              1.020               2

     REPLICATION 18:


                     POTENTIAL       PARAMETER WITH
     ITERATION    SCALE REDUCTION      HIGHEST PSR
     100              1.068               4
     200              1.013               2

     REPLICATION 19:


                     POTENTIAL       PARAMETER WITH
     ITERATION    SCALE REDUCTION      HIGHEST PSR
     100              1.111               1
     200              1.017               1

     REPLICATION 20:


                     POTENTIAL       PARAMETER WITH
     ITERATION    SCALE REDUCTION      HIGHEST PSR
     100              1.013               1
     200              1.037               1

     REPLICATION 21:


                     POTENTIAL       PARAMETER WITH
     ITERATION    SCALE REDUCTION      HIGHEST PSR
     100              1.291               2
     200              1.042               2

     REPLICATION 22:


                     POTENTIAL       PARAMETER WITH
     ITERATION    SCALE REDUCTION      HIGHEST PSR
     100              1.011               8
     200              1.023               3

     REPLICATION 23:


                     POTENTIAL       PARAMETER WITH
     ITERATION    SCALE REDUCTION      HIGHEST PSR
     100              1.060               5
     200              1.007               3

     REPLICATION 24:


                     POTENTIAL       PARAMETER WITH
     ITERATION    SCALE REDUCTION      HIGHEST PSR
     100              1.180               3
     200              1.035               3

     REPLICATION 25:


                     POTENTIAL       PARAMETER WITH
     ITERATION    SCALE REDUCTION      HIGHEST PSR
     100              1.102               2
     200              1.011               3

     REPLICATION 26:


                     POTENTIAL       PARAMETER WITH
     ITERATION    SCALE REDUCTION      HIGHEST PSR
     100              1.260               2
     200              1.093               3
     300              1.006               3

     REPLICATION 27:


                     POTENTIAL       PARAMETER WITH
     ITERATION    SCALE REDUCTION      HIGHEST PSR
     100              1.025               4
     200              1.026               7

     REPLICATION 28:


                     POTENTIAL       PARAMETER WITH
     ITERATION    SCALE REDUCTION      HIGHEST PSR
     100              1.148               2
     200              1.043               2

     REPLICATION 29:


                     POTENTIAL       PARAMETER WITH
     ITERATION    SCALE REDUCTION      HIGHEST PSR
     100              1.044               7
     200              1.025               2

     REPLICATION 30:


                     POTENTIAL       PARAMETER WITH
     ITERATION    SCALE REDUCTION      HIGHEST PSR
     100              1.016               2
     200              1.008               1

     REPLICATION 31:


                     POTENTIAL       PARAMETER WITH
     ITERATION    SCALE REDUCTION      HIGHEST PSR
     100              1.053               3
     200              1.017               6

     REPLICATION 32:


                     POTENTIAL       PARAMETER WITH
     ITERATION    SCALE REDUCTION      HIGHEST PSR
     100              1.007               6
     200              1.091               3
     300              1.025               1

     REPLICATION 33:


                     POTENTIAL       PARAMETER WITH
     ITERATION    SCALE REDUCTION      HIGHEST PSR
     100              1.088               1
     200              1.025               3

     REPLICATION 34:


                     POTENTIAL       PARAMETER WITH
     ITERATION    SCALE REDUCTION      HIGHEST PSR
     100              1.063               7
     200              1.014               2

     REPLICATION 35:


                     POTENTIAL       PARAMETER WITH
     ITERATION    SCALE REDUCTION      HIGHEST PSR
     100              1.024               4
     200              1.020               3

     REPLICATION 36:


                     POTENTIAL       PARAMETER WITH
     ITERATION    SCALE REDUCTION      HIGHEST PSR
     100              1.105               2
     200              1.019               3

     REPLICATION 37:


                     POTENTIAL       PARAMETER WITH
     ITERATION    SCALE REDUCTION      HIGHEST PSR
     100              1.085               7
     200              1.016               6

     REPLICATION 38:


                     POTENTIAL       PARAMETER WITH
     ITERATION    SCALE REDUCTION      HIGHEST PSR
     100              1.010               2
     200              1.035               6

     REPLICATION 39:


                     POTENTIAL       PARAMETER WITH
     ITERATION    SCALE REDUCTION      HIGHEST PSR
     100              1.018               2
     200              1.001               4

     REPLICATION 40:


                     POTENTIAL       PARAMETER WITH
     ITERATION    SCALE REDUCTION      HIGHEST PSR
     100              1.050               3
     200              1.014               5

     REPLICATION 41:


                     POTENTIAL       PARAMETER WITH
     ITERATION    SCALE REDUCTION      HIGHEST PSR
     100              1.025               2
     200              1.007               3

     REPLICATION 42:


                     POTENTIAL       PARAMETER WITH
     ITERATION    SCALE REDUCTION      HIGHEST PSR
     100              1.132               1
     200              1.036               2

     REPLICATION 43:


                     POTENTIAL       PARAMETER WITH
     ITERATION    SCALE REDUCTION      HIGHEST PSR
     100              1.042               7
     200              1.026               2

     REPLICATION 44:


                     POTENTIAL       PARAMETER WITH
     ITERATION    SCALE REDUCTION      HIGHEST PSR
     100              1.037               4
     200              1.027               2

     REPLICATION 45:


                     POTENTIAL       PARAMETER WITH
     ITERATION    SCALE REDUCTION      HIGHEST PSR
     100              1.032               7
     200              1.022               5

     REPLICATION 46:


                     POTENTIAL       PARAMETER WITH
     ITERATION    SCALE REDUCTION      HIGHEST PSR
     100              1.028               4
     200              1.005               7

     REPLICATION 47:


                     POTENTIAL       PARAMETER WITH
     ITERATION    SCALE REDUCTION      HIGHEST PSR
     100              1.113               1
     200              1.051               3

     REPLICATION 48:


                     POTENTIAL       PARAMETER WITH
     ITERATION    SCALE REDUCTION      HIGHEST PSR
     100              1.061               3
     200              1.015               1

     REPLICATION 49:


                     POTENTIAL       PARAMETER WITH
     ITERATION    SCALE REDUCTION      HIGHEST PSR
     100              1.106               3
     200              1.013               1

     REPLICATION 50:


                     POTENTIAL       PARAMETER WITH
     ITERATION    SCALE REDUCTION      HIGHEST PSR
     100              1.107               1
     200              1.066               1

     REPLICATION 51:


                     POTENTIAL       PARAMETER WITH
     ITERATION    SCALE REDUCTION      HIGHEST PSR
     100              1.083               7
     200              1.049               3

     REPLICATION 52:


                     POTENTIAL       PARAMETER WITH
     ITERATION    SCALE REDUCTION      HIGHEST PSR
     100              1.020               7
     200              1.074               1

     REPLICATION 53:


                     POTENTIAL       PARAMETER WITH
     ITERATION    SCALE REDUCTION      HIGHEST PSR
     100              1.002               2
     200              1.028               8

     REPLICATION 54:


                     POTENTIAL       PARAMETER WITH
     ITERATION    SCALE REDUCTION      HIGHEST PSR
     100              1.016               3
     200              1.007               8

     REPLICATION 55:


                     POTENTIAL       PARAMETER WITH
     ITERATION    SCALE REDUCTION      HIGHEST PSR
     100              1.039               2
     200              1.015               8

     REPLICATION 56:


                     POTENTIAL       PARAMETER WITH
     ITERATION    SCALE REDUCTION      HIGHEST PSR
     100              1.048               1
     200              1.052               8

     REPLICATION 57:


                     POTENTIAL       PARAMETER WITH
     ITERATION    SCALE REDUCTION      HIGHEST PSR
     100              1.005               4
     200              1.018               3

     REPLICATION 58:


                     POTENTIAL       PARAMETER WITH
     ITERATION    SCALE REDUCTION      HIGHEST PSR
     100              1.147               3
     200              1.033               4

     REPLICATION 59:


                     POTENTIAL       PARAMETER WITH
     ITERATION    SCALE REDUCTION      HIGHEST PSR
     100              1.049               1
     200              1.024               2

     REPLICATION 60:


                     POTENTIAL       PARAMETER WITH
     ITERATION    SCALE REDUCTION      HIGHEST PSR
     100              1.045               4
     200              1.020               2

     REPLICATION 61:


                     POTENTIAL       PARAMETER WITH
     ITERATION    SCALE REDUCTION      HIGHEST PSR
     100              1.003               2
     200              1.016               4

     REPLICATION 62:


                     POTENTIAL       PARAMETER WITH
     ITERATION    SCALE REDUCTION      HIGHEST PSR
     100              1.104               2
     200              1.003               8

     REPLICATION 63:


                     POTENTIAL       PARAMETER WITH
     ITERATION    SCALE REDUCTION      HIGHEST PSR
     100              1.083               7
     200              1.010               1

     REPLICATION 64:


                     POTENTIAL       PARAMETER WITH
     ITERATION    SCALE REDUCTION      HIGHEST PSR
     100              1.014               4
     200              1.040               1

     REPLICATION 65:


                     POTENTIAL       PARAMETER WITH
     ITERATION    SCALE REDUCTION      HIGHEST PSR
     100              1.145               3
     200              1.030               2

     REPLICATION 66:


                     POTENTIAL       PARAMETER WITH
     ITERATION    SCALE REDUCTION      HIGHEST PSR
     100              1.044               8
     200              1.036               2

     REPLICATION 67:


                     POTENTIAL       PARAMETER WITH
     ITERATION    SCALE REDUCTION      HIGHEST PSR
     100              1.027               2
     200              1.041               1

     REPLICATION 68:


                     POTENTIAL       PARAMETER WITH
     ITERATION    SCALE REDUCTION      HIGHEST PSR
     100              1.036               5
     200              1.019               7

     REPLICATION 69:


                     POTENTIAL       PARAMETER WITH
     ITERATION    SCALE REDUCTION      HIGHEST PSR
     100              1.016               3
     200              1.010               7

     REPLICATION 70:


                     POTENTIAL       PARAMETER WITH
     ITERATION    SCALE REDUCTION      HIGHEST PSR
     100              1.293               2
     200              1.020               3

     REPLICATION 71:


                     POTENTIAL       PARAMETER WITH
     ITERATION    SCALE REDUCTION      HIGHEST PSR
     100              1.228               3
     200              1.011               5

     REPLICATION 72:


                     POTENTIAL       PARAMETER WITH
     ITERATION    SCALE REDUCTION      HIGHEST PSR
     100              1.184               2
     200              1.058               1

     REPLICATION 73:


                     POTENTIAL       PARAMETER WITH
     ITERATION    SCALE REDUCTION      HIGHEST PSR
     100              1.056               1
     200              1.045               2

     REPLICATION 74:


                     POTENTIAL       PARAMETER WITH
     ITERATION    SCALE REDUCTION      HIGHEST PSR
     100              1.170               3
     200              1.024               2

     REPLICATION 75:


                     POTENTIAL       PARAMETER WITH
     ITERATION    SCALE REDUCTION      HIGHEST PSR
     100              1.013               8
     200              1.039               2

     REPLICATION 76:


                     POTENTIAL       PARAMETER WITH
     ITERATION    SCALE REDUCTION      HIGHEST PSR
     100              1.136               2
     200              1.025               7

     REPLICATION 77:


                     POTENTIAL       PARAMETER WITH
     ITERATION    SCALE REDUCTION      HIGHEST PSR
     100              1.022               1
     200              1.020               8

     REPLICATION 78:


                     POTENTIAL       PARAMETER WITH
     ITERATION    SCALE REDUCTION      HIGHEST PSR
     100              1.021               6
     200              1.050               7

     REPLICATION 79:


                     POTENTIAL       PARAMETER WITH
     ITERATION    SCALE REDUCTION      HIGHEST PSR
     100              1.062               8
     200              1.040               3

     REPLICATION 80:


                     POTENTIAL       PARAMETER WITH
     ITERATION    SCALE REDUCTION      HIGHEST PSR
     100              1.062               4
     200              1.021               3

     REPLICATION 81:


                     POTENTIAL       PARAMETER WITH
     ITERATION    SCALE REDUCTION      HIGHEST PSR
     100              1.009               4
     200              1.018               3

     REPLICATION 82:


                     POTENTIAL       PARAMETER WITH
     ITERATION    SCALE REDUCTION      HIGHEST PSR
     100              1.011               5
     200              1.021               7

     REPLICATION 83:


                     POTENTIAL       PARAMETER WITH
     ITERATION    SCALE REDUCTION      HIGHEST PSR
     100              1.022               2
     200              1.028               5

     REPLICATION 84:


                     POTENTIAL       PARAMETER WITH
     ITERATION    SCALE REDUCTION      HIGHEST PSR
     100              1.072               3
     200              1.030               3

     REPLICATION 85:


                     POTENTIAL       PARAMETER WITH
     ITERATION    SCALE REDUCTION      HIGHEST PSR
     100              1.082               2
     200              1.014               6

     REPLICATION 86:


                     POTENTIAL       PARAMETER WITH
     ITERATION    SCALE REDUCTION      HIGHEST PSR
     100              1.034               5
     200              1.022               3

     REPLICATION 87:


                     POTENTIAL       PARAMETER WITH
     ITERATION    SCALE REDUCTION      HIGHEST PSR
     100              1.045               6
     200              1.044               1

     REPLICATION 88:


                     POTENTIAL       PARAMETER WITH
     ITERATION    SCALE REDUCTION      HIGHEST PSR
     100              1.158               3
     200              1.018               7

     REPLICATION 89:


                     POTENTIAL       PARAMETER WITH
     ITERATION    SCALE REDUCTION      HIGHEST PSR
     100              1.031               6
     200              1.023               1

     REPLICATION 90:


                     POTENTIAL       PARAMETER WITH
     ITERATION    SCALE REDUCTION      HIGHEST PSR
     100              1.020               2
     200              1.034               3

     REPLICATION 91:


                     POTENTIAL       PARAMETER WITH
     ITERATION    SCALE REDUCTION      HIGHEST PSR
     100              1.072               2
     200              1.019               6

     REPLICATION 92:


                     POTENTIAL       PARAMETER WITH
     ITERATION    SCALE REDUCTION      HIGHEST PSR
     100              1.047               3
     200              1.031               2

     REPLICATION 93:


                     POTENTIAL       PARAMETER WITH
     ITERATION    SCALE REDUCTION      HIGHEST PSR
     100              1.044               7
     200              1.011               6

     REPLICATION 94:


                     POTENTIAL       PARAMETER WITH
     ITERATION    SCALE REDUCTION      HIGHEST PSR
     100              1.025               2
     200              1.021               7

     REPLICATION 95:


                     POTENTIAL       PARAMETER WITH
     ITERATION    SCALE REDUCTION      HIGHEST PSR
     100              1.026               1
     200              1.032               3

     REPLICATION 96:


                     POTENTIAL       PARAMETER WITH
     ITERATION    SCALE REDUCTION      HIGHEST PSR
     100              1.044               6
     200              1.012               3

     REPLICATION 97:


                     POTENTIAL       PARAMETER WITH
     ITERATION    SCALE REDUCTION      HIGHEST PSR
     100              1.035               3
     200              1.047               3

     REPLICATION 98:


                     POTENTIAL       PARAMETER WITH
     ITERATION    SCALE REDUCTION      HIGHEST PSR
     100              1.060               4
     200              1.008               3

     REPLICATION 99:


                     POTENTIAL       PARAMETER WITH
     ITERATION    SCALE REDUCTION      HIGHEST PSR
     100              1.084               3
     200              1.027               1

     REPLICATION 100:


                     POTENTIAL       PARAMETER WITH
     ITERATION    SCALE REDUCTION      HIGHEST PSR
     100              1.045               6
     200              1.043               1


SAVEDATA INFORMATION

  Order of variables

    Y
    X
    CLUSTER
    Y&1
    X&1

  Save file
    a*.dat

  Save file format           Free
  Save file record length    10000
  Missing designated by 999


     Beginning Time:  00:41:37
        Ending Time:  00:46:34
       Elapsed Time:  00:04:57



MUTHEN & MUTHEN
3463 Stoner Ave.
Los Angeles, CA  90066

Tel: (310) 391-9971
Fax: (310) 391-8971
Web: www.StatModel.com
Support: Support@StatModel.com

Copyright (c) 1998-2018 Muthen & Muthen
