Mplus VERSION 8.1
MUTHEN & MUTHEN
06/14/2018   2:40 PM

INPUT INSTRUCTIONS

  MONTECARLO:  NAMES ARE y1-y3;
               NOBS = 20000;
               NREP = 100;
               NCSIZES = 1;
               CSIZES = 200(100);
               lagged=y1-y3(1);

  ANALYSIS: 	estimator=bayes; proc=2;
              type=twolevel;

  MODEL MONTECARLO:

    %within%
    y1-y3*1;
    y1^ on y1^1*0.2;
    y2^ on y2^1*0.6;
    y3^ on y3^1*0;
    e by y1-y3*1 (&1);
    e by y1-y3*1;
    e^ on e^1*0.5;
    e@1;
    %between%
    eb by y1-y3*1;
    eb@1; y1-y3*1;


  MODEL:

    %within%
    y1-y3*1;
    y1^ on y1^1*0.2;
    y2^ on y2^1*0.6;
    y3^ on y3^1*0;
    e by y1-y3 (&1);
    e by y2-y3*1;
    e^ on e^1*0.5;
    e*1;
    %between%
    eb by y1@1
          y2-y3*1;
    eb*1; y1-y3*1;

  OUTPUT: TECH8;



INPUT READING TERMINATED NORMALLY




SUMMARY OF ANALYSIS

Number of groups                                                 1
Number of observations                                       20000

Number of replications
    Requested                                                  100
    Completed                                                  100
Value of seed                                                    0

Number of dependent variables                                    3
Number of independent variables                                  3
Number of continuous latent variables                            3

Observed dependent variables

  Continuous
   Y1          Y2          Y3

Observed independent variables
   Y1^1        Y2^1        Y3^1

Continuous latent variables
   E           E^1         EB

Variables with special functions

  Within variables
   Y1^1        Y2^1        Y3^1


Estimator                                                    BAYES
Specifications for Bayesian Estimation
  Point estimate                                            MEDIAN
  Number of Markov chain Monte Carlo (MCMC) chains               2
  Random seed for the first chain                                0
  Starting value information                           UNPERTURBED
  Algorithm used for Markov chain Monte Carlo           GIBBS(PX1)
  Convergence criterion                                  0.500D-01
  Maximum number of iterations                               50000
  K-th iteration used for thinning                               1


SUMMARY OF DATA FOR THE FIRST REPLICATION

     Cluster information

       Size (s)    Number of clusters of Size s

        100           200





MODEL FIT INFORMATION

Number of Free Parameters                       19

Information Criteria

    Deviance (DIC)

        Mean                            185612.458
        Std Dev                            409.265
        Number of successful computations      100

             Proportions                   Percentiles
        Expected    Observed         Expected       Observed
           0.990       0.990       184660.386     184603.087
           0.980       0.980       184771.951     184764.153
           0.950       0.910       184939.259     184876.144
           0.900       0.900       185087.945     184936.582
           0.800       0.790       185268.021     185247.974
           0.700       0.710       185397.840     185399.792
           0.500       0.520       185612.458     185645.030
           0.300       0.320       185827.077     185851.759
           0.200       0.170       185956.896     185901.528
           0.100       0.090       186136.972     186065.019
           0.050       0.040       186285.658     186203.351
           0.020       0.030       186452.966     186506.485
           0.010       0.020       186564.531     186617.012

    Estimated Number of Parameters (pD)

        Mean                             15333.381
        Std Dev                            111.396
        Number of successful computations      100

             Proportions                   Percentiles
        Expected    Observed         Expected       Observed
           0.990       0.990        15074.241      15018.932
           0.980       0.970        15104.607      15076.328
           0.950       0.940        15150.146      15128.739
           0.900       0.890        15190.616      15158.747
           0.800       0.800        15239.630      15234.904
           0.700       0.730        15274.965      15280.389
           0.500       0.520        15333.381      15343.942
           0.300       0.330        15391.797      15394.832
           0.200       0.190        15427.132      15421.148
           0.100       0.100        15476.146      15469.192
           0.050       0.050        15516.616      15496.444
           0.020       0.000        15562.154      15533.569
           0.010       0.000        15592.521      15537.987



MODEL RESULTS

                              ESTIMATES              S. E.     M. S. E.  95%  % Sig
                 Population   Average   Std. Dev.   Average             Cover Coeff
Within Level

 E        BY
  Y1                  1.000     1.0000     0.0000     0.0000     0.0000 1.000 0.000
  Y2                  1.000     1.0051     0.0142     0.0138     0.0002 0.940 1.000
  Y3                  1.000     0.9980     0.0131     0.0124     0.0002 0.900 1.000

 E^         ON
  E^1                 0.500     0.5002     0.0080     0.0081     0.0001 0.920 1.000

 Y1^        ON
  Y1^1                0.200     0.1997     0.0108     0.0100     0.0001 0.920 1.000

 Y2^        ON
  Y2^1                0.600     0.6015     0.0077     0.0073     0.0001 0.900 1.000

 Y3^        ON
  Y3^1                0.000     0.0006     0.0127     0.0110     0.0002 0.910 0.090

 Residual Variances
  Y1                  1.000     0.9992     0.0171     0.0153     0.0003 0.930 1.000
  Y2                  1.000     0.9932     0.0153     0.0162     0.0003 0.960 1.000
  Y3                  1.000     1.0044     0.0183     0.0168     0.0003 0.920 1.000
  E                   1.000     1.0016     0.0195     0.0199     0.0004 0.940 1.000

Between Level

 EB       BY
  Y1                  1.000     1.0000     0.0000     0.0000     0.0000 1.000 0.000
  Y2                  1.000     1.0343     0.1742     0.1590     0.0312 0.910 1.000
  Y3                  1.000     1.0280     0.1661     0.1602     0.0281 0.950 1.000

 Intercepts
  Y1                  0.000     0.0110     0.1064     0.1022     0.0113 0.940 0.060
  Y2                  0.000     0.0072     0.1093     0.1033     0.0119 0.900 0.100
  Y3                  0.000     0.0120     0.0903     0.1010     0.0082 0.970 0.030

 Variances
  EB                  1.000     1.0053     0.2292     0.2227     0.0520 0.960 1.000

 Residual Variances
  Y1                  1.000     1.0408     0.1603     0.1738     0.0271 0.970 1.000
  Y2                  1.000     1.0329     0.1664     0.1817     0.0285 0.940 1.000
  Y3                  1.000     0.9933     0.1633     0.1750     0.0264 0.970 1.000


CORRELATIONS AND MEAN SQUARE ERROR OF THE TRUE FACTOR VALUES AND THE FACTOR SCORES

                        CORRELATIONS                MEAN SQUARE ERROR
                    Average    Std. Dev.           Average    Std. Dev.
  EB                  0.847       0.021              0.542       0.034
  Y1                  0.986       0.002              0.234       0.012
  Y2                  0.976       0.004              0.310       0.016
  Y3                  0.988       0.002              0.222       0.012


TECHNICAL 1 OUTPUT


     PARAMETER SPECIFICATION FOR WITHIN


           NU
              Y1            Y2            Y3            Y1^1          Y2^1
              ________      ________      ________      ________      ________
                    0             0             0             0             0


           NU
              Y3^1
              ________
                    0


           LAMBDA
              E             E^1           Y1            Y2            Y3
              ________      ________      ________      ________      ________
 Y1                 0             0             0             0             0
 Y2                 0             0             0             0             0
 Y3                 0             0             0             0             0
 Y1^1               0             0             0             0             0
 Y2^1               0             0             0             0             0
 Y3^1               0             0             0             0             0


           LAMBDA
              Y1^1          Y2^1          Y3^1
              ________      ________      ________
 Y1                 0             0             0
 Y2                 0             0             0
 Y3                 0             0             0
 Y1^1               0             0             0
 Y2^1               0             0             0
 Y3^1               0             0             0


           THETA
              Y1            Y2            Y3            Y1^1          Y2^1
              ________      ________      ________      ________      ________
 Y1                 0
 Y2                 0             0
 Y3                 0             0             0
 Y1^1               0             0             0             0
 Y2^1               0             0             0             0             0
 Y3^1               0             0             0             0             0


           THETA
              Y3^1
              ________
 Y3^1               0


           ALPHA
              E             E^1           Y1            Y2            Y3
              ________      ________      ________      ________      ________
                    0             0             0             0             0


           ALPHA
              Y1^1          Y2^1          Y3^1
              ________      ________      ________
                    0             0             0


           BETA
              E             E^1           Y1            Y2            Y3
              ________      ________      ________      ________      ________
 E                  0             1             0             0             0
 E^1                0             0             0             0             0
 Y1                 0             0             0             0             0
 Y2                 3             0             0             0             0
 Y3                 5             0             0             0             0
 Y1^1               0             0             0             0             0
 Y2^1               0             0             0             0             0
 Y3^1               0             0             0             0             0


           BETA
              Y1^1          Y2^1          Y3^1
              ________      ________      ________
 E                  0             0             0
 E^1                0             0             0
 Y1                 2             0             0
 Y2                 0             4             0
 Y3                 0             0             6
 Y1^1               0             0             0
 Y2^1               0             0             0
 Y3^1               0             0             0


           PSI
              E             E^1           Y1            Y2            Y3
              ________      ________      ________      ________      ________
 E                  7
 E^1                0             0
 Y1                 0             0             8
 Y2                 0             0             0             9
 Y3                 0             0             0             0            10
 Y1^1               0             0             0             0             0
 Y2^1               0             0             0             0             0
 Y3^1               0             0             0             0             0


           PSI
              Y1^1          Y2^1          Y3^1
              ________      ________      ________
 Y1^1               0
 Y2^1               0             0
 Y3^1               0             0             0


     PARAMETER SPECIFICATION FOR BETWEEN


           NU
              Y1            Y2            Y3
              ________      ________      ________
                    0             0             0


           LAMBDA
              EB            Y1            Y2            Y3
              ________      ________      ________      ________
 Y1                 0             0             0             0
 Y2                 0             0             0             0
 Y3                 0             0             0             0


           THETA
              Y1            Y2            Y3
              ________      ________      ________
 Y1                 0
 Y2                 0             0
 Y3                 0             0             0


           ALPHA
              EB            Y1            Y2            Y3
              ________      ________      ________      ________
                    0            11            12            13


           BETA
              EB            Y1            Y2            Y3
              ________      ________      ________      ________
 EB                 0             0             0             0
 Y1                 0             0             0             0
 Y2                14             0             0             0
 Y3                15             0             0             0


           PSI
              EB            Y1            Y2            Y3
              ________      ________      ________      ________
 EB                16
 Y1                 0            17
 Y2                 0             0            18
 Y3                 0             0             0            19


     STARTING VALUES FOR WITHIN


           NU
              Y1            Y2            Y3            Y1^1          Y2^1
              ________      ________      ________      ________      ________
                0.000         0.000         0.000         0.000         0.000


           NU
              Y3^1
              ________
                0.000


           LAMBDA
              E             E^1           Y1            Y2            Y3
              ________      ________      ________      ________      ________
 Y1             0.000         0.000         1.000         0.000         0.000
 Y2             0.000         0.000         0.000         1.000         0.000
 Y3             0.000         0.000         0.000         0.000         1.000
 Y1^1           0.000         0.000         0.000         0.000         0.000
 Y2^1           0.000         0.000         0.000         0.000         0.000
 Y3^1           0.000         0.000         0.000         0.000         0.000


           LAMBDA
              Y1^1          Y2^1          Y3^1
              ________      ________      ________
 Y1             0.000         0.000         0.000
 Y2             0.000         0.000         0.000
 Y3             0.000         0.000         0.000
 Y1^1           1.000         0.000         0.000
 Y2^1           0.000         1.000         0.000
 Y3^1           0.000         0.000         1.000


           THETA
              Y1            Y2            Y3            Y1^1          Y2^1
              ________      ________      ________      ________      ________
 Y1             0.000
 Y2             0.000         0.000
 Y3             0.000         0.000         0.000
 Y1^1           0.000         0.000         0.000         0.000
 Y2^1           0.000         0.000         0.000         0.000         0.000
 Y3^1           0.000         0.000         0.000         0.000         0.000


           THETA
              Y3^1
              ________
 Y3^1           0.000


           ALPHA
              E             E^1           Y1            Y2            Y3
              ________      ________      ________      ________      ________
                0.000         0.000         0.000         0.000         0.000


           ALPHA
              Y1^1          Y2^1          Y3^1
              ________      ________      ________
                0.000         0.000         0.000


           BETA
              E             E^1           Y1            Y2            Y3
              ________      ________      ________      ________      ________
 E              0.000         0.500         0.000         0.000         0.000
 E^1            0.000         0.000         0.000         0.000         0.000
 Y1             1.000         0.000         0.000         0.000         0.000
 Y2             1.000         0.000         0.000         0.000         0.000
 Y3             1.000         0.000         0.000         0.000         0.000
 Y1^1           0.000         0.000         0.000         0.000         0.000
 Y2^1           0.000         0.000         0.000         0.000         0.000
 Y3^1           0.000         0.000         0.000         0.000         0.000


           BETA
              Y1^1          Y2^1          Y3^1
              ________      ________      ________
 E              0.000         0.000         0.000
 E^1            0.000         0.000         0.000
 Y1             0.200         0.000         0.000
 Y2             0.000         0.600         0.000
 Y3             0.000         0.000         0.000
 Y1^1           0.000         0.000         0.000
 Y2^1           0.000         0.000         0.000
 Y3^1           0.000         0.000         0.000


           PSI
              E             E^1           Y1            Y2            Y3
              ________      ________      ________      ________      ________
 E              1.000
 E^1            0.000         1.000
 Y1             0.000         0.000         1.000
 Y2             0.000         0.000         0.000         1.000
 Y3             0.000         0.000         0.000         0.000         1.000
 Y1^1           0.000         0.000         0.000         0.000         0.000
 Y2^1           0.000         0.000         0.000         0.000         0.000
 Y3^1           0.000         0.000         0.000         0.000         0.000


           PSI
              Y1^1          Y2^1          Y3^1
              ________      ________      ________
 Y1^1           0.500
 Y2^1           0.000         0.500
 Y3^1           0.000         0.000         0.500


     STARTING VALUES FOR BETWEEN


           NU
              Y1            Y2            Y3
              ________      ________      ________
                0.000         0.000         0.000


           LAMBDA
              EB            Y1            Y2            Y3
              ________      ________      ________      ________
 Y1             0.000         1.000         0.000         0.000
 Y2             0.000         0.000         1.000         0.000
 Y3             0.000         0.000         0.000         1.000


           THETA
              Y1            Y2            Y3
              ________      ________      ________
 Y1             0.000
 Y2             0.000         0.000
 Y3             0.000         0.000         0.000


           ALPHA
              EB            Y1            Y2            Y3
              ________      ________      ________      ________
                0.000         0.000         0.000         0.000


           BETA
              EB            Y1            Y2            Y3
              ________      ________      ________      ________
 EB             0.000         0.000         0.000         0.000
 Y1             1.000         0.000         0.000         0.000
 Y2             1.000         0.000         0.000         0.000
 Y3             1.000         0.000         0.000         0.000


           PSI
              EB            Y1            Y2            Y3
              ________      ________      ________      ________
 EB             1.000
 Y1             0.000         1.000
 Y2             0.000         0.000         1.000
 Y3             0.000         0.000         0.000         1.000


     POPULATION VALUES FOR WITHIN


           NU
              Y1            Y2            Y3            Y1^1          Y2^1
              ________      ________      ________      ________      ________
                0.000         0.000         0.000         0.000         0.000


           NU
              Y3^1
              ________
                0.000


           LAMBDA
              E             E^1           Y1            Y2            Y3
              ________      ________      ________      ________      ________
 Y1             0.000         0.000         1.000         0.000         0.000
 Y2             0.000         0.000         0.000         1.000         0.000
 Y3             0.000         0.000         0.000         0.000         1.000
 Y1^1           0.000         0.000         0.000         0.000         0.000
 Y2^1           0.000         0.000         0.000         0.000         0.000
 Y3^1           0.000         0.000         0.000         0.000         0.000


           LAMBDA
              Y1^1          Y2^1          Y3^1
              ________      ________      ________
 Y1             0.000         0.000         0.000
 Y2             0.000         0.000         0.000
 Y3             0.000         0.000         0.000
 Y1^1           1.000         0.000         0.000
 Y2^1           0.000         1.000         0.000
 Y3^1           0.000         0.000         1.000


           THETA
              Y1            Y2            Y3            Y1^1          Y2^1
              ________      ________      ________      ________      ________
 Y1             0.000
 Y2             0.000         0.000
 Y3             0.000         0.000         0.000
 Y1^1           0.000         0.000         0.000         0.000
 Y2^1           0.000         0.000         0.000         0.000         0.000
 Y3^1           0.000         0.000         0.000         0.000         0.000


           THETA
              Y3^1
              ________
 Y3^1           0.000


           ALPHA
              E             E^1           Y1            Y2            Y3
              ________      ________      ________      ________      ________
                0.000         0.000         0.000         0.000         0.000


           ALPHA
              Y1^1          Y2^1          Y3^1
              ________      ________      ________
                0.000         0.000         0.000


           BETA
              E             E^1           Y1            Y2            Y3
              ________      ________      ________      ________      ________
 E              0.000         0.500         0.000         0.000         0.000
 E^1            0.000         0.000         0.000         0.000         0.000
 Y1             1.000         0.000         0.000         0.000         0.000
 Y2             1.000         0.000         0.000         0.000         0.000
 Y3             1.000         0.000         0.000         0.000         0.000
 Y1^1           0.000         0.000         0.000         0.000         0.000
 Y2^1           0.000         0.000         0.000         0.000         0.000
 Y3^1           0.000         0.000         0.000         0.000         0.000


           BETA
              Y1^1          Y2^1          Y3^1
              ________      ________      ________
 E              0.000         0.000         0.000
 E^1            0.000         0.000         0.000
 Y1             0.200         0.000         0.000
 Y2             0.000         0.600         0.000
 Y3             0.000         0.000         0.000
 Y1^1           0.000         0.000         0.000
 Y2^1           0.000         0.000         0.000
 Y3^1           0.000         0.000         0.000


           PSI
              E             E^1           Y1            Y2            Y3
              ________      ________      ________      ________      ________
 E              1.000
 E^1            0.000         1.000
 Y1             0.000         0.000         1.000
 Y2             0.000         0.000         0.000         1.000
 Y3             0.000         0.000         0.000         0.000         1.000
 Y1^1           0.000         0.000         0.000         0.000         0.000
 Y2^1           0.000         0.000         0.000         0.000         0.000
 Y3^1           0.000         0.000         0.000         0.000         0.000


           PSI
              Y1^1          Y2^1          Y3^1
              ________      ________      ________
 Y1^1           1.000
 Y2^1           0.000         1.000
 Y3^1           0.000         0.000         1.000


     POPULATION VALUES FOR BETWEEN


           NU
              Y1            Y2            Y3
              ________      ________      ________
                0.000         0.000         0.000


           LAMBDA
              EB            Y1            Y2            Y3
              ________      ________      ________      ________
 Y1             0.000         1.000         0.000         0.000
 Y2             0.000         0.000         1.000         0.000
 Y3             0.000         0.000         0.000         1.000


           THETA
              Y1            Y2            Y3
              ________      ________      ________
 Y1             0.000
 Y2             0.000         0.000
 Y3             0.000         0.000         0.000


           ALPHA
              EB            Y1            Y2            Y3
              ________      ________      ________      ________
                0.000         0.000         0.000         0.000


           BETA
              EB            Y1            Y2            Y3
              ________      ________      ________      ________
 EB             0.000         0.000         0.000         0.000
 Y1             1.000         0.000         0.000         0.000
 Y2             1.000         0.000         0.000         0.000
 Y3             1.000         0.000         0.000         0.000


           PSI
              EB            Y1            Y2            Y3
              ________      ________      ________      ________
 EB             1.000
 Y1             0.000         1.000
 Y2             0.000         0.000         1.000
 Y3             0.000         0.000         0.000         1.000



     PRIORS FOR ALL PARAMETERS            PRIOR MEAN      PRIOR VARIANCE     PRIOR STD. DEV.

     Parameter 1~N(0.000,infinity)           0.0000            infinity            infinity
     Parameter 2~N(0.000,infinity)           0.0000            infinity            infinity
     Parameter 3~N(0.000,infinity)           0.0000            infinity            infinity
     Parameter 4~N(0.000,infinity)           0.0000            infinity            infinity
     Parameter 5~N(0.000,infinity)           0.0000            infinity            infinity
     Parameter 6~N(0.000,infinity)           0.0000            infinity            infinity
     Parameter 7~IG(-1.000,0.000)          infinity            infinity            infinity
     Parameter 8~IG(-1.000,0.000)          infinity            infinity            infinity
     Parameter 9~IG(-1.000,0.000)          infinity            infinity            infinity
     Parameter 10~IG(-1.000,0.000)         infinity            infinity            infinity
     Parameter 11~N(0.000,infinity)          0.0000            infinity            infinity
     Parameter 12~N(0.000,infinity)          0.0000            infinity            infinity
     Parameter 13~N(0.000,infinity)          0.0000            infinity            infinity
     Parameter 14~N(0.000,infinity)          0.0000            infinity            infinity
     Parameter 15~N(0.000,infinity)          0.0000            infinity            infinity
     Parameter 16~IG(-1.000,0.000)         infinity            infinity            infinity
     Parameter 17~IG(-1.000,0.000)         infinity            infinity            infinity
     Parameter 18~IG(-1.000,0.000)         infinity            infinity            infinity
     Parameter 19~IG(-1.000,0.000)         infinity            infinity            infinity


TECHNICAL 8 OUTPUT


   TECHNICAL 8 OUTPUT FOR BAYES ESTIMATION

     CHAIN    BSEED
     1        0
     2        285380

     REPLICATION 1:


                     POTENTIAL       PARAMETER WITH
     ITERATION    SCALE REDUCTION      HIGHEST PSR
     100              1.802               14
     200              1.256               5
     300              1.289               14
     400              1.288               14
     500              1.047               5

     REPLICATION 2:


                     POTENTIAL       PARAMETER WITH
     ITERATION    SCALE REDUCTION      HIGHEST PSR
     100              1.223               19
     200              1.237               19
     300              1.178               16
     400              1.376               15
     500              1.045               19

     REPLICATION 3:


                     POTENTIAL       PARAMETER WITH
     ITERATION    SCALE REDUCTION      HIGHEST PSR
     100              1.327               15
     200              1.148               7
     300              1.266               5
     400              1.286               16
     500              1.180               16
     600              1.128               16
     700              1.094               16
     800              1.167               16
     900              1.297               15
     1000             1.512               15
     1100             1.413               15
     1200             1.505               15
     1300             1.403               15
     1400             1.340               15
     1500             1.195               15
     1600             1.116               15
     1700             1.062               15

     REPLICATION 4:


                     POTENTIAL       PARAMETER WITH
     ITERATION    SCALE REDUCTION      HIGHEST PSR
     100              1.425               17
     200              1.229               3
     300              1.093               7
     400              1.077               14

     REPLICATION 5:


                     POTENTIAL       PARAMETER WITH
     ITERATION    SCALE REDUCTION      HIGHEST PSR
     100              2.021               14
     200              1.202               14
     300              1.175               15
     400              1.293               14
     500              1.084               7

     REPLICATION 6:


                     POTENTIAL       PARAMETER WITH
     ITERATION    SCALE REDUCTION      HIGHEST PSR
     100              1.340               15
     200              1.192               5
     300              1.080               18

     REPLICATION 7:


                     POTENTIAL       PARAMETER WITH
     ITERATION    SCALE REDUCTION      HIGHEST PSR
     100              2.517               15
     200              1.145               15
     300              1.090               9
     400              1.068               3

     REPLICATION 8:


                     POTENTIAL       PARAMETER WITH
     ITERATION    SCALE REDUCTION      HIGHEST PSR
     100              1.310               17
     200              1.313               14
     300              1.051               2

     REPLICATION 9:


                     POTENTIAL       PARAMETER WITH
     ITERATION    SCALE REDUCTION      HIGHEST PSR
     100              1.777               16
     200              1.534               14
     300              1.178               14
     400              1.197               18
     500              1.192               14
     600              1.053               5

     REPLICATION 10:


                     POTENTIAL       PARAMETER WITH
     ITERATION    SCALE REDUCTION      HIGHEST PSR
     100              1.176               7
     200              1.097               9
     300              1.174               16
     400              1.050               15

     REPLICATION 11:


                     POTENTIAL       PARAMETER WITH
     ITERATION    SCALE REDUCTION      HIGHEST PSR
     100              1.705               14
     200              1.059               15

     REPLICATION 12:


                     POTENTIAL       PARAMETER WITH
     ITERATION    SCALE REDUCTION      HIGHEST PSR
     100              2.018               5
     200              1.119               16
     300              1.087               18
     400              1.180               14
     500              1.024               14

     REPLICATION 13:


                     POTENTIAL       PARAMETER WITH
     ITERATION    SCALE REDUCTION      HIGHEST PSR
     100              2.311               14
     200              1.264               14
     300              1.164               14
     400              1.374               19
     500              1.172               19
     600              1.121               19
     700              1.029               19

     REPLICATION 14:


                     POTENTIAL       PARAMETER WITH
     ITERATION    SCALE REDUCTION      HIGHEST PSR
     100              1.564               10
     200              1.186               15
     300              1.271               16
     400              1.276               16
     500              1.162               5
     600              1.190               5
     700              1.273               7
     800              1.097               7
     900              1.025               15

     REPLICATION 15:


                     POTENTIAL       PARAMETER WITH
     ITERATION    SCALE REDUCTION      HIGHEST PSR
     100              1.382               16
     200              1.665               16
     300              1.114               16
     400              1.127               5
     500              1.200               14
     600              1.098               14
     700              1.092               13
     800              1.037               13

     REPLICATION 16:


                     POTENTIAL       PARAMETER WITH
     ITERATION    SCALE REDUCTION      HIGHEST PSR
     100              1.233               5
     200              1.122               18
     300              1.068               3

     REPLICATION 17:


                     POTENTIAL       PARAMETER WITH
     ITERATION    SCALE REDUCTION      HIGHEST PSR
     100              1.168               10
     200              1.119               15
     300              1.028               15

     REPLICATION 18:


                     POTENTIAL       PARAMETER WITH
     ITERATION    SCALE REDUCTION      HIGHEST PSR
     100              1.505               16
     200              1.372               17
     300              1.198               14
     400              1.098               7
     500              1.058               3

     REPLICATION 19:


                     POTENTIAL       PARAMETER WITH
     ITERATION    SCALE REDUCTION      HIGHEST PSR
     100              2.520               18
     200              1.891               16
     300              1.243               5
     400              1.078               5

     REPLICATION 20:


                     POTENTIAL       PARAMETER WITH
     ITERATION    SCALE REDUCTION      HIGHEST PSR
     100              1.150               9
     200              1.447               16
     300              1.456               16
     400              1.286               16
     500              1.011               1

     REPLICATION 21:


                     POTENTIAL       PARAMETER WITH
     ITERATION    SCALE REDUCTION      HIGHEST PSR
     100              1.049               19
     200              1.074               13

     REPLICATION 22:


                     POTENTIAL       PARAMETER WITH
     ITERATION    SCALE REDUCTION      HIGHEST PSR
     100              1.209               16
     200              1.404               7
     300              1.334               10
     400              1.183               19
     500              1.072               19

     REPLICATION 23:


                     POTENTIAL       PARAMETER WITH
     ITERATION    SCALE REDUCTION      HIGHEST PSR
     100              1.212               5
     200              1.137               17
     300              1.073               18

     REPLICATION 24:


                     POTENTIAL       PARAMETER WITH
     ITERATION    SCALE REDUCTION      HIGHEST PSR
     100              1.419               3
     200              1.615               16
     300              1.304               16
     400              1.043               3

     REPLICATION 25:


                     POTENTIAL       PARAMETER WITH
     ITERATION    SCALE REDUCTION      HIGHEST PSR
     100              1.286               7
     200              1.212               14
     300              1.055               15

     REPLICATION 26:


                     POTENTIAL       PARAMETER WITH
     ITERATION    SCALE REDUCTION      HIGHEST PSR
     100              1.253               13
     200              1.193               10
     300              1.147               10
     400              1.024               13

     REPLICATION 27:


                     POTENTIAL       PARAMETER WITH
     ITERATION    SCALE REDUCTION      HIGHEST PSR
     100              1.779               7
     200              1.380               5
     300              1.687               15
     400              1.384               19
     500              1.080               12

     REPLICATION 28:


                     POTENTIAL       PARAMETER WITH
     ITERATION    SCALE REDUCTION      HIGHEST PSR
     100              1.334               5
     200              1.311               16
     300              1.198               5
     400              1.263               15
     500              1.076               15

     REPLICATION 29:


                     POTENTIAL       PARAMETER WITH
     ITERATION    SCALE REDUCTION      HIGHEST PSR
     100              1.156               7
     200              1.040               16

     REPLICATION 30:


                     POTENTIAL       PARAMETER WITH
     ITERATION    SCALE REDUCTION      HIGHEST PSR
     100              1.306               14
     200              1.510               7
     300              1.032               16

     REPLICATION 31:


                     POTENTIAL       PARAMETER WITH
     ITERATION    SCALE REDUCTION      HIGHEST PSR
     100              1.393               9
     200              1.239               14
     300              1.122               16
     400              1.087               16
     500              1.070               13

     REPLICATION 32:


                     POTENTIAL       PARAMETER WITH
     ITERATION    SCALE REDUCTION      HIGHEST PSR
     100              1.201               16
     200              1.127               9
     300              1.225               16
     400              1.039               14

     REPLICATION 33:


                     POTENTIAL       PARAMETER WITH
     ITERATION    SCALE REDUCTION      HIGHEST PSR
     100              1.444               5
     200              1.092               9
     300              1.122               17
     400              1.084               15

     REPLICATION 34:


                     POTENTIAL       PARAMETER WITH
     ITERATION    SCALE REDUCTION      HIGHEST PSR
     100              1.258               18
     200              1.237               11
     300              1.333               7
     400              1.073               7

     REPLICATION 35:


                     POTENTIAL       PARAMETER WITH
     ITERATION    SCALE REDUCTION      HIGHEST PSR
     100              1.451               18
     200              1.095               15
     300              1.138               7
     400              1.153               3
     500              1.104               3
     600              1.055               3

     REPLICATION 36:


                     POTENTIAL       PARAMETER WITH
     ITERATION    SCALE REDUCTION      HIGHEST PSR
     100              1.194               17
     200              1.093               11
     300              1.105               3
     400              1.148               3
     500              1.025               3

     REPLICATION 37:


                     POTENTIAL       PARAMETER WITH
     ITERATION    SCALE REDUCTION      HIGHEST PSR
     100              1.472               9
     200              1.184               3
     300              1.059               14

     REPLICATION 38:


                     POTENTIAL       PARAMETER WITH
     ITERATION    SCALE REDUCTION      HIGHEST PSR
     100              1.706               16
     200              1.055               1

     REPLICATION 39:


                     POTENTIAL       PARAMETER WITH
     ITERATION    SCALE REDUCTION      HIGHEST PSR
     100              1.232               19
     200              1.475               3
     300              1.077               8

     REPLICATION 40:


                     POTENTIAL       PARAMETER WITH
     ITERATION    SCALE REDUCTION      HIGHEST PSR
     100              1.406               18
     200              1.147               15
     300              1.031               15

     REPLICATION 41:


                     POTENTIAL       PARAMETER WITH
     ITERATION    SCALE REDUCTION      HIGHEST PSR
     100              1.409               14
     200              1.298               15
     300              1.115               19
     400              1.502               15
     500              1.731               15
     600              1.195               15
     700              1.186               15
     800              1.108               16
     900              1.048               6

     REPLICATION 42:


                     POTENTIAL       PARAMETER WITH
     ITERATION    SCALE REDUCTION      HIGHEST PSR
     100              1.308               7
     200              1.073               16

     REPLICATION 43:


                     POTENTIAL       PARAMETER WITH
     ITERATION    SCALE REDUCTION      HIGHEST PSR
     100              1.811               14
     200              1.109               18
     300              1.014               7

     REPLICATION 44:


                     POTENTIAL       PARAMETER WITH
     ITERATION    SCALE REDUCTION      HIGHEST PSR
     100              1.385               12
     200              1.276               15
     300              1.262               3
     400              1.120               19
     500              1.059               10

     REPLICATION 45:


                     POTENTIAL       PARAMETER WITH
     ITERATION    SCALE REDUCTION      HIGHEST PSR
     100              3.990               18
     200              1.111               15
     300              1.135               6
     400              1.158               6
     500              1.049               12

     REPLICATION 46:


                     POTENTIAL       PARAMETER WITH
     ITERATION    SCALE REDUCTION      HIGHEST PSR
     100              1.195               12
     200              1.613               3
     300              1.442               5
     400              1.327               5
     500              1.075               9

     REPLICATION 47:


                     POTENTIAL       PARAMETER WITH
     ITERATION    SCALE REDUCTION      HIGHEST PSR
     100              1.236               9
     200              1.570               16
     300              1.415               14
     400              1.118               16
     500              1.082               9

     REPLICATION 48:


                     POTENTIAL       PARAMETER WITH
     ITERATION    SCALE REDUCTION      HIGHEST PSR
     100              3.121               5
     200              1.645               7
     300              1.198               17
     400              1.198               14
     500              1.118               15
     600              1.101               15
     700              1.120               15
     800              1.094               15
     900              1.168               15
     1000             1.096               15
     1100             1.081               3

     REPLICATION 49:


                     POTENTIAL       PARAMETER WITH
     ITERATION    SCALE REDUCTION      HIGHEST PSR
     100              1.744               7
     200              1.161               14
     300              1.544               14
     400              1.101               3
     500              1.137               3
     600              1.149               9
     700              1.136               9
     800              1.038               9

     REPLICATION 50:


                     POTENTIAL       PARAMETER WITH
     ITERATION    SCALE REDUCTION      HIGHEST PSR
     100              1.157               16
     200              1.231               14
     300              1.170               3
     400              1.325               14
     500              1.203               14
     600              1.161               15
     700              1.122               15
     800              1.046               15

     REPLICATION 51:


                     POTENTIAL       PARAMETER WITH
     ITERATION    SCALE REDUCTION      HIGHEST PSR
     100              1.350               16
     200              1.324               7
     300              1.054               19

     REPLICATION 52:


                     POTENTIAL       PARAMETER WITH
     ITERATION    SCALE REDUCTION      HIGHEST PSR
     100              1.716               17
     200              1.175               14
     300              1.585               16
     400              1.093               14
     500              1.081               3

     REPLICATION 53:


                     POTENTIAL       PARAMETER WITH
     ITERATION    SCALE REDUCTION      HIGHEST PSR
     100              1.055               8
     200              1.107               6
     300              1.060               14

     REPLICATION 54:


                     POTENTIAL       PARAMETER WITH
     ITERATION    SCALE REDUCTION      HIGHEST PSR
     100              1.335               9
     200              1.106               16
     300              1.284               7
     400              1.066               10

     REPLICATION 55:


                     POTENTIAL       PARAMETER WITH
     ITERATION    SCALE REDUCTION      HIGHEST PSR
     100              1.727               14
     200              1.061               7

     REPLICATION 56:


                     POTENTIAL       PARAMETER WITH
     ITERATION    SCALE REDUCTION      HIGHEST PSR
     100              1.144               7
     200              1.180               3
     300              1.066               19

     REPLICATION 57:


                     POTENTIAL       PARAMETER WITH
     ITERATION    SCALE REDUCTION      HIGHEST PSR
     100              1.465               3
     200              1.080               10

     REPLICATION 58:


                     POTENTIAL       PARAMETER WITH
     ITERATION    SCALE REDUCTION      HIGHEST PSR
     100              1.405               15
     200              1.091               7
     300              1.059               15

     REPLICATION 59:


                     POTENTIAL       PARAMETER WITH
     ITERATION    SCALE REDUCTION      HIGHEST PSR
     100              1.734               15
     200              1.057               11

     REPLICATION 60:


                     POTENTIAL       PARAMETER WITH
     ITERATION    SCALE REDUCTION      HIGHEST PSR
     100              1.211               5
     200              1.155               10
     300              1.111               9
     400              1.117               3
     500              1.173               3
     600              1.026               7

     REPLICATION 61:


                     POTENTIAL       PARAMETER WITH
     ITERATION    SCALE REDUCTION      HIGHEST PSR
     100              1.332               7
     200              1.318               15
     300              1.137               2
     400              1.146               15
     500              1.153               7
     600              1.098               18
     700              1.109               14
     800              1.156               14
     900              1.124               15
     1000             1.028               7

     REPLICATION 62:


                     POTENTIAL       PARAMETER WITH
     ITERATION    SCALE REDUCTION      HIGHEST PSR
     100              1.486               15
     200              1.079               10

     REPLICATION 63:


                     POTENTIAL       PARAMETER WITH
     ITERATION    SCALE REDUCTION      HIGHEST PSR
     100              1.726               14
     200              1.257               15
     300              1.146               7
     400              1.087               5
     500              1.099               3
     600              1.062               5

     REPLICATION 64:


                     POTENTIAL       PARAMETER WITH
     ITERATION    SCALE REDUCTION      HIGHEST PSR
     100              1.965               5
     200              1.227               3
     300              1.048               7

     REPLICATION 65:


                     POTENTIAL       PARAMETER WITH
     ITERATION    SCALE REDUCTION      HIGHEST PSR
     100              1.256               14
     200              1.197               14
     300              1.167               10
     400              1.142               5
     500              1.045               17

     REPLICATION 66:


                     POTENTIAL       PARAMETER WITH
     ITERATION    SCALE REDUCTION      HIGHEST PSR
     100              1.428               14
     200              1.225               18
     300              1.179               16
     400              1.158               16
     500              1.109               15
     600              1.046               2

     REPLICATION 67:


                     POTENTIAL       PARAMETER WITH
     ITERATION    SCALE REDUCTION      HIGHEST PSR
     100              1.164               19
     200              1.284               5
     300              1.507               5
     400              1.203               5
     500              1.054               19

     REPLICATION 68:


                     POTENTIAL       PARAMETER WITH
     ITERATION    SCALE REDUCTION      HIGHEST PSR
     100              1.285               16
     200              1.333               14
     300              1.095               5
     400              1.032               8

     REPLICATION 69:


                     POTENTIAL       PARAMETER WITH
     ITERATION    SCALE REDUCTION      HIGHEST PSR
     100              1.146               15
     200              1.144               12
     300              1.188               15
     400              1.189               14
     500              1.020               19

     REPLICATION 70:


                     POTENTIAL       PARAMETER WITH
     ITERATION    SCALE REDUCTION      HIGHEST PSR
     100              1.035               18
     200              1.120               5
     300              1.177               10
     400              1.068               10

     REPLICATION 71:


                     POTENTIAL       PARAMETER WITH
     ITERATION    SCALE REDUCTION      HIGHEST PSR
     100              1.078               1
     200              1.214               3
     300              1.063               15

     REPLICATION 72:


                     POTENTIAL       PARAMETER WITH
     ITERATION    SCALE REDUCTION      HIGHEST PSR
     100              1.272               3
     200              1.107               18
     300              1.209               16
     400              1.179               16
     500              1.089               16
     600              1.054               14

     REPLICATION 73:


                     POTENTIAL       PARAMETER WITH
     ITERATION    SCALE REDUCTION      HIGHEST PSR
     100              1.859               14
     200              1.132               15
     300              1.057               16

     REPLICATION 74:


                     POTENTIAL       PARAMETER WITH
     ITERATION    SCALE REDUCTION      HIGHEST PSR
     100              1.107               2
     200              1.212               10
     300              1.125               10
     400              1.067               7

     REPLICATION 75:


                     POTENTIAL       PARAMETER WITH
     ITERATION    SCALE REDUCTION      HIGHEST PSR
     100              1.184               18
     200              1.192               8
     300              1.056               14

     REPLICATION 76:


                     POTENTIAL       PARAMETER WITH
     ITERATION    SCALE REDUCTION      HIGHEST PSR
     100              1.252               15
     200              1.698               5
     300              1.103               6
     400              1.053               6

     REPLICATION 77:


                     POTENTIAL       PARAMETER WITH
     ITERATION    SCALE REDUCTION      HIGHEST PSR
     100              1.681               14
     200              1.169               14
     300              1.126               14
     400              1.182               14
     500              1.125               14
     600              1.061               18

     REPLICATION 78:


                     POTENTIAL       PARAMETER WITH
     ITERATION    SCALE REDUCTION      HIGHEST PSR
     100              1.484               5
     200              1.851               16
     300              1.195               17
     400              1.068               8

     REPLICATION 79:


                     POTENTIAL       PARAMETER WITH
     ITERATION    SCALE REDUCTION      HIGHEST PSR
     100              1.794               7
     200              1.090               19
     300              1.121               16
     400              1.086               18
     500              1.035               7

     REPLICATION 80:


                     POTENTIAL       PARAMETER WITH
     ITERATION    SCALE REDUCTION      HIGHEST PSR
     100              1.318               3
     200              1.499               19
     300              1.056               10

     REPLICATION 81:


                     POTENTIAL       PARAMETER WITH
     ITERATION    SCALE REDUCTION      HIGHEST PSR
     100              1.536               15
     200              3.423               15
     300              2.499               19
     400              1.296               16
     500              1.100               14
     600              1.160               14
     700              1.025               16

     REPLICATION 82:


                     POTENTIAL       PARAMETER WITH
     ITERATION    SCALE REDUCTION      HIGHEST PSR
     100              2.196               17
     200              2.807               18
     300              3.192               14
     400              2.767               14
     500              1.585               14
     600              1.462               18
     700              1.585               18
     800              1.669               18
     900              1.771               14
     1000             1.687               14
     1100             1.596               14
     1200             1.322               14
     1300             1.060               14

     REPLICATION 83:


                     POTENTIAL       PARAMETER WITH
     ITERATION    SCALE REDUCTION      HIGHEST PSR
     100              1.185               14
     200              1.169               15
     300              1.252               15
     400              1.273               17
     500              1.140               17
     600              1.101               5
     700              1.031               13

     REPLICATION 84:


                     POTENTIAL       PARAMETER WITH
     ITERATION    SCALE REDUCTION      HIGHEST PSR
     100              1.800               5
     200              1.164               9
     300              1.028               9

     REPLICATION 85:


                     POTENTIAL       PARAMETER WITH
     ITERATION    SCALE REDUCTION      HIGHEST PSR
     100              1.422               9
     200              1.043               12

     REPLICATION 86:


                     POTENTIAL       PARAMETER WITH
     ITERATION    SCALE REDUCTION      HIGHEST PSR
     100              1.030               11
     200              1.042               3

     REPLICATION 87:


                     POTENTIAL       PARAMETER WITH
     ITERATION    SCALE REDUCTION      HIGHEST PSR
     100              1.151               9
     200              1.104               5
     300              1.119               7
     400              1.086               10
     500              1.079               15

     REPLICATION 88:


                     POTENTIAL       PARAMETER WITH
     ITERATION    SCALE REDUCTION      HIGHEST PSR
     100              1.110               1
     200              1.125               13
     300              1.077               15

     REPLICATION 89:


                     POTENTIAL       PARAMETER WITH
     ITERATION    SCALE REDUCTION      HIGHEST PSR
     100              1.516               14
     200              1.199               5
     300              1.026               17

     REPLICATION 90:


                     POTENTIAL       PARAMETER WITH
     ITERATION    SCALE REDUCTION      HIGHEST PSR
     100              1.369               19
     200              1.961               15
     300              1.268               15
     400              1.049               3

     REPLICATION 91:


                     POTENTIAL       PARAMETER WITH
     ITERATION    SCALE REDUCTION      HIGHEST PSR
     100              1.624               16
     200              1.112               7
     300              1.149               8
     400              1.030               12

     REPLICATION 92:


                     POTENTIAL       PARAMETER WITH
     ITERATION    SCALE REDUCTION      HIGHEST PSR
     100              1.341               10
     200              2.077               15
     300              1.158               3
     400              1.050               16

     REPLICATION 93:


                     POTENTIAL       PARAMETER WITH
     ITERATION    SCALE REDUCTION      HIGHEST PSR
     100              1.572               12
     200              1.501               16
     300              1.169               3
     400              1.170               3
     500              1.146               14
     600              1.097               14
     700              1.065               9

     REPLICATION 94:


                     POTENTIAL       PARAMETER WITH
     ITERATION    SCALE REDUCTION      HIGHEST PSR
     100              1.912               16
     200              1.215               14
     300              1.274               18
     400              1.221               18
     500              1.055               14

     REPLICATION 95:


                     POTENTIAL       PARAMETER WITH
     ITERATION    SCALE REDUCTION      HIGHEST PSR
     100              1.679               12
     200              1.360               18
     300              1.215               5
     400              1.115               15
     500              1.090               18
     600              1.035               11

     REPLICATION 96:


                     POTENTIAL       PARAMETER WITH
     ITERATION    SCALE REDUCTION      HIGHEST PSR
     100              1.109               14
     200              1.270               19
     300              1.368               16
     400              1.118               17
     500              1.079               15

     REPLICATION 97:


                     POTENTIAL       PARAMETER WITH
     ITERATION    SCALE REDUCTION      HIGHEST PSR
     100              1.113               12
     200              1.118               15
     300              1.101               19
     400              1.142               14
     500              1.054               14

     REPLICATION 98:


                     POTENTIAL       PARAMETER WITH
     ITERATION    SCALE REDUCTION      HIGHEST PSR
     100              1.385               14
     200              1.205               19
     300              1.222               15
     400              1.131               19
     500              1.225               19
     600              1.134               5
     700              1.243               15
     800              1.089               15
     900              1.097               15
     1000             1.052               15

     REPLICATION 99:


                     POTENTIAL       PARAMETER WITH
     ITERATION    SCALE REDUCTION      HIGHEST PSR
     100              1.247               18
     200              1.282               16
     300              1.197               7
     400              1.145               18
     500              1.051               18

     REPLICATION 100:


                     POTENTIAL       PARAMETER WITH
     ITERATION    SCALE REDUCTION      HIGHEST PSR
     100              1.276               10
     200              1.202               16
     300              1.124               15
     400              1.021               18


     Beginning Time:  14:40:25
        Ending Time:  15:42:45
       Elapsed Time:  01:02:20



MUTHEN & MUTHEN
3463 Stoner Ave.
Los Angeles, CA  90066

Tel: (310) 391-9971
Fax: (310) 391-8971
Web: www.StatModel.com
Support: Support@StatModel.com

Copyright (c) 1998-2018 Muthen & Muthen
