Mplus DEVELOPMENT (Mpdev 4/1/2018, Build 1, Intel 17)
MUTHEN & MUTHEN
06/14/2018   4:43 PM

INPUT INSTRUCTIONS

  MONTECARLO:  NAMES ARE y1-y3;
               NOBS = 20000;
               NREP = 100;
               NCSIZES = 1;
               CSIZES = 200(100);
               lagged=y1-y3(1);

  ANALYSIS:  estimator=bayes; proc=2;
              type=twolevel;

  MODEL MONTECARLO:

    %within%
    y1-y3*1;
    y1^ on y1^1*0.2;
    y2^ on y2^1*0.6;
    y3^ on y3^1*0;
    e by y1-y3*1 (&1);
    e by y1-y3*1;
    e^ on e^1*0.5;
    e@1;
    %between%
    eb by y1-y3*1;
    eb@1; y1-y3*1;


  MODEL:

    %within%
    y1*1.042 y2*1.563 y3*1;
    y1^ on y1^1@0;
    y2^ on y2^1@0;
    y3^ on y3^1@0;
    e by y1-y3 (&1);
    e by y2-y3*1;
    e^ on e^1*0.5;
    e*1;
    %between%
    eb by y1@1
          y2-y3*1;
    eb*1; y1-y3*1;

  OUTPUT: TECH8;



INPUT READING TERMINATED NORMALLY




SUMMARY OF ANALYSIS

Number of groups                                                 1
Number of observations                                       20000

Number of replications
    Requested                                                  100
    Completed                                                  100
Value of seed                                                    0

Number of dependent variables                                    3
Number of independent variables                                  3
Number of continuous latent variables                            3

Observed dependent variables

  Continuous
   Y1          Y2          Y3

Observed independent variables
   Y1^1        Y2^1        Y3^1

Continuous latent variables
   E           E^1         EB

Variables with special functions

  Within variables
   Y1^1        Y2^1        Y3^1


Estimator                                                    BAYES
Specifications for Bayesian Estimation
  Point estimate                                            MEDIAN
  Number of Markov chain Monte Carlo (MCMC) chains               2
  Random seed for the first chain                                0
  Starting value information                           UNPERTURBED
  Algorithm used for Markov chain Monte Carlo           GIBBS(PX1)
  Convergence criterion                                  0.500D-01
  Maximum number of iterations                               50000
  K-th iteration used for thinning                               1


SUMMARY OF DATA FOR THE FIRST REPLICATION

     Cluster information

       Size (s)    Number of clusters of Size s

        100           200





MODEL FIT INFORMATION

Number of Free Parameters                       16

Information Criteria

    Deviance (DIC)

        Mean                            193345.567
        Std Dev                            492.807
        Number of successful computations      100

             Proportions                   Percentiles
        Expected    Observed         Expected       Observed
           0.990       0.990       192199.150     192166.549
           0.980       0.980       192333.490     192295.231
           0.950       0.950       192534.949     192504.640
           0.900       0.890       192713.986     192607.455
           0.800       0.800       192930.820     192847.809
           0.700       0.680       193087.139     193062.863
           0.500       0.520       193345.567     193352.791
           0.300       0.320       193603.994     193618.144
           0.200       0.200       193760.313     193750.632
           0.100       0.100       193977.148     193951.253
           0.050       0.060       194156.184     194190.817
           0.020       0.020       194357.644     194212.072
           0.010       0.010       194491.983     194367.168

    Estimated Number of Parameters (pD)

        Mean                             13656.009
        Std Dev                             98.690
        Number of successful computations      100

             Proportions                   Percentiles
        Expected    Observed         Expected       Observed
           0.990       0.970        13426.427      13373.841
           0.980       0.960        13453.329      13386.045
           0.950       0.950        13493.674      13488.979
           0.900       0.900        13529.528      13514.439
           0.800       0.830        13572.952      13579.486
           0.700       0.750        13604.256      13613.850
           0.500       0.510        13656.009      13657.500
           0.300       0.280        13707.762      13704.954
           0.200       0.180        13739.067      13731.955
           0.100       0.100        13782.490      13773.731
           0.050       0.060        13818.344      13822.428
           0.020       0.020        13858.689      13835.651
           0.010       0.020        13885.592      13889.823



MODEL RESULTS

                              ESTIMATES              S. E.     M. S. E.  95%  % Sig
                 Population   Average   Std. Dev.   Average             Cover Coeff
Within Level

 E        BY
  Y1                  1.000     1.0000     0.0000     0.0000     0.0000 1.000 0.000
  Y2                  1.000     1.1501     0.0355     0.0176     0.0238 0.000 1.000
  Y3                  1.000     0.9727     0.0103     0.0113     0.0009 0.280 1.000

 E^         ON
  E^1                 0.500     0.5819     0.0097     0.0080     0.0068 0.000 1.000

 Y1^        ON
  Y1^1                0.000     0.0000     0.0000     0.0000     0.0000 1.000 0.000

 Y2^        ON
  Y2^1                0.000     0.0000     0.0000     0.0000     0.0000 1.000 0.000

 Y3^        ON
  Y3^1                0.000     0.0000     0.0000     0.0000     0.0000 1.000 0.000

 Residual Variances
  Y1                  1.042     1.1303     0.0293     0.0189     0.0086 0.020 1.000
  Y2                  1.563     1.2238     0.0462     0.0257     0.1171 0.000 1.000
  Y3                  1.000     1.1598     0.0230     0.0174     0.0261 0.000 1.000
  E                   1.000     0.8276     0.0329     0.0199     0.0308 0.000 1.000

Between Level

 EB       BY
  Y1                  1.000     1.0000     0.0000     0.0000     0.0000 1.000 0.000
  Y2                  1.000     1.0322     0.1786     0.1640     0.0326 0.930 1.000
  Y3                  1.000     1.0333     0.1684     0.1625     0.0292 0.920 1.000

 Intercepts
  Y1                  0.000     0.0110     0.1058     0.1013     0.0112 0.940 0.060
  Y2                  0.000     0.0073     0.1108     0.1040     0.0122 0.920 0.080
  Y3                  0.000     0.0123     0.0907     0.1015     0.0083 0.970 0.030

 Variances
  EB                  1.000     0.9921     0.2262     0.2226     0.0507 0.950 1.000

 Residual Variances
  Y1                  1.000     1.0499     0.1606     0.1749     0.0280 0.980 1.000
  Y2                  1.000     1.0855     0.1673     0.1814     0.0350 0.900 1.000
  Y3                  1.000     0.9915     0.1647     0.1718     0.0269 0.980 1.000


CORRELATIONS AND MEAN SQUARE ERROR OF THE TRUE FACTOR VALUES AND THE FACTOR SCORES

                        CORRELATIONS                MEAN SQUARE ERROR
                    Average    Std. Dev.           Average    Std. Dev.
  EB                  0.847       0.022              0.543       0.033
  Y1                  0.986       0.002              0.236       0.012
  Y2                  0.976       0.004              0.314       0.017
  Y3                  0.987       0.002              0.223       0.012


TECHNICAL 1 OUTPUT


     PARAMETER SPECIFICATION FOR WITHIN


           NU
              Y1            Y2            Y3            Y1^1          Y2^1
              ________      ________      ________      ________      ________
                    0             0             0             0             0


           NU
              Y3^1
              ________
                    0


           LAMBDA
              E             E^1           Y1            Y2            Y3
              ________      ________      ________      ________      ________
 Y1                 0             0             0             0             0
 Y2                 0             0             0             0             0
 Y3                 0             0             0             0             0
 Y1^1               0             0             0             0             0
 Y2^1               0             0             0             0             0
 Y3^1               0             0             0             0             0


           LAMBDA
              Y1^1          Y2^1          Y3^1
              ________      ________      ________
 Y1                 0             0             0
 Y2                 0             0             0
 Y3                 0             0             0
 Y1^1               0             0             0
 Y2^1               0             0             0
 Y3^1               0             0             0


           THETA
              Y1            Y2            Y3            Y1^1          Y2^1
              ________      ________      ________      ________      ________
 Y1                 0
 Y2                 0             0
 Y3                 0             0             0
 Y1^1               0             0             0             0
 Y2^1               0             0             0             0             0
 Y3^1               0             0             0             0             0


           THETA
              Y3^1
              ________
 Y3^1               0


           ALPHA
              E             E^1           Y1            Y2            Y3
              ________      ________      ________      ________      ________
                    0             0             0             0             0


           ALPHA
              Y1^1          Y2^1          Y3^1
              ________      ________      ________
                    0             0             0


           BETA
              E             E^1           Y1            Y2            Y3
              ________      ________      ________      ________      ________
 E                  0             1             0             0             0
 E^1                0             0             0             0             0
 Y1                 0             0             0             0             0
 Y2                 2             0             0             0             0
 Y3                 3             0             0             0             0
 Y1^1               0             0             0             0             0
 Y2^1               0             0             0             0             0
 Y3^1               0             0             0             0             0


           BETA
              Y1^1          Y2^1          Y3^1
              ________      ________      ________
 E                  0             0             0
 E^1                0             0             0
 Y1                 0             0             0
 Y2                 0             0             0
 Y3                 0             0             0
 Y1^1               0             0             0
 Y2^1               0             0             0
 Y3^1               0             0             0


           PSI
              E             E^1           Y1            Y2            Y3
              ________      ________      ________      ________      ________
 E                  4
 E^1                0             0
 Y1                 0             0             5
 Y2                 0             0             0             6
 Y3                 0             0             0             0             7
 Y1^1               0             0             0             0             0
 Y2^1               0             0             0             0             0
 Y3^1               0             0             0             0             0


           PSI
              Y1^1          Y2^1          Y3^1
              ________      ________      ________
 Y1^1               0
 Y2^1               0             0
 Y3^1               0             0             0


     PARAMETER SPECIFICATION FOR BETWEEN


           NU
              Y1            Y2            Y3
              ________      ________      ________
                    0             0             0


           LAMBDA
              EB            Y1            Y2            Y3
              ________      ________      ________      ________
 Y1                 0             0             0             0
 Y2                 0             0             0             0
 Y3                 0             0             0             0


           THETA
              Y1            Y2            Y3
              ________      ________      ________
 Y1                 0
 Y2                 0             0
 Y3                 0             0             0


           ALPHA
              EB            Y1            Y2            Y3
              ________      ________      ________      ________
                    0             8             9            10


           BETA
              EB            Y1            Y2            Y3
              ________      ________      ________      ________
 EB                 0             0             0             0
 Y1                 0             0             0             0
 Y2                11             0             0             0
 Y3                12             0             0             0


           PSI
              EB            Y1            Y2            Y3
              ________      ________      ________      ________
 EB                13
 Y1                 0            14
 Y2                 0             0            15
 Y3                 0             0             0            16


     STARTING VALUES FOR WITHIN


           NU
              Y1            Y2            Y3            Y1^1          Y2^1
              ________      ________      ________      ________      ________
                0.000         0.000         0.000         0.000         0.000


           NU
              Y3^1
              ________
                0.000


           LAMBDA
              E             E^1           Y1            Y2            Y3
              ________      ________      ________      ________      ________
 Y1             0.000         0.000         1.000         0.000         0.000
 Y2             0.000         0.000         0.000         1.000         0.000
 Y3             0.000         0.000         0.000         0.000         1.000
 Y1^1           0.000         0.000         0.000         0.000         0.000
 Y2^1           0.000         0.000         0.000         0.000         0.000
 Y3^1           0.000         0.000         0.000         0.000         0.000


           LAMBDA
              Y1^1          Y2^1          Y3^1
              ________      ________      ________
 Y1             0.000         0.000         0.000
 Y2             0.000         0.000         0.000
 Y3             0.000         0.000         0.000
 Y1^1           1.000         0.000         0.000
 Y2^1           0.000         1.000         0.000
 Y3^1           0.000         0.000         1.000


           THETA
              Y1            Y2            Y3            Y1^1          Y2^1
              ________      ________      ________      ________      ________
 Y1             0.000
 Y2             0.000         0.000
 Y3             0.000         0.000         0.000
 Y1^1           0.000         0.000         0.000         0.000
 Y2^1           0.000         0.000         0.000         0.000         0.000
 Y3^1           0.000         0.000         0.000         0.000         0.000


           THETA
              Y3^1
              ________
 Y3^1           0.000


           ALPHA
              E             E^1           Y1            Y2            Y3
              ________      ________      ________      ________      ________
                0.000         0.000         0.000         0.000         0.000


           ALPHA
              Y1^1          Y2^1          Y3^1
              ________      ________      ________
                0.000         0.000         0.000


           BETA
              E             E^1           Y1            Y2            Y3
              ________      ________      ________      ________      ________
 E              0.000         0.500         0.000         0.000         0.000
 E^1            0.000         0.000         0.000         0.000         0.000
 Y1             1.000         0.000         0.000         0.000         0.000
 Y2             1.000         0.000         0.000         0.000         0.000
 Y3             1.000         0.000         0.000         0.000         0.000
 Y1^1           0.000         0.000         0.000         0.000         0.000
 Y2^1           0.000         0.000         0.000         0.000         0.000
 Y3^1           0.000         0.000         0.000         0.000         0.000


           BETA
              Y1^1          Y2^1          Y3^1
              ________      ________      ________
 E              0.000         0.000         0.000
 E^1            0.000         0.000         0.000
 Y1             0.000         0.000         0.000
 Y2             0.000         0.000         0.000
 Y3             0.000         0.000         0.000
 Y1^1           0.000         0.000         0.000
 Y2^1           0.000         0.000         0.000
 Y3^1           0.000         0.000         0.000


           PSI
              E             E^1           Y1            Y2            Y3
              ________      ________      ________      ________      ________
 E              1.000
 E^1            0.000         1.000
 Y1             0.000         0.000         1.042
 Y2             0.000         0.000         0.000         1.563
 Y3             0.000         0.000         0.000         0.000         1.000
 Y1^1           0.000         0.000         0.000         0.000         0.000
 Y2^1           0.000         0.000         0.000         0.000         0.000
 Y3^1           0.000         0.000         0.000         0.000         0.000


           PSI
              Y1^1          Y2^1          Y3^1
              ________      ________      ________
 Y1^1           0.500
 Y2^1           0.000         0.500
 Y3^1           0.000         0.000         0.500


     STARTING VALUES FOR BETWEEN


           NU
              Y1            Y2            Y3
              ________      ________      ________
                0.000         0.000         0.000


           LAMBDA
              EB            Y1            Y2            Y3
              ________      ________      ________      ________
 Y1             0.000         1.000         0.000         0.000
 Y2             0.000         0.000         1.000         0.000
 Y3             0.000         0.000         0.000         1.000


           THETA
              Y1            Y2            Y3
              ________      ________      ________
 Y1             0.000
 Y2             0.000         0.000
 Y3             0.000         0.000         0.000


           ALPHA
              EB            Y1            Y2            Y3
              ________      ________      ________      ________
                0.000         0.000         0.000         0.000


           BETA
              EB            Y1            Y2            Y3
              ________      ________      ________      ________
 EB             0.000         0.000         0.000         0.000
 Y1             1.000         0.000         0.000         0.000
 Y2             1.000         0.000         0.000         0.000
 Y3             1.000         0.000         0.000         0.000


           PSI
              EB            Y1            Y2            Y3
              ________      ________      ________      ________
 EB             1.000
 Y1             0.000         1.000
 Y2             0.000         0.000         1.000
 Y3             0.000         0.000         0.000         1.000


     POPULATION VALUES FOR WITHIN


           NU
              Y1            Y2            Y3            Y1^1          Y2^1
              ________      ________      ________      ________      ________
                0.000         0.000         0.000         0.000         0.000


           NU
              Y3^1
              ________
                0.000


           LAMBDA
              E             E^1           Y1            Y2            Y3
              ________      ________      ________      ________      ________
 Y1             0.000         0.000         1.000         0.000         0.000
 Y2             0.000         0.000         0.000         1.000         0.000
 Y3             0.000         0.000         0.000         0.000         1.000
 Y1^1           0.000         0.000         0.000         0.000         0.000
 Y2^1           0.000         0.000         0.000         0.000         0.000
 Y3^1           0.000         0.000         0.000         0.000         0.000


           LAMBDA
              Y1^1          Y2^1          Y3^1
              ________      ________      ________
 Y1             0.000         0.000         0.000
 Y2             0.000         0.000         0.000
 Y3             0.000         0.000         0.000
 Y1^1           1.000         0.000         0.000
 Y2^1           0.000         1.000         0.000
 Y3^1           0.000         0.000         1.000


           THETA
              Y1            Y2            Y3            Y1^1          Y2^1
              ________      ________      ________      ________      ________
 Y1             0.000
 Y2             0.000         0.000
 Y3             0.000         0.000         0.000
 Y1^1           0.000         0.000         0.000         0.000
 Y2^1           0.000         0.000         0.000         0.000         0.000
 Y3^1           0.000         0.000         0.000         0.000         0.000


           THETA
              Y3^1
              ________
 Y3^1           0.000


           ALPHA
              E             E^1           Y1            Y2            Y3
              ________      ________      ________      ________      ________
                0.000         0.000         0.000         0.000         0.000


           ALPHA
              Y1^1          Y2^1          Y3^1
              ________      ________      ________
                0.000         0.000         0.000


           BETA
              E             E^1           Y1            Y2            Y3
              ________      ________      ________      ________      ________
 E              0.000         0.500         0.000         0.000         0.000
 E^1            0.000         0.000         0.000         0.000         0.000
 Y1             1.000         0.000         0.000         0.000         0.000
 Y2             1.000         0.000         0.000         0.000         0.000
 Y3             1.000         0.000         0.000         0.000         0.000
 Y1^1           0.000         0.000         0.000         0.000         0.000
 Y2^1           0.000         0.000         0.000         0.000         0.000
 Y3^1           0.000         0.000         0.000         0.000         0.000


           BETA
              Y1^1          Y2^1          Y3^1
              ________      ________      ________
 E              0.000         0.000         0.000
 E^1            0.000         0.000         0.000
 Y1             0.200         0.000         0.000
 Y2             0.000         0.600         0.000
 Y3             0.000         0.000         0.000
 Y1^1           0.000         0.000         0.000
 Y2^1           0.000         0.000         0.000
 Y3^1           0.000         0.000         0.000


           PSI
              E             E^1           Y1            Y2            Y3
              ________      ________      ________      ________      ________
 E              1.000
 E^1            0.000         1.000
 Y1             0.000         0.000         1.000
 Y2             0.000         0.000         0.000         1.000
 Y3             0.000         0.000         0.000         0.000         1.000
 Y1^1           0.000         0.000         0.000         0.000         0.000
 Y2^1           0.000         0.000         0.000         0.000         0.000
 Y3^1           0.000         0.000         0.000         0.000         0.000


           PSI
              Y1^1          Y2^1          Y3^1
              ________      ________      ________
 Y1^1           1.000
 Y2^1           0.000         1.000
 Y3^1           0.000         0.000         1.000


     POPULATION VALUES FOR BETWEEN


           NU
              Y1            Y2            Y3
              ________      ________      ________
                0.000         0.000         0.000


           LAMBDA
              EB            Y1            Y2            Y3
              ________      ________      ________      ________
 Y1             0.000         1.000         0.000         0.000
 Y2             0.000         0.000         1.000         0.000
 Y3             0.000         0.000         0.000         1.000


           THETA
              Y1            Y2            Y3
              ________      ________      ________
 Y1             0.000
 Y2             0.000         0.000
 Y3             0.000         0.000         0.000


           ALPHA
              EB            Y1            Y2            Y3
              ________      ________      ________      ________
                0.000         0.000         0.000         0.000


           BETA
              EB            Y1            Y2            Y3
              ________      ________      ________      ________
 EB             0.000         0.000         0.000         0.000
 Y1             1.000         0.000         0.000         0.000
 Y2             1.000         0.000         0.000         0.000
 Y3             1.000         0.000         0.000         0.000


           PSI
              EB            Y1            Y2            Y3
              ________      ________      ________      ________
 EB             1.000
 Y1             0.000         1.000
 Y2             0.000         0.000         1.000
 Y3             0.000         0.000         0.000         1.000



     PRIORS FOR ALL PARAMETERS            PRIOR MEAN      PRIOR VARIANCE     PRIOR STD. DEV.

     Parameter 1~N(0.000,infinity)           0.0000            infinity            infinity
     Parameter 2~N(0.000,infinity)           0.0000            infinity            infinity
     Parameter 3~N(0.000,infinity)           0.0000            infinity            infinity
     Parameter 4~IG(-1.000,0.000)          infinity            infinity            infinity
     Parameter 5~IG(-1.000,0.000)          infinity            infinity            infinity
     Parameter 6~IG(-1.000,0.000)          infinity            infinity            infinity
     Parameter 7~IG(-1.000,0.000)          infinity            infinity            infinity
     Parameter 8~N(0.000,infinity)           0.0000            infinity            infinity
     Parameter 9~N(0.000,infinity)           0.0000            infinity            infinity
     Parameter 10~N(0.000,infinity)          0.0000            infinity            infinity
     Parameter 11~N(0.000,infinity)          0.0000            infinity            infinity
     Parameter 12~N(0.000,infinity)          0.0000            infinity            infinity
     Parameter 13~IG(-1.000,0.000)         infinity            infinity            infinity
     Parameter 14~IG(-1.000,0.000)         infinity            infinity            infinity
     Parameter 15~IG(-1.000,0.000)         infinity            infinity            infinity
     Parameter 16~IG(-1.000,0.000)         infinity            infinity            infinity


TECHNICAL 8 OUTPUT

#START_LINK
   TECHNICAL 8 OUTPUT FOR BAYES ESTIMATION
- for Bayes Estimation
tech8_bayes
#END_LINK

     CHAIN    BSEED
     1        0
     2        285380

     REPLICATION 1:


                     POTENTIAL       PARAMETER WITH
     ITERATION    SCALE REDUCTION      HIGHEST PSR
     100              1.635               2
     200              1.061               5

     REPLICATION 2:


                     POTENTIAL       PARAMETER WITH
     ITERATION    SCALE REDUCTION      HIGHEST PSR
     100              1.261               6
     200              1.502               2
     300              1.277               4
     400              1.103               16
     500              1.033               9

     REPLICATION 3:


                     POTENTIAL       PARAMETER WITH
     ITERATION    SCALE REDUCTION      HIGHEST PSR
     100              1.123               16
     200              1.211               4
     300              1.225               2
     400              1.162               13
     500              1.294               13
     600              1.201               4
     700              1.274               4
     800              1.175               13
     900              1.155               11
     1000             1.102               11
     1100             1.075               13

     REPLICATION 4:


                     POTENTIAL       PARAMETER WITH
     ITERATION    SCALE REDUCTION      HIGHEST PSR
     100              1.256               12
     200              1.106               4
     300              1.360               12
     400              1.097               4
     500              1.028               16

     REPLICATION 5:


                     POTENTIAL       PARAMETER WITH
     ITERATION    SCALE REDUCTION      HIGHEST PSR
     100              1.691               2
     200              1.143               12
     300              1.218               2
     400              1.226               6
     500              1.318               2
     600              1.234               2
     700              1.139               4
     800              1.035               4

     REPLICATION 6:


                     POTENTIAL       PARAMETER WITH
     ITERATION    SCALE REDUCTION      HIGHEST PSR
     100              1.423               4
     200              1.191               15
     300              1.097               11
     400              1.185               11
     500              1.031               4

     REPLICATION 7:


                     POTENTIAL       PARAMETER WITH
     ITERATION    SCALE REDUCTION      HIGHEST PSR
     100              1.420               16
     200              1.048               11

     REPLICATION 8:


                     POTENTIAL       PARAMETER WITH
     ITERATION    SCALE REDUCTION      HIGHEST PSR
     100              1.790               13
     200              1.754               2
     300              1.267               6
     400              1.269               6
     500              1.401               2
     600              1.250               6
     700              1.145               6
     800              1.099               6
     900              1.072               6

     REPLICATION 9:


                     POTENTIAL       PARAMETER WITH
     ITERATION    SCALE REDUCTION      HIGHEST PSR
     100              1.809               2
     200              1.335               4
     300              1.145               6
     400              1.141               13
     500              1.107               12
     600              1.228               11
     700              1.179               2
     800              1.048               11

     REPLICATION 10:


                     POTENTIAL       PARAMETER WITH
     ITERATION    SCALE REDUCTION      HIGHEST PSR
     100              1.295               2
     200              1.163               2
     300              1.148               6
     400              1.066               3

     REPLICATION 11:


                     POTENTIAL       PARAMETER WITH
     ITERATION    SCALE REDUCTION      HIGHEST PSR
     100              2.399               11
     200              1.082               16

     REPLICATION 12:


                     POTENTIAL       PARAMETER WITH
     ITERATION    SCALE REDUCTION      HIGHEST PSR
     100              1.629               13
     200              1.739               11
     300              1.082               3

     REPLICATION 13:


                     POTENTIAL       PARAMETER WITH
     ITERATION    SCALE REDUCTION      HIGHEST PSR
     100              1.937               2
     200              1.161               12
     300              1.143               16
     400              1.074               11

     REPLICATION 14:


                     POTENTIAL       PARAMETER WITH
     ITERATION    SCALE REDUCTION      HIGHEST PSR
     100              2.396               2
     200              1.110               3
     300              1.108               12
     400              1.110               2
     500              1.116               2
     600              1.064               16

     REPLICATION 15:


                     POTENTIAL       PARAMETER WITH
     ITERATION    SCALE REDUCTION      HIGHEST PSR
     100              1.229               3
     200              1.130               14
     300              1.089               11
     400              1.414               12
     500              1.197               12
     600              1.159               12
     700              1.139               12
     800              1.040               3

     REPLICATION 16:


                     POTENTIAL       PARAMETER WITH
     ITERATION    SCALE REDUCTION      HIGHEST PSR
     100              1.884               12
     200              1.581               2
     300              1.110               13
     400              1.018               12

     REPLICATION 17:


                     POTENTIAL       PARAMETER WITH
     ITERATION    SCALE REDUCTION      HIGHEST PSR
     100              1.410               2
     200              1.030               16

     REPLICATION 18:


                     POTENTIAL       PARAMETER WITH
     ITERATION    SCALE REDUCTION      HIGHEST PSR
     100              1.598               13
     200              1.170               9
     300              1.206               4
     400              1.270               2
     500              1.248               6
     600              1.082               6

     REPLICATION 19:


                     POTENTIAL       PARAMETER WITH
     ITERATION    SCALE REDUCTION      HIGHEST PSR
     100              1.436               15
     200              2.006               15
     300              2.573               15
     400              3.858               15
     500              3.796               15
     600              2.927               15
     700              2.027               15
     800              1.453               15
     900              1.253               15
     1000             1.152               15
     1100             1.285               15
     1200             1.194               11
     1300             1.146               11
     1400             1.091               11
     1500             1.120               11
     1600             1.088               11
     1700             1.112               11
     1800             1.049               11

     REPLICATION 20:


                     POTENTIAL       PARAMETER WITH
     ITERATION    SCALE REDUCTION      HIGHEST PSR
     100              1.296               10
     200              1.295               15
     300              1.081               5

     REPLICATION 21:


                     POTENTIAL       PARAMETER WITH
     ITERATION    SCALE REDUCTION      HIGHEST PSR
     100              1.651               2
     200              1.137               4
     300              1.245               11
     400              1.048               13

     REPLICATION 22:


                     POTENTIAL       PARAMETER WITH
     ITERATION    SCALE REDUCTION      HIGHEST PSR
     100              1.942               6
     200              1.060               8

     REPLICATION 23:


                     POTENTIAL       PARAMETER WITH
     ITERATION    SCALE REDUCTION      HIGHEST PSR
     100              1.648               6
     200              1.443               2
     300              1.153               11
     400              1.025               3

     REPLICATION 24:


                     POTENTIAL       PARAMETER WITH
     ITERATION    SCALE REDUCTION      HIGHEST PSR
     100              1.295               4
     200              1.089               12
     300              1.350               11
     400              1.114               14
     500              1.041               15

     REPLICATION 25:


                     POTENTIAL       PARAMETER WITH
     ITERATION    SCALE REDUCTION      HIGHEST PSR
     100              1.220               2
     200              1.268               12
     300              1.087               9
     400              1.029               9

     REPLICATION 26:


                     POTENTIAL       PARAMETER WITH
     ITERATION    SCALE REDUCTION      HIGHEST PSR
     100              1.336               14
     200              1.107               6
     300              1.138               3
     400              1.047               12

     REPLICATION 27:


                     POTENTIAL       PARAMETER WITH
     ITERATION    SCALE REDUCTION      HIGHEST PSR
     100              1.445               4
     200              1.159               11
     300              1.255               12
     400              1.273               12
     500              1.149               12
     600              1.046               1

     REPLICATION 28:


                     POTENTIAL       PARAMETER WITH
     ITERATION    SCALE REDUCTION      HIGHEST PSR
     100              1.508               12
     200              1.197               6
     300              1.163               13
     400              1.113               3
     500              1.067               11

     REPLICATION 29:


                     POTENTIAL       PARAMETER WITH
     ITERATION    SCALE REDUCTION      HIGHEST PSR
     100              1.747               11
     200              1.665               4
     300              1.372               4
     400              1.238               2
     500              1.176               13
     600              1.066               6

     REPLICATION 30:


                     POTENTIAL       PARAMETER WITH
     ITERATION    SCALE REDUCTION      HIGHEST PSR
     100              1.232               2
     200              1.365               2
     300              1.058               2

     REPLICATION 31:


                     POTENTIAL       PARAMETER WITH
     ITERATION    SCALE REDUCTION      HIGHEST PSR
     100              1.349               8
     200              1.079               12

     REPLICATION 32:


                     POTENTIAL       PARAMETER WITH
     ITERATION    SCALE REDUCTION      HIGHEST PSR
     100              1.125               4
     200              1.234               3
     300              1.124               13
     400              1.053               10

     REPLICATION 33:


                     POTENTIAL       PARAMETER WITH
     ITERATION    SCALE REDUCTION      HIGHEST PSR
     100              1.403               13
     200              1.149               4
     300              1.091               10
     400              1.059               2

     REPLICATION 34:


                     POTENTIAL       PARAMETER WITH
     ITERATION    SCALE REDUCTION      HIGHEST PSR
     100              1.472               2
     200              1.231               13
     300              1.285               2
     400              1.364               4
     500              1.368               2
     600              1.264               2
     700              1.069               4

     REPLICATION 35:


                     POTENTIAL       PARAMETER WITH
     ITERATION    SCALE REDUCTION      HIGHEST PSR
     100              1.474               12
     200              1.258               2
     300              1.141               16
     400              1.286               2
     500              1.295               4
     600              1.186               4
     700              1.229               4
     800              1.087               4
     900              1.068               4

     REPLICATION 36:


                     POTENTIAL       PARAMETER WITH
     ITERATION    SCALE REDUCTION      HIGHEST PSR
     100              1.201               2
     200              1.302               2
     300              1.073               11

     REPLICATION 37:


                     POTENTIAL       PARAMETER WITH
     ITERATION    SCALE REDUCTION      HIGHEST PSR
     100              1.732               2
     200              1.501               12
     300              1.447               11
     400              1.147               4
     500              1.048               13

     REPLICATION 38:


                     POTENTIAL       PARAMETER WITH
     ITERATION    SCALE REDUCTION      HIGHEST PSR
     100              1.269               11
     200              1.360               6
     300              1.244               2
     400              1.068               11

     REPLICATION 39:


                     POTENTIAL       PARAMETER WITH
     ITERATION    SCALE REDUCTION      HIGHEST PSR
     100              1.511               13
     200              1.292               13
     300              1.152               11
     400              1.212               2
     500              1.128               2
     600              1.208               4
     700              1.048               11

     REPLICATION 40:


                     POTENTIAL       PARAMETER WITH
     ITERATION    SCALE REDUCTION      HIGHEST PSR
     100              1.169               13
     200              1.383               2
     300              1.098               16
     400              1.025               16

     REPLICATION 41:


                     POTENTIAL       PARAMETER WITH
     ITERATION    SCALE REDUCTION      HIGHEST PSR
     100              1.918               16
     200              1.421               2
     300              1.178               12
     400              1.016               6

     REPLICATION 42:


                     POTENTIAL       PARAMETER WITH
     ITERATION    SCALE REDUCTION      HIGHEST PSR
     100              1.686               2
     200              1.149               6
     300              1.295               6
     400              1.056               6

     REPLICATION 43:


                     POTENTIAL       PARAMETER WITH
     ITERATION    SCALE REDUCTION      HIGHEST PSR
     100              1.445               13
     200              1.456               4
     300              1.031               16

     REPLICATION 44:


                     POTENTIAL       PARAMETER WITH
     ITERATION    SCALE REDUCTION      HIGHEST PSR
     100              1.331               10
     200              1.203               8
     300              1.081               5

     REPLICATION 45:


                     POTENTIAL       PARAMETER WITH
     ITERATION    SCALE REDUCTION      HIGHEST PSR
     100              1.226               10
     200              1.520               15
     300              1.233               11
     400              1.130               6
     500              1.393               15
     600              1.447               11
     700              1.445               11
     800              1.249               11
     900              1.197               2
     1000             1.160               2
     1100             1.123               2
     1200             1.059               2

     REPLICATION 46:


                     POTENTIAL       PARAMETER WITH
     ITERATION    SCALE REDUCTION      HIGHEST PSR
     100              1.322               10
     200              1.276               3
     300              1.249               13
     400              1.288               2
     500              1.118               2
     600              1.115               11
     700              1.093               11
     800              1.060               11

     REPLICATION 47:


                     POTENTIAL       PARAMETER WITH
     ITERATION    SCALE REDUCTION      HIGHEST PSR
     100              1.645               12
     200              1.348               2
     300              1.148               12
     400              1.047               12

     REPLICATION 48:


                     POTENTIAL       PARAMETER WITH
     ITERATION    SCALE REDUCTION      HIGHEST PSR
     100              1.326               6
     200              1.380               11
     300              1.119               6
     400              1.206               6
     500              1.056               6

     REPLICATION 49:


                     POTENTIAL       PARAMETER WITH
     ITERATION    SCALE REDUCTION      HIGHEST PSR
     100              1.596               4
     200              1.477               4
     300              1.032               13

     REPLICATION 50:


                     POTENTIAL       PARAMETER WITH
     ITERATION    SCALE REDUCTION      HIGHEST PSR
     100              1.283               13
     200              1.041               7

     REPLICATION 51:


                     POTENTIAL       PARAMETER WITH
     ITERATION    SCALE REDUCTION      HIGHEST PSR
     100              1.126               4
     200              1.089               6
     300              1.089               2
     400              1.106               15
     500              1.121               8
     600              1.113               11
     700              1.030               8

     REPLICATION 52:


                     POTENTIAL       PARAMETER WITH
     ITERATION    SCALE REDUCTION      HIGHEST PSR
     100              2.305               13
     200              1.404               4
     300              1.121               16
     400              1.085               16
     500              1.052               12

     REPLICATION 53:


                     POTENTIAL       PARAMETER WITH
     ITERATION    SCALE REDUCTION      HIGHEST PSR
     100              2.102               2
     200              1.296               14
     300              1.060               11

     REPLICATION 54:


                     POTENTIAL       PARAMETER WITH
     ITERATION    SCALE REDUCTION      HIGHEST PSR
     100              1.524               13
     200              1.283               13
     300              1.112               14
     400              1.068               14

     REPLICATION 55:


                     POTENTIAL       PARAMETER WITH
     ITERATION    SCALE REDUCTION      HIGHEST PSR
     100              1.492               4
     200              1.138               12
     300              1.080               15

     REPLICATION 56:


                     POTENTIAL       PARAMETER WITH
     ITERATION    SCALE REDUCTION      HIGHEST PSR
     100              1.154               11
     200              1.130               12
     300              1.291               2
     400              1.521               2
     500              1.072               2

     REPLICATION 57:


                     POTENTIAL       PARAMETER WITH
     ITERATION    SCALE REDUCTION      HIGHEST PSR
     100              1.933               11
     200              1.593               12
     300              1.446               13
     400              1.233               4
     500              1.164               4
     600              1.071               5

     REPLICATION 58:


                     POTENTIAL       PARAMETER WITH
     ITERATION    SCALE REDUCTION      HIGHEST PSR
     100              1.418               4
     200              1.254               11
     300              1.073               2

     REPLICATION 59:


                     POTENTIAL       PARAMETER WITH
     ITERATION    SCALE REDUCTION      HIGHEST PSR
     100              1.410               14
     200              1.717               13
     300              1.081               14

     REPLICATION 60:


                     POTENTIAL       PARAMETER WITH
     ITERATION    SCALE REDUCTION      HIGHEST PSR
     100              1.481               5
     200              1.424               14
     300              1.272               14
     400              1.104               14
     500              1.120               3
     600              1.059               13

     REPLICATION 61:


                     POTENTIAL       PARAMETER WITH
     ITERATION    SCALE REDUCTION      HIGHEST PSR
     100              1.447               3
     200              1.017               13

     REPLICATION 62:


                     POTENTIAL       PARAMETER WITH
     ITERATION    SCALE REDUCTION      HIGHEST PSR
     100              2.557               14
     200              1.152               2
     300              1.145               14
     400              1.033               14

     REPLICATION 63:


                     POTENTIAL       PARAMETER WITH
     ITERATION    SCALE REDUCTION      HIGHEST PSR
     100              1.548               6
     200              1.082               6

     REPLICATION 64:


                     POTENTIAL       PARAMETER WITH
     ITERATION    SCALE REDUCTION      HIGHEST PSR
     100              1.125               3
     200              1.095               7
     300              1.195               7
     400              1.027               15

     REPLICATION 65:


                     POTENTIAL       PARAMETER WITH
     ITERATION    SCALE REDUCTION      HIGHEST PSR
     100              1.291               4
     200              1.613               14
     300              1.081               4

     REPLICATION 66:


                     POTENTIAL       PARAMETER WITH
     ITERATION    SCALE REDUCTION      HIGHEST PSR
     100              1.068               4
     200              1.113               2
     300              1.185               12
     400              1.084               12
     500              1.038               4

     REPLICATION 67:


                     POTENTIAL       PARAMETER WITH
     ITERATION    SCALE REDUCTION      HIGHEST PSR
     100              1.199               2
     200              1.196               2
     300              1.044               15

     REPLICATION 68:


                     POTENTIAL       PARAMETER WITH
     ITERATION    SCALE REDUCTION      HIGHEST PSR
     100              1.571               13
     200              1.622               11
     300              1.951               11
     400              1.130               11
     500              1.013               6

     REPLICATION 69:


                     POTENTIAL       PARAMETER WITH
     ITERATION    SCALE REDUCTION      HIGHEST PSR
     100              1.348               12
     200              1.184               2
     300              1.358               2
     400              1.253               2
     500              1.071               12

     REPLICATION 70:


                     POTENTIAL       PARAMETER WITH
     ITERATION    SCALE REDUCTION      HIGHEST PSR
     100              1.204               12
     200              1.182               2
     300              1.127               13
     400              1.108               6
     500              1.033               13

     REPLICATION 71:


                     POTENTIAL       PARAMETER WITH
     ITERATION    SCALE REDUCTION      HIGHEST PSR
     100              1.875               2
     200              1.684               2
     300              1.377               2
     400              1.054               16

     REPLICATION 72:


                     POTENTIAL       PARAMETER WITH
     ITERATION    SCALE REDUCTION      HIGHEST PSR
     100              1.270               13
     200              1.178               2
     300              1.193               14
     400              1.148               12
     500              1.121               12
     600              1.089               12
     700              1.058               4

     REPLICATION 73:


                     POTENTIAL       PARAMETER WITH
     ITERATION    SCALE REDUCTION      HIGHEST PSR
     100              1.285               2
     200              1.319               11
     300              1.134               11
     400              1.065               13

     REPLICATION 74:


                     POTENTIAL       PARAMETER WITH
     ITERATION    SCALE REDUCTION      HIGHEST PSR
     100              1.710               14
     200              1.397               12
     300              1.115               12
     400              1.070               12

     REPLICATION 75:


                     POTENTIAL       PARAMETER WITH
     ITERATION    SCALE REDUCTION      HIGHEST PSR
     100              2.162               2
     200              1.736               2
     300              1.124               13
     400              1.076               13

     REPLICATION 76:


                     POTENTIAL       PARAMETER WITH
     ITERATION    SCALE REDUCTION      HIGHEST PSR
     100              1.593               2
     200              1.145               11
     300              1.130               12
     400              1.042               6

     REPLICATION 77:


                     POTENTIAL       PARAMETER WITH
     ITERATION    SCALE REDUCTION      HIGHEST PSR
     100              1.052               14
     200              1.316               12
     300              1.153               12
     400              1.114               13
     500              1.097               14
     600              1.076               14

     REPLICATION 78:


                     POTENTIAL       PARAMETER WITH
     ITERATION    SCALE REDUCTION      HIGHEST PSR
     100              1.559               14
     200              1.203               12
     300              1.103               12
     400              1.283               2
     500              1.305               2
     600              1.157               2
     700              1.046               6

     REPLICATION 79:


                     POTENTIAL       PARAMETER WITH
     ITERATION    SCALE REDUCTION      HIGHEST PSR
     100              1.467               2
     200              1.325               2
     300              1.102               5
     400              1.071               4

     REPLICATION 80:


                     POTENTIAL       PARAMETER WITH
     ITERATION    SCALE REDUCTION      HIGHEST PSR
     100              1.453               6
     200              1.306               16
     300              1.298               4
     400              1.027               7

     REPLICATION 81:


                     POTENTIAL       PARAMETER WITH
     ITERATION    SCALE REDUCTION      HIGHEST PSR
     100              1.195               3
     200              1.080               9

     REPLICATION 82:


                     POTENTIAL       PARAMETER WITH
     ITERATION    SCALE REDUCTION      HIGHEST PSR
     100              1.149               1
     200              1.094               4
     300              1.190               6
     400              1.087               2
     500              1.136               9
     600              1.171               9
     700              1.094               9
     800              1.046               15

     REPLICATION 83:


                     POTENTIAL       PARAMETER WITH
     ITERATION    SCALE REDUCTION      HIGHEST PSR
     100              1.293               6
     200              1.467               10
     300              1.278               14
     400              1.394               2
     500              1.059               16

     REPLICATION 84:


                     POTENTIAL       PARAMETER WITH
     ITERATION    SCALE REDUCTION      HIGHEST PSR
     100              2.310               2
     200              1.210               2
     300              1.109               12
     400              1.168               12
     500              1.210               12
     600              1.139               12
     700              1.060               12

     REPLICATION 85:


                     POTENTIAL       PARAMETER WITH
     ITERATION    SCALE REDUCTION      HIGHEST PSR
     100              1.582               11
     200              1.384               6
     300              1.039               3

     REPLICATION 86:


                     POTENTIAL       PARAMETER WITH
     ITERATION    SCALE REDUCTION      HIGHEST PSR
     100              1.430               10
     200              1.133               4
     300              1.042               4

     REPLICATION 87:


                     POTENTIAL       PARAMETER WITH
     ITERATION    SCALE REDUCTION      HIGHEST PSR
     100              1.304               6
     200              1.423               12
     300              1.279               12
     400              1.163               13
     500              1.148               4
     600              1.135               4
     700              1.061               4

     REPLICATION 88:


                     POTENTIAL       PARAMETER WITH
     ITERATION    SCALE REDUCTION      HIGHEST PSR
     100              1.394               10
     200              1.080               6

     REPLICATION 89:


                     POTENTIAL       PARAMETER WITH
     ITERATION    SCALE REDUCTION      HIGHEST PSR
     100              1.046               14
     200              1.108               7
     300              1.186               12
     400              1.136               12
     500              1.118               4
     600              1.057               3

     REPLICATION 90:


                     POTENTIAL       PARAMETER WITH
     ITERATION    SCALE REDUCTION      HIGHEST PSR
     100              1.283               4
     200              1.430               2
     300              1.022               5

     REPLICATION 91:


                     POTENTIAL       PARAMETER WITH
     ITERATION    SCALE REDUCTION      HIGHEST PSR
     100              1.285               2
     200              1.506               2
     300              1.069               12

     REPLICATION 92:


                     POTENTIAL       PARAMETER WITH
     ITERATION    SCALE REDUCTION      HIGHEST PSR
     100              1.932               2
     200              2.074               2
     300              1.233               2
     400              1.125               12
     500              1.123               12
     600              1.106               12
     700              1.088               12
     800              1.051               12

     REPLICATION 93:


                     POTENTIAL       PARAMETER WITH
     ITERATION    SCALE REDUCTION      HIGHEST PSR
     100              1.309               2
     200              1.204               2
     300              1.112               3
     400              1.277               11
     500              1.102               13
     600              1.161               13
     700              1.212               11
     800              1.113               13
     900              1.019               13

     REPLICATION 94:


                     POTENTIAL       PARAMETER WITH
     ITERATION    SCALE REDUCTION      HIGHEST PSR
     100              1.465               4
     200              1.138               7
     300              1.074               15

     REPLICATION 95:


                     POTENTIAL       PARAMETER WITH
     ITERATION    SCALE REDUCTION      HIGHEST PSR
     100              1.776               15
     200              1.121               9
     300              1.114               11
     400              1.409               11
     500              1.143               11
     600              1.089               5
     700              1.073               2

     REPLICATION 96:


                     POTENTIAL       PARAMETER WITH
     ITERATION    SCALE REDUCTION      HIGHEST PSR
     100              1.212               11
     200              1.032               9

     REPLICATION 97:


                     POTENTIAL       PARAMETER WITH
     ITERATION    SCALE REDUCTION      HIGHEST PSR
     100              1.679               2
     200              1.171               16
     300              1.311               2
     400              1.662               2
     500              1.431               2
     600              1.018               2

     REPLICATION 98:


                     POTENTIAL       PARAMETER WITH
     ITERATION    SCALE REDUCTION      HIGHEST PSR
     100              1.444               6
     200              1.121               4
     300              1.060               7

     REPLICATION 99:


                     POTENTIAL       PARAMETER WITH
     ITERATION    SCALE REDUCTION      HIGHEST PSR
     100              1.731               2
     200              1.353               11
     300              1.070               2

     REPLICATION 100:


                     POTENTIAL       PARAMETER WITH
     ITERATION    SCALE REDUCTION      HIGHEST PSR
     100              1.107               7
     200              1.073               5


     Beginning Time:  16:43:09
        Ending Time:  17:39:14
       Elapsed Time:  00:56:05



MUTHEN & MUTHEN
3463 Stoner Ave.
Los Angeles, CA  90066

Tel: (310) 391-9971
Fax: (310) 391-8971
Web: www.StatModel.com
Support: Support@StatModel.com

Copyright (c) 1998-2018 Muthen & Muthen
