Mplus DEVELOPMENT (Mpdev 4/1/2018, Build 1, Intel 17)
MUTHEN & MUTHEN
06/14/2018   4:43 PM

INPUT INSTRUCTIONS

  MONTECARLO:  NAMES ARE y1-y3;
               NOBS = 6000;
               NREP = 100;
               NCSIZES = 1;
               CSIZES = 200(30);
               lagged=y1-y3(1);

  ANALYSIS:  estimator=bayes; proc=2;
              type=twolevel;

  MODEL MONTECARLO:

    %within%
    y1-y3*1;
    y1^ on y1^1*0.2;
    y2^ on y2^1*0.6;
    y3^ on y3^1*0;
    e by y1-y3*1 (&1);
    e by y1-y3*1;
    e^ on e^1*0.5;
    e@1;
    %between%
    eb by y1-y3*1;
    eb@1; y1-y3*1;


  MODEL:

    %within%
    y1*1.042 y2*1.563 y3*1;
    y1^ on y1^1@0;
    y2^ on y2^1@0;
    y3^ on y3^1@0;
    e by y1-y3 (&1);
    e by y2-y3*1;
    e^ on e^1*0.5;
    e*1;
    %between%
    eb by y1@1
          y2-y3*1;
    eb*1; y1-y3*1;

  OUTPUT: TECH8;



INPUT READING TERMINATED NORMALLY




SUMMARY OF ANALYSIS

Number of groups                                                 1
Number of observations                                        6000

Number of replications
    Requested                                                  100
    Completed                                                  100
Value of seed                                                    0

Number of dependent variables                                    3
Number of independent variables                                  3
Number of continuous latent variables                            3

Observed dependent variables

  Continuous
   Y1          Y2          Y3

Observed independent variables
   Y1^1        Y2^1        Y3^1

Continuous latent variables
   E           E^1         EB

Variables with special functions

  Within variables
   Y1^1        Y2^1        Y3^1


Estimator                                                    BAYES
Specifications for Bayesian Estimation
  Point estimate                                            MEDIAN
  Number of Markov chain Monte Carlo (MCMC) chains               2
  Random seed for the first chain                                0
  Starting value information                           UNPERTURBED
  Algorithm used for Markov chain Monte Carlo           GIBBS(PX1)
  Convergence criterion                                  0.500D-01
  Maximum number of iterations                               50000
  K-th iteration used for thinning                               1


SUMMARY OF DATA FOR THE FIRST REPLICATION

     Cluster information

       Size (s)    Number of clusters of Size s

         30           200





MODEL FIT INFORMATION

Number of Free Parameters                       16

Information Criteria

    Deviance (DIC)

        Mean                             57832.221
        Std Dev                            305.133
        Number of successful computations      100

             Proportions                   Percentiles
        Expected    Observed         Expected       Observed
           0.990       0.990        57122.391      56987.512
           0.980       0.990        57205.570      57210.185
           0.950       0.930        57330.308      57303.403
           0.900       0.890        57441.163      57411.078
           0.800       0.810        57575.421      57574.788
           0.700       0.710        57672.209      57680.231
           0.500       0.510        57832.221      57848.550
           0.300       0.300        57992.233      57991.909
           0.200       0.180        58089.021      58063.261
           0.100       0.100        58223.279      58220.370
           0.050       0.040        58334.134      58282.840
           0.020       0.020        58458.872      58389.774
           0.010       0.010        58542.052      58503.891

    Estimated Number of Parameters (pD)

        Mean                              4427.652
        Std Dev                             59.809
        Number of successful computations      100

             Proportions                   Percentiles
        Expected    Observed         Expected       Observed
           0.990       0.990         4288.519       4283.744
           0.980       0.990         4304.823       4306.792
           0.950       0.930         4329.272       4324.534
           0.900       0.910         4351.001       4350.797
           0.800       0.830         4377.317       4381.911
           0.700       0.720         4396.288       4397.588
           0.500       0.500         4427.652       4427.618
           0.300       0.290         4459.015       4453.319
           0.200       0.150         4477.987       4470.328
           0.100       0.090         4504.303       4499.524
           0.050       0.060         4526.031       4527.131
           0.020       0.030         4550.481       4561.885
           0.010       0.020         4566.785       4576.692



MODEL RESULTS

                              ESTIMATES              S. E.     M. S. E.  95%  % Sig
                 Population   Average   Std. Dev.   Average             Cover Coeff
Within Level

 E        BY
  Y1                  1.000     1.0000     0.0000     0.0000     0.0000 1.000 0.000
  Y2                  1.000     1.1524     0.0758     0.0334     0.0289 0.070 1.000
  Y3                  1.000     0.9732     0.0238     0.0215     0.0013 0.780 1.000

 E^         ON
  E^1                 0.500     0.5972     0.0177     0.0161     0.0098 0.000 1.000

 Y1^        ON
  Y1^1                0.000     0.0000     0.0000     0.0000     0.0000 1.000 0.000

 Y2^        ON
  Y2^1                0.000     0.0000     0.0000     0.0000     0.0000 1.000 0.000

 Y3^        ON
  Y3^1                0.000     0.0000     0.0000     0.0000     0.0000 1.000 0.000

 Residual Variances
  Y1                  1.042     1.1221     0.0552     0.0348     0.0094 0.400 1.000
  Y2                  1.563     1.1353     0.0967     0.0458     0.1922 0.000 1.000
  Y3                  1.000     1.1649     0.0409     0.0324     0.0288 0.000 1.000
  E                   1.000     0.8396     0.0664     0.0371     0.0301 0.100 1.000

Between Level

 EB       BY
  Y1                  1.000     1.0000     0.0000     0.0000     0.0000 1.000 0.000
  Y2                  1.000     0.9935     0.1675     0.1732     0.0278 0.960 1.000
  Y3                  1.000     1.0379     0.1697     0.1812     0.0299 0.940 1.000

 Intercepts
  Y1                  0.000    -0.0076     0.0944     0.1042     0.0089 0.960 0.040
  Y2                  0.000    -0.0198     0.1209     0.1071     0.0149 0.890 0.110
  Y3                  0.000    -0.0131     0.1067     0.1036     0.0114 0.960 0.040

 Variances
  EB                  1.000     0.9617     0.2640     0.2377     0.0705 0.910 1.000

 Residual Variances
  Y1                  1.000     1.0538     0.1735     0.1829     0.0327 0.930 1.000
  Y2                  1.000     1.1484     0.1828     0.1892     0.0551 0.840 1.000
  Y3                  1.000     1.0055     0.1824     0.1857     0.0330 0.930 1.000


CORRELATIONS AND MEAN SQUARE ERROR OF THE TRUE FACTOR VALUES AND THE FACTOR SCORES

                        CORRELATIONS                MEAN SQUARE ERROR
                    Average    Std. Dev.           Average    Std. Dev.
  EB                  0.810       0.024              0.598       0.037
  Y1                  0.956       0.006              0.417       0.020
  Y2                  0.924       0.010              0.540       0.027
  Y3                  0.960       0.006              0.395       0.019


TECHNICAL 1 OUTPUT


     PARAMETER SPECIFICATION FOR WITHIN


           NU
              Y1            Y2            Y3            Y1^1          Y2^1
              ________      ________      ________      ________      ________
                    0             0             0             0             0


           NU
              Y3^1
              ________
                    0


           LAMBDA
              E             E^1           Y1            Y2            Y3
              ________      ________      ________      ________      ________
 Y1                 0             0             0             0             0
 Y2                 0             0             0             0             0
 Y3                 0             0             0             0             0
 Y1^1               0             0             0             0             0
 Y2^1               0             0             0             0             0
 Y3^1               0             0             0             0             0


           LAMBDA
              Y1^1          Y2^1          Y3^1
              ________      ________      ________
 Y1                 0             0             0
 Y2                 0             0             0
 Y3                 0             0             0
 Y1^1               0             0             0
 Y2^1               0             0             0
 Y3^1               0             0             0


           THETA
              Y1            Y2            Y3            Y1^1          Y2^1
              ________      ________      ________      ________      ________
 Y1                 0
 Y2                 0             0
 Y3                 0             0             0
 Y1^1               0             0             0             0
 Y2^1               0             0             0             0             0
 Y3^1               0             0             0             0             0


           THETA
              Y3^1
              ________
 Y3^1               0


           ALPHA
              E             E^1           Y1            Y2            Y3
              ________      ________      ________      ________      ________
                    0             0             0             0             0


           ALPHA
              Y1^1          Y2^1          Y3^1
              ________      ________      ________
                    0             0             0


           BETA
              E             E^1           Y1            Y2            Y3
              ________      ________      ________      ________      ________
 E                  0             1             0             0             0
 E^1                0             0             0             0             0
 Y1                 0             0             0             0             0
 Y2                 2             0             0             0             0
 Y3                 3             0             0             0             0
 Y1^1               0             0             0             0             0
 Y2^1               0             0             0             0             0
 Y3^1               0             0             0             0             0


           BETA
              Y1^1          Y2^1          Y3^1
              ________      ________      ________
 E                  0             0             0
 E^1                0             0             0
 Y1                 0             0             0
 Y2                 0             0             0
 Y3                 0             0             0
 Y1^1               0             0             0
 Y2^1               0             0             0
 Y3^1               0             0             0


           PSI
              E             E^1           Y1            Y2            Y3
              ________      ________      ________      ________      ________
 E                  4
 E^1                0             0
 Y1                 0             0             5
 Y2                 0             0             0             6
 Y3                 0             0             0             0             7
 Y1^1               0             0             0             0             0
 Y2^1               0             0             0             0             0
 Y3^1               0             0             0             0             0


           PSI
              Y1^1          Y2^1          Y3^1
              ________      ________      ________
 Y1^1               0
 Y2^1               0             0
 Y3^1               0             0             0


     PARAMETER SPECIFICATION FOR BETWEEN


           NU
              Y1            Y2            Y3
              ________      ________      ________
                    0             0             0


           LAMBDA
              EB            Y1            Y2            Y3
              ________      ________      ________      ________
 Y1                 0             0             0             0
 Y2                 0             0             0             0
 Y3                 0             0             0             0


           THETA
              Y1            Y2            Y3
              ________      ________      ________
 Y1                 0
 Y2                 0             0
 Y3                 0             0             0


           ALPHA
              EB            Y1            Y2            Y3
              ________      ________      ________      ________
                    0             8             9            10


           BETA
              EB            Y1            Y2            Y3
              ________      ________      ________      ________
 EB                 0             0             0             0
 Y1                 0             0             0             0
 Y2                11             0             0             0
 Y3                12             0             0             0


           PSI
              EB            Y1            Y2            Y3
              ________      ________      ________      ________
 EB                13
 Y1                 0            14
 Y2                 0             0            15
 Y3                 0             0             0            16


     STARTING VALUES FOR WITHIN


           NU
              Y1            Y2            Y3            Y1^1          Y2^1
              ________      ________      ________      ________      ________
                0.000         0.000         0.000         0.000         0.000


           NU
              Y3^1
              ________
                0.000


           LAMBDA
              E             E^1           Y1            Y2            Y3
              ________      ________      ________      ________      ________
 Y1             0.000         0.000         1.000         0.000         0.000
 Y2             0.000         0.000         0.000         1.000         0.000
 Y3             0.000         0.000         0.000         0.000         1.000
 Y1^1           0.000         0.000         0.000         0.000         0.000
 Y2^1           0.000         0.000         0.000         0.000         0.000
 Y3^1           0.000         0.000         0.000         0.000         0.000


           LAMBDA
              Y1^1          Y2^1          Y3^1
              ________      ________      ________
 Y1             0.000         0.000         0.000
 Y2             0.000         0.000         0.000
 Y3             0.000         0.000         0.000
 Y1^1           1.000         0.000         0.000
 Y2^1           0.000         1.000         0.000
 Y3^1           0.000         0.000         1.000


           THETA
              Y1            Y2            Y3            Y1^1          Y2^1
              ________      ________      ________      ________      ________
 Y1             0.000
 Y2             0.000         0.000
 Y3             0.000         0.000         0.000
 Y1^1           0.000         0.000         0.000         0.000
 Y2^1           0.000         0.000         0.000         0.000         0.000
 Y3^1           0.000         0.000         0.000         0.000         0.000


           THETA
              Y3^1
              ________
 Y3^1           0.000


           ALPHA
              E             E^1           Y1            Y2            Y3
              ________      ________      ________      ________      ________
                0.000         0.000         0.000         0.000         0.000


           ALPHA
              Y1^1          Y2^1          Y3^1
              ________      ________      ________
                0.000         0.000         0.000


           BETA
              E             E^1           Y1            Y2            Y3
              ________      ________      ________      ________      ________
 E              0.000         0.500         0.000         0.000         0.000
 E^1            0.000         0.000         0.000         0.000         0.000
 Y1             1.000         0.000         0.000         0.000         0.000
 Y2             1.000         0.000         0.000         0.000         0.000
 Y3             1.000         0.000         0.000         0.000         0.000
 Y1^1           0.000         0.000         0.000         0.000         0.000
 Y2^1           0.000         0.000         0.000         0.000         0.000
 Y3^1           0.000         0.000         0.000         0.000         0.000


           BETA
              Y1^1          Y2^1          Y3^1
              ________      ________      ________
 E              0.000         0.000         0.000
 E^1            0.000         0.000         0.000
 Y1             0.000         0.000         0.000
 Y2             0.000         0.000         0.000
 Y3             0.000         0.000         0.000
 Y1^1           0.000         0.000         0.000
 Y2^1           0.000         0.000         0.000
 Y3^1           0.000         0.000         0.000


           PSI
              E             E^1           Y1            Y2            Y3
              ________      ________      ________      ________      ________
 E              1.000
 E^1            0.000         1.000
 Y1             0.000         0.000         1.042
 Y2             0.000         0.000         0.000         1.563
 Y3             0.000         0.000         0.000         0.000         1.000
 Y1^1           0.000         0.000         0.000         0.000         0.000
 Y2^1           0.000         0.000         0.000         0.000         0.000
 Y3^1           0.000         0.000         0.000         0.000         0.000


           PSI
              Y1^1          Y2^1          Y3^1
              ________      ________      ________
 Y1^1           0.500
 Y2^1           0.000         0.500
 Y3^1           0.000         0.000         0.500


     STARTING VALUES FOR BETWEEN


           NU
              Y1            Y2            Y3
              ________      ________      ________
                0.000         0.000         0.000


           LAMBDA
              EB            Y1            Y2            Y3
              ________      ________      ________      ________
 Y1             0.000         1.000         0.000         0.000
 Y2             0.000         0.000         1.000         0.000
 Y3             0.000         0.000         0.000         1.000


           THETA
              Y1            Y2            Y3
              ________      ________      ________
 Y1             0.000
 Y2             0.000         0.000
 Y3             0.000         0.000         0.000


           ALPHA
              EB            Y1            Y2            Y3
              ________      ________      ________      ________
                0.000         0.000         0.000         0.000


           BETA
              EB            Y1            Y2            Y3
              ________      ________      ________      ________
 EB             0.000         0.000         0.000         0.000
 Y1             1.000         0.000         0.000         0.000
 Y2             1.000         0.000         0.000         0.000
 Y3             1.000         0.000         0.000         0.000


           PSI
              EB            Y1            Y2            Y3
              ________      ________      ________      ________
 EB             1.000
 Y1             0.000         1.000
 Y2             0.000         0.000         1.000
 Y3             0.000         0.000         0.000         1.000


     POPULATION VALUES FOR WITHIN


           NU
              Y1            Y2            Y3            Y1^1          Y2^1
              ________      ________      ________      ________      ________
                0.000         0.000         0.000         0.000         0.000


           NU
              Y3^1
              ________
                0.000


           LAMBDA
              E             E^1           Y1            Y2            Y3
              ________      ________      ________      ________      ________
 Y1             0.000         0.000         1.000         0.000         0.000
 Y2             0.000         0.000         0.000         1.000         0.000
 Y3             0.000         0.000         0.000         0.000         1.000
 Y1^1           0.000         0.000         0.000         0.000         0.000
 Y2^1           0.000         0.000         0.000         0.000         0.000
 Y3^1           0.000         0.000         0.000         0.000         0.000


           LAMBDA
              Y1^1          Y2^1          Y3^1
              ________      ________      ________
 Y1             0.000         0.000         0.000
 Y2             0.000         0.000         0.000
 Y3             0.000         0.000         0.000
 Y1^1           1.000         0.000         0.000
 Y2^1           0.000         1.000         0.000
 Y3^1           0.000         0.000         1.000


           THETA
              Y1            Y2            Y3            Y1^1          Y2^1
              ________      ________      ________      ________      ________
 Y1             0.000
 Y2             0.000         0.000
 Y3             0.000         0.000         0.000
 Y1^1           0.000         0.000         0.000         0.000
 Y2^1           0.000         0.000         0.000         0.000         0.000
 Y3^1           0.000         0.000         0.000         0.000         0.000


           THETA
              Y3^1
              ________
 Y3^1           0.000


           ALPHA
              E             E^1           Y1            Y2            Y3
              ________      ________      ________      ________      ________
                0.000         0.000         0.000         0.000         0.000


           ALPHA
              Y1^1          Y2^1          Y3^1
              ________      ________      ________
                0.000         0.000         0.000


           BETA
              E             E^1           Y1            Y2            Y3
              ________      ________      ________      ________      ________
 E              0.000         0.500         0.000         0.000         0.000
 E^1            0.000         0.000         0.000         0.000         0.000
 Y1             1.000         0.000         0.000         0.000         0.000
 Y2             1.000         0.000         0.000         0.000         0.000
 Y3             1.000         0.000         0.000         0.000         0.000
 Y1^1           0.000         0.000         0.000         0.000         0.000
 Y2^1           0.000         0.000         0.000         0.000         0.000
 Y3^1           0.000         0.000         0.000         0.000         0.000


           BETA
              Y1^1          Y2^1          Y3^1
              ________      ________      ________
 E              0.000         0.000         0.000
 E^1            0.000         0.000         0.000
 Y1             0.200         0.000         0.000
 Y2             0.000         0.600         0.000
 Y3             0.000         0.000         0.000
 Y1^1           0.000         0.000         0.000
 Y2^1           0.000         0.000         0.000
 Y3^1           0.000         0.000         0.000


           PSI
              E             E^1           Y1            Y2            Y3
              ________      ________      ________      ________      ________
 E              1.000
 E^1            0.000         1.000
 Y1             0.000         0.000         1.000
 Y2             0.000         0.000         0.000         1.000
 Y3             0.000         0.000         0.000         0.000         1.000
 Y1^1           0.000         0.000         0.000         0.000         0.000
 Y2^1           0.000         0.000         0.000         0.000         0.000
 Y3^1           0.000         0.000         0.000         0.000         0.000


           PSI
              Y1^1          Y2^1          Y3^1
              ________      ________      ________
 Y1^1           1.000
 Y2^1           0.000         1.000
 Y3^1           0.000         0.000         1.000


     POPULATION VALUES FOR BETWEEN


           NU
              Y1            Y2            Y3
              ________      ________      ________
                0.000         0.000         0.000


           LAMBDA
              EB            Y1            Y2            Y3
              ________      ________      ________      ________
 Y1             0.000         1.000         0.000         0.000
 Y2             0.000         0.000         1.000         0.000
 Y3             0.000         0.000         0.000         1.000


           THETA
              Y1            Y2            Y3
              ________      ________      ________
 Y1             0.000
 Y2             0.000         0.000
 Y3             0.000         0.000         0.000


           ALPHA
              EB            Y1            Y2            Y3
              ________      ________      ________      ________
                0.000         0.000         0.000         0.000


           BETA
              EB            Y1            Y2            Y3
              ________      ________      ________      ________
 EB             0.000         0.000         0.000         0.000
 Y1             1.000         0.000         0.000         0.000
 Y2             1.000         0.000         0.000         0.000
 Y3             1.000         0.000         0.000         0.000


           PSI
              EB            Y1            Y2            Y3
              ________      ________      ________      ________
 EB             1.000
 Y1             0.000         1.000
 Y2             0.000         0.000         1.000
 Y3             0.000         0.000         0.000         1.000



     PRIORS FOR ALL PARAMETERS            PRIOR MEAN      PRIOR VARIANCE     PRIOR STD. DEV.

     Parameter 1~N(0.000,infinity)           0.0000            infinity            infinity
     Parameter 2~N(0.000,infinity)           0.0000            infinity            infinity
     Parameter 3~N(0.000,infinity)           0.0000            infinity            infinity
     Parameter 4~IG(-1.000,0.000)          infinity            infinity            infinity
     Parameter 5~IG(-1.000,0.000)          infinity            infinity            infinity
     Parameter 6~IG(-1.000,0.000)          infinity            infinity            infinity
     Parameter 7~IG(-1.000,0.000)          infinity            infinity            infinity
     Parameter 8~N(0.000,infinity)           0.0000            infinity            infinity
     Parameter 9~N(0.000,infinity)           0.0000            infinity            infinity
     Parameter 10~N(0.000,infinity)          0.0000            infinity            infinity
     Parameter 11~N(0.000,infinity)          0.0000            infinity            infinity
     Parameter 12~N(0.000,infinity)          0.0000            infinity            infinity
     Parameter 13~IG(-1.000,0.000)         infinity            infinity            infinity
     Parameter 14~IG(-1.000,0.000)         infinity            infinity            infinity
     Parameter 15~IG(-1.000,0.000)         infinity            infinity            infinity
     Parameter 16~IG(-1.000,0.000)         infinity            infinity            infinity


TECHNICAL 8 OUTPUT

#START_LINK
   TECHNICAL 8 OUTPUT FOR BAYES ESTIMATION
- for Bayes Estimation
tech8_bayes
#END_LINK

     CHAIN    BSEED
     1        0
     2        285380

     REPLICATION 1:


                     POTENTIAL       PARAMETER WITH
     ITERATION    SCALE REDUCTION      HIGHEST PSR
     100              2.072               11
     200              1.208               2
     300              1.065               1

     REPLICATION 2:


                     POTENTIAL       PARAMETER WITH
     ITERATION    SCALE REDUCTION      HIGHEST PSR
     100              2.095               6
     200              1.615               11
     300              1.090               3
     400              1.087               13
     500              1.095               1
     600              1.236               1
     700              1.252               1
     800              1.099               1
     900              1.130               1
     1000             1.169               6
     1100             1.149               2
     1200             1.202               2
     1300             1.211               2
     1400             1.058               1

     REPLICATION 3:


                     POTENTIAL       PARAMETER WITH
     ITERATION    SCALE REDUCTION      HIGHEST PSR
     100              2.355               13
     200              1.112               14
     300              1.038               3

     REPLICATION 4:


                     POTENTIAL       PARAMETER WITH
     ITERATION    SCALE REDUCTION      HIGHEST PSR
     100              1.614               5
     200              1.975               2
     300              1.087               4
     400              1.411               12
     500              1.564               13
     600              1.186               13
     700              1.076               4

     REPLICATION 5:


                     POTENTIAL       PARAMETER WITH
     ITERATION    SCALE REDUCTION      HIGHEST PSR
     100              1.441               12
     200              1.311               8
     300              1.655               13
     400              1.803               13
     500              1.307               13
     600              1.375               13
     700              1.090               6
     800              1.015               13

     REPLICATION 6:


                     POTENTIAL       PARAMETER WITH
     ITERATION    SCALE REDUCTION      HIGHEST PSR
     100              1.511               13
     200              1.221               2
     300              1.137               13
     400              1.277               12
     500              1.136               12
     600              1.089               13
     700              1.047               13

     REPLICATION 7:


                     POTENTIAL       PARAMETER WITH
     ITERATION    SCALE REDUCTION      HIGHEST PSR
     100              2.168               2
     200              1.237               13
     300              1.074               6

     REPLICATION 8:


                     POTENTIAL       PARAMETER WITH
     ITERATION    SCALE REDUCTION      HIGHEST PSR
     100              1.614               4
     200              1.370               2
     300              1.314               1
     400              1.431               2
     500              1.280               6
     600              1.281               2
     700              1.071               12

     REPLICATION 9:


                     POTENTIAL       PARAMETER WITH
     ITERATION    SCALE REDUCTION      HIGHEST PSR
     100              1.071               13
     200              1.384               4
     300              1.098               1
     400              1.135               1
     500              1.062               16

     REPLICATION 10:


                     POTENTIAL       PARAMETER WITH
     ITERATION    SCALE REDUCTION      HIGHEST PSR
     100              1.630               4
     200              1.621               2
     300              1.996               2
     400              1.177               2
     500              1.094               9
     600              1.139               2
     700              1.063               12

     REPLICATION 11:


                     POTENTIAL       PARAMETER WITH
     ITERATION    SCALE REDUCTION      HIGHEST PSR
     100              1.706               12
     200              1.147               10
     300              1.332               12
     400              1.264               13
     500              1.208               13
     600              1.065               3

     REPLICATION 12:


                     POTENTIAL       PARAMETER WITH
     ITERATION    SCALE REDUCTION      HIGHEST PSR
     100              2.056               4
     200              1.825               13
     300              1.083               7
     400              1.159               6
     500              1.357               6
     600              1.200               6
     700              1.150               13
     800              1.203               14
     900              1.073               12

     REPLICATION 13:


                     POTENTIAL       PARAMETER WITH
     ITERATION    SCALE REDUCTION      HIGHEST PSR
     100              1.512               3
     200              1.820               2
     300              1.428               2
     400              1.183               13
     500              1.124               4
     600              1.255               4
     700              1.200               2
     800              1.310               12
     900              1.408               12
     1000             1.461               12
     1100             1.257               12
     1200             1.062               12

     REPLICATION 14:


                     POTENTIAL       PARAMETER WITH
     ITERATION    SCALE REDUCTION      HIGHEST PSR
     100              2.826               4
     200              1.545               11
     300              1.344               13
     400              1.332               2
     500              1.127               2
     600              1.061               3

     REPLICATION 15:


                     POTENTIAL       PARAMETER WITH
     ITERATION    SCALE REDUCTION      HIGHEST PSR
     100              2.190               2
     200              3.164               2
     300              2.574               12
     400              1.575               12
     500              1.296               12
     600              1.082               2

     REPLICATION 16:


                     POTENTIAL       PARAMETER WITH
     ITERATION    SCALE REDUCTION      HIGHEST PSR
     100              2.449               13
     200              1.282               13
     300              1.048               6

     REPLICATION 17:


                     POTENTIAL       PARAMETER WITH
     ITERATION    SCALE REDUCTION      HIGHEST PSR
     100              1.583               6
     200              1.073               2

     REPLICATION 18:


                     POTENTIAL       PARAMETER WITH
     ITERATION    SCALE REDUCTION      HIGHEST PSR
     100              1.189               16
     200              1.201               6
     300              1.052               4

     REPLICATION 19:


                     POTENTIAL       PARAMETER WITH
     ITERATION    SCALE REDUCTION      HIGHEST PSR
     100              3.206               13
     200              1.184               13
     300              1.335               13
     400              1.244               13
     500              1.155               13
     600              1.077               10

     REPLICATION 20:


                     POTENTIAL       PARAMETER WITH
     ITERATION    SCALE REDUCTION      HIGHEST PSR
     100              1.211               6
     200              1.180               13
     300              1.408               6
     400              1.697               2
     500              1.661               12
     600              1.350               12
     700              1.130               12
     800              1.103               6
     900              1.093               6
     1000             1.099               2
     1100             1.058               2

     REPLICATION 21:


                     POTENTIAL       PARAMETER WITH
     ITERATION    SCALE REDUCTION      HIGHEST PSR
     100              1.312               5
     200              1.504               15
     300              1.188               1
     400              1.173               11
     500              1.414               11
     600              1.249               12
     700              1.122               13
     800              1.027               2

     REPLICATION 22:


                     POTENTIAL       PARAMETER WITH
     ITERATION    SCALE REDUCTION      HIGHEST PSR
     100              1.224               11
     200              1.345               12
     300              1.247               14
     400              1.318               13
     500              1.124               13
     600              1.016               6

     REPLICATION 23:


                     POTENTIAL       PARAMETER WITH
     ITERATION    SCALE REDUCTION      HIGHEST PSR
     100              1.589               13
     200              1.447               1
     300              1.237               6
     400              1.171               2
     500              1.199               2
     600              1.025               13

     REPLICATION 24:


                     POTENTIAL       PARAMETER WITH
     ITERATION    SCALE REDUCTION      HIGHEST PSR
     100              1.215               1
     200              1.478               13
     300              1.097               4
     400              1.037               4

     REPLICATION 25:


                     POTENTIAL       PARAMETER WITH
     ITERATION    SCALE REDUCTION      HIGHEST PSR
     100              1.393               2
     200              1.414               13
     300              1.565               2
     400              1.294               2
     500              1.092               6
     600              1.060               13

     REPLICATION 26:


                     POTENTIAL       PARAMETER WITH
     ITERATION    SCALE REDUCTION      HIGHEST PSR
     100              1.471               11
     200              1.168               13
     300              1.127               16
     400              1.355               2
     500              1.857               11
     600              1.845               11
     700              1.326               11
     800              1.261               11
     900              1.051               16

     REPLICATION 27:


                     POTENTIAL       PARAMETER WITH
     ITERATION    SCALE REDUCTION      HIGHEST PSR
     100              1.579               12
     200              1.533               2
     300              1.224               2
     400              1.383               2
     500              1.320               2
     600              1.227               2
     700              1.065               2

     REPLICATION 28:


                     POTENTIAL       PARAMETER WITH
     ITERATION    SCALE REDUCTION      HIGHEST PSR
     100              1.293               13
     200              1.330               2
     300              1.333               16
     400              1.156               12
     500              1.099               12
     600              1.106               12
     700              1.070               9

     REPLICATION 29:


                     POTENTIAL       PARAMETER WITH
     ITERATION    SCALE REDUCTION      HIGHEST PSR
     100              1.314               12
     200              1.177               15
     300              1.177               1
     400              1.060               11

     REPLICATION 30:


                     POTENTIAL       PARAMETER WITH
     ITERATION    SCALE REDUCTION      HIGHEST PSR
     100              1.245               8
     200              1.350               12
     300              1.261               12
     400              1.172               16
     500              1.241               4
     600              1.190               2
     700              1.217               2
     800              1.123               2
     900              1.036               12

     REPLICATION 31:


                     POTENTIAL       PARAMETER WITH
     ITERATION    SCALE REDUCTION      HIGHEST PSR
     100              1.493               14
     200              1.750               14
     300              1.049               14

     REPLICATION 32:


                     POTENTIAL       PARAMETER WITH
     ITERATION    SCALE REDUCTION      HIGHEST PSR
     100              1.568               2
     200              1.887               2
     300              1.223               13
     400              1.445               13
     500              1.278               2
     600              1.119               11
     700              1.046               11

     REPLICATION 33:


                     POTENTIAL       PARAMETER WITH
     ITERATION    SCALE REDUCTION      HIGHEST PSR
     100              1.460               4
     200              1.455               13
     300              1.132               15
     400              1.317               12
     500              1.451               13
     600              1.214               13
     700              1.391               13
     800              1.209               13
     900              1.093               16
     1000             1.089               16
     1100             1.073               16

     REPLICATION 34:


                     POTENTIAL       PARAMETER WITH
     ITERATION    SCALE REDUCTION      HIGHEST PSR
     100              2.265               6
     200              2.254               2
     300              2.496               2
     400              1.499               2
     500              1.077               1

     REPLICATION 35:


                     POTENTIAL       PARAMETER WITH
     ITERATION    SCALE REDUCTION      HIGHEST PSR
     100              2.488               2
     200              1.577               2
     300              1.631               13
     400              1.462               13
     500              1.183               12
     600              1.071               6

     REPLICATION 36:


                     POTENTIAL       PARAMETER WITH
     ITERATION    SCALE REDUCTION      HIGHEST PSR
     100              1.132               8
     200              1.183               4
     300              1.213               6
     400              1.086               6
     500              1.085               13
     600              1.136               2
     700              1.084               2
     800              1.065               2

     REPLICATION 37:


                     POTENTIAL       PARAMETER WITH
     ITERATION    SCALE REDUCTION      HIGHEST PSR
     100              1.399               12
     200              1.293               1
     300              1.048               11

     REPLICATION 38:


                     POTENTIAL       PARAMETER WITH
     ITERATION    SCALE REDUCTION      HIGHEST PSR
     100              1.991               6
     200              1.562               2
     300              1.231               2
     400              1.427               11
     500              1.435               14
     600              1.094               14
     700              1.017               1

     REPLICATION 39:


                     POTENTIAL       PARAMETER WITH
     ITERATION    SCALE REDUCTION      HIGHEST PSR
     100              1.284               15
     200              1.279               15
     300              1.194               11
     400              1.154               2
     500              1.170               2
     600              1.188               13
     700              1.067               1

     REPLICATION 40:


                     POTENTIAL       PARAMETER WITH
     ITERATION    SCALE REDUCTION      HIGHEST PSR
     100              1.718               11
     200              1.752               6
     300              1.880               2
     400              1.721               2
     500              1.562               2
     600              1.444               2
     700              1.171               2
     800              1.041               4

     REPLICATION 41:


                     POTENTIAL       PARAMETER WITH
     ITERATION    SCALE REDUCTION      HIGHEST PSR
     100              1.197               6
     200              1.277               11
     300              1.206               4
     400              1.036               10

     REPLICATION 42:


                     POTENTIAL       PARAMETER WITH
     ITERATION    SCALE REDUCTION      HIGHEST PSR
     100              1.312               12
     200              1.164               11
     300              1.310               11
     400              1.164               4
     500              1.079               4

     REPLICATION 43:


                     POTENTIAL       PARAMETER WITH
     ITERATION    SCALE REDUCTION      HIGHEST PSR
     100              1.235               16
     200              1.711               1
     300              1.196               2
     400              1.325               2
     500              1.383               12
     600              1.392               12
     700              1.342               12
     800              1.269               12
     900              1.120               12
     1000             1.050               1

     REPLICATION 44:


                     POTENTIAL       PARAMETER WITH
     ITERATION    SCALE REDUCTION      HIGHEST PSR
     100              1.526               4
     200              1.233               11
     300              1.173               8
     400              1.066               6

     REPLICATION 45:


                     POTENTIAL       PARAMETER WITH
     ITERATION    SCALE REDUCTION      HIGHEST PSR
     100              1.389               2
     200              1.259               3
     300              1.178               11
     400              1.054               1

     REPLICATION 46:


                     POTENTIAL       PARAMETER WITH
     ITERATION    SCALE REDUCTION      HIGHEST PSR
     100              1.192               10
     200              1.237               12
     300              1.076               1

     REPLICATION 47:


                     POTENTIAL       PARAMETER WITH
     ITERATION    SCALE REDUCTION      HIGHEST PSR
     100              1.283               6
     200              1.658               11
     300              1.268               13
     400              1.217               1
     500              1.135               11
     600              1.133               1
     700              1.069               2

     REPLICATION 48:


                     POTENTIAL       PARAMETER WITH
     ITERATION    SCALE REDUCTION      HIGHEST PSR
     100              1.197               13
     200              2.093               6
     300              1.526               2
     400              1.156               4
     500              1.133               2
     600              1.064               2

     REPLICATION 49:


                     POTENTIAL       PARAMETER WITH
     ITERATION    SCALE REDUCTION      HIGHEST PSR
     100              1.458               10
     200              1.692               4
     300              2.025               2
     400              1.175               4
     500              1.073               9

     REPLICATION 50:


                     POTENTIAL       PARAMETER WITH
     ITERATION    SCALE REDUCTION      HIGHEST PSR
     100              1.058               12
     200              1.214               12
     300              1.094               5
     400              1.278               13
     500              1.262               12
     600              1.302               12
     700              1.281               12
     800              1.134               9
     900              1.068               8

     REPLICATION 51:


                     POTENTIAL       PARAMETER WITH
     ITERATION    SCALE REDUCTION      HIGHEST PSR
     100              1.365               13
     200              1.429               2
     300              1.236               2
     400              1.065               2

     REPLICATION 52:


                     POTENTIAL       PARAMETER WITH
     ITERATION    SCALE REDUCTION      HIGHEST PSR
     100              1.571               13
     200              1.594               2
     300              1.127               13
     400              1.227               11
     500              1.179               11
     600              1.048               14

     REPLICATION 53:


                     POTENTIAL       PARAMETER WITH
     ITERATION    SCALE REDUCTION      HIGHEST PSR
     100              1.358               7
     200              1.229               6
     300              1.123               6
     400              1.192               6
     500              1.118               12
     600              1.121               12
     700              1.054               1

     REPLICATION 54:


                     POTENTIAL       PARAMETER WITH
     ITERATION    SCALE REDUCTION      HIGHEST PSR
     100              2.105               14
     200              1.155               4
     300              1.077               15

     REPLICATION 55:


                     POTENTIAL       PARAMETER WITH
     ITERATION    SCALE REDUCTION      HIGHEST PSR
     100              1.362               14
     200              1.859               13
     300              1.254               2
     400              1.129               13
     500              1.207               13
     600              1.325               13
     700              1.125               13
     800              1.023               13

     REPLICATION 56:


                     POTENTIAL       PARAMETER WITH
     ITERATION    SCALE REDUCTION      HIGHEST PSR
     100              2.561               12
     200              1.468               12
     300              1.179               2
     400              1.062               13

     REPLICATION 57:


                     POTENTIAL       PARAMETER WITH
     ITERATION    SCALE REDUCTION      HIGHEST PSR
     100              1.438               11
     200              1.404               2
     300              1.281               12
     400              1.370               12
     500              1.126               12
     600              1.170               12
     700              1.059               6

     REPLICATION 58:


                     POTENTIAL       PARAMETER WITH
     ITERATION    SCALE REDUCTION      HIGHEST PSR
     100              2.120               13
     200              1.302               13
     300              1.693               13
     400              1.138               15
     500              1.460               15
     600              1.596               11
     700              1.349               11
     800              1.317               11
     900              1.180               13
     1000             1.227               13
     1100             1.339               13
     1200             1.243               13
     1300             1.174               13
     1400             1.137               13
     1500             1.126               13
     1600             1.089               13
     1700             1.080               13

     REPLICATION 59:


                     POTENTIAL       PARAMETER WITH
     ITERATION    SCALE REDUCTION      HIGHEST PSR
     100              1.163               6
     200              1.159               14
     300              1.102               10
     400              1.083               6

     REPLICATION 60:


                     POTENTIAL       PARAMETER WITH
     ITERATION    SCALE REDUCTION      HIGHEST PSR
     100              1.224               1
     200              1.415               12
     300              1.165               15
     400              1.076               2

     REPLICATION 61:


                     POTENTIAL       PARAMETER WITH
     ITERATION    SCALE REDUCTION      HIGHEST PSR
     100              1.531               13
     200              1.519               11
     300              1.096               12
     400              1.127               3
     500              1.038               16

     REPLICATION 62:


                     POTENTIAL       PARAMETER WITH
     ITERATION    SCALE REDUCTION      HIGHEST PSR
     100              1.137               6
     200              1.202               12
     300              1.056               16

     REPLICATION 63:


                     POTENTIAL       PARAMETER WITH
     ITERATION    SCALE REDUCTION      HIGHEST PSR
     100              2.431               2
     200              1.944               2
     300              1.332               13
     400              1.182               13
     500              1.238               13
     600              1.071               13

     REPLICATION 64:


                     POTENTIAL       PARAMETER WITH
     ITERATION    SCALE REDUCTION      HIGHEST PSR
     100              1.187               15
     200              1.253               9
     300              1.455               2
     400              1.294               2
     500              1.135               6
     600              1.048               7

     REPLICATION 65:


                     POTENTIAL       PARAMETER WITH
     ITERATION    SCALE REDUCTION      HIGHEST PSR
     100              1.514               2
     200              1.268               11
     300              1.130               15
     400              1.071               2

     REPLICATION 66:


                     POTENTIAL       PARAMETER WITH
     ITERATION    SCALE REDUCTION      HIGHEST PSR
     100              1.206               11
     200              1.856               13
     300              1.520               13
     400              1.106               12
     500              1.081               3

     REPLICATION 67:


                     POTENTIAL       PARAMETER WITH
     ITERATION    SCALE REDUCTION      HIGHEST PSR
     100              1.388               13
     200              1.604               13
     300              1.143               6
     400              1.089               14
     500              1.021               14

     REPLICATION 68:


                     POTENTIAL       PARAMETER WITH
     ITERATION    SCALE REDUCTION      HIGHEST PSR
     100              1.260               1
     200              1.393               12
     300              1.436               13
     400              1.183               13
     500              1.105               13
     600              1.098               2
     700              1.075               13

     REPLICATION 69:


                     POTENTIAL       PARAMETER WITH
     ITERATION    SCALE REDUCTION      HIGHEST PSR
     100              1.281               2
     200              1.588               4
     300              1.158               13
     400              1.236               4
     500              1.147               11
     600              1.093               11
     700              1.122               12
     800              1.181               12
     900              1.273               12
     1000             1.220               12
     1100             1.203               12
     1200             1.038               13

     REPLICATION 70:


                     POTENTIAL       PARAMETER WITH
     ITERATION    SCALE REDUCTION      HIGHEST PSR
     100              1.466               2
     200              1.452               13
     300              1.393               13
     400              1.046               12

     REPLICATION 71:


                     POTENTIAL       PARAMETER WITH
     ITERATION    SCALE REDUCTION      HIGHEST PSR
     100              1.266               1
     200              1.292               13
     300              1.339               2
     400              1.168               12
     500              1.177               12
     600              1.135               2
     700              1.073               12

     REPLICATION 72:


                     POTENTIAL       PARAMETER WITH
     ITERATION    SCALE REDUCTION      HIGHEST PSR
     100              2.923               13
     200              3.182               12
     300              1.271               16
     400              1.037               11

     REPLICATION 73:


                     POTENTIAL       PARAMETER WITH
     ITERATION    SCALE REDUCTION      HIGHEST PSR
     100              1.667               2
     200              1.300               13
     300              1.104               12
     400              1.106               12
     500              1.088               11
     600              1.057               11

     REPLICATION 74:


                     POTENTIAL       PARAMETER WITH
     ITERATION    SCALE REDUCTION      HIGHEST PSR
     100              1.353               16
     200              1.664               2
     300              1.919               12
     400              1.213               14
     500              1.244               2
     600              1.135               2
     700              1.177               2
     800              1.127               12
     900              1.088               1
     1000             1.069               12

     REPLICATION 75:


                     POTENTIAL       PARAMETER WITH
     ITERATION    SCALE REDUCTION      HIGHEST PSR
     100              1.589               2
     200              1.159               12
     300              1.439               6
     400              1.218               1
     500              1.068               9

     REPLICATION 76:


                     POTENTIAL       PARAMETER WITH
     ITERATION    SCALE REDUCTION      HIGHEST PSR
     100              1.564               10
     200              1.536               12
     300              1.084               12
     400              1.072               2

     REPLICATION 77:


                     POTENTIAL       PARAMETER WITH
     ITERATION    SCALE REDUCTION      HIGHEST PSR
     100              1.209               11
     200              1.181               12
     300              1.115               8
     400              1.172               11
     500              1.169               11
     600              1.113               11
     700              1.046               1

     REPLICATION 78:


                     POTENTIAL       PARAMETER WITH
     ITERATION    SCALE REDUCTION      HIGHEST PSR
     100              2.681               11
     200              1.319               1
     300              1.430               11
     400              1.371               11
     500              1.209               11
     600              1.107               11
     700              1.162               2
     800              1.057               2

     REPLICATION 79:


                     POTENTIAL       PARAMETER WITH
     ITERATION    SCALE REDUCTION      HIGHEST PSR
     100              1.150               3
     200              1.293               12
     300              1.152               1
     400              1.141               11
     500              1.037               14

     REPLICATION 80:


                     POTENTIAL       PARAMETER WITH
     ITERATION    SCALE REDUCTION      HIGHEST PSR
     100              1.335               2
     200              1.144               15
     300              1.131               15
     400              1.052               11

     REPLICATION 81:


                     POTENTIAL       PARAMETER WITH
     ITERATION    SCALE REDUCTION      HIGHEST PSR
     100              1.366               8
     200              1.230               11
     300              1.153               8
     400              1.344               13
     500              1.080               8

     REPLICATION 82:


                     POTENTIAL       PARAMETER WITH
     ITERATION    SCALE REDUCTION      HIGHEST PSR
     100              1.349               2
     200              1.259               14
     300              1.927               2
     400              1.075               3

     REPLICATION 83:


                     POTENTIAL       PARAMETER WITH
     ITERATION    SCALE REDUCTION      HIGHEST PSR
     100              1.519               1
     200              1.259               2
     300              1.250               14
     400              1.205               6
     500              1.071               6

     REPLICATION 84:


                     POTENTIAL       PARAMETER WITH
     ITERATION    SCALE REDUCTION      HIGHEST PSR
     100              1.129               16
     200              1.478               16
     300              1.336               16
     400              1.114               13
     500              1.044               16

     REPLICATION 85:


                     POTENTIAL       PARAMETER WITH
     ITERATION    SCALE REDUCTION      HIGHEST PSR
     100              1.376               13
     200              1.074               2

     REPLICATION 86:


                     POTENTIAL       PARAMETER WITH
     ITERATION    SCALE REDUCTION      HIGHEST PSR
     100              1.246               6
     200              1.468               2
     300              1.264               13
     400              1.084               4
     500              1.310               2
     600              1.539               2
     700              1.171               2
     800              1.055               2

     REPLICATION 87:


                     POTENTIAL       PARAMETER WITH
     ITERATION    SCALE REDUCTION      HIGHEST PSR
     100              1.446               8
     200              1.154               12
     300              1.104               1
     400              1.237               1
     500              1.231               13
     600              1.100               13
     700              1.212               16
     800              1.140               16
     900              1.150               16
     1000             1.167               16
     1100             1.204               12
     1200             1.186               12
     1300             1.045               16

     REPLICATION 88:


                     POTENTIAL       PARAMETER WITH
     ITERATION    SCALE REDUCTION      HIGHEST PSR
     100              1.263               2
     200              1.379               13
     300              1.067               2

     REPLICATION 89:


                     POTENTIAL       PARAMETER WITH
     ITERATION    SCALE REDUCTION      HIGHEST PSR
     100              2.092               12
     200              1.062               7

     REPLICATION 90:


                     POTENTIAL       PARAMETER WITH
     ITERATION    SCALE REDUCTION      HIGHEST PSR
     100              1.569               3
     200              1.452               2
     300              1.182               9
     400              1.033               9

     REPLICATION 91:


                     POTENTIAL       PARAMETER WITH
     ITERATION    SCALE REDUCTION      HIGHEST PSR
     100              1.228               2
     200              1.074               8

     REPLICATION 92:


                     POTENTIAL       PARAMETER WITH
     ITERATION    SCALE REDUCTION      HIGHEST PSR
     100              1.213               4
     200              1.317               11
     300              1.289               11
     400              1.135               12
     500              1.131               12
     600              1.174               12
     700              1.089               13
     800              1.085               13
     900              1.017               2

     REPLICATION 93:


                     POTENTIAL       PARAMETER WITH
     ITERATION    SCALE REDUCTION      HIGHEST PSR
     100              1.689               13
     200              1.231               2
     300              1.213               13
     400              1.388               13
     500              1.126               3
     600              1.109               12
     700              1.025               9

     REPLICATION 94:


                     POTENTIAL       PARAMETER WITH
     ITERATION    SCALE REDUCTION      HIGHEST PSR
     100              1.693               15
     200              1.405               11
     300              1.448               11
     400              1.045               15

     REPLICATION 95:


                     POTENTIAL       PARAMETER WITH
     ITERATION    SCALE REDUCTION      HIGHEST PSR
     100              3.168               2
     200              1.483               4
     300              1.191               2
     400              1.205               16
     500              1.104               4
     600              1.102               13
     700              1.031               14

     REPLICATION 96:


                     POTENTIAL       PARAMETER WITH
     ITERATION    SCALE REDUCTION      HIGHEST PSR
     100              1.568               12
     200              1.207               2
     300              1.019               8

     REPLICATION 97:


                     POTENTIAL       PARAMETER WITH
     ITERATION    SCALE REDUCTION      HIGHEST PSR
     100              1.306               13
     200              1.056               11

     REPLICATION 98:


                     POTENTIAL       PARAMETER WITH
     ITERATION    SCALE REDUCTION      HIGHEST PSR
     100              1.474               6
     200              1.705               6
     300              1.659               2
     400              1.517               6
     500              1.056               2

     REPLICATION 99:


                     POTENTIAL       PARAMETER WITH
     ITERATION    SCALE REDUCTION      HIGHEST PSR
     100              1.979               14
     200              1.843               2
     300              1.101               2
     400              1.187               1
     500              1.067               6

     REPLICATION 100:


                     POTENTIAL       PARAMETER WITH
     ITERATION    SCALE REDUCTION      HIGHEST PSR
     100              1.717               4
     200              1.161               4
     300              1.194               12
     400              1.056               12


     Beginning Time:  16:43:04
        Ending Time:  17:12:14
       Elapsed Time:  00:29:10



MUTHEN & MUTHEN
3463 Stoner Ave.
Los Angeles, CA  90066

Tel: (310) 391-9971
Fax: (310) 391-8971
Web: www.StatModel.com
Support: Support@StatModel.com

Copyright (c) 1998-2018 Muthen & Muthen
