Mplus DEVELOPMENT (Mpdev 4/1/2018, Build 1, Intel 17)
MUTHEN & MUTHEN
06/14/2018   4:43 PM

INPUT INSTRUCTIONS

  MONTECARLO:  NAMES ARE y1-y3;
               NOBS = 20000;
               NREP = 100;
               NCSIZES = 1;
               CSIZES = 200(100);
               lagged=y1-y3(1);

  ANALYSIS:  estimator=bayes; proc=2;
              type=twolevel;

  MODEL MONTECARLO:

    %within%
    y1-y3*1;
    y1^ on y1^1*0.2;
    y2^ on y2^1*0.6;
    y3^ on y3^1*0;
    e by y1-y3*1 (&1);
    e by y1-y3*1;
    e^ on e^1*0.5;
    e@1;
    %between%
    eb by y1-y3*1;
    eb@1; y1-y3*1;


  MODEL:

    %within%
    y1*1.042 y2*1.563 y3*1;
    y1^ on y1^1@0;
    y2^ on y2^1@0;
    y3^ on y3^1@0;
    e by y1-y3 (&1);
    e by y2-y3*1;
    e^ on e^1@0;
    e*1.33;
    %between%
    eb by y1@1
          y2-y3*1;
    eb*1; y1-y3*1;

  OUTPUT: TECH8;



INPUT READING TERMINATED NORMALLY




SUMMARY OF ANALYSIS

Number of groups                                                 1
Number of observations                                       20000

Number of replications
    Requested                                                  100
    Completed                                                  100
Value of seed                                                    0

Number of dependent variables                                    3
Number of independent variables                                  3
Number of continuous latent variables                            3

Observed dependent variables

  Continuous
   Y1          Y2          Y3

Observed independent variables
   Y1^1        Y2^1        Y3^1

Continuous latent variables
   E           E^1         EB

Variables with special functions

  Within variables
   Y1^1        Y2^1        Y3^1


Estimator                                                    BAYES
Specifications for Bayesian Estimation
  Point estimate                                            MEDIAN
  Number of Markov chain Monte Carlo (MCMC) chains               2
  Random seed for the first chain                                0
  Starting value information                           UNPERTURBED
  Algorithm used for Markov chain Monte Carlo           GIBBS(PX1)
  Convergence criterion                                  0.500D-01
  Maximum number of iterations                               50000
  K-th iteration used for thinning                               1


SUMMARY OF DATA FOR THE FIRST REPLICATION

     Cluster information

       Size (s)    Number of clusters of Size s

        100           200





MODEL FIT INFORMATION

Number of Free Parameters                       15

Information Criteria

    Deviance (DIC)

        Mean                            194970.333
        Std Dev                            488.145
        Number of successful computations      100

             Proportions                   Percentiles
        Expected    Observed         Expected       Observed
           0.990       0.990       193834.762     193826.853
           0.980       0.990       193967.830     194010.543
           0.950       0.950       194167.384     194162.795
           0.900       0.890       194344.727     194281.327
           0.800       0.750       194559.511     194470.319
           0.700       0.680       194714.350     194671.001
           0.500       0.520       194970.333     195000.963
           0.300       0.340       195226.316     195276.250
           0.200       0.230       195381.156     195423.331
           0.100       0.080       195595.939     195534.540
           0.050       0.020       195773.282     195720.137
           0.020       0.020       195972.836     195755.584
           0.010       0.010       196105.904     196089.514

    Estimated Number of Parameters (pD)

        Mean                             15692.104
        Std Dev                            121.209
        Number of successful computations      100

             Proportions                   Percentiles
        Expected    Observed         Expected       Observed
           0.990       0.970        15410.135      15363.878
           0.980       0.950        15443.177      15382.694
           0.950       0.910        15492.727      15441.511
           0.900       0.890        15536.762      15483.243
           0.800       0.810        15590.094      15587.055
           0.700       0.770        15628.542      15647.428
           0.500       0.600        15692.104      15712.990
           0.300       0.280        15755.666      15746.700
           0.200       0.200        15794.113      15787.884
           0.100       0.070        15847.445      15824.299
           0.050       0.030        15891.480      15858.947
           0.020       0.000        15941.031      15897.688
           0.010       0.000        15974.072      15924.530



MODEL RESULTS

                              ESTIMATES              S. E.     M. S. E.  95%  % Sig
                 Population   Average   Std. Dev.   Average             Cover Coeff
Within Level

 E        BY
  Y1                  1.000     1.0000     0.0000     0.0000     0.0000 1.000 0.000
  Y2                  1.000     1.0012     0.0154     0.0130     0.0002 0.890 1.000
  Y3                  1.000     0.9996     0.0137     0.0128     0.0002 0.930 1.000

 E^         ON
  E^1                 0.000     0.0000     0.0000     0.0000     0.0000 1.000 0.000

 Y1^        ON
  Y1^1                0.000     0.0000     0.0000     0.0000     0.0000 1.000 0.000

 Y2^        ON
  Y2^1                0.000     0.0000     0.0000     0.0000     0.0000 1.000 0.000

 Y3^        ON
  Y3^1                0.000     0.0000     0.0000     0.0000     0.0000 1.000 0.000

 Residual Variances
  Y1                  1.042     1.0356     0.0208     0.0177     0.0005 0.920 1.000
  Y2                  1.563     1.5154     0.0286     0.0209     0.0031 0.370 1.000
  Y3                  1.000     1.0009     0.0195     0.0174     0.0004 0.910 1.000
  E                   1.330     1.3044     0.0259     0.0250     0.0013 0.820 1.000

Between Level

 EB       BY
  Y1                  1.000     1.0000     0.0000     0.0000     0.0000 1.000 0.000
  Y2                  1.000     1.0385     0.1777     0.1550     0.0327 0.890 1.000
  Y3                  1.000     1.0333     0.1578     0.1559     0.0258 0.920 1.000

 Intercepts
  Y1                  0.000     0.0126     0.1050     0.1023     0.0111 0.950 0.050
  Y2                  0.000     0.0079     0.1083     0.1041     0.0117 0.950 0.050
  Y3                  0.000     0.0137     0.0906     0.1015     0.0083 0.970 0.030

 Variances
  EB                  1.000     1.0240     0.2284     0.2209     0.0522 0.920 1.000

 Residual Variances
  Y1                  1.000     1.0507     0.1695     0.1724     0.0310 0.910 1.000
  Y2                  1.000     1.0869     0.1688     0.1799     0.0357 0.910 1.000
  Y3                  1.000     0.9875     0.1615     0.1729     0.0260 0.960 1.000


CORRELATIONS AND MEAN SQUARE ERROR OF THE TRUE FACTOR VALUES AND THE FACTOR SCORES

                        CORRELATIONS                MEAN SQUARE ERROR
                    Average    Std. Dev.           Average    Std. Dev.
  EB                  0.847       0.022              0.542       0.034
  Y1                  0.986       0.002              0.233       0.012
  Y2                  0.976       0.004              0.313       0.017
  Y3                  0.988       0.002              0.220       0.012


TECHNICAL 1 OUTPUT


     PARAMETER SPECIFICATION FOR WITHIN


           NU
              Y1            Y2            Y3            Y1^1          Y2^1
              ________      ________      ________      ________      ________
                    0             0             0             0             0


           NU
              Y3^1
              ________
                    0


           LAMBDA
              E             E^1           Y1            Y2            Y3
              ________      ________      ________      ________      ________
 Y1                 0             0             0             0             0
 Y2                 0             0             0             0             0
 Y3                 0             0             0             0             0
 Y1^1               0             0             0             0             0
 Y2^1               0             0             0             0             0
 Y3^1               0             0             0             0             0


           LAMBDA
              Y1^1          Y2^1          Y3^1
              ________      ________      ________
 Y1                 0             0             0
 Y2                 0             0             0
 Y3                 0             0             0
 Y1^1               0             0             0
 Y2^1               0             0             0
 Y3^1               0             0             0


           THETA
              Y1            Y2            Y3            Y1^1          Y2^1
              ________      ________      ________      ________      ________
 Y1                 0
 Y2                 0             0
 Y3                 0             0             0
 Y1^1               0             0             0             0
 Y2^1               0             0             0             0             0
 Y3^1               0             0             0             0             0


           THETA
              Y3^1
              ________
 Y3^1               0


           ALPHA
              E             E^1           Y1            Y2            Y3
              ________      ________      ________      ________      ________
                    0             0             0             0             0


           ALPHA
              Y1^1          Y2^1          Y3^1
              ________      ________      ________
                    0             0             0


           BETA
              E             E^1           Y1            Y2            Y3
              ________      ________      ________      ________      ________
 E                  0             0             0             0             0
 E^1                0             0             0             0             0
 Y1                 0             0             0             0             0
 Y2                 1             0             0             0             0
 Y3                 2             0             0             0             0
 Y1^1               0             0             0             0             0
 Y2^1               0             0             0             0             0
 Y3^1               0             0             0             0             0


           BETA
              Y1^1          Y2^1          Y3^1
              ________      ________      ________
 E                  0             0             0
 E^1                0             0             0
 Y1                 0             0             0
 Y2                 0             0             0
 Y3                 0             0             0
 Y1^1               0             0             0
 Y2^1               0             0             0
 Y3^1               0             0             0


           PSI
              E             E^1           Y1            Y2            Y3
              ________      ________      ________      ________      ________
 E                  3
 E^1                0             0
 Y1                 0             0             4
 Y2                 0             0             0             5
 Y3                 0             0             0             0             6
 Y1^1               0             0             0             0             0
 Y2^1               0             0             0             0             0
 Y3^1               0             0             0             0             0


           PSI
              Y1^1          Y2^1          Y3^1
              ________      ________      ________
 Y1^1               0
 Y2^1               0             0
 Y3^1               0             0             0


     PARAMETER SPECIFICATION FOR BETWEEN


           NU
              Y1            Y2            Y3
              ________      ________      ________
                    0             0             0


           LAMBDA
              EB            Y1            Y2            Y3
              ________      ________      ________      ________
 Y1                 0             0             0             0
 Y2                 0             0             0             0
 Y3                 0             0             0             0


           THETA
              Y1            Y2            Y3
              ________      ________      ________
 Y1                 0
 Y2                 0             0
 Y3                 0             0             0


           ALPHA
              EB            Y1            Y2            Y3
              ________      ________      ________      ________
                    0             7             8             9


           BETA
              EB            Y1            Y2            Y3
              ________      ________      ________      ________
 EB                 0             0             0             0
 Y1                 0             0             0             0
 Y2                10             0             0             0
 Y3                11             0             0             0


           PSI
              EB            Y1            Y2            Y3
              ________      ________      ________      ________
 EB                12
 Y1                 0            13
 Y2                 0             0            14
 Y3                 0             0             0            15


     STARTING VALUES FOR WITHIN


           NU
              Y1            Y2            Y3            Y1^1          Y2^1
              ________      ________      ________      ________      ________
                0.000         0.000         0.000         0.000         0.000


           NU
              Y3^1
              ________
                0.000


           LAMBDA
              E             E^1           Y1            Y2            Y3
              ________      ________      ________      ________      ________
 Y1             0.000         0.000         1.000         0.000         0.000
 Y2             0.000         0.000         0.000         1.000         0.000
 Y3             0.000         0.000         0.000         0.000         1.000
 Y1^1           0.000         0.000         0.000         0.000         0.000
 Y2^1           0.000         0.000         0.000         0.000         0.000
 Y3^1           0.000         0.000         0.000         0.000         0.000


           LAMBDA
              Y1^1          Y2^1          Y3^1
              ________      ________      ________
 Y1             0.000         0.000         0.000
 Y2             0.000         0.000         0.000
 Y3             0.000         0.000         0.000
 Y1^1           1.000         0.000         0.000
 Y2^1           0.000         1.000         0.000
 Y3^1           0.000         0.000         1.000


           THETA
              Y1            Y2            Y3            Y1^1          Y2^1
              ________      ________      ________      ________      ________
 Y1             0.000
 Y2             0.000         0.000
 Y3             0.000         0.000         0.000
 Y1^1           0.000         0.000         0.000         0.000
 Y2^1           0.000         0.000         0.000         0.000         0.000
 Y3^1           0.000         0.000         0.000         0.000         0.000


           THETA
              Y3^1
              ________
 Y3^1           0.000


           ALPHA
              E             E^1           Y1            Y2            Y3
              ________      ________      ________      ________      ________
                0.000         0.000         0.000         0.000         0.000


           ALPHA
              Y1^1          Y2^1          Y3^1
              ________      ________      ________
                0.000         0.000         0.000


           BETA
              E             E^1           Y1            Y2            Y3
              ________      ________      ________      ________      ________
 E              0.000         0.000         0.000         0.000         0.000
 E^1            0.000         0.000         0.000         0.000         0.000
 Y1             1.000         0.000         0.000         0.000         0.000
 Y2             1.000         0.000         0.000         0.000         0.000
 Y3             1.000         0.000         0.000         0.000         0.000
 Y1^1           0.000         0.000         0.000         0.000         0.000
 Y2^1           0.000         0.000         0.000         0.000         0.000
 Y3^1           0.000         0.000         0.000         0.000         0.000


           BETA
              Y1^1          Y2^1          Y3^1
              ________      ________      ________
 E              0.000         0.000         0.000
 E^1            0.000         0.000         0.000
 Y1             0.000         0.000         0.000
 Y2             0.000         0.000         0.000
 Y3             0.000         0.000         0.000
 Y1^1           0.000         0.000         0.000
 Y2^1           0.000         0.000         0.000
 Y3^1           0.000         0.000         0.000


           PSI
              E             E^1           Y1            Y2            Y3
              ________      ________      ________      ________      ________
 E              1.330
 E^1            0.000         1.000
 Y1             0.000         0.000         1.042
 Y2             0.000         0.000         0.000         1.563
 Y3             0.000         0.000         0.000         0.000         1.000
 Y1^1           0.000         0.000         0.000         0.000         0.000
 Y2^1           0.000         0.000         0.000         0.000         0.000
 Y3^1           0.000         0.000         0.000         0.000         0.000


           PSI
              Y1^1          Y2^1          Y3^1
              ________      ________      ________
 Y1^1           0.500
 Y2^1           0.000         0.500
 Y3^1           0.000         0.000         0.500


     STARTING VALUES FOR BETWEEN


           NU
              Y1            Y2            Y3
              ________      ________      ________
                0.000         0.000         0.000


           LAMBDA
              EB            Y1            Y2            Y3
              ________      ________      ________      ________
 Y1             0.000         1.000         0.000         0.000
 Y2             0.000         0.000         1.000         0.000
 Y3             0.000         0.000         0.000         1.000


           THETA
              Y1            Y2            Y3
              ________      ________      ________
 Y1             0.000
 Y2             0.000         0.000
 Y3             0.000         0.000         0.000


           ALPHA
              EB            Y1            Y2            Y3
              ________      ________      ________      ________
                0.000         0.000         0.000         0.000


           BETA
              EB            Y1            Y2            Y3
              ________      ________      ________      ________
 EB             0.000         0.000         0.000         0.000
 Y1             1.000         0.000         0.000         0.000
 Y2             1.000         0.000         0.000         0.000
 Y3             1.000         0.000         0.000         0.000


           PSI
              EB            Y1            Y2            Y3
              ________      ________      ________      ________
 EB             1.000
 Y1             0.000         1.000
 Y2             0.000         0.000         1.000
 Y3             0.000         0.000         0.000         1.000


     POPULATION VALUES FOR WITHIN


           NU
              Y1            Y2            Y3            Y1^1          Y2^1
              ________      ________      ________      ________      ________
                0.000         0.000         0.000         0.000         0.000


           NU
              Y3^1
              ________
                0.000


           LAMBDA
              E             E^1           Y1            Y2            Y3
              ________      ________      ________      ________      ________
 Y1             0.000         0.000         1.000         0.000         0.000
 Y2             0.000         0.000         0.000         1.000         0.000
 Y3             0.000         0.000         0.000         0.000         1.000
 Y1^1           0.000         0.000         0.000         0.000         0.000
 Y2^1           0.000         0.000         0.000         0.000         0.000
 Y3^1           0.000         0.000         0.000         0.000         0.000


           LAMBDA
              Y1^1          Y2^1          Y3^1
              ________      ________      ________
 Y1             0.000         0.000         0.000
 Y2             0.000         0.000         0.000
 Y3             0.000         0.000         0.000
 Y1^1           1.000         0.000         0.000
 Y2^1           0.000         1.000         0.000
 Y3^1           0.000         0.000         1.000


           THETA
              Y1            Y2            Y3            Y1^1          Y2^1
              ________      ________      ________      ________      ________
 Y1             0.000
 Y2             0.000         0.000
 Y3             0.000         0.000         0.000
 Y1^1           0.000         0.000         0.000         0.000
 Y2^1           0.000         0.000         0.000         0.000         0.000
 Y3^1           0.000         0.000         0.000         0.000         0.000


           THETA
              Y3^1
              ________
 Y3^1           0.000


           ALPHA
              E             E^1           Y1            Y2            Y3
              ________      ________      ________      ________      ________
                0.000         0.000         0.000         0.000         0.000


           ALPHA
              Y1^1          Y2^1          Y3^1
              ________      ________      ________
                0.000         0.000         0.000


           BETA
              E             E^1           Y1            Y2            Y3
              ________      ________      ________      ________      ________
 E              0.000         0.500         0.000         0.000         0.000
 E^1            0.000         0.000         0.000         0.000         0.000
 Y1             1.000         0.000         0.000         0.000         0.000
 Y2             1.000         0.000         0.000         0.000         0.000
 Y3             1.000         0.000         0.000         0.000         0.000
 Y1^1           0.000         0.000         0.000         0.000         0.000
 Y2^1           0.000         0.000         0.000         0.000         0.000
 Y3^1           0.000         0.000         0.000         0.000         0.000


           BETA
              Y1^1          Y2^1          Y3^1
              ________      ________      ________
 E              0.000         0.000         0.000
 E^1            0.000         0.000         0.000
 Y1             0.200         0.000         0.000
 Y2             0.000         0.600         0.000
 Y3             0.000         0.000         0.000
 Y1^1           0.000         0.000         0.000
 Y2^1           0.000         0.000         0.000
 Y3^1           0.000         0.000         0.000


           PSI
              E             E^1           Y1            Y2            Y3
              ________      ________      ________      ________      ________
 E              1.000
 E^1            0.000         1.000
 Y1             0.000         0.000         1.000
 Y2             0.000         0.000         0.000         1.000
 Y3             0.000         0.000         0.000         0.000         1.000
 Y1^1           0.000         0.000         0.000         0.000         0.000
 Y2^1           0.000         0.000         0.000         0.000         0.000
 Y3^1           0.000         0.000         0.000         0.000         0.000


           PSI
              Y1^1          Y2^1          Y3^1
              ________      ________      ________
 Y1^1           1.000
 Y2^1           0.000         1.000
 Y3^1           0.000         0.000         1.000


     POPULATION VALUES FOR BETWEEN


           NU
              Y1            Y2            Y3
              ________      ________      ________
                0.000         0.000         0.000


           LAMBDA
              EB            Y1            Y2            Y3
              ________      ________      ________      ________
 Y1             0.000         1.000         0.000         0.000
 Y2             0.000         0.000         1.000         0.000
 Y3             0.000         0.000         0.000         1.000


           THETA
              Y1            Y2            Y3
              ________      ________      ________
 Y1             0.000
 Y2             0.000         0.000
 Y3             0.000         0.000         0.000


           ALPHA
              EB            Y1            Y2            Y3
              ________      ________      ________      ________
                0.000         0.000         0.000         0.000


           BETA
              EB            Y1            Y2            Y3
              ________      ________      ________      ________
 EB             0.000         0.000         0.000         0.000
 Y1             1.000         0.000         0.000         0.000
 Y2             1.000         0.000         0.000         0.000
 Y3             1.000         0.000         0.000         0.000


           PSI
              EB            Y1            Y2            Y3
              ________      ________      ________      ________
 EB             1.000
 Y1             0.000         1.000
 Y2             0.000         0.000         1.000
 Y3             0.000         0.000         0.000         1.000



     PRIORS FOR ALL PARAMETERS            PRIOR MEAN      PRIOR VARIANCE     PRIOR STD. DEV.

     Parameter 1~N(0.000,infinity)           0.0000            infinity            infinity
     Parameter 2~N(0.000,infinity)           0.0000            infinity            infinity
     Parameter 3~IG(-1.000,0.000)          infinity            infinity            infinity
     Parameter 4~IG(-1.000,0.000)          infinity            infinity            infinity
     Parameter 5~IG(-1.000,0.000)          infinity            infinity            infinity
     Parameter 6~IG(-1.000,0.000)          infinity            infinity            infinity
     Parameter 7~N(0.000,infinity)           0.0000            infinity            infinity
     Parameter 8~N(0.000,infinity)           0.0000            infinity            infinity
     Parameter 9~N(0.000,infinity)           0.0000            infinity            infinity
     Parameter 10~N(0.000,infinity)          0.0000            infinity            infinity
     Parameter 11~N(0.000,infinity)          0.0000            infinity            infinity
     Parameter 12~IG(-1.000,0.000)         infinity            infinity            infinity
     Parameter 13~IG(-1.000,0.000)         infinity            infinity            infinity
     Parameter 14~IG(-1.000,0.000)         infinity            infinity            infinity
     Parameter 15~IG(-1.000,0.000)         infinity            infinity            infinity


TECHNICAL 8 OUTPUT

#START_LINK
   TECHNICAL 8 OUTPUT FOR BAYES ESTIMATION
- for Bayes Estimation
tech8_bayes
#END_LINK

     CHAIN    BSEED
     1        0
     2        285380

     REPLICATION 1:


                     POTENTIAL       PARAMETER WITH
     ITERATION    SCALE REDUCTION      HIGHEST PSR
     100              1.171               4
     200              1.289               12
     300              1.079               2

     REPLICATION 2:


                     POTENTIAL       PARAMETER WITH
     ITERATION    SCALE REDUCTION      HIGHEST PSR
     100              1.884               12
     200              1.172               10
     300              1.099               2
     400              1.068               8

     REPLICATION 3:


                     POTENTIAL       PARAMETER WITH
     ITERATION    SCALE REDUCTION      HIGHEST PSR
     100              1.259               11
     200              1.926               12
     300              1.446               11
     400              1.347               11
     500              1.100               11
     600              1.185               11
     700              1.356               11
     800              1.609               11
     900              1.844               15
     1000             1.735               15
     1100             1.591               15
     1200             1.751               15
     1300             1.774               15
     1400             1.583               15
     1500             1.335               15
     1600             1.223               15
     1700             1.161               15
     1800             1.143               15
     1900             1.087               15
     2000             1.067               11

     REPLICATION 4:


                     POTENTIAL       PARAMETER WITH
     ITERATION    SCALE REDUCTION      HIGHEST PSR
     100              1.252               12
     200              1.225               2
     300              1.100               9
     400              1.074               6

     REPLICATION 5:


                     POTENTIAL       PARAMETER WITH
     ITERATION    SCALE REDUCTION      HIGHEST PSR
     100              1.157               6
     200              1.889               10
     300              1.172               14
     400              1.048               15

     REPLICATION 6:


                     POTENTIAL       PARAMETER WITH
     ITERATION    SCALE REDUCTION      HIGHEST PSR
     100              1.665               11
     200              1.449               11
     300              1.134               11
     400              1.057               15

     REPLICATION 7:


                     POTENTIAL       PARAMETER WITH
     ITERATION    SCALE REDUCTION      HIGHEST PSR
     100              1.118               13
     200              1.392               11
     300              1.310               11
     400              1.057               15

     REPLICATION 8:


                     POTENTIAL       PARAMETER WITH
     ITERATION    SCALE REDUCTION      HIGHEST PSR
     100              1.306               12
     200              1.304               15
     300              1.175               11
     400              1.064               7

     REPLICATION 9:


                     POTENTIAL       PARAMETER WITH
     ITERATION    SCALE REDUCTION      HIGHEST PSR
     100              1.295               3
     200              1.141               3
     300              1.127               12
     400              1.454               12
     500              1.123               12
     600              1.011               9

     REPLICATION 10:


                     POTENTIAL       PARAMETER WITH
     ITERATION    SCALE REDUCTION      HIGHEST PSR
     100              1.890               10
     200              1.033               14

     REPLICATION 11:


                     POTENTIAL       PARAMETER WITH
     ITERATION    SCALE REDUCTION      HIGHEST PSR
     100              1.126               13
     200              1.090               15
     300              1.232               12
     400              1.046               4

     REPLICATION 12:


                     POTENTIAL       PARAMETER WITH
     ITERATION    SCALE REDUCTION      HIGHEST PSR
     100              1.088               8
     200              1.204               12
     300              1.070               6

     REPLICATION 13:


                     POTENTIAL       PARAMETER WITH
     ITERATION    SCALE REDUCTION      HIGHEST PSR
     100              1.235               11
     200              1.697               10
     300              1.475               12
     400              1.295               10
     500              1.115               10
     600              1.076               10

     REPLICATION 14:


                     POTENTIAL       PARAMETER WITH
     ITERATION    SCALE REDUCTION      HIGHEST PSR
     100              1.381               15
     200              1.245               11
     300              1.085               2
     400              1.087               2
     500              1.088               2
     600              1.093               11
     700              1.069               15

     REPLICATION 15:


                     POTENTIAL       PARAMETER WITH
     ITERATION    SCALE REDUCTION      HIGHEST PSR
     100              1.692               10
     200              1.312               10
     300              1.135               8
     400              1.078               14

     REPLICATION 16:


                     POTENTIAL       PARAMETER WITH
     ITERATION    SCALE REDUCTION      HIGHEST PSR
     100              1.257               10
     200              1.482               10
     300              1.191               10
     400              1.169               10
     500              1.070               14

     REPLICATION 17:


                     POTENTIAL       PARAMETER WITH
     ITERATION    SCALE REDUCTION      HIGHEST PSR
     100              1.390               2
     200              1.118               15
     300              1.067               2

     REPLICATION 18:


                     POTENTIAL       PARAMETER WITH
     ITERATION    SCALE REDUCTION      HIGHEST PSR
     100              1.075               5
     200              1.211               12
     300              1.031               12

     REPLICATION 19:


                     POTENTIAL       PARAMETER WITH
     ITERATION    SCALE REDUCTION      HIGHEST PSR
     100              2.148               10
     200              1.200               10
     300              1.284               14
     400              1.275               10
     500              1.075               6

     REPLICATION 20:


                     POTENTIAL       PARAMETER WITH
     ITERATION    SCALE REDUCTION      HIGHEST PSR
     100              2.056               11
     200              1.261               12
     300              1.041               8

     REPLICATION 21:


                     POTENTIAL       PARAMETER WITH
     ITERATION    SCALE REDUCTION      HIGHEST PSR
     100              1.430               3
     200              1.172               15
     300              1.094               1
     400              1.384               11
     500              1.261               12
     600              1.046               10

     REPLICATION 22:


                     POTENTIAL       PARAMETER WITH
     ITERATION    SCALE REDUCTION      HIGHEST PSR
     100              1.480               15
     200              1.186               1
     300              1.128               12
     400              1.060               3

     REPLICATION 23:


                     POTENTIAL       PARAMETER WITH
     ITERATION    SCALE REDUCTION      HIGHEST PSR
     100              1.259               6
     200              1.175               11
     300              1.029               2

     REPLICATION 24:


                     POTENTIAL       PARAMETER WITH
     ITERATION    SCALE REDUCTION      HIGHEST PSR
     100              1.139               8
     200              1.311               2
     300              1.077               1

     REPLICATION 25:


                     POTENTIAL       PARAMETER WITH
     ITERATION    SCALE REDUCTION      HIGHEST PSR
     100              1.349               1
     200              1.228               11
     300              1.117               11
     400              1.255               12
     500              1.059               10

     REPLICATION 26:


                     POTENTIAL       PARAMETER WITH
     ITERATION    SCALE REDUCTION      HIGHEST PSR
     100              1.147               4
     200              1.224               11
     300              1.242               3
     400              1.052               4

     REPLICATION 27:


                     POTENTIAL       PARAMETER WITH
     ITERATION    SCALE REDUCTION      HIGHEST PSR
     100              1.232               2
     200              1.406               15
     300              1.121               11
     400              1.081               11

     REPLICATION 28:


                     POTENTIAL       PARAMETER WITH
     ITERATION    SCALE REDUCTION      HIGHEST PSR
     100              1.253               9
     200              1.258               12
     300              1.107               6
     400              1.075               11

     REPLICATION 29:


                     POTENTIAL       PARAMETER WITH
     ITERATION    SCALE REDUCTION      HIGHEST PSR
     100              1.159               15
     200              1.177               13
     300              1.196               15
     400              1.100               12
     500              1.083               3
     600              1.052               3

     REPLICATION 30:


                     POTENTIAL       PARAMETER WITH
     ITERATION    SCALE REDUCTION      HIGHEST PSR
     100              1.171               6
     200              1.448               2
     300              1.363               11
     400              1.083               5
     500              1.024               2

     REPLICATION 31:


                     POTENTIAL       PARAMETER WITH
     ITERATION    SCALE REDUCTION      HIGHEST PSR
     100              1.119               14
     200              1.105               4
     300              1.112               4
     400              1.154               15
     500              1.078               2

     REPLICATION 32:


                     POTENTIAL       PARAMETER WITH
     ITERATION    SCALE REDUCTION      HIGHEST PSR
     100              1.717               4
     200              1.124               10
     300              1.017               13

     REPLICATION 33:


                     POTENTIAL       PARAMETER WITH
     ITERATION    SCALE REDUCTION      HIGHEST PSR
     100              1.459               3
     200              1.274               10
     300              1.149               12
     400              1.028               10

     REPLICATION 34:


                     POTENTIAL       PARAMETER WITH
     ITERATION    SCALE REDUCTION      HIGHEST PSR
     100              1.736               10
     200              1.971               10
     300              1.299               14
     400              1.044               14

     REPLICATION 35:


                     POTENTIAL       PARAMETER WITH
     ITERATION    SCALE REDUCTION      HIGHEST PSR
     100              1.133               6
     200              1.315               11
     300              1.100               11
     400              1.043               2

     REPLICATION 36:


                     POTENTIAL       PARAMETER WITH
     ITERATION    SCALE REDUCTION      HIGHEST PSR
     100              1.275               12
     200              1.180               1
     300              1.229               3
     400              1.170               2
     500              1.208               2
     600              1.046               10

     REPLICATION 37:


                     POTENTIAL       PARAMETER WITH
     ITERATION    SCALE REDUCTION      HIGHEST PSR
     100              1.121               14
     200              1.156               7
     300              1.052               6

     REPLICATION 38:


                     POTENTIAL       PARAMETER WITH
     ITERATION    SCALE REDUCTION      HIGHEST PSR
     100              1.233               15
     200              1.390               2
     300              1.220               1
     400              1.058               1

     REPLICATION 39:


                     POTENTIAL       PARAMETER WITH
     ITERATION    SCALE REDUCTION      HIGHEST PSR
     100              1.125               12
     200              1.363               10
     300              1.072               10

     REPLICATION 40:


                     POTENTIAL       PARAMETER WITH
     ITERATION    SCALE REDUCTION      HIGHEST PSR
     100              1.170               14
     200              1.020               15

     REPLICATION 41:


                     POTENTIAL       PARAMETER WITH
     ITERATION    SCALE REDUCTION      HIGHEST PSR
     100              1.162               15
     200              1.081               15

     REPLICATION 42:


                     POTENTIAL       PARAMETER WITH
     ITERATION    SCALE REDUCTION      HIGHEST PSR
     100              1.543               10
     200              1.378               11
     300              1.051               10

     REPLICATION 43:


                     POTENTIAL       PARAMETER WITH
     ITERATION    SCALE REDUCTION      HIGHEST PSR
     100              1.453               2
     200              1.197               10
     300              1.053               11

     REPLICATION 44:


                     POTENTIAL       PARAMETER WITH
     ITERATION    SCALE REDUCTION      HIGHEST PSR
     100              1.101               4
     200              1.030               2

     REPLICATION 45:


                     POTENTIAL       PARAMETER WITH
     ITERATION    SCALE REDUCTION      HIGHEST PSR
     100              2.549               14
     200              1.190               12
     300              1.217               10
     400              1.074               14

     REPLICATION 46:


                     POTENTIAL       PARAMETER WITH
     ITERATION    SCALE REDUCTION      HIGHEST PSR
     100              1.448               10
     200              1.073               15

     REPLICATION 47:


                     POTENTIAL       PARAMETER WITH
     ITERATION    SCALE REDUCTION      HIGHEST PSR
     100              1.200               11
     200              1.140               15
     300              1.113               13
     400              1.110               12
     500              1.041               13

     REPLICATION 48:


                     POTENTIAL       PARAMETER WITH
     ITERATION    SCALE REDUCTION      HIGHEST PSR
     100              1.904               13
     200              1.043               6

     REPLICATION 49:


                     POTENTIAL       PARAMETER WITH
     ITERATION    SCALE REDUCTION      HIGHEST PSR
     100              2.233               12
     200              1.116               12
     300              1.301               10
     400              1.031               11

     REPLICATION 50:


                     POTENTIAL       PARAMETER WITH
     ITERATION    SCALE REDUCTION      HIGHEST PSR
     100              1.222               10
     200              1.071               4

     REPLICATION 51:


                     POTENTIAL       PARAMETER WITH
     ITERATION    SCALE REDUCTION      HIGHEST PSR
     100              1.182               15
     200              1.299               13
     300              1.123               13
     400              1.060               3

     REPLICATION 52:


                     POTENTIAL       PARAMETER WITH
     ITERATION    SCALE REDUCTION      HIGHEST PSR
     100              1.210               14
     200              1.274               12
     300              1.145               14
     400              1.128               1
     500              1.123               12
     600              1.072               3

     REPLICATION 53:


                     POTENTIAL       PARAMETER WITH
     ITERATION    SCALE REDUCTION      HIGHEST PSR
     100              1.268               13
     200              1.054               8

     REPLICATION 54:


                     POTENTIAL       PARAMETER WITH
     ITERATION    SCALE REDUCTION      HIGHEST PSR
     100              1.411               14
     200              1.634               3
     300              1.031               14

     REPLICATION 55:


                     POTENTIAL       PARAMETER WITH
     ITERATION    SCALE REDUCTION      HIGHEST PSR
     100              2.513               12
     200              1.304               12
     300              1.172               12
     400              1.036               1

     REPLICATION 56:


                     POTENTIAL       PARAMETER WITH
     ITERATION    SCALE REDUCTION      HIGHEST PSR
     100              1.186               5
     200              1.086               2
     300              1.602               12
     400              1.161               1
     500              1.086               4
     600              1.039               9

     REPLICATION 57:


                     POTENTIAL       PARAMETER WITH
     ITERATION    SCALE REDUCTION      HIGHEST PSR
     100              1.293               12
     200              1.167               11
     300              1.138               11
     400              1.087               12
     500              1.022               6

     REPLICATION 58:


                     POTENTIAL       PARAMETER WITH
     ITERATION    SCALE REDUCTION      HIGHEST PSR
     100              1.440               3
     200              1.220               10
     300              1.022               5

     REPLICATION 59:


                     POTENTIAL       PARAMETER WITH
     ITERATION    SCALE REDUCTION      HIGHEST PSR
     100              1.225               13
     200              1.076               4

     REPLICATION 60:


                     POTENTIAL       PARAMETER WITH
     ITERATION    SCALE REDUCTION      HIGHEST PSR
     100              1.263               13
     200              1.127               14
     300              1.067               2

     REPLICATION 61:


                     POTENTIAL       PARAMETER WITH
     ITERATION    SCALE REDUCTION      HIGHEST PSR
     100              1.065               5
     200              1.141               9
     300              1.116               2
     400              1.074               9

     REPLICATION 62:


                     POTENTIAL       PARAMETER WITH
     ITERATION    SCALE REDUCTION      HIGHEST PSR
     100              1.598               11
     200              1.035               12

     REPLICATION 63:


                     POTENTIAL       PARAMETER WITH
     ITERATION    SCALE REDUCTION      HIGHEST PSR
     100              1.938               13
     200              1.221               13
     300              1.153               11
     400              1.045               5

     REPLICATION 64:


                     POTENTIAL       PARAMETER WITH
     ITERATION    SCALE REDUCTION      HIGHEST PSR
     100              1.547               2
     200              1.048               6

     REPLICATION 65:


                     POTENTIAL       PARAMETER WITH
     ITERATION    SCALE REDUCTION      HIGHEST PSR
     100              1.276               1
     200              1.149               13
     300              1.056               6

     REPLICATION 66:


                     POTENTIAL       PARAMETER WITH
     ITERATION    SCALE REDUCTION      HIGHEST PSR
     100              1.227               1
     200              1.328               12
     300              1.138               10
     400              1.126               12
     500              1.093               12
     600              1.085               12
     700              1.054               13

     REPLICATION 67:


                     POTENTIAL       PARAMETER WITH
     ITERATION    SCALE REDUCTION      HIGHEST PSR
     100              1.091               12
     200              1.104               1
     300              1.101               14
     400              1.086               14
     500              1.050               6

     REPLICATION 68:


                     POTENTIAL       PARAMETER WITH
     ITERATION    SCALE REDUCTION      HIGHEST PSR
     100              1.443               13
     200              1.553               10
     300              1.113               11
     400              1.027               6

     REPLICATION 69:


                     POTENTIAL       PARAMETER WITH
     ITERATION    SCALE REDUCTION      HIGHEST PSR
     100              1.216               2
     200              1.682               11
     300              1.196               11
     400              1.143               11
     500              1.047               9

     REPLICATION 70:


                     POTENTIAL       PARAMETER WITH
     ITERATION    SCALE REDUCTION      HIGHEST PSR
     100              1.317               14
     200              1.568               12
     300              1.240               13
     400              1.096               2
     500              1.166               2
     600              1.122               2
     700              1.032               14

     REPLICATION 71:


                     POTENTIAL       PARAMETER WITH
     ITERATION    SCALE REDUCTION      HIGHEST PSR
     100              1.147               12
     200              1.166               15
     300              1.085               4
     400              1.069               2

     REPLICATION 72:


                     POTENTIAL       PARAMETER WITH
     ITERATION    SCALE REDUCTION      HIGHEST PSR
     100              1.305               4
     200              1.486               12
     300              1.038               2

     REPLICATION 73:


                     POTENTIAL       PARAMETER WITH
     ITERATION    SCALE REDUCTION      HIGHEST PSR
     100              1.147               14
     200              1.054               8

     REPLICATION 74:


                     POTENTIAL       PARAMETER WITH
     ITERATION    SCALE REDUCTION      HIGHEST PSR
     100              1.458               5
     200              1.156               7
     300              1.044               15

     REPLICATION 75:


                     POTENTIAL       PARAMETER WITH
     ITERATION    SCALE REDUCTION      HIGHEST PSR
     100              1.260               12
     200              1.179               7
     300              1.099               10
     400              1.034               2

     REPLICATION 76:


                     POTENTIAL       PARAMETER WITH
     ITERATION    SCALE REDUCTION      HIGHEST PSR
     100              1.164               9
     200              1.318               2
     300              1.029               8

     REPLICATION 77:


                     POTENTIAL       PARAMETER WITH
     ITERATION    SCALE REDUCTION      HIGHEST PSR
     100              1.401               12
     200              1.068               14

     REPLICATION 78:


                     POTENTIAL       PARAMETER WITH
     ITERATION    SCALE REDUCTION      HIGHEST PSR
     100              1.128               3
     200              1.217               11
     300              1.127               15
     400              1.204               10
     500              1.037               10

     REPLICATION 79:


                     POTENTIAL       PARAMETER WITH
     ITERATION    SCALE REDUCTION      HIGHEST PSR
     100              1.635               2
     200              1.334               2
     300              1.046               10

     REPLICATION 80:


                     POTENTIAL       PARAMETER WITH
     ITERATION    SCALE REDUCTION      HIGHEST PSR
     100              1.216               6
     200              1.239               11
     300              1.127               11
     400              1.075               12

     REPLICATION 81:


                     POTENTIAL       PARAMETER WITH
     ITERATION    SCALE REDUCTION      HIGHEST PSR
     100              1.067               3
     200              1.303               10
     300              1.049               8

     REPLICATION 82:


                     POTENTIAL       PARAMETER WITH
     ITERATION    SCALE REDUCTION      HIGHEST PSR
     100              1.753               1
     200              1.143               3
     300              1.104               14
     400              1.129               14
     500              1.134               10
     600              1.048               8

     REPLICATION 83:


                     POTENTIAL       PARAMETER WITH
     ITERATION    SCALE REDUCTION      HIGHEST PSR
     100              1.172               3
     200              1.094               1
     300              1.016               3

     REPLICATION 84:


                     POTENTIAL       PARAMETER WITH
     ITERATION    SCALE REDUCTION      HIGHEST PSR
     100              1.245               6
     200              1.349               3
     300              1.298               3
     400              1.114               3
     500              1.097               1
     600              1.048               1

     REPLICATION 85:


                     POTENTIAL       PARAMETER WITH
     ITERATION    SCALE REDUCTION      HIGHEST PSR
     100              1.310               11
     200              1.379               11
     300              1.349               11
     400              1.103               11
     500              1.087               10
     600              1.028               12

     REPLICATION 86:


                     POTENTIAL       PARAMETER WITH
     ITERATION    SCALE REDUCTION      HIGHEST PSR
     100              1.456               3
     200              1.194               2
     300              1.028               2

     REPLICATION 87:


                     POTENTIAL       PARAMETER WITH
     ITERATION    SCALE REDUCTION      HIGHEST PSR
     100              1.611               11
     200              1.080               12

     REPLICATION 88:


                     POTENTIAL       PARAMETER WITH
     ITERATION    SCALE REDUCTION      HIGHEST PSR
     100              1.220               15
     200              1.073               2

     REPLICATION 89:


                     POTENTIAL       PARAMETER WITH
     ITERATION    SCALE REDUCTION      HIGHEST PSR
     100              1.234               5
     200              1.154               14
     300              1.157               1
     400              1.044               14

     REPLICATION 90:


                     POTENTIAL       PARAMETER WITH
     ITERATION    SCALE REDUCTION      HIGHEST PSR
     100              5.015               15
     200              4.478               11
     300              3.204               15
     400              1.283               15
     500              1.199               3
     600              1.245               3
     700              1.194               3
     800              1.080               3

     REPLICATION 91:


                     POTENTIAL       PARAMETER WITH
     ITERATION    SCALE REDUCTION      HIGHEST PSR
     100              1.642               10
     200              1.158               13
     300              1.051               12

     REPLICATION 92:


                     POTENTIAL       PARAMETER WITH
     ITERATION    SCALE REDUCTION      HIGHEST PSR
     100              1.684               12
     200              1.104               15
     300              1.694               12
     400              1.404               10
     500              1.172               10
     600              1.026               10

     REPLICATION 93:


                     POTENTIAL       PARAMETER WITH
     ITERATION    SCALE REDUCTION      HIGHEST PSR
     100              1.109               10
     200              1.161               3
     300              1.181               2
     400              1.206               14
     500              1.116               2
     600              1.016               3

     REPLICATION 94:


                     POTENTIAL       PARAMETER WITH
     ITERATION    SCALE REDUCTION      HIGHEST PSR
     100              1.571               3
     200              1.166               1
     300              1.226               10
     400              1.253               10
     500              1.302               10
     600              1.135               4
     700              1.200               2
     800              1.225               2
     900              1.047               6

     REPLICATION 95:


                     POTENTIAL       PARAMETER WITH
     ITERATION    SCALE REDUCTION      HIGHEST PSR
     100              1.179               14
     200              1.181               7
     300              1.077               8

     REPLICATION 96:


                     POTENTIAL       PARAMETER WITH
     ITERATION    SCALE REDUCTION      HIGHEST PSR
     100              1.263               12
     200              1.133               3
     300              1.024               11

     REPLICATION 97:


                     POTENTIAL       PARAMETER WITH
     ITERATION    SCALE REDUCTION      HIGHEST PSR
     100              1.143               10
     200              1.060               2

     REPLICATION 98:


                     POTENTIAL       PARAMETER WITH
     ITERATION    SCALE REDUCTION      HIGHEST PSR
     100              1.373               11
     200              1.086               1
     300              1.150               1
     400              1.135               3
     500              1.036               15

     REPLICATION 99:


                     POTENTIAL       PARAMETER WITH
     ITERATION    SCALE REDUCTION      HIGHEST PSR
     100              1.118               11
     200              1.272               11
     300              1.140               11
     400              1.075               1

     REPLICATION 100:


                     POTENTIAL       PARAMETER WITH
     ITERATION    SCALE REDUCTION      HIGHEST PSR
     100              1.048               10
     200              1.182               9
     300              1.155               12
     400              1.058               12


     Beginning Time:  16:43:00
        Ending Time:  17:33:33
       Elapsed Time:  00:50:33



MUTHEN & MUTHEN
3463 Stoner Ave.
Los Angeles, CA  90066

Tel: (310) 391-9971
Fax: (310) 391-8971
Web: www.StatModel.com
Support: Support@StatModel.com

Copyright (c) 1998-2018 Muthen & Muthen
