Mplus VERSION 8.1
MUTHEN & MUTHEN
06/13/2018   5:04 PM

INPUT INSTRUCTIONS

  MONTECARLO:  NAMES ARE y x;
               NOBS = 20000;
               NREP = 100;
               NCSIZES = 1;
               CSIZES = 200(100);
               lagged=y(1) x(1);

  ANALYSIS: 	estimator=bayes; proc=2;
              type=twolevel;

  MODEL MONTECARLO:

    %WITHIN%
    f by y@1 (&1); x*1;
    f on x*1; y*0.3; f*1;
    f^ on f^1*0.5;
    f^ on x^1*0.4;
    x^ on x^1*0.5;
    %BETWEEN%
    y on x*0.5; y*1 x*1;

  MODEL:
    %WITHIN%
    f by y@1 (&1); x*1;
    f on x*1; y*0.3; f*1;
    f^ on f^1*0.5;
    f^ on x^1*0.4;
    x^ on x^1*0.5;
    %BETWEEN%
    y on x*0.5; y*1 x*1;


  OUTPUT: TECH8;



*** WARNING in MODEL command
  In the MODEL command, the following variable is an x-variable on the BETWEEN
  level and a y-variable on the WITHIN level.  This variable will be treated
  as a y-variable on both levels:  X
   1 WARNING(S) FOUND IN THE INPUT INSTRUCTIONS




SUMMARY OF ANALYSIS

Number of groups                                                 1
Number of observations                                       20000

Number of replications
    Requested                                                  100
    Completed                                                  100
Value of seed                                                    0

Number of dependent variables                                    2
Number of independent variables                                  2
Number of continuous latent variables                            2

Observed dependent variables

  Continuous
   Y           X

Observed independent variables
   Y^1         X^1

Continuous latent variables
   F           F^1

Variables with special functions

  Within variables
   Y^1         X^1


Estimator                                                    BAYES
Specifications for Bayesian Estimation
  Point estimate                                            MEDIAN
  Number of Markov chain Monte Carlo (MCMC) chains               2
  Random seed for the first chain                                0
  Starting value information                           UNPERTURBED
  Algorithm used for Markov chain Monte Carlo           GIBBS(PX1)
  Convergence criterion                                  0.500D-01
  Maximum number of iterations                               50000
  K-th iteration used for thinning                               1


SUMMARY OF DATA FOR THE FIRST REPLICATION

     Cluster information

       Size (s)    Number of clusters of Size s

        100           200





MODEL FIT INFORMATION

Number of Free Parameters                       12

Information Criteria

    Deviance (DIC)

        Mean                             93958.500
        Std Dev                           1439.420
        Number of successful computations      100

             Proportions                   Percentiles
        Expected    Observed         Expected       Observed
           0.990       0.980        90609.976      89655.302
           0.980       0.970        91002.362      90440.680
           0.950       0.930        91590.797      91230.159
           0.900       0.900        92113.739      91987.354
           0.800       0.830        92747.084      92908.714
           0.700       0.770        93203.668      93321.610
           0.500       0.500        93958.500      93938.500
           0.300       0.280        94713.332      94665.189
           0.200       0.220        95169.916      95180.372
           0.100       0.120        95803.261      95889.455
           0.050       0.050        96326.203      96144.028
           0.020       0.010        96914.638      96579.372
           0.010       0.000        97307.024      96838.905

    Estimated Number of Parameters (pD)

        Mean                             17372.982
        Std Dev                            166.393
        Number of successful computations      100

             Proportions                   Percentiles
        Expected    Observed         Expected       Observed
           0.990       1.000        16985.903      16991.541
           0.980       0.990        17031.262      17068.073
           0.950       0.960        17099.283      17137.991
           0.900       0.900        17159.733      17157.368
           0.800       0.800        17232.946      17227.057
           0.700       0.670        17285.726      17279.542
           0.500       0.440        17372.982      17349.887
           0.300       0.290        17460.238      17448.064
           0.200       0.220        17513.018      17517.045
           0.100       0.110        17586.231      17590.029
           0.050       0.070        17646.681      17663.796
           0.020       0.030        17714.703      17722.452
           0.010       0.010        17760.061      17737.419



MODEL RESULTS

                              ESTIMATES              S. E.     M. S. E.  95%  % Sig
                 Population   Average   Std. Dev.   Average             Cover Coeff
Within Level

 F        BY
  Y                   1.000     1.0000     0.0000     0.0000     0.0000 1.000 0.000

 F^         ON
  F^1                 0.500     0.5044     0.0095     0.0087     0.0001 0.890 1.000

 F          ON
  X                   1.000     1.0037     0.0090     0.0083     0.0001 0.920 1.000

 F^         ON
  X^1                 0.400     0.3994     0.0079     0.0073     0.0001 0.950 1.000

 X^         ON
  X^1                 0.500     0.4999     0.0067     0.0063     0.0000 0.960 1.000

 Residual Variances
  Y                   0.300     0.3203     0.0299     0.0222     0.0013 0.710 1.000
  X                   1.000     1.0005     0.0109     0.0101     0.0001 0.930 1.000
  F                   1.000     0.9833     0.0362     0.0286     0.0016 0.810 1.000

Between Level

 Y          ON
  X                   0.500     0.5004     0.0717     0.0768     0.0051 0.980 1.000

 Means
  X                   0.000     0.0067     0.0744     0.0723     0.0055 0.950 0.050

 Intercepts
  Y                   0.000     0.0081     0.0688     0.0747     0.0048 0.990 0.010

 Variances
  X                   1.000     1.0041     0.1044     0.1061     0.0108 0.960 1.000

 Residual Variances
  Y                   1.000     1.0204     0.1099     0.1140     0.0124 0.940 1.000


CORRELATIONS AND MEAN SQUARE ERROR OF THE TRUE FACTOR VALUES AND THE FACTOR SCORES

                        CORRELATIONS                MEAN SQUARE ERROR
                    Average    Std. Dev.           Average    Std. Dev.
  Y                   0.932       0.009              0.406       0.021
  X                   0.980       0.003              0.197       0.010


TECHNICAL 1 OUTPUT


     PARAMETER SPECIFICATION FOR WITHIN


           NU
              Y             X             Y^1           X^1
              ________      ________      ________      ________
                    0             0             0             0


           LAMBDA
              F             F^1           Y             X             Y^1
              ________      ________      ________      ________      ________
 Y                  0             0             0             0             0
 X                  0             0             0             0             0
 Y^1                0             0             0             0             0
 X^1                0             0             0             0             0


           LAMBDA
              X^1
              ________
 Y                  0
 X                  0
 Y^1                0
 X^1                0


           THETA
              Y             X             Y^1           X^1
              ________      ________      ________      ________
 Y                  0
 X                  0             0
 Y^1                0             0             0
 X^1                0             0             0             0


           ALPHA
              F             F^1           Y             X             Y^1
              ________      ________      ________      ________      ________
                    0             0             0             0             0


           ALPHA
              X^1
              ________
                    0


           BETA
              F             F^1           Y             X             Y^1
              ________      ________      ________      ________      ________
 F                  0             1             0             2             0
 F^1                0             0             0             0             0
 Y                  0             0             0             0             0
 X                  0             0             0             0             0
 Y^1                0             0             0             0             0
 X^1                0             0             0             0             0


           BETA
              X^1
              ________
 F                  3
 F^1                0
 Y                  0
 X                  4
 Y^1                0
 X^1                0


           PSI
              F             F^1           Y             X             Y^1
              ________      ________      ________      ________      ________
 F                  5
 F^1                0             0
 Y                  0             0             6
 X                  0             0             0             7
 Y^1                0             0             0             0             0
 X^1                0             0             0             0             0


           PSI
              X^1
              ________
 X^1                0


     PARAMETER SPECIFICATION FOR BETWEEN


           NU
              Y             X
              ________      ________
                    0             0


           LAMBDA
              Y             X
              ________      ________
 Y                  0             0
 X                  0             0


           THETA
              Y             X
              ________      ________
 Y                  0
 X                  0             0


           ALPHA
              Y             X
              ________      ________
                    8             9


           BETA
              Y             X
              ________      ________
 Y                  0            10
 X                  0             0


           PSI
              Y             X
              ________      ________
 Y                 11
 X                  0            12


     STARTING VALUES FOR WITHIN


           NU
              Y             X             Y^1           X^1
              ________      ________      ________      ________
                0.000         0.000         0.000         0.000


           LAMBDA
              F             F^1           Y             X             Y^1
              ________      ________      ________      ________      ________
 Y              0.000         0.000         1.000         0.000         0.000
 X              0.000         0.000         0.000         1.000         0.000
 Y^1            0.000         0.000         0.000         0.000         1.000
 X^1            0.000         0.000         0.000         0.000         0.000


           LAMBDA
              X^1
              ________
 Y              0.000
 X              0.000
 Y^1            0.000
 X^1            1.000


           THETA
              Y             X             Y^1           X^1
              ________      ________      ________      ________
 Y              0.000
 X              0.000         0.000
 Y^1            0.000         0.000         0.000
 X^1            0.000         0.000         0.000         0.000


           ALPHA
              F             F^1           Y             X             Y^1
              ________      ________      ________      ________      ________
                0.000         0.000         0.000         0.000         0.000


           ALPHA
              X^1
              ________
                0.000


           BETA
              F             F^1           Y             X             Y^1
              ________      ________      ________      ________      ________
 F              0.000         0.500         0.000         1.000         0.000
 F^1            0.000         0.000         0.000         0.000         0.000
 Y              1.000         0.000         0.000         0.000         0.000
 X              0.000         0.000         0.000         0.000         0.000
 Y^1            0.000         0.000         0.000         0.000         0.000
 X^1            0.000         0.000         0.000         0.000         0.000


           BETA
              X^1
              ________
 F              0.400
 F^1            0.000
 Y              0.000
 X              0.500
 Y^1            0.000
 X^1            0.000


           PSI
              F             F^1           Y             X             Y^1
              ________      ________      ________      ________      ________
 F              1.000
 F^1            0.000         1.000
 Y              0.000         0.000         0.300
 X              0.000         0.000         0.000         1.000
 Y^1            0.000         0.000         0.000         0.000         0.500
 X^1            0.000         0.000         0.000         0.000         0.000


           PSI
              X^1
              ________
 X^1            0.500


     STARTING VALUES FOR BETWEEN


           NU
              Y             X
              ________      ________
                0.000         0.000


           LAMBDA
              Y             X
              ________      ________
 Y              1.000         0.000
 X              0.000         1.000


           THETA
              Y             X
              ________      ________
 Y              0.000
 X              0.000         0.000


           ALPHA
              Y             X
              ________      ________
                0.000         0.000


           BETA
              Y             X
              ________      ________
 Y              0.000         0.500
 X              0.000         0.000


           PSI
              Y             X
              ________      ________
 Y              1.000
 X              0.000         1.000


     POPULATION VALUES FOR WITHIN


           NU
              Y             X             Y^1           X^1
              ________      ________      ________      ________
                0.000         0.000         0.000         0.000


           LAMBDA
              F             F^1           Y             X             Y^1
              ________      ________      ________      ________      ________
 Y              0.000         0.000         1.000         0.000         0.000
 X              0.000         0.000         0.000         1.000         0.000
 Y^1            0.000         0.000         0.000         0.000         1.000
 X^1            0.000         0.000         0.000         0.000         0.000


           LAMBDA
              X^1
              ________
 Y              0.000
 X              0.000
 Y^1            0.000
 X^1            1.000


           THETA
              Y             X             Y^1           X^1
              ________      ________      ________      ________
 Y              0.000
 X              0.000         0.000
 Y^1            0.000         0.000         0.000
 X^1            0.000         0.000         0.000         0.000


           ALPHA
              F             F^1           Y             X             Y^1
              ________      ________      ________      ________      ________
                0.000         0.000         0.000         0.000         0.000


           ALPHA
              X^1
              ________
                0.000


           BETA
              F             F^1           Y             X             Y^1
              ________      ________      ________      ________      ________
 F              0.000         0.500         0.000         1.000         0.000
 F^1            0.000         0.000         0.000         0.000         0.000
 Y              1.000         0.000         0.000         0.000         0.000
 X              0.000         0.000         0.000         0.000         0.000
 Y^1            0.000         0.000         0.000         0.000         0.000
 X^1            0.000         0.000         0.000         0.000         0.000


           BETA
              X^1
              ________
 F              0.400
 F^1            0.000
 Y              0.000
 X              0.500
 Y^1            0.000
 X^1            0.000


           PSI
              F             F^1           Y             X             Y^1
              ________      ________      ________      ________      ________
 F              1.000
 F^1            0.000         1.000
 Y              0.000         0.000         0.300
 X              0.000         0.000         0.000         1.000
 Y^1            0.000         0.000         0.000         0.000         1.000
 X^1            0.000         0.000         0.000         0.000         0.000


           PSI
              X^1
              ________
 X^1            1.000


     POPULATION VALUES FOR BETWEEN


           NU
              Y             X
              ________      ________
                0.000         0.000


           LAMBDA
              Y             X
              ________      ________
 Y              1.000         0.000
 X              0.000         1.000


           THETA
              Y             X
              ________      ________
 Y              0.000
 X              0.000         0.000


           ALPHA
              Y             X
              ________      ________
                0.000         0.000


           BETA
              Y             X
              ________      ________
 Y              0.000         0.500
 X              0.000         0.000


           PSI
              Y             X
              ________      ________
 Y              1.000
 X              0.000         1.000



     PRIORS FOR ALL PARAMETERS            PRIOR MEAN      PRIOR VARIANCE     PRIOR STD. DEV.

     Parameter 1~N(0.000,infinity)           0.0000            infinity            infinity
     Parameter 2~N(0.000,infinity)           0.0000            infinity            infinity
     Parameter 3~N(0.000,infinity)           0.0000            infinity            infinity
     Parameter 4~N(0.000,infinity)           0.0000            infinity            infinity
     Parameter 5~IG(-1.000,0.000)          infinity            infinity            infinity
     Parameter 6~IG(-1.000,0.000)          infinity            infinity            infinity
     Parameter 7~IG(-1.000,0.000)          infinity            infinity            infinity
     Parameter 8~N(0.000,infinity)           0.0000            infinity            infinity
     Parameter 9~N(0.000,infinity)           0.0000            infinity            infinity
     Parameter 10~N(0.000,infinity)          0.0000            infinity            infinity
     Parameter 11~IG(-1.000,0.000)         infinity            infinity            infinity
     Parameter 12~IG(-1.000,0.000)         infinity            infinity            infinity


TECHNICAL 8 OUTPUT


   TECHNICAL 8 OUTPUT FOR BAYES ESTIMATION

     CHAIN    BSEED
     1        0
     2        285380

     REPLICATION 1:


                     POTENTIAL       PARAMETER WITH
     ITERATION    SCALE REDUCTION      HIGHEST PSR
     100              2.236               6
     200              2.535               6
     300              1.128               6
     400              1.173               10
     500              1.076               8

     REPLICATION 2:


                     POTENTIAL       PARAMETER WITH
     ITERATION    SCALE REDUCTION      HIGHEST PSR
     100              3.171               6
     200              1.250               6
     300              1.110               11
     400              1.499               6
     500              1.153               6
     600              1.419               6
     700              1.314               6
     800              1.123               6
     900              1.094               6
     1000             1.176               6
     1100             1.186               5
     1200             1.100               11
     1300             1.095               11
     1400             1.073               11

     REPLICATION 3:


                     POTENTIAL       PARAMETER WITH
     ITERATION    SCALE REDUCTION      HIGHEST PSR
     100              1.648               6
     200              1.833               6
     300              1.179               5
     400              2.005               6
     500              2.127               6
     600              1.981               6
     700              1.824               6
     800              1.820               6
     900              1.515               6
     1000             1.111               6
     1100             1.035               5

     REPLICATION 4:


                     POTENTIAL       PARAMETER WITH
     ITERATION    SCALE REDUCTION      HIGHEST PSR
     100              1.079               6
     200              1.027               2

     REPLICATION 5:


                     POTENTIAL       PARAMETER WITH
     ITERATION    SCALE REDUCTION      HIGHEST PSR
     100              2.087               5
     200              2.970               6
     300              2.306               6
     400              1.304               6
     500              1.212               6
     600              1.506               6
     700              1.766               6
     800              2.057               6
     900              1.949               6
     1000             1.424               6
     1100             1.227               6
     1200             1.270               6
     1300             1.244               6
     1400             1.249               6
     1500             1.191               6
     1600             1.061               6

     REPLICATION 6:


                     POTENTIAL       PARAMETER WITH
     ITERATION    SCALE REDUCTION      HIGHEST PSR
     100              1.227               6
     200              1.020               1

     REPLICATION 7:


                     POTENTIAL       PARAMETER WITH
     ITERATION    SCALE REDUCTION      HIGHEST PSR
     100              2.943               6
     200              1.101               10
     300              1.237               11
     400              1.497               6
     500              1.284               11
     600              1.077               11

     REPLICATION 8:


                     POTENTIAL       PARAMETER WITH
     ITERATION    SCALE REDUCTION      HIGHEST PSR
     100              2.418               6
     200              1.261               6
     300              1.796               6
     400              1.641               6
     500              1.350               6
     600              1.008               10

     REPLICATION 9:


                     POTENTIAL       PARAMETER WITH
     ITERATION    SCALE REDUCTION      HIGHEST PSR
     100              1.766               6
     200              1.486               6
     300              1.204               5
     400              1.116               6
     500              1.568               6
     600              1.577               6
     700              1.329               6
     800              1.305               6
     900              1.349               6
     1000             1.081               6
     1100             1.080               5

     REPLICATION 10:


                     POTENTIAL       PARAMETER WITH
     ITERATION    SCALE REDUCTION      HIGHEST PSR
     100              3.269               6
     200              1.977               6
     300              2.911               6
     400              1.095               8
     500              1.049               8

     REPLICATION 11:


                     POTENTIAL       PARAMETER WITH
     ITERATION    SCALE REDUCTION      HIGHEST PSR
     100              1.313               5
     200              1.241               6
     300              1.250               6
     400              1.240               6
     500              1.179               10
     600              1.135               10
     700              1.028               10

     REPLICATION 12:


                     POTENTIAL       PARAMETER WITH
     ITERATION    SCALE REDUCTION      HIGHEST PSR
     100              1.232               11
     200              1.333               6
     300              1.042               8

     REPLICATION 13:


                     POTENTIAL       PARAMETER WITH
     ITERATION    SCALE REDUCTION      HIGHEST PSR
     100              1.083               12
     200              2.566               6
     300              1.498               5
     400              1.150               5
     500              1.300               5
     600              1.087               5
     700              1.088               5
     800              1.260               5
     900              1.101               6
     1000             1.014               12

     REPLICATION 14:


                     POTENTIAL       PARAMETER WITH
     ITERATION    SCALE REDUCTION      HIGHEST PSR
     100              3.383               6
     200              2.222               6
     300              1.463               6
     400              1.065               8

     REPLICATION 15:


                     POTENTIAL       PARAMETER WITH
     ITERATION    SCALE REDUCTION      HIGHEST PSR
     100              1.050               11
     200              1.789               6
     300              1.102               11
     400              1.182               6
     500              1.728               6
     600              1.507               6
     700              1.225               6
     800              1.182               6
     900              1.042               12

     REPLICATION 16:


                     POTENTIAL       PARAMETER WITH
     ITERATION    SCALE REDUCTION      HIGHEST PSR
     100              1.098               11
     200              1.059               6

     REPLICATION 17:


                     POTENTIAL       PARAMETER WITH
     ITERATION    SCALE REDUCTION      HIGHEST PSR
     100              1.167               6
     200              1.261               11
     300              1.088               8
     400              1.185               6
     500              1.738               6
     600              1.656               6
     700              1.564               6
     800              1.645               6
     900              1.506               6
     1000             1.518               6
     1100             1.489               6
     1200             1.216               6
     1300             1.063               6

     REPLICATION 18:


                     POTENTIAL       PARAMETER WITH
     ITERATION    SCALE REDUCTION      HIGHEST PSR
     100              1.173               6
     200              1.157               6
     300              1.086               8
     400              1.127               6
     500              1.528               6
     600              1.072               8

     REPLICATION 19:


                     POTENTIAL       PARAMETER WITH
     ITERATION    SCALE REDUCTION      HIGHEST PSR
     100              3.029               6
     200              1.058               5

     REPLICATION 20:


                     POTENTIAL       PARAMETER WITH
     ITERATION    SCALE REDUCTION      HIGHEST PSR
     100              1.528               6
     200              1.478               6
     300              1.090               10
     400              1.981               6
     500              1.466               6
     600              1.629               6
     700              1.720               6
     800              1.337               6
     900              1.287               6
     1000             1.481               6
     1100             1.487               6
     1200             1.255               6
     1300             1.062               6

     REPLICATION 21:


                     POTENTIAL       PARAMETER WITH
     ITERATION    SCALE REDUCTION      HIGHEST PSR
     100              1.137               6
     200              2.623               6
     300              1.665               6
     400              1.092               10
     500              1.251               6
     600              1.512               6
     700              1.172               6
     800              1.119               6
     900              1.015               6

     REPLICATION 22:


                     POTENTIAL       PARAMETER WITH
     ITERATION    SCALE REDUCTION      HIGHEST PSR
     100              2.940               6
     200              4.905               6
     300              3.707               6
     400              2.544               6
     500              1.368               6
     600              1.051               8

     REPLICATION 23:


                     POTENTIAL       PARAMETER WITH
     ITERATION    SCALE REDUCTION      HIGHEST PSR
     100              1.146               11
     200              1.233               6
     300              2.414               6
     400              1.824               6
     500              1.263               6
     600              1.461               6
     700              1.374               6
     800              1.019               8

     REPLICATION 24:


                     POTENTIAL       PARAMETER WITH
     ITERATION    SCALE REDUCTION      HIGHEST PSR
     100              2.486               6
     200              1.254               11
     300              1.647               6
     400              1.559               6
     500              1.115               6
     600              1.039               1

     REPLICATION 25:


                     POTENTIAL       PARAMETER WITH
     ITERATION    SCALE REDUCTION      HIGHEST PSR
     100              2.118               6
     200              4.063               6
     300              4.278               6
     400              2.083               6
     500              1.371               6
     600              1.197               6
     700              1.045               6

     REPLICATION 26:


                     POTENTIAL       PARAMETER WITH
     ITERATION    SCALE REDUCTION      HIGHEST PSR
     100              1.266               6
     200              1.262               11
     300              1.095               11
     400              1.167               6
     500              1.369               6
     600              1.271               6
     700              1.147               6
     800              1.060               11

     REPLICATION 27:


                     POTENTIAL       PARAMETER WITH
     ITERATION    SCALE REDUCTION      HIGHEST PSR
     100              2.148               6
     200              1.201               6
     300              1.163               10
     400              1.371               6
     500              1.508               6
     600              1.390               6
     700              1.250               6
     800              1.095               6
     900              1.026               8

     REPLICATION 28:


                     POTENTIAL       PARAMETER WITH
     ITERATION    SCALE REDUCTION      HIGHEST PSR
     100              1.278               11
     200              2.940               6
     300              1.342               6
     400              1.080               8

     REPLICATION 29:


                     POTENTIAL       PARAMETER WITH
     ITERATION    SCALE REDUCTION      HIGHEST PSR
     100              1.860               6
     200              1.261               6
     300              1.340               6
     400              2.010               6
     500              1.905               6
     600              1.190               6
     700              1.021               8

     REPLICATION 30:


                     POTENTIAL       PARAMETER WITH
     ITERATION    SCALE REDUCTION      HIGHEST PSR
     100              1.197               6
     200              1.645               6
     300              1.064               12

     REPLICATION 31:


                     POTENTIAL       PARAMETER WITH
     ITERATION    SCALE REDUCTION      HIGHEST PSR
     100              1.094               5
     200              1.759               6
     300              1.883               6
     400              2.832               6
     500              1.350               6
     600              1.065               6

     REPLICATION 32:


                     POTENTIAL       PARAMETER WITH
     ITERATION    SCALE REDUCTION      HIGHEST PSR
     100              2.363               5
     200              1.931               6
     300              2.136               5
     400              1.358               6
     500              1.017               6

     REPLICATION 33:


                     POTENTIAL       PARAMETER WITH
     ITERATION    SCALE REDUCTION      HIGHEST PSR
     100              1.657               6
     200              1.063               6

     REPLICATION 34:


                     POTENTIAL       PARAMETER WITH
     ITERATION    SCALE REDUCTION      HIGHEST PSR
     100              1.189               6
     200              1.077               10

     REPLICATION 35:


                     POTENTIAL       PARAMETER WITH
     ITERATION    SCALE REDUCTION      HIGHEST PSR
     100              4.023               6
     200              3.480               6
     300              1.447               5
     400              1.078               6

     REPLICATION 36:


                     POTENTIAL       PARAMETER WITH
     ITERATION    SCALE REDUCTION      HIGHEST PSR
     100              1.044               10
     200              1.878               6
     300              1.538               11
     400              1.216               11
     500              1.045               11

     REPLICATION 37:


                     POTENTIAL       PARAMETER WITH
     ITERATION    SCALE REDUCTION      HIGHEST PSR
     100              5.036               6
     200              2.015               6
     300              1.131               6
     400              1.105               10
     500              1.086               10
     600              1.730               6
     700              1.913               6
     800              1.379               5
     900              1.195               6
     1000             1.070               6

     REPLICATION 38:


                     POTENTIAL       PARAMETER WITH
     ITERATION    SCALE REDUCTION      HIGHEST PSR
     100              2.075               6
     200              2.041               6
     300              1.008               9

     REPLICATION 39:


                     POTENTIAL       PARAMETER WITH
     ITERATION    SCALE REDUCTION      HIGHEST PSR
     100              4.027               6
     200              2.827               6
     300              1.250               11
     400              1.113               11
     500              1.157               6
     600              1.188               6
     700              1.563               6
     800              1.841               6
     900              1.861               6
     1000             1.855               6
     1100             1.417               6
     1200             1.175               6
     1300             1.112               6
     1400             1.025               1

     REPLICATION 40:


                     POTENTIAL       PARAMETER WITH
     ITERATION    SCALE REDUCTION      HIGHEST PSR
     100              1.741               6
     200              1.155               6
     300              1.658               6
     400              1.102               5
     500              1.292               6
     600              1.284               6
     700              1.320               6
     800              1.370               6
     900              1.372               6
     1000             1.092               5
     1100             1.120               5
     1200             1.142               5
     1300             1.063               6

     REPLICATION 41:


                     POTENTIAL       PARAMETER WITH
     ITERATION    SCALE REDUCTION      HIGHEST PSR
     100              1.109               9
     200              1.096               8
     300              1.094               11
     400              1.415               6
     500              2.387               6
     600              2.471               6
     700              1.512               6
     800              1.060               6

     REPLICATION 42:


                     POTENTIAL       PARAMETER WITH
     ITERATION    SCALE REDUCTION      HIGHEST PSR
     100              2.214               6
     200              1.324               6
     300              1.795               5
     400              1.699               6
     500              1.057               10

     REPLICATION 43:


                     POTENTIAL       PARAMETER WITH
     ITERATION    SCALE REDUCTION      HIGHEST PSR
     100              2.979               6
     200              2.901               6
     300              1.858               6
     400              1.279               6
     500              1.516               6
     600              1.274               6
     700              1.045               11

     REPLICATION 44:


                     POTENTIAL       PARAMETER WITH
     ITERATION    SCALE REDUCTION      HIGHEST PSR
     100              1.724               5
     200              4.104               6
     300              1.328               6
     400              1.155               6
     500              1.701               6
     600              1.572               6
     700              1.167               6
     800              1.009               8

     REPLICATION 45:


                     POTENTIAL       PARAMETER WITH
     ITERATION    SCALE REDUCTION      HIGHEST PSR
     100              2.964               6
     200              1.517               6
     300              1.045               10

     REPLICATION 46:


                     POTENTIAL       PARAMETER WITH
     ITERATION    SCALE REDUCTION      HIGHEST PSR
     100              1.853               5
     200              3.023               6
     300              2.505               6
     400              1.040               8

     REPLICATION 47:


                     POTENTIAL       PARAMETER WITH
     ITERATION    SCALE REDUCTION      HIGHEST PSR
     100              4.204               6
     200              2.894               6
     300              1.660               6
     400              1.440               6
     500              1.025               10

     REPLICATION 48:


                     POTENTIAL       PARAMETER WITH
     ITERATION    SCALE REDUCTION      HIGHEST PSR
     100              1.599               6
     200              1.225               6
     300              1.573               6
     400              1.751               6
     500              1.985               6
     600              1.988               6
     700              1.335               6
     800              1.179               6
     900              1.022               6

     REPLICATION 49:


                     POTENTIAL       PARAMETER WITH
     ITERATION    SCALE REDUCTION      HIGHEST PSR
     100              1.162               6
     200              2.154               6
     300              1.257               6
     400              1.252               11
     500              1.152               11
     600              1.323               6
     700              1.058               11

     REPLICATION 50:


                     POTENTIAL       PARAMETER WITH
     ITERATION    SCALE REDUCTION      HIGHEST PSR
     100              1.223               11
     200              1.235               5
     300              1.117               5
     400              1.140               6
     500              1.329               6
     600              1.059               6

     REPLICATION 51:


                     POTENTIAL       PARAMETER WITH
     ITERATION    SCALE REDUCTION      HIGHEST PSR
     100              1.551               6
     200              1.178               6
     300              1.174               6
     400              1.973               6
     500              1.240               6
     600              1.077               5

     REPLICATION 52:


                     POTENTIAL       PARAMETER WITH
     ITERATION    SCALE REDUCTION      HIGHEST PSR
     100              2.819               6
     200              1.546               6
     300              1.146               11
     400              1.855               6
     500              1.587               6
     600              1.150               6
     700              1.094               11
     800              1.062               11

     REPLICATION 53:


                     POTENTIAL       PARAMETER WITH
     ITERATION    SCALE REDUCTION      HIGHEST PSR
     100              3.181               6
     200              2.911               6
     300              1.895               6
     400              1.630               6
     500              1.461               6
     600              1.045               6

     REPLICATION 54:


                     POTENTIAL       PARAMETER WITH
     ITERATION    SCALE REDUCTION      HIGHEST PSR
     100              1.332               6
     200              1.041               5

     REPLICATION 55:


                     POTENTIAL       PARAMETER WITH
     ITERATION    SCALE REDUCTION      HIGHEST PSR
     100              1.199               11
     200              1.307               6
     300              1.408               6
     400              1.060               10

     REPLICATION 56:


                     POTENTIAL       PARAMETER WITH
     ITERATION    SCALE REDUCTION      HIGHEST PSR
     100              2.511               6
     200              3.822               6
     300              2.926               6
     400              1.629               6
     500              1.199               6
     600              1.223               6
     700              1.196               6
     800              1.184               6
     900              1.335               6
     1000             1.541               6
     1100             1.184               6
     1200             1.005               8

     REPLICATION 57:


                     POTENTIAL       PARAMETER WITH
     ITERATION    SCALE REDUCTION      HIGHEST PSR
     100              2.531               6
     200              1.426               6
     300              2.525               6
     400              1.083               5
     500              1.180               6
     600              1.686               6
     700              1.774               6
     800              1.819               6
     900              1.401               6
     1000             1.310               6
     1100             1.030               11

     REPLICATION 58:


                     POTENTIAL       PARAMETER WITH
     ITERATION    SCALE REDUCTION      HIGHEST PSR
     100              1.782               6
     200              1.636               6
     300              2.080               6
     400              1.678               6
     500              1.148               11
     600              1.155               11
     700              1.378               6
     800              1.903               6
     900              1.939               6
     1000             1.428               6
     1100             1.193               6
     1200             1.099               6
     1300             1.062               6

     REPLICATION 59:


                     POTENTIAL       PARAMETER WITH
     ITERATION    SCALE REDUCTION      HIGHEST PSR
     100              1.815               6
     200              1.961               6
     300              1.564               6
     400              1.020               8

     REPLICATION 60:


                     POTENTIAL       PARAMETER WITH
     ITERATION    SCALE REDUCTION      HIGHEST PSR
     100              1.487               6
     200              1.060               10

     REPLICATION 61:


                     POTENTIAL       PARAMETER WITH
     ITERATION    SCALE REDUCTION      HIGHEST PSR
     100              1.497               6
     200              2.174               6
     300              1.861               6
     400              1.383               6
     500              1.150               6
     600              1.005               11

     REPLICATION 62:


                     POTENTIAL       PARAMETER WITH
     ITERATION    SCALE REDUCTION      HIGHEST PSR
     100              1.479               6
     200              1.077               10

     REPLICATION 63:


                     POTENTIAL       PARAMETER WITH
     ITERATION    SCALE REDUCTION      HIGHEST PSR
     100              2.881               6
     200              3.144               6
     300              1.936               6
     400              1.140               8
     500              1.116               5
     600              1.247               6
     700              1.477               6
     800              1.025               6

     REPLICATION 64:


                     POTENTIAL       PARAMETER WITH
     ITERATION    SCALE REDUCTION      HIGHEST PSR
     100              2.569               6
     200              1.988               6
     300              2.546               6
     400              2.171               6
     500              1.083               8
     600              1.086               6
     700              1.073               8

     REPLICATION 65:


                     POTENTIAL       PARAMETER WITH
     ITERATION    SCALE REDUCTION      HIGHEST PSR
     100              1.976               6
     200              1.034               8

     REPLICATION 66:


                     POTENTIAL       PARAMETER WITH
     ITERATION    SCALE REDUCTION      HIGHEST PSR
     100              1.056               9
     200              1.375               6
     300              2.859               6
     400              1.615               6
     500              1.054               10

     REPLICATION 67:


                     POTENTIAL       PARAMETER WITH
     ITERATION    SCALE REDUCTION      HIGHEST PSR
     100              2.842               6
     200              3.268               6
     300              1.818               6
     400              1.311               6
     500              1.359               6
     600              1.016               8

     REPLICATION 68:


                     POTENTIAL       PARAMETER WITH
     ITERATION    SCALE REDUCTION      HIGHEST PSR
     100              3.229               6
     200              1.688               6
     300              1.242               6
     400              1.926               6
     500              1.783               6
     600              1.662               6
     700              1.513               6
     800              1.465               6
     900              1.120               6
     1000             1.017               7

     REPLICATION 69:


                     POTENTIAL       PARAMETER WITH
     ITERATION    SCALE REDUCTION      HIGHEST PSR
     100              1.088               10
     200              1.051               10

     REPLICATION 70:


                     POTENTIAL       PARAMETER WITH
     ITERATION    SCALE REDUCTION      HIGHEST PSR
     100              2.373               6
     200              1.165               11
     300              1.414               6
     400              2.111               6
     500              1.307               6
     600              1.321               6
     700              1.344               6
     800              1.324               6
     900              1.296               6
     1000             1.034               10

     REPLICATION 71:


                     POTENTIAL       PARAMETER WITH
     ITERATION    SCALE REDUCTION      HIGHEST PSR
     100              1.140               6
     200              1.018               10

     REPLICATION 72:


                     POTENTIAL       PARAMETER WITH
     ITERATION    SCALE REDUCTION      HIGHEST PSR
     100              1.970               6
     200              3.325               6
     300              2.161               6
     400              3.159               6
     500              3.489               6
     600              2.167               6
     700              1.489               6
     800              1.417               6
     900              1.179               6
     1000             1.022               10

     REPLICATION 73:


                     POTENTIAL       PARAMETER WITH
     ITERATION    SCALE REDUCTION      HIGHEST PSR
     100              1.122               8
     200              1.162               6
     300              1.491               6
     400              1.098               6
     500              1.877               6
     600              1.899               6
     700              1.292               6
     800              1.068               5

     REPLICATION 74:


                     POTENTIAL       PARAMETER WITH
     ITERATION    SCALE REDUCTION      HIGHEST PSR
     100              1.970               6
     200              1.184               11
     300              1.287               6
     400              2.312               6
     500              1.980               6
     600              1.731               6
     700              1.540               6
     800              1.343               6
     900              1.226               6
     1000             1.292               6
     1100             1.355               6
     1200             1.360               6
     1300             1.233               6
     1400             1.151               5
     1500             1.055               5

     REPLICATION 75:


                     POTENTIAL       PARAMETER WITH
     ITERATION    SCALE REDUCTION      HIGHEST PSR
     100              1.142               11
     200              1.304               10
     300              1.319               6
     400              1.068               8

     REPLICATION 76:


                     POTENTIAL       PARAMETER WITH
     ITERATION    SCALE REDUCTION      HIGHEST PSR
     100              1.647               6
     200              3.385               6
     300              1.806               6
     400              1.324               6
     500              1.138               6
     600              1.323               6
     700              1.085               6
     800              1.086               6
     900              1.045               11

     REPLICATION 77:


                     POTENTIAL       PARAMETER WITH
     ITERATION    SCALE REDUCTION      HIGHEST PSR
     100              1.539               11
     200              1.076               6

     REPLICATION 78:


                     POTENTIAL       PARAMETER WITH
     ITERATION    SCALE REDUCTION      HIGHEST PSR
     100              6.126               6
     200              2.614               6
     300              1.275               6
     400              1.393               6
     500              1.105               6
     600              1.397               6
     700              1.244               11
     800              1.285               11
     900              1.351               6
     1000             1.631               6
     1100             1.501               6
     1200             1.253               6
     1300             1.248               6
     1400             1.294               6
     1500             1.318               6
     1600             1.326               6
     1700             1.306               6
     1800             1.240               6
     1900             1.172               6
     2000             1.206               6
     2100             1.169               6
     2200             1.154               6
     2300             1.132               5
     2400             1.196               6
     2500             1.171               6
     2600             1.144               6
     2700             1.060               11

     REPLICATION 79:


                     POTENTIAL       PARAMETER WITH
     ITERATION    SCALE REDUCTION      HIGHEST PSR
     100              2.210               6
     200              4.228               6
     300              2.503               6
     400              1.496               6
     500              1.484               6
     600              1.433               6
     700              1.109               6
     800              1.117               6
     900              1.032               11

     REPLICATION 80:


                     POTENTIAL       PARAMETER WITH
     ITERATION    SCALE REDUCTION      HIGHEST PSR
     100              4.124               6
     200              1.901               6
     300              2.258               6
     400              1.269               6
     500              1.023               6

     REPLICATION 81:


                     POTENTIAL       PARAMETER WITH
     ITERATION    SCALE REDUCTION      HIGHEST PSR
     100              1.214               10
     200              1.273               10
     300              1.213               10
     400              1.617               6
     500              1.152               6
     600              1.157               11
     700              1.137               6
     800              1.074               11

     REPLICATION 82:


                     POTENTIAL       PARAMETER WITH
     ITERATION    SCALE REDUCTION      HIGHEST PSR
     100              1.712               5
     200              2.209               6
     300              1.124               6
     400              1.173               6
     500              1.186               6
     600              1.625               6
     700              1.780               6
     800              1.942               6
     900              1.745               6
     1000             1.405               6
     1100             1.373               6
     1200             1.324               6
     1300             1.310               6
     1400             1.366               6
     1500             1.427               6
     1600             1.361               6
     1700             1.331               6
     1800             1.357               6
     1900             1.373               6
     2000             1.346               6
     2100             1.271               6
     2200             1.177               6
     2300             1.172               6
     2400             1.087               6
     2500             1.021               6

     REPLICATION 83:


                     POTENTIAL       PARAMETER WITH
     ITERATION    SCALE REDUCTION      HIGHEST PSR
     100              1.249               6
     200              1.537               6
     300              1.481               6
     400              1.385               6
     500              1.761               6
     600              1.683               6
     700              1.141               6
     800              1.043               8

     REPLICATION 84:


                     POTENTIAL       PARAMETER WITH
     ITERATION    SCALE REDUCTION      HIGHEST PSR
     100              1.429               6
     200              2.660               6
     300              1.528               6
     400              1.062               8

     REPLICATION 85:


                     POTENTIAL       PARAMETER WITH
     ITERATION    SCALE REDUCTION      HIGHEST PSR
     100              1.263               6
     200              2.165               6
     300              1.766               6
     400              1.188               6
     500              1.187               5
     600              1.041               11

     REPLICATION 86:


                     POTENTIAL       PARAMETER WITH
     ITERATION    SCALE REDUCTION      HIGHEST PSR
     100              1.850               6
     200              1.024               8

     REPLICATION 87:


                     POTENTIAL       PARAMETER WITH
     ITERATION    SCALE REDUCTION      HIGHEST PSR
     100              1.421               6
     200              1.577               6
     300              1.211               6
     400              1.086               6
     500              1.055               10

     REPLICATION 88:


                     POTENTIAL       PARAMETER WITH
     ITERATION    SCALE REDUCTION      HIGHEST PSR
     100              1.027               6
     200              1.318               11
     300              1.054               5

     REPLICATION 89:


                     POTENTIAL       PARAMETER WITH
     ITERATION    SCALE REDUCTION      HIGHEST PSR
     100              1.420               6
     200              1.056               6

     REPLICATION 90:


                     POTENTIAL       PARAMETER WITH
     ITERATION    SCALE REDUCTION      HIGHEST PSR
     100              2.955               6
     200              3.418               6
     300              1.996               6
     400              1.556               6
     500              1.974               6
     600              1.562               6
     700              1.573               6
     800              1.259               6
     900              1.146               6
     1000             1.020               10

     REPLICATION 91:


                     POTENTIAL       PARAMETER WITH
     ITERATION    SCALE REDUCTION      HIGHEST PSR
     100              1.157               6
     200              1.490               6
     300              2.156               6
     400              1.720               6
     500              1.130               10
     600              1.067               10

     REPLICATION 92:


                     POTENTIAL       PARAMETER WITH
     ITERATION    SCALE REDUCTION      HIGHEST PSR
     100              2.454               6
     200              1.812               6
     300              2.047               6
     400              2.690               6
     500              1.450               6
     600              1.367               6
     700              1.152               6
     800              1.049               5

     REPLICATION 93:


                     POTENTIAL       PARAMETER WITH
     ITERATION    SCALE REDUCTION      HIGHEST PSR
     100              1.124               6
     200              2.275               6
     300              2.913               6
     400              1.141               6
     500              1.045               10

     REPLICATION 94:


                     POTENTIAL       PARAMETER WITH
     ITERATION    SCALE REDUCTION      HIGHEST PSR
     100              1.052               6
     200              1.293               6
     300              1.181               11
     400              1.121               11
     500              1.235               6
     600              1.018               5

     REPLICATION 95:


                     POTENTIAL       PARAMETER WITH
     ITERATION    SCALE REDUCTION      HIGHEST PSR
     100              4.774               6
     200              2.442               6
     300              1.862               6
     400              1.082               6
     500              1.192               6
     600              1.620               6
     700              1.213               6
     800              1.196               6
     900              1.060               6

     REPLICATION 96:


                     POTENTIAL       PARAMETER WITH
     ITERATION    SCALE REDUCTION      HIGHEST PSR
     100              1.096               8
     200              1.104               11
     300              1.180               6
     400              1.018               6

     REPLICATION 97:


                     POTENTIAL       PARAMETER WITH
     ITERATION    SCALE REDUCTION      HIGHEST PSR
     100              1.234               5
     200              2.793               6
     300              1.071               12

     REPLICATION 98:


                     POTENTIAL       PARAMETER WITH
     ITERATION    SCALE REDUCTION      HIGHEST PSR
     100              1.515               6
     200              1.736               6
     300              3.995               6
     400              2.737               6
     500              1.910               6
     600              1.697               6
     700              1.470               6
     800              1.449               6
     900              1.241               6
     1000             1.071               6

     REPLICATION 99:


                     POTENTIAL       PARAMETER WITH
     ITERATION    SCALE REDUCTION      HIGHEST PSR
     100              4.742               6
     200              1.034               8

     REPLICATION 100:


                     POTENTIAL       PARAMETER WITH
     ITERATION    SCALE REDUCTION      HIGHEST PSR
     100              1.912               6
     200              1.140               6
     300              1.180               6
     400              1.461               6
     500              1.085               6
     600              1.067               5


     Beginning Time:  17:04:29
        Ending Time:  18:02:36
       Elapsed Time:  00:58:07



MUTHEN & MUTHEN
3463 Stoner Ave.
Los Angeles, CA  90066

Tel: (310) 391-9971
Fax: (310) 391-8971
Web: www.StatModel.com
Support: Support@StatModel.com

Copyright (c) 1998-2018 Muthen & Muthen
