Mplus VERSION 8.1
MUTHEN & MUTHEN
06/13/2018   2:13 PM

INPUT INSTRUCTIONS

  MONTECARLO:  NAMES ARE y;
               NOBS = 200;
               NREP = 100;
               lagged=y(1);

  ANALYSIS: 	estimator=bayes; proc=2;


  MODEL MONTECARLO:

    f by y@1 (&1);
    y on y&1*0.6 f&1*0.4;
    y@.00001;
    f*1;

  MODEL:

    f by y@1 (&1);
    y on y&1*0.6
         f&1*0.4 (b);
    y@.1;
    f*1 (v);

  model constraint:
  new(L); L=((1+b**2)*v+0.1)/(b*v);
  new(fb*0.4); fb=0.5*(L-sqrt(L**2-4));
  new(fv*1); fv=b*v/fb;



  OUTPUT: TECH8;



INPUT READING TERMINATED NORMALLY




SUMMARY OF ANALYSIS

Number of groups                                                 1
Number of observations                                         200

Number of replications
    Requested                                                  100
    Completed                                                  100
Value of seed                                                    0

Number of dependent variables                                    1
Number of independent variables                                  1
Number of continuous latent variables                            2

Observed dependent variables

  Continuous
   Y

Observed independent variables
   Y&1

Continuous latent variables
   F           F&1


Estimator                                                    BAYES
Specifications for Bayesian Estimation
  Point estimate                                            MEDIAN
  Number of Markov chain Monte Carlo (MCMC) chains               2
  Random seed for the first chain                                0
  Starting value information                           UNPERTURBED
  Algorithm used for Markov chain Monte Carlo           GIBBS(PX1)
  Convergence criterion                                  0.500D-01
  Maximum number of iterations                               50000
  K-th iteration used for thinning                               1





MODEL FIT INFORMATION

Number of Free Parameters                        4

Information Criteria

    Deviance (DIC)

        Mean                               278.445
        Std Dev                              9.838
        Number of successful computations      100

             Proportions                   Percentiles
        Expected    Observed         Expected       Observed
           0.990       0.980          255.559        215.768
           0.980       0.970          258.241        252.852
           0.950       0.950          262.263        259.778
           0.900       0.940          265.837        269.646
           0.800       0.890          270.166        272.506
           0.700       0.780          273.286        275.980
           0.500       0.540          278.445        279.047
           0.300       0.310          283.604        283.706
           0.200       0.120          286.725        285.511
           0.100       0.010          291.053        287.505
           0.050       0.000          294.627        289.873
           0.020       0.000          298.649        290.424
           0.010       0.000          301.331        290.915

    Estimated Number of Parameters (pD)

        Mean                               170.909
        Std Dev                              8.464
        Number of successful computations      100

             Proportions                   Percentiles
        Expected    Observed         Expected       Observed
           0.990       0.990          151.218        108.514
           0.980       0.980          153.525        152.653
           0.950       0.970          156.986        158.057
           0.900       0.940          160.061        162.702
           0.800       0.910          163.785        166.308
           0.700       0.800          166.470        169.633
           0.500       0.590          170.909        171.966
           0.300       0.270          175.348        174.810
           0.200       0.100          178.032        176.356
           0.100       0.010          181.757        177.952
           0.050       0.000          184.832        178.933
           0.020       0.000          188.292        181.621
           0.010       0.000          190.600        181.670



MODEL RESULTS

                              ESTIMATES              S. E.     M. S. E.  95%  % Sig
                 Population   Average   Std. Dev.   Average             Cover Coeff
 F        BY
  Y                   1.000     1.0000     0.0000     0.0000     0.0000 1.000 0.000

 Y          ON
  F&1                 0.400     0.4612     0.1013     0.0990     0.0139 0.880 0.990

 Y          ON
  Y&1                 0.600     0.5852     0.0682     0.0688     0.0048 0.920 1.000

 Intercepts
  Y                   0.000     0.0002     0.1099     0.0963     0.0120 0.910 0.090

 Variances
  F                   1.000     0.9024     0.1166     0.1083     0.0230 0.830 1.000

 Residual Variances
  Y                   0.100     0.1000     0.0000     0.0000     0.0000 1.000 0.000

New/Additional Parameters
  L                   0.500     3.0062     0.5696     2.6099     6.6023 0.010 0.990
  FB                  0.400     0.4027     0.0821     1.5422     0.0067 0.920 0.990
  FV                  1.000     1.0299     0.1142     0.1105     0.0138 0.950 1.000


TECHNICAL 1 OUTPUT


     PARAMETER SPECIFICATION


           NU
              Y             Y&1
              ________      ________
                    0             0


           LAMBDA
              F             F&1           Y             Y&1
              ________      ________      ________      ________
 Y                  0             0             0             0
 Y&1                0             0             0             0


           THETA
              Y             Y&1
              ________      ________
 Y                  0
 Y&1                0             0


           ALPHA
              F             F&1           Y             Y&1
              ________      ________      ________      ________
                    0             0             1             0


           BETA
              F             F&1           Y             Y&1
              ________      ________      ________      ________
 F                  0             0             0             0
 F&1                0             0             0             0
 Y                  0             2             0             3
 Y&1                0             0             0             0


           PSI
              F             F&1           Y             Y&1
              ________      ________      ________      ________
 F                  4
 F&1                0             0
 Y                  0             0             0
 Y&1                0             0             0             0


     PARAMETER SPECIFICATION FOR THE ADDITIONAL PARAMETERS


           NEW/ADDITIONAL PARAMETERS
              L             FB            FV
              ________      ________      ________
                    5             6             7


     STARTING VALUES


           NU
              Y             Y&1
              ________      ________
                0.000         0.000


           LAMBDA
              F             F&1           Y             Y&1
              ________      ________      ________      ________
 Y              0.000         0.000         1.000         0.000
 Y&1            0.000         0.000         0.000         1.000


           THETA
              Y             Y&1
              ________      ________
 Y              0.000
 Y&1            0.000         0.000


           ALPHA
              F             F&1           Y             Y&1
              ________      ________      ________      ________
                0.000         0.000         0.000         0.000


           BETA
              F             F&1           Y             Y&1
              ________      ________      ________      ________
 F              0.000         0.000         0.000         0.000
 F&1            0.000         0.000         0.000         0.000
 Y              1.000         0.400         0.000         0.600
 Y&1            0.000         0.000         0.000         0.000


           PSI
              F             F&1           Y             Y&1
              ________      ________      ________      ________
 F              1.000
 F&1            0.000         1.000
 Y              0.000         0.000         0.100
 Y&1            0.000         0.000         0.000         0.500


     STARTING VALUES FOR THE ADDITIONAL PARAMETERS


           NEW/ADDITIONAL PARAMETERS
              L             FB            FV
              ________      ________      ________
                0.500         0.400         1.000


     POPULATION VALUES


           NU
              Y             Y&1
              ________      ________
                0.000         0.000


           LAMBDA
              F             F&1           Y             Y&1
              ________      ________      ________      ________
 Y              0.000         0.000         1.000         0.000
 Y&1            0.000         0.000         0.000         1.000


           THETA
              Y             Y&1
              ________      ________
 Y              0.000
 Y&1            0.000         0.000


           ALPHA
              F             F&1           Y             Y&1
              ________      ________      ________      ________
                0.000         0.000         0.000         0.000


           BETA
              F             F&1           Y             Y&1
              ________      ________      ________      ________
 F              0.000         0.000         0.000         0.000
 F&1            0.000         0.000         0.000         0.000
 Y              1.000         0.400         0.000         0.600
 Y&1            0.000         0.000         0.000         0.000


           PSI
              F             F&1           Y             Y&1
              ________      ________      ________      ________
 F              1.000
 F&1            0.000         1.000
 Y              0.000         0.000         0.000
 Y&1            0.000         0.000         0.000         1.000



     PRIORS FOR ALL PARAMETERS            PRIOR MEAN      PRIOR VARIANCE     PRIOR STD. DEV.

     Parameter 1~N(0.000,infinity)           0.0000            infinity            infinity
     Parameter 2~N(0.000,infinity)           0.0000            infinity            infinity
     Parameter 3~N(0.000,infinity)           0.0000            infinity            infinity
     Parameter 4~IG(-1.000,0.000)          infinity            infinity            infinity


TECHNICAL 8 OUTPUT


   TECHNICAL 8 OUTPUT FOR BAYES ESTIMATION

     CHAIN    BSEED
     1        0
     2        285380

     REPLICATION 1:


                     POTENTIAL       PARAMETER WITH
     ITERATION    SCALE REDUCTION      HIGHEST PSR
     100              2.164               2
     200              1.109               1
     300              1.114               1
     400              1.164               3
     500              1.208               2
     600              1.102               2
     700              1.022               3

     REPLICATION 2:


                     POTENTIAL       PARAMETER WITH
     ITERATION    SCALE REDUCTION      HIGHEST PSR
     100              1.071               2
     200              1.254               1
     300              1.091               3
     400              1.009               2

     REPLICATION 3:


                     POTENTIAL       PARAMETER WITH
     ITERATION    SCALE REDUCTION      HIGHEST PSR
     100              1.030               2
     200              1.244               2
     300              1.429               1
     400              1.520               1
     500              1.252               1
     600              1.087               1
     700              1.096               3
     800              1.076               3
     900              1.080               3
     1000             1.061               3

     REPLICATION 4:


                     POTENTIAL       PARAMETER WITH
     ITERATION    SCALE REDUCTION      HIGHEST PSR
     100              1.464               1
     200              1.034               1

     REPLICATION 5:


                     POTENTIAL       PARAMETER WITH
     ITERATION    SCALE REDUCTION      HIGHEST PSR
     100              1.078               1
     200              1.011               2

     REPLICATION 6:


                     POTENTIAL       PARAMETER WITH
     ITERATION    SCALE REDUCTION      HIGHEST PSR
     100              1.189               1
     200              1.155               2
     300              1.115               1
     400              1.185               3
     500              1.216               3
     600              1.159               3
     700              1.231               3
     800              1.121               3
     900              1.056               3

     REPLICATION 7:


                     POTENTIAL       PARAMETER WITH
     ITERATION    SCALE REDUCTION      HIGHEST PSR
     100              1.082               2
     200              1.765               2
     300              1.496               2
     400              1.054               2

     REPLICATION 8:


                     POTENTIAL       PARAMETER WITH
     ITERATION    SCALE REDUCTION      HIGHEST PSR
     100              2.174               1
     200              1.821               1
     300              1.141               3
     400              1.328               3
     500              1.270               3
     600              1.298               3
     700              1.106               3
     800              1.033               2

     REPLICATION 9:


                     POTENTIAL       PARAMETER WITH
     ITERATION    SCALE REDUCTION      HIGHEST PSR
     100              2.975               3
     200              1.426               3
     300              1.109               2
     400              1.007               1

     REPLICATION 10:


                     POTENTIAL       PARAMETER WITH
     ITERATION    SCALE REDUCTION      HIGHEST PSR
     100              1.652               2
     200              1.351               2
     300              1.569               3
     400              1.305               3
     500              1.134               3
     600              1.013               3

     REPLICATION 11:


                     POTENTIAL       PARAMETER WITH
     ITERATION    SCALE REDUCTION      HIGHEST PSR
     100              1.262               3
     200              1.146               3
     300              1.124               2
     400              1.366               2
     500              1.155               1
     600              1.105               2
     700              1.028               2

     REPLICATION 12:


                     POTENTIAL       PARAMETER WITH
     ITERATION    SCALE REDUCTION      HIGHEST PSR
     100              1.133               1
     200              1.024               1

     REPLICATION 13:


                     POTENTIAL       PARAMETER WITH
     ITERATION    SCALE REDUCTION      HIGHEST PSR
     100              1.081               3
     200              1.156               1
     300              1.083               2
     400              1.039               2

     REPLICATION 14:


                     POTENTIAL       PARAMETER WITH
     ITERATION    SCALE REDUCTION      HIGHEST PSR
     100              1.498               1
     200              1.512               2
     300              1.117               1
     400              1.095               1
     500              1.024               2

     REPLICATION 15:


                     POTENTIAL       PARAMETER WITH
     ITERATION    SCALE REDUCTION      HIGHEST PSR
     100              1.396               2
     200              1.274               3
     300              1.241               3
     400              1.124               2
     500              1.041               2

     REPLICATION 16:


                     POTENTIAL       PARAMETER WITH
     ITERATION    SCALE REDUCTION      HIGHEST PSR
     100              1.312               3
     200              1.193               2
     300              1.055               4

     REPLICATION 17:


                     POTENTIAL       PARAMETER WITH
     ITERATION    SCALE REDUCTION      HIGHEST PSR
     100              1.340               1
     200              1.502               2
     300              1.134               2
     400              1.071               1

     REPLICATION 18:


                     POTENTIAL       PARAMETER WITH
     ITERATION    SCALE REDUCTION      HIGHEST PSR
     100              1.522               1
     200              1.378               2
     300              1.125               2
     400              1.319               2
     500              1.272               1
     600              1.073               1

     REPLICATION 19:


                     POTENTIAL       PARAMETER WITH
     ITERATION    SCALE REDUCTION      HIGHEST PSR
     100              1.536               3
     200              1.000               1

     REPLICATION 20:


                     POTENTIAL       PARAMETER WITH
     ITERATION    SCALE REDUCTION      HIGHEST PSR
     100              2.246               1
     200              1.852               3
     300              1.056               1

     REPLICATION 21:


                     POTENTIAL       PARAMETER WITH
     ITERATION    SCALE REDUCTION      HIGHEST PSR
     100              1.550               2
     200              1.266               1
     300              2.154               1
     400              1.580               1
     500              1.096               1
     600              1.053               3

     REPLICATION 22:


                     POTENTIAL       PARAMETER WITH
     ITERATION    SCALE REDUCTION      HIGHEST PSR
     100              2.257               3
     200              1.294               1
     300              1.288               3
     400              1.030               2

     REPLICATION 23:


                     POTENTIAL       PARAMETER WITH
     ITERATION    SCALE REDUCTION      HIGHEST PSR
     100              1.532               1
     200              1.257               3
     300              1.118               1
     400              1.062               1

     REPLICATION 24:


                     POTENTIAL       PARAMETER WITH
     ITERATION    SCALE REDUCTION      HIGHEST PSR
     100              2.146               1
     200              1.045               2

     REPLICATION 25:


                     POTENTIAL       PARAMETER WITH
     ITERATION    SCALE REDUCTION      HIGHEST PSR
     100              1.890               2
     200              1.694               3
     300              1.314               2
     400              1.086               1
     500              1.182               1
     600              1.042               3

     REPLICATION 26:


                     POTENTIAL       PARAMETER WITH
     ITERATION    SCALE REDUCTION      HIGHEST PSR
     100              3.177               1
     200              1.162               3
     300              1.126               1
     400              1.061               3

     REPLICATION 27:


                     POTENTIAL       PARAMETER WITH
     ITERATION    SCALE REDUCTION      HIGHEST PSR
     100              1.205               3
     200              1.000               4

     REPLICATION 28:


                     POTENTIAL       PARAMETER WITH
     ITERATION    SCALE REDUCTION      HIGHEST PSR
     100              1.057               3
     200              1.337               3
     300              1.732               1
     400              1.395               1
     500              1.037               2

     REPLICATION 29:


                     POTENTIAL       PARAMETER WITH
     ITERATION    SCALE REDUCTION      HIGHEST PSR
     100              1.449               3
     200              1.085               1
     300              1.115               2
     400              1.010               2

     REPLICATION 30:


                     POTENTIAL       PARAMETER WITH
     ITERATION    SCALE REDUCTION      HIGHEST PSR
     100              1.304               2
     200              1.191               1
     300              1.235               1
     400              1.074               1

     REPLICATION 31:


                     POTENTIAL       PARAMETER WITH
     ITERATION    SCALE REDUCTION      HIGHEST PSR
     100              1.980               3
     200              1.102               3
     300              1.351               1
     400              1.637               1
     500              1.277               1
     600              1.042               1

     REPLICATION 32:


                     POTENTIAL       PARAMETER WITH
     ITERATION    SCALE REDUCTION      HIGHEST PSR
     100              1.036               1
     200              1.017               3

     REPLICATION 33:


                     POTENTIAL       PARAMETER WITH
     ITERATION    SCALE REDUCTION      HIGHEST PSR
     100              1.156               3
     200              1.128               1
     300              1.121               1
     400              1.077               3
     500              1.054               3

     REPLICATION 34:


                     POTENTIAL       PARAMETER WITH
     ITERATION    SCALE REDUCTION      HIGHEST PSR
     100              1.800               2
     200              1.086               1
     300              1.023               3

     REPLICATION 35:


                     POTENTIAL       PARAMETER WITH
     ITERATION    SCALE REDUCTION      HIGHEST PSR
     100              1.713               1
     200              1.477               2
     300              1.172               3
     400              1.212               3
     500              1.139               3
     600              1.145               1
     700              1.043               2

     REPLICATION 36:


                     POTENTIAL       PARAMETER WITH
     ITERATION    SCALE REDUCTION      HIGHEST PSR
     100              1.515               3
     200              1.038               1

     REPLICATION 37:


                     POTENTIAL       PARAMETER WITH
     ITERATION    SCALE REDUCTION      HIGHEST PSR
     100              1.412               3
     200              1.333               1
     300              1.089               1
     400              1.092               1
     500              1.086               3
     600              1.106               3
     700              1.028               3

     REPLICATION 38:


                     POTENTIAL       PARAMETER WITH
     ITERATION    SCALE REDUCTION      HIGHEST PSR
     100              1.795               1
     200              1.010               4

     REPLICATION 39:


                     POTENTIAL       PARAMETER WITH
     ITERATION    SCALE REDUCTION      HIGHEST PSR
     100              1.030               1
     200              1.474               2
     300              1.403               2
     400              1.002               1

     REPLICATION 40:


                     POTENTIAL       PARAMETER WITH
     ITERATION    SCALE REDUCTION      HIGHEST PSR
     100              1.530               2
     200              1.262               3
     300              1.009               4

     REPLICATION 41:


                     POTENTIAL       PARAMETER WITH
     ITERATION    SCALE REDUCTION      HIGHEST PSR
     100              1.180               1
     200              1.262               2
     300              1.184               3
     400              1.070               2

     REPLICATION 42:


                     POTENTIAL       PARAMETER WITH
     ITERATION    SCALE REDUCTION      HIGHEST PSR
     100              1.337               3
     200              1.057               1

     REPLICATION 43:


                     POTENTIAL       PARAMETER WITH
     ITERATION    SCALE REDUCTION      HIGHEST PSR
     100              1.401               1
     200              1.713               1
     300              1.370               3
     400              1.037               3

     REPLICATION 44:


                     POTENTIAL       PARAMETER WITH
     ITERATION    SCALE REDUCTION      HIGHEST PSR
     100              1.281               3
     200              1.040               3

     REPLICATION 45:


                     POTENTIAL       PARAMETER WITH
     ITERATION    SCALE REDUCTION      HIGHEST PSR
     100              1.138               4
     200              1.051               3

     REPLICATION 46:


                     POTENTIAL       PARAMETER WITH
     ITERATION    SCALE REDUCTION      HIGHEST PSR
     100              1.436               1
     200              1.022               1

     REPLICATION 47:


                     POTENTIAL       PARAMETER WITH
     ITERATION    SCALE REDUCTION      HIGHEST PSR
     100              1.158               1
     200              2.116               3
     300              1.291               2
     400              1.223               1
     500              1.044               2

     REPLICATION 48:


                     POTENTIAL       PARAMETER WITH
     ITERATION    SCALE REDUCTION      HIGHEST PSR
     100              1.498               1
     200              1.174               1
     300              1.075               2
     400              1.029               2

     REPLICATION 49:


                     POTENTIAL       PARAMETER WITH
     ITERATION    SCALE REDUCTION      HIGHEST PSR
     100              1.351               1
     200              1.490               2
     300              1.608               2
     400              1.276               2
     500              1.093               3
     600              1.029               3

     REPLICATION 50:


                     POTENTIAL       PARAMETER WITH
     ITERATION    SCALE REDUCTION      HIGHEST PSR
     100              2.141               3
     200              1.252               3
     300              1.381               3
     400              1.071               1

     REPLICATION 51:


                     POTENTIAL       PARAMETER WITH
     ITERATION    SCALE REDUCTION      HIGHEST PSR
     100              1.619               2
     200              1.268               3
     300              1.060               1

     REPLICATION 52:


                     POTENTIAL       PARAMETER WITH
     ITERATION    SCALE REDUCTION      HIGHEST PSR
     100              1.505               3
     200              1.083               2
     300              1.613               2
     400              1.238               2
     500              1.098               2
     600              1.044               2

     REPLICATION 53:


                     POTENTIAL       PARAMETER WITH
     ITERATION    SCALE REDUCTION      HIGHEST PSR
     100              2.127               2
     200              1.216               3
     300              1.025               1

     REPLICATION 54:


                     POTENTIAL       PARAMETER WITH
     ITERATION    SCALE REDUCTION      HIGHEST PSR
     100              1.167               3
     200              1.098               4
     300              1.494               3
     400              1.099               3
     500              1.097               1
     600              1.045               1

     REPLICATION 55:


                     POTENTIAL       PARAMETER WITH
     ITERATION    SCALE REDUCTION      HIGHEST PSR
     100              1.047               3
     200              1.211               2
     300              1.105               1
     400              1.207               1
     500              1.236               1
     600              1.226               1
     700              1.323               1
     800              1.174               1
     900              1.051               3

     REPLICATION 56:


                     POTENTIAL       PARAMETER WITH
     ITERATION    SCALE REDUCTION      HIGHEST PSR
     100              2.058               2
     200              1.361               2
     300              1.805               2
     400              1.106               2
     500              1.027               3

     REPLICATION 57:


                     POTENTIAL       PARAMETER WITH
     ITERATION    SCALE REDUCTION      HIGHEST PSR
     100              1.043               4
     200              1.598               2
     300              1.223               3
     400              1.208               1
     500              1.066               2

     REPLICATION 58:


                     POTENTIAL       PARAMETER WITH
     ITERATION    SCALE REDUCTION      HIGHEST PSR
     100              1.559               1
     200              1.133               3
     300              1.148               3
     400              1.152               1
     500              1.146               1
     600              1.043               2

     REPLICATION 59:


                     POTENTIAL       PARAMETER WITH
     ITERATION    SCALE REDUCTION      HIGHEST PSR
     100              1.168               3
     200              1.986               1
     300              1.292               1
     400              1.128               1
     500              1.118               2
     600              1.055               1

     REPLICATION 60:


                     POTENTIAL       PARAMETER WITH
     ITERATION    SCALE REDUCTION      HIGHEST PSR
     100              1.175               3
     200              1.495               3
     300              1.070               2

     REPLICATION 61:


                     POTENTIAL       PARAMETER WITH
     ITERATION    SCALE REDUCTION      HIGHEST PSR
     100              1.785               3
     200              1.233               1
     300              1.186               2
     400              1.122               1
     500              1.023               3

     REPLICATION 62:


                     POTENTIAL       PARAMETER WITH
     ITERATION    SCALE REDUCTION      HIGHEST PSR
     100              1.827               2
     200              1.040               2

     REPLICATION 63:


                     POTENTIAL       PARAMETER WITH
     ITERATION    SCALE REDUCTION      HIGHEST PSR
     100              2.583               3
     200              1.322               3
     300              1.136               3
     400              1.154               3
     500              1.182               3
     600              1.108               1
     700              1.043               1

     REPLICATION 64:


                     POTENTIAL       PARAMETER WITH
     ITERATION    SCALE REDUCTION      HIGHEST PSR
     100              1.113               1
     200              1.156               3
     300              1.197               3
     400              1.054               3

     REPLICATION 65:


                     POTENTIAL       PARAMETER WITH
     ITERATION    SCALE REDUCTION      HIGHEST PSR
     100              1.277               2
     200              1.122               2
     300              1.254               2
     400              1.082               2
     500              1.110               2
     600              1.078               2
     700              1.133               3
     800              1.142               3
     900              1.123               3
     1000             1.186               3
     1100             1.110               3
     1200             1.118               3
     1300             1.106               3
     1400             1.064               3

     REPLICATION 66:


                     POTENTIAL       PARAMETER WITH
     ITERATION    SCALE REDUCTION      HIGHEST PSR
     100              2.298               3
     200              1.405               2
     300              1.004               2

     REPLICATION 67:


                     POTENTIAL       PARAMETER WITH
     ITERATION    SCALE REDUCTION      HIGHEST PSR
     100              1.423               1
     200              1.226               2
     300              1.446               1
     400              1.005               3

     REPLICATION 68:


                     POTENTIAL       PARAMETER WITH
     ITERATION    SCALE REDUCTION      HIGHEST PSR
     100              2.048               3
     200              1.191               1
     300              1.215               3
     400              1.317               1
     500              1.217               1
     600              1.172               2
     700              1.076               2
     800              1.116               2
     900              1.203               2
     1000             1.083               2
     1100             1.066               2

     REPLICATION 69:


                     POTENTIAL       PARAMETER WITH
     ITERATION    SCALE REDUCTION      HIGHEST PSR
     100              1.233               1
     200              1.299               1
     300              1.205               1
     400              1.094               3
     500              1.116               1
     600              1.215               1
     700              1.427               1
     800              1.322               1
     900              1.164               1
     1000             1.117               1
     1100             1.092               1
     1200             1.063               1

     REPLICATION 70:


                     POTENTIAL       PARAMETER WITH
     ITERATION    SCALE REDUCTION      HIGHEST PSR
     100              1.695               2
     200              1.035               2

     REPLICATION 71:


                     POTENTIAL       PARAMETER WITH
     ITERATION    SCALE REDUCTION      HIGHEST PSR
     100              1.096               1
     200              1.416               3
     300              1.328               3
     400              1.052               2

     REPLICATION 72:


                     POTENTIAL       PARAMETER WITH
     ITERATION    SCALE REDUCTION      HIGHEST PSR
     100              1.347               2
     200              1.205               3
     300              1.210               3
     400              1.082               1
     500              1.056               2

     REPLICATION 73:


                     POTENTIAL       PARAMETER WITH
     ITERATION    SCALE REDUCTION      HIGHEST PSR
     100              1.184               1
     200              1.195               3
     300              1.246               3
     400              1.103               3
     500              1.133               2
     600              1.052               1

     REPLICATION 74:


                     POTENTIAL       PARAMETER WITH
     ITERATION    SCALE REDUCTION      HIGHEST PSR
     100              1.872               2
     200              1.017               3

     REPLICATION 75:


                     POTENTIAL       PARAMETER WITH
     ITERATION    SCALE REDUCTION      HIGHEST PSR
     100              2.342               1
     200              1.055               2

     REPLICATION 76:


                     POTENTIAL       PARAMETER WITH
     ITERATION    SCALE REDUCTION      HIGHEST PSR
     100              2.001               1
     200              1.418               1
     300              1.396               1
     400              1.133               1
     500              1.060               1

     REPLICATION 77:


                     POTENTIAL       PARAMETER WITH
     ITERATION    SCALE REDUCTION      HIGHEST PSR
     100              1.646               2
     200              1.224               1
     300              1.074               1

     REPLICATION 78:


                     POTENTIAL       PARAMETER WITH
     ITERATION    SCALE REDUCTION      HIGHEST PSR
     100              1.392               3
     200              1.520               3
     300              1.295               3
     400              1.007               1

     REPLICATION 79:


                     POTENTIAL       PARAMETER WITH
     ITERATION    SCALE REDUCTION      HIGHEST PSR
     100              1.039               2
     200              1.295               2
     300              1.450               1
     400              1.549               1
     500              1.082               1
     600              1.040               3

     REPLICATION 80:


                     POTENTIAL       PARAMETER WITH
     ITERATION    SCALE REDUCTION      HIGHEST PSR
     100              1.173               2
     200              1.106               2
     300              1.157               2
     400              1.341               2
     500              1.115               1
     600              1.161               1
     700              1.034               1

     REPLICATION 81:


                     POTENTIAL       PARAMETER WITH
     ITERATION    SCALE REDUCTION      HIGHEST PSR
     100              1.688               1
     200              1.339               3
     300              1.102               2
     400              1.031               2

     REPLICATION 82:


                     POTENTIAL       PARAMETER WITH
     ITERATION    SCALE REDUCTION      HIGHEST PSR
     100              1.141               3
     200              1.697               3
     300              1.167               2
     400              1.057               1

     REPLICATION 83:


                     POTENTIAL       PARAMETER WITH
     ITERATION    SCALE REDUCTION      HIGHEST PSR
     100              1.161               2
     200              1.259               3
     300              1.248               2
     400              1.047               1

     REPLICATION 84:


                     POTENTIAL       PARAMETER WITH
     ITERATION    SCALE REDUCTION      HIGHEST PSR
     100              1.042               2
     200              1.308               3
     300              1.143               1
     400              1.229               3
     500              1.084               3
     600              1.108               1
     700              1.052               1

     REPLICATION 85:


                     POTENTIAL       PARAMETER WITH
     ITERATION    SCALE REDUCTION      HIGHEST PSR
     100              1.129               2
     200              1.085               2
     300              1.281               2
     400              1.100               1
     500              1.115               2
     600              1.089               2
     700              1.015               2

     REPLICATION 86:


                     POTENTIAL       PARAMETER WITH
     ITERATION    SCALE REDUCTION      HIGHEST PSR
     100              1.070               4
     200              1.067               3

     REPLICATION 87:


                     POTENTIAL       PARAMETER WITH
     ITERATION    SCALE REDUCTION      HIGHEST PSR
     100              1.271               1
     200              1.270               1
     300              1.205               2
     400              1.162               3
     500              1.088               3
     600              1.019               3

     REPLICATION 88:


                     POTENTIAL       PARAMETER WITH
     ITERATION    SCALE REDUCTION      HIGHEST PSR
     100              1.090               2
     200              1.236               3
     300              1.133               2
     400              1.008               3

     REPLICATION 89:


                     POTENTIAL       PARAMETER WITH
     ITERATION    SCALE REDUCTION      HIGHEST PSR
     100              3.028               2
     200              1.206               3
     300              1.203               2
     400              1.016               1

     REPLICATION 90:


                     POTENTIAL       PARAMETER WITH
     ITERATION    SCALE REDUCTION      HIGHEST PSR
     100              1.324               2
     200              1.198               3
     300              1.161               1
     400              1.010               2

     REPLICATION 91:


                     POTENTIAL       PARAMETER WITH
     ITERATION    SCALE REDUCTION      HIGHEST PSR
     100              1.482               1
     200              1.643               3
     300              1.871               1
     400              1.378               1
     500              1.087               3
     600              1.020               1

     REPLICATION 92:


                     POTENTIAL       PARAMETER WITH
     ITERATION    SCALE REDUCTION      HIGHEST PSR
     100              2.812               1
     200              1.288               1
     300              1.251               3
     400              1.167               1
     500              1.165               1
     600              1.038               3

     REPLICATION 93:


                     POTENTIAL       PARAMETER WITH
     ITERATION    SCALE REDUCTION      HIGHEST PSR
     100              2.312               1
     200              1.356               3
     300              1.232               2
     400              1.111               3
     500              1.044               3

     REPLICATION 94:


                     POTENTIAL       PARAMETER WITH
     ITERATION    SCALE REDUCTION      HIGHEST PSR
     100              1.987               2
     200              1.126               3
     300              1.510               1
     400              1.374               2
     500              1.855               2
     600              2.861               2
     700              4.407               2
     800              4.708               2
     900              4.812               2
     1000             4.922               2
     1100             5.120               2
     1200             5.899               2
     1300             6.411               2
     1400             6.495               2
     1500             5.933               2
     1600             5.599               2
     1700             5.466               2
     1800             5.281               2
     1900             5.123               2
     2000             5.158               2
     2100             5.227               2
     2200             5.192               2
     2300             4.336               2
     2400             2.875               2
     2500             2.327               4
     2600             1.977               4
     2700             1.769               2
     2800             1.605               2
     2900             1.507               2
     3000             1.416               2
     3100             1.348               4
     3200             1.293               4
     3300             1.256               2
     3400             1.217               4
     3500             1.175               4
     3600             1.148               4
     3700             1.123               4
     3800             1.098               4
     3900             1.078               4
     4000             1.063               2

     REPLICATION 95:


                     POTENTIAL       PARAMETER WITH
     ITERATION    SCALE REDUCTION      HIGHEST PSR
     100              2.107               3
     200              1.038               2

     REPLICATION 96:


                     POTENTIAL       PARAMETER WITH
     ITERATION    SCALE REDUCTION      HIGHEST PSR
     100              1.133               2
     200              1.215               1
     300              1.025               1

     REPLICATION 97:


                     POTENTIAL       PARAMETER WITH
     ITERATION    SCALE REDUCTION      HIGHEST PSR
     100              2.368               1
     200              1.375               3
     300              1.075               2
     400              1.038               1

     REPLICATION 98:


                     POTENTIAL       PARAMETER WITH
     ITERATION    SCALE REDUCTION      HIGHEST PSR
     100              1.638               1
     200              1.299               2
     300              1.127               1
     400              1.114               2
     500              1.071               2

     REPLICATION 99:


                     POTENTIAL       PARAMETER WITH
     ITERATION    SCALE REDUCTION      HIGHEST PSR
     100              1.248               2
     200              1.443               3
     300              1.030               1

     REPLICATION 100:


                     POTENTIAL       PARAMETER WITH
     ITERATION    SCALE REDUCTION      HIGHEST PSR
     100              1.450               1
     200              2.468               1
     300              1.372               1
     400              1.030               1


DIAGRAM INFORMATION

  Mplus diagrams are currently not available for Monte Carlo analysis.
  No diagram output was produced.


     Beginning Time:  14:13:33
        Ending Time:  14:13:40
       Elapsed Time:  00:00:07



MUTHEN & MUTHEN
3463 Stoner Ave.
Los Angeles, CA  90066

Tel: (310) 391-9971
Fax: (310) 391-8971
Web: www.StatModel.com
Support: Support@StatModel.com

Copyright (c) 1998-2018 Muthen & Muthen
